{
  "stats": {
    "suites": 68,
    "tests": 229,
    "passes": 214,
    "pending": 15,
    "failures": 0,
    "start": "2023-01-24T23:11:41.876Z",
    "end": "2023-01-24T23:11:55.407Z",
    "duration": 13531,
    "testsRegistered": 231,
    "passPercent": 99.07407407407408,
    "pendingPercent": 6.493506493506493,
    "other": 0,
    "hasOther": false,
    "skipped": 2,
    "hasSkipped": true
  },
  "results": [
    {
      "uuid": "aaf3841b-7694-4f1d-ac42-30e6a0518712",
      "title": "",
      "fullFile": "",
      "file": "",
      "beforeHooks": [],
      "afterHooks": [],
      "tests": [
        {
          "title": "Get top level VHDL",
          "fullTitle": "Get top level VHDL",
          "timedOut": false,
          "duration": 0,
          "state": null,
          "speed": null,
          "pass": false,
          "fail": false,
          "pending": false,
          "context": null,
          "code": "const code_dummy = `\nlibrary ieee;\nuse ieee.std_logic_1164.all;\nuse ieee.numeric_std.all;\nentity test_entity_name is\ngeneric (\n    a : integer;\n    b : unsigned;\n    c : signed;\n    d : std_logic;\n    e : std_logic_vector;\n    f : std_logic_vector(5 downto 0)\n  );\nport(\n  g : in std_logic;\n  h : out std_logic;\n  i : inout std_logic\n);\nend test_entity_name;  \narchitecture e_arch of test_entity_name is\nbegin \nend e_arch;\n`;\nconst expected = 'test_entity_name';\nconst current = await hdl_utils.get_toplevel(code_dummy, general_1.HDL_LANG.VHDL);\n(0, assert_1.equal)(current, expected);",
          "err": {},
          "uuid": "2a21b514-5bcf-4eb7-885c-438243203853",
          "parentUUID": "aaf3841b-7694-4f1d-ac42-30e6a0518712",
          "isHook": false,
          "skipped": true
        },
        {
          "title": "Get top level Verilog",
          "fullTitle": "Get top level Verilog",
          "timedOut": false,
          "duration": 0,
          "state": null,
          "speed": null,
          "pass": false,
          "fail": false,
          "pending": false,
          "context": null,
          "code": "const code_dummy = `\nmodule test_entity_name2 \n    #(\n        parameter a=8,\n        parameter b=9,\n        parameter c=10, d=11\n    )\n    (\n        input e,\n        output f,\n        input reg g,\n        input wire h,\n        input reg [7:0] i, j,\n        input wire [9:0] k,\n        output wire [9:0] l\n    );  \n\n    function [7:0] sum;  \n        input [7:0] a, b;  \n        begin  \n            sum = a + b;  \n        end  \n    endfunction\n\n    wire m;\n    wire n, p;\n    reg [1:0] q;\n\n    localparam r = 2;\n\n    always @(posedge a) begin : label_0\n    end\n\n    always_comb begin\n    end\n\n    always_ff begin : label_1\n    end\n\n    always_latch begin\n    end\n\n    test_entity_name \n    #(\n      .a(a ),\n      .b(b ),\n      .c(c ),\n      .d (d )\n    )\n    test_entity_name_dut (\n      .e (e ),\n      .f (f ),\n      .g (g ),\n      .h (h ),\n      .i (i ),\n      .j (j ),\n      .k (k ),\n      .l  ( l)\n    );\n  \nendmodule\n`;\nconst expected = 'test_entity_name2';\nconst current = await hdl_utils.get_toplevel(code_dummy, general_1.HDL_LANG.VERILOG);\n(0, assert_1.equal)(current, expected);",
          "err": {},
          "uuid": "b4edc5ce-8ebc-47b1-8095-9121e303382e",
          "parentUUID": "aaf3841b-7694-4f1d-ac42-30e6a0518712",
          "isHook": false,
          "skipped": true
        }
      ],
      "suites": [
        {
          "uuid": "363dbd9e-4070-4e28-8816-1d9cbcb22cc2",
          "title": "teroshdl:linter",
          "fullFile": "/Users/runner/work/colibri/colibri/tests/command/linter/linter.spec.ts",
          "file": "/tests/command/linter/linter.spec.ts",
          "beforeHooks": [],
          "afterHooks": [],
          "tests": [
            {
              "title": "Check linter",
              "fullTitle": "teroshdl:linter Check linter",
              "timedOut": false,
              "duration": 0,
              "state": "pending",
              "speed": null,
              "pass": false,
              "fail": false,
              "pending": true,
              "context": null,
              "code": "",
              "err": {},
              "uuid": "46c2371a-8e7b-4e09-ad4b-44eaa1672f70",
              "parentUUID": "363dbd9e-4070-4e28-8816-1d9cbcb22cc2",
              "isHook": false,
              "skipped": false
            }
          ],
          "suites": [],
          "passes": [],
          "failures": [],
          "pending": [
            "46c2371a-8e7b-4e09-ad4b-44eaa1672f70"
          ],
          "skipped": [],
          "duration": 0,
          "root": false,
          "rootEmpty": false,
          "_timeout": 2000
        },
        {
          "uuid": "849d25c6-7e56-4572-ae71-51079dbcc91a",
          "title": "teroshdl:template",
          "fullFile": "/Users/runner/work/colibri/colibri/tests/command/template/template.spec.ts",
          "file": "/tests/command/template/template.spec.ts",
          "beforeHooks": [],
          "afterHooks": [],
          "tests": [
            {
              "title": "Check template",
              "fullTitle": "teroshdl:template Check template",
              "timedOut": false,
              "duration": 3378,
              "state": "passed",
              "speed": "slow",
              "pass": true,
              "fail": false,
              "pending": false,
              "context": null,
              "code": "if (context.timeout)\n    this.timeout(context.timeout);\nreturn run.call(this);",
              "err": {},
              "uuid": "0c9b86ae-b772-4822-951e-6f4ec51ade53",
              "parentUUID": "849d25c6-7e56-4572-ae71-51079dbcc91a",
              "isHook": false,
              "skipped": false
            }
          ],
          "suites": [],
          "passes": [
            "0c9b86ae-b772-4822-951e-6f4ec51ade53"
          ],
          "failures": [],
          "pending": [],
          "skipped": [],
          "duration": 3378,
          "root": false,
          "rootEmpty": false,
          "_timeout": 2000
        },
        {
          "uuid": "74706f60-6b7e-4cb8-8511-ffea0754bff6",
          "title": "Check documenter",
          "fullFile": "/Users/runner/work/colibri/colibri/tests/documenter/auto/documenter.spec.ts",
          "file": "/tests/documenter/auto/documenter.spec.ts",
          "beforeHooks": [],
          "afterHooks": [],
          "tests": [
            {
              "title": "Check /Users/runner/work/colibri/colibri/tests/documenter/auto/vhdl/sample_0.vhd",
              "fullTitle": "Check documenter Check /Users/runner/work/colibri/colibri/tests/documenter/auto/vhdl/sample_0.vhd",
              "timedOut": false,
              "duration": 1415,
              "state": "passed",
              "speed": "slow",
              "pass": true,
              "fail": false,
              "pending": false,
              "context": null,
              "code": "// const filename = file_utils.get_filename(input_inst);\n// if (DEBUG_SELECTED_FILE === filename) {\nawait run(input_inst, OUTPUT_TYPE);\n// }",
              "err": {},
              "uuid": "d5761729-72e1-4901-aabe-bb32371188ed",
              "parentUUID": "74706f60-6b7e-4cb8-8511-ffea0754bff6",
              "isHook": false,
              "skipped": false
            },
            {
              "title": "Check /Users/runner/work/colibri/colibri/tests/documenter/auto/vhdl/sample_1.vhd",
              "fullTitle": "Check documenter Check /Users/runner/work/colibri/colibri/tests/documenter/auto/vhdl/sample_1.vhd",
              "timedOut": false,
              "duration": 540,
              "state": "passed",
              "speed": "slow",
              "pass": true,
              "fail": false,
              "pending": false,
              "context": null,
              "code": "// const filename = file_utils.get_filename(input_inst);\n// if (DEBUG_SELECTED_FILE === filename) {\nawait run(input_inst, OUTPUT_TYPE);\n// }",
              "err": {},
              "uuid": "bbc0f51b-0f20-4a85-b71b-812e2c5c42d7",
              "parentUUID": "74706f60-6b7e-4cb8-8511-ffea0754bff6",
              "isHook": false,
              "skipped": false
            },
            {
              "title": "Check /Users/runner/work/colibri/colibri/tests/documenter/auto/vhdl/sample_2.vhd",
              "fullTitle": "Check documenter Check /Users/runner/work/colibri/colibri/tests/documenter/auto/vhdl/sample_2.vhd",
              "timedOut": false,
              "duration": 411,
              "state": "passed",
              "speed": "slow",
              "pass": true,
              "fail": false,
              "pending": false,
              "context": null,
              "code": "// const filename = file_utils.get_filename(input_inst);\n// if (DEBUG_SELECTED_FILE === filename) {\nawait run(input_inst, OUTPUT_TYPE);\n// }",
              "err": {},
              "uuid": "c932e7a2-db16-4eff-8400-58236c059f2e",
              "parentUUID": "74706f60-6b7e-4cb8-8511-ffea0754bff6",
              "isHook": false,
              "skipped": false
            },
            {
              "title": "Check /Users/runner/work/colibri/colibri/tests/documenter/auto/verilog/example_0.v",
              "fullTitle": "Check documenter Check /Users/runner/work/colibri/colibri/tests/documenter/auto/verilog/example_0.v",
              "timedOut": false,
              "duration": 309,
              "state": "passed",
              "speed": "slow",
              "pass": true,
              "fail": false,
              "pending": false,
              "context": null,
              "code": "// const filename = file_utils.get_filename(input_inst);\n// if (DEBUG_SELECTED_FILE === filename) {\nawait run(input_inst, OUTPUT_TYPE);\n// }",
              "err": {},
              "uuid": "cdd44ccd-f2da-4f0d-8d68-d7a1b6bd4943",
              "parentUUID": "74706f60-6b7e-4cb8-8511-ffea0754bff6",
              "isHook": false,
              "skipped": false
            }
          ],
          "suites": [],
          "passes": [
            "d5761729-72e1-4901-aabe-bb32371188ed",
            "bbc0f51b-0f20-4a85-b71b-812e2c5c42d7",
            "c932e7a2-db16-4eff-8400-58236c059f2e",
            "cdd44ccd-f2da-4f0d-8d68-d7a1b6bd4943"
          ],
          "failures": [],
          "pending": [],
          "skipped": [],
          "duration": 2675,
          "root": false,
          "rootEmpty": false,
          "_timeout": 2000
        },
        {
          "uuid": "d6afd435-8218-4ac4-90a6-72b39f48fc11",
          "title": "Check diagram generator",
          "fullFile": "/Users/runner/work/colibri/colibri/tests/documenter/diagram.spec.ts",
          "file": "/tests/documenter/diagram.spec.ts",
          "beforeHooks": [],
          "afterHooks": [],
          "tests": [
            {
              "title": "With ports and generics and color",
              "fullTitle": "Check diagram generator With ports and generics and color",
              "timedOut": false,
              "duration": 9,
              "state": "passed",
              "speed": "fast",
              "pass": true,
              "fail": false,
              "pending": false,
              "context": null,
              "code": "const test_index = 0;\nconst OPT = {\n    blackandwhite: false\n};\nconst hdl_element = new common_hdl.Hdl_element(general_1.HDL_LANG.VHDL, common_hdl.TYPE_HDL_ELEMENT.ENTITY);\n// Ports\nhdl_element.add_port(port_input);\nhdl_element.add_port(port_output);\n// Generics\nhdl_element.add_generic(generic_0);\nhdl_element.add_generic(generic_1);\nconst svg_diagram = diagram.diagram_generator(hdl_element, OPT);\nconst file_o = paht_lib.join(C_OUTPUT_BASE_PATH, `output_${test_index}.svg`);\nfs.writeFileSync(file_o, svg_diagram);\ncheck_test(test_index);",
              "err": {},
              "uuid": "ccbf9fa6-3dc9-406d-b820-e9828c537246",
              "parentUUID": "d6afd435-8218-4ac4-90a6-72b39f48fc11",
              "isHook": false,
              "skipped": false
            },
            {
              "title": "Only ports and color",
              "fullTitle": "Check diagram generator Only ports and color",
              "timedOut": false,
              "duration": 6,
              "state": "passed",
              "speed": "fast",
              "pass": true,
              "fail": false,
              "pending": false,
              "context": null,
              "code": "const test_index = 1;\nconst OPT = {\n    blackandwhite: false\n};\nconst hdl_element = new common_hdl.Hdl_element(general_1.HDL_LANG.VHDL, common_hdl.TYPE_HDL_ELEMENT.ENTITY);\n// Ports\nhdl_element.add_port(port_input);\nhdl_element.add_port(port_output);\nconst svg_diagram = diagram.diagram_generator(hdl_element, OPT);\nconst file_o = paht_lib.join(C_OUTPUT_BASE_PATH, `output_${test_index}.svg`);\nfs.writeFileSync(file_o, svg_diagram);\ncheck_test(test_index);",
              "err": {},
              "uuid": "e0255a82-1db8-4019-9cf5-039e1779111c",
              "parentUUID": "d6afd435-8218-4ac4-90a6-72b39f48fc11",
              "isHook": false,
              "skipped": false
            },
            {
              "title": "Only generics and color",
              "fullTitle": "Check diagram generator Only generics and color",
              "timedOut": false,
              "duration": 6,
              "state": "passed",
              "speed": "fast",
              "pass": true,
              "fail": false,
              "pending": false,
              "context": null,
              "code": "const test_index = 2;\nconst OPT = {\n    blackandwhite: false\n};\nconst hdl_element = new common_hdl.Hdl_element(general_1.HDL_LANG.VHDL, common_hdl.TYPE_HDL_ELEMENT.ENTITY);\n// Generics\nhdl_element.add_generic(generic_0);\nhdl_element.add_generic(generic_1);\nconst svg_diagram = diagram.diagram_generator(hdl_element, OPT);\nconst file_o = paht_lib.join(C_OUTPUT_BASE_PATH, `output_${test_index}.svg`);\nfs.writeFileSync(file_o, svg_diagram);\ncheck_test(test_index);",
              "err": {},
              "uuid": "fa732d29-b67d-465b-929b-189b49010b0d",
              "parentUUID": "d6afd435-8218-4ac4-90a6-72b39f48fc11",
              "isHook": false,
              "skipped": false
            },
            {
              "title": "Empty and color",
              "fullTitle": "Check diagram generator Empty and color",
              "timedOut": false,
              "duration": 4,
              "state": "passed",
              "speed": "fast",
              "pass": true,
              "fail": false,
              "pending": false,
              "context": null,
              "code": "const test_index = 3;\nconst OPT = {\n    blackandwhite: false\n};\nconst hdl_element = new common_hdl.Hdl_element(general_1.HDL_LANG.VHDL, common_hdl.TYPE_HDL_ELEMENT.ENTITY);\nconst svg_diagram = diagram.diagram_generator(hdl_element, OPT);\nconst file_o = paht_lib.join(C_OUTPUT_BASE_PATH, `output_${test_index}.svg`);\nfs.writeFileSync(file_o, svg_diagram);\ncheck_test(test_index);",
              "err": {},
              "uuid": "27a7b04f-f59b-4b93-9988-3d41a3209fee",
              "parentUUID": "d6afd435-8218-4ac4-90a6-72b39f48fc11",
              "isHook": false,
              "skipped": false
            },
            {
              "title": "With ports and generics and black and white",
              "fullTitle": "Check diagram generator With ports and generics and black and white",
              "timedOut": false,
              "duration": 8,
              "state": "passed",
              "speed": "fast",
              "pass": true,
              "fail": false,
              "pending": false,
              "context": null,
              "code": "const test_index = 4;\nconst OPT = {\n    blackandwhite: true\n};\nconst hdl_element = new common_hdl.Hdl_element(general_1.HDL_LANG.VHDL, common_hdl.TYPE_HDL_ELEMENT.ENTITY);\n// Ports\nhdl_element.add_port(port_input);\nhdl_element.add_port(port_output);\n// Generics\nhdl_element.add_generic(generic_0);\nhdl_element.add_generic(generic_1);\nconst svg_diagram = diagram.diagram_generator(hdl_element, OPT);\nconst file_o = paht_lib.join(C_OUTPUT_BASE_PATH, `output_${test_index}.svg`);\nfs.writeFileSync(file_o, svg_diagram);\ncheck_test(test_index);",
              "err": {},
              "uuid": "99b6cb82-202f-4251-b215-785e8a51ab95",
              "parentUUID": "d6afd435-8218-4ac4-90a6-72b39f48fc11",
              "isHook": false,
              "skipped": false
            }
          ],
          "suites": [],
          "passes": [
            "ccbf9fa6-3dc9-406d-b820-e9828c537246",
            "e0255a82-1db8-4019-9cf5-039e1779111c",
            "fa732d29-b67d-465b-929b-189b49010b0d",
            "27a7b04f-f59b-4b93-9988-3d41a3209fee",
            "99b6cb82-202f-4251-b215-785e8a51ab95"
          ],
          "failures": [],
          "pending": [],
          "skipped": [],
          "duration": 33,
          "root": false,
          "rootEmpty": false,
          "_timeout": 2000
        },
        {
          "uuid": "e9df47ab-c844-459c-9820-f4aa9a8626f3",
          "title": "Check documenter creator with html",
          "fullFile": "/Users/runner/work/colibri/colibri/tests/documenter/documenter.spec.ts",
          "file": "/tests/documenter/documenter.spec.ts",
          "beforeHooks": [],
          "afterHooks": [],
          "tests": [
            {
              "title": "Entity VHDL",
              "fullTitle": "Check documenter creator with html Entity VHDL",
              "timedOut": false,
              "duration": 352,
              "state": "passed",
              "speed": "slow",
              "pass": true,
              "fail": false,
              "pending": false,
              "context": null,
              "code": "const hdl_lang = general_1.HDL_LANG.VHDL;\nconst hdl_type = 'entity';\nawait run(hdl_type, hdl_lang, output_type_inst);",
              "err": {},
              "uuid": "923f0255-3341-4e85-95fa-0fdedd13b4e7",
              "parentUUID": "e9df47ab-c844-459c-9820-f4aa9a8626f3",
              "isHook": false,
              "skipped": false
            },
            {
              "title": "Package VHDL",
              "fullTitle": "Check documenter creator with html Package VHDL",
              "timedOut": false,
              "duration": 244,
              "state": "passed",
              "speed": "slow",
              "pass": true,
              "fail": false,
              "pending": false,
              "context": null,
              "code": "const hdl_lang = general_1.HDL_LANG.VHDL;\nconst hdl_type = 'package';\nawait run(hdl_type, hdl_lang, output_type_inst);",
              "err": {},
              "uuid": "8762f13a-f97c-4b05-a4bf-67e644756206",
              "parentUUID": "e9df47ab-c844-459c-9820-f4aa9a8626f3",
              "isHook": false,
              "skipped": false
            },
            {
              "title": "Module Verilog",
              "fullTitle": "Check documenter creator with html Module Verilog",
              "timedOut": false,
              "duration": 995,
              "state": "passed",
              "speed": "slow",
              "pass": true,
              "fail": false,
              "pending": false,
              "context": null,
              "code": "const hdl_lang = general_1.HDL_LANG.VERILOG;\nconst hdl_type = 'entity';\nawait run(hdl_type, hdl_lang, output_type_inst);",
              "err": {},
              "uuid": "a06bddba-87b5-4604-846d-204f329200fe",
              "parentUUID": "e9df47ab-c844-459c-9820-f4aa9a8626f3",
              "isHook": false,
              "skipped": false
            },
            {
              "title": "Package SystemVerilog",
              "fullTitle": "Check documenter creator with html Package SystemVerilog",
              "timedOut": false,
              "duration": 123,
              "state": "passed",
              "speed": "slow",
              "pass": true,
              "fail": false,
              "pending": false,
              "context": null,
              "code": "const hdl_lang = general_1.HDL_LANG.SYSTEMVERILOG;\nconst hdl_type = 'package';\nawait run(hdl_type, hdl_lang, output_type_inst);",
              "err": {},
              "uuid": "fd1a8f73-a6d2-4e80-a308-cac235bbd451",
              "parentUUID": "e9df47ab-c844-459c-9820-f4aa9a8626f3",
              "isHook": false,
              "skipped": false
            },
            {
              "title": "Interface SystemVerilog",
              "fullTitle": "Check documenter creator with html Interface SystemVerilog",
              "timedOut": false,
              "duration": 79,
              "state": "passed",
              "speed": "slow",
              "pass": true,
              "fail": false,
              "pending": false,
              "context": null,
              "code": "const hdl_lang = general_1.HDL_LANG.SYSTEMVERILOG;\nconst hdl_type = 'interface';\nawait run(hdl_type, hdl_lang, output_type_inst);",
              "err": {},
              "uuid": "bdf61493-c88e-41ff-aa3f-6b6fb929d4c8",
              "parentUUID": "e9df47ab-c844-459c-9820-f4aa9a8626f3",
              "isHook": false,
              "skipped": false
            }
          ],
          "suites": [],
          "passes": [
            "923f0255-3341-4e85-95fa-0fdedd13b4e7",
            "8762f13a-f97c-4b05-a4bf-67e644756206",
            "a06bddba-87b5-4604-846d-204f329200fe",
            "fd1a8f73-a6d2-4e80-a308-cac235bbd451",
            "bdf61493-c88e-41ff-aa3f-6b6fb929d4c8"
          ],
          "failures": [],
          "pending": [],
          "skipped": [],
          "duration": 1793,
          "root": false,
          "rootEmpty": false,
          "_timeout": 5000
        },
        {
          "uuid": "75099b56-5d47-45f9-97ff-3364ad5c2099",
          "title": "Check documenter creator with markdown",
          "fullFile": "/Users/runner/work/colibri/colibri/tests/documenter/documenter.spec.ts",
          "file": "/tests/documenter/documenter.spec.ts",
          "beforeHooks": [],
          "afterHooks": [],
          "tests": [
            {
              "title": "Entity VHDL",
              "fullTitle": "Check documenter creator with markdown Entity VHDL",
              "timedOut": false,
              "duration": 173,
              "state": "passed",
              "speed": "slow",
              "pass": true,
              "fail": false,
              "pending": false,
              "context": null,
              "code": "const hdl_lang = general_1.HDL_LANG.VHDL;\nconst hdl_type = 'entity';\nawait run(hdl_type, hdl_lang, output_type_inst);",
              "err": {},
              "uuid": "eaf63bf5-968f-4c6e-a7e2-74db0325798c",
              "parentUUID": "75099b56-5d47-45f9-97ff-3364ad5c2099",
              "isHook": false,
              "skipped": false
            },
            {
              "title": "Package VHDL",
              "fullTitle": "Check documenter creator with markdown Package VHDL",
              "timedOut": false,
              "duration": 68,
              "state": "passed",
              "speed": "medium",
              "pass": true,
              "fail": false,
              "pending": false,
              "context": null,
              "code": "const hdl_lang = general_1.HDL_LANG.VHDL;\nconst hdl_type = 'package';\nawait run(hdl_type, hdl_lang, output_type_inst);",
              "err": {},
              "uuid": "0f338868-8f0d-499b-889b-457bcf530e7d",
              "parentUUID": "75099b56-5d47-45f9-97ff-3364ad5c2099",
              "isHook": false,
              "skipped": false
            },
            {
              "title": "Module Verilog",
              "fullTitle": "Check documenter creator with markdown Module Verilog",
              "timedOut": false,
              "duration": 308,
              "state": "passed",
              "speed": "slow",
              "pass": true,
              "fail": false,
              "pending": false,
              "context": null,
              "code": "const hdl_lang = general_1.HDL_LANG.VERILOG;\nconst hdl_type = 'entity';\nawait run(hdl_type, hdl_lang, output_type_inst);",
              "err": {},
              "uuid": "3d7b60df-5bc8-4669-90ab-bd733f21d2f5",
              "parentUUID": "75099b56-5d47-45f9-97ff-3364ad5c2099",
              "isHook": false,
              "skipped": false
            },
            {
              "title": "Package SystemVerilog",
              "fullTitle": "Check documenter creator with markdown Package SystemVerilog",
              "timedOut": false,
              "duration": 82,
              "state": "passed",
              "speed": "slow",
              "pass": true,
              "fail": false,
              "pending": false,
              "context": null,
              "code": "const hdl_lang = general_1.HDL_LANG.SYSTEMVERILOG;\nconst hdl_type = 'package';\nawait run(hdl_type, hdl_lang, output_type_inst);",
              "err": {},
              "uuid": "9ed66d48-dbda-456d-b743-0ee96d27a6f6",
              "parentUUID": "75099b56-5d47-45f9-97ff-3364ad5c2099",
              "isHook": false,
              "skipped": false
            },
            {
              "title": "Interface SystemVerilog",
              "fullTitle": "Check documenter creator with markdown Interface SystemVerilog",
              "timedOut": false,
              "duration": 157,
              "state": "passed",
              "speed": "slow",
              "pass": true,
              "fail": false,
              "pending": false,
              "context": null,
              "code": "const hdl_lang = general_1.HDL_LANG.SYSTEMVERILOG;\nconst hdl_type = 'interface';\nawait run(hdl_type, hdl_lang, output_type_inst);",
              "err": {},
              "uuid": "0d453e74-a4b6-4a17-be96-e1f34f5957b9",
              "parentUUID": "75099b56-5d47-45f9-97ff-3364ad5c2099",
              "isHook": false,
              "skipped": false
            }
          ],
          "suites": [],
          "passes": [
            "eaf63bf5-968f-4c6e-a7e2-74db0325798c",
            "0f338868-8f0d-499b-889b-457bcf530e7d",
            "3d7b60df-5bc8-4669-90ab-bd733f21d2f5",
            "9ed66d48-dbda-456d-b743-0ee96d27a6f6",
            "0d453e74-a4b6-4a17-be96-e1f34f5957b9"
          ],
          "failures": [],
          "pending": [],
          "skipped": [],
          "duration": 788,
          "root": false,
          "rootEmpty": false,
          "_timeout": 5000
        },
        {
          "uuid": "690f9dc9-012d-4147-8513-5cc26a8f2091",
          "title": "Test Doxygen elements single line and only 1 element in the description.",
          "fullFile": "/Users/runner/work/colibri/colibri/tests/documenter/doxygen.spec.ts",
          "file": "/tests/documenter/doxygen.spec.ts",
          "beforeHooks": [],
          "afterHooks": [],
          "tests": [
            {
              "title": "Testing author",
              "fullTitle": "Test Doxygen elements single line and only 1 element in the description. Testing author",
              "timedOut": false,
              "duration": 0,
              "state": "passed",
              "speed": "fast",
              "pass": true,
              "fail": false,
              "pending": false,
              "context": null,
              "code": "const result = (0, doxygen_parser_1.parse_doxygen)(element.input);\n(0, assert_1.equal)(result.element_list[0].description, element.output);",
              "err": {},
              "uuid": "d3f70cb2-ca27-4d16-aa2e-37accaa05f3c",
              "parentUUID": "690f9dc9-012d-4147-8513-5cc26a8f2091",
              "isHook": false,
              "skipped": false
            },
            {
              "title": "Testing version",
              "fullTitle": "Test Doxygen elements single line and only 1 element in the description. Testing version",
              "timedOut": false,
              "duration": 0,
              "state": "passed",
              "speed": "fast",
              "pass": true,
              "fail": false,
              "pending": false,
              "context": null,
              "code": "const result = (0, doxygen_parser_1.parse_doxygen)(element.input);\n(0, assert_1.equal)(result.element_list[0].description, element.output);",
              "err": {},
              "uuid": "b4c34903-bfa9-42f5-86ca-7a7870ed9773",
              "parentUUID": "690f9dc9-012d-4147-8513-5cc26a8f2091",
              "isHook": false,
              "skipped": false
            },
            {
              "title": "Testing project",
              "fullTitle": "Test Doxygen elements single line and only 1 element in the description. Testing project",
              "timedOut": false,
              "duration": 1,
              "state": "passed",
              "speed": "fast",
              "pass": true,
              "fail": false,
              "pending": false,
              "context": null,
              "code": "const result = (0, doxygen_parser_1.parse_doxygen)(element.input);\n(0, assert_1.equal)(result.element_list[0].description, element.output);",
              "err": {},
              "uuid": "6deae01c-4434-4f3c-aff6-5d75e5553665",
              "parentUUID": "690f9dc9-012d-4147-8513-5cc26a8f2091",
              "isHook": false,
              "skipped": false
            },
            {
              "title": "Testing copyright",
              "fullTitle": "Test Doxygen elements single line and only 1 element in the description. Testing copyright",
              "timedOut": false,
              "duration": 1,
              "state": "passed",
              "speed": "fast",
              "pass": true,
              "fail": false,
              "pending": false,
              "context": null,
              "code": "const result = (0, doxygen_parser_1.parse_doxygen)(element.input);\n(0, assert_1.equal)(result.element_list[0].description, element.output);",
              "err": {},
              "uuid": "627df5d4-0254-463c-84ff-ffdcca98b458",
              "parentUUID": "690f9dc9-012d-4147-8513-5cc26a8f2091",
              "isHook": false,
              "skipped": false
            },
            {
              "title": "Testing brief",
              "fullTitle": "Test Doxygen elements single line and only 1 element in the description. Testing brief",
              "timedOut": false,
              "duration": 0,
              "state": "passed",
              "speed": "fast",
              "pass": true,
              "fail": false,
              "pending": false,
              "context": null,
              "code": "const result = (0, doxygen_parser_1.parse_doxygen)(element.input);\n(0, assert_1.equal)(result.element_list[0].description, element.output);",
              "err": {},
              "uuid": "30bac1ce-6913-4458-96be-cda039b5b731",
              "parentUUID": "690f9dc9-012d-4147-8513-5cc26a8f2091",
              "isHook": false,
              "skipped": false
            },
            {
              "title": "Testing details",
              "fullTitle": "Test Doxygen elements single line and only 1 element in the description. Testing details",
              "timedOut": false,
              "duration": 0,
              "state": "passed",
              "speed": "fast",
              "pass": true,
              "fail": false,
              "pending": false,
              "context": null,
              "code": "const result = (0, doxygen_parser_1.parse_doxygen)(element.input);\n(0, assert_1.equal)(result.element_list[0].description, element.output);",
              "err": {},
              "uuid": "7afb49c5-66e2-4a39-a8e0-67c32c662142",
              "parentUUID": "690f9dc9-012d-4147-8513-5cc26a8f2091",
              "isHook": false,
              "skipped": false
            },
            {
              "title": "Testing custom_section_begin",
              "fullTitle": "Test Doxygen elements single line and only 1 element in the description. Testing custom_section_begin",
              "timedOut": false,
              "duration": 0,
              "state": "passed",
              "speed": "fast",
              "pass": true,
              "fail": false,
              "pending": false,
              "context": null,
              "code": "const result = (0, doxygen_parser_1.parse_doxygen)(element.input);\n(0, assert_1.equal)(result.element_list[0].description, element.output);",
              "err": {},
              "uuid": "f8615068-8384-4c9a-866c-43bf383d141c",
              "parentUUID": "690f9dc9-012d-4147-8513-5cc26a8f2091",
              "isHook": false,
              "skipped": false
            },
            {
              "title": "Testing custom_section_end",
              "fullTitle": "Test Doxygen elements single line and only 1 element in the description. Testing custom_section_end",
              "timedOut": false,
              "duration": 0,
              "state": "passed",
              "speed": "fast",
              "pass": true,
              "fail": false,
              "pending": false,
              "context": null,
              "code": "const result = (0, doxygen_parser_1.parse_doxygen)(element.input);\n(0, assert_1.equal)(result.element_list[0].description, element.output);",
              "err": {},
              "uuid": "f1260584-f0e3-4f0e-a0e1-b9b2fd6076f3",
              "parentUUID": "690f9dc9-012d-4147-8513-5cc26a8f2091",
              "isHook": false,
              "skipped": false
            },
            {
              "title": "Testing file",
              "fullTitle": "Test Doxygen elements single line and only 1 element in the description. Testing file",
              "timedOut": false,
              "duration": 0,
              "state": "passed",
              "speed": "fast",
              "pass": true,
              "fail": false,
              "pending": false,
              "context": null,
              "code": "const result = (0, doxygen_parser_1.parse_doxygen)(element.input);\n(0, assert_1.equal)(result.element_list[0].description, element.output);",
              "err": {},
              "uuid": "6e45931d-383d-430f-bdcd-5592ea9fe16d",
              "parentUUID": "690f9dc9-012d-4147-8513-5cc26a8f2091",
              "isHook": false,
              "skipped": false
            },
            {
              "title": "Testing title",
              "fullTitle": "Test Doxygen elements single line and only 1 element in the description. Testing title",
              "timedOut": false,
              "duration": 0,
              "state": "passed",
              "speed": "fast",
              "pass": true,
              "fail": false,
              "pending": false,
              "context": null,
              "code": "const result = (0, doxygen_parser_1.parse_doxygen)(element.input);\n(0, assert_1.equal)(result.element_list[0].description, element.output);",
              "err": {},
              "uuid": "c415f062-38b7-4086-b608-a5b654e6f470",
              "parentUUID": "690f9dc9-012d-4147-8513-5cc26a8f2091",
              "isHook": false,
              "skipped": false
            },
            {
              "title": "Testing date",
              "fullTitle": "Test Doxygen elements single line and only 1 element in the description. Testing date",
              "timedOut": false,
              "duration": 0,
              "state": "passed",
              "speed": "fast",
              "pass": true,
              "fail": false,
              "pending": false,
              "context": null,
              "code": "const result = (0, doxygen_parser_1.parse_doxygen)(element.input);\n(0, assert_1.equal)(result.element_list[0].description, element.output);",
              "err": {},
              "uuid": "da75695c-2414-4a02-bdac-b5c8526711b0",
              "parentUUID": "690f9dc9-012d-4147-8513-5cc26a8f2091",
              "isHook": false,
              "skipped": false
            }
          ],
          "suites": [],
          "passes": [
            "d3f70cb2-ca27-4d16-aa2e-37accaa05f3c",
            "b4c34903-bfa9-42f5-86ca-7a7870ed9773",
            "6deae01c-4434-4f3c-aff6-5d75e5553665",
            "627df5d4-0254-463c-84ff-ffdcca98b458",
            "30bac1ce-6913-4458-96be-cda039b5b731",
            "7afb49c5-66e2-4a39-a8e0-67c32c662142",
            "f8615068-8384-4c9a-866c-43bf383d141c",
            "f1260584-f0e3-4f0e-a0e1-b9b2fd6076f3",
            "6e45931d-383d-430f-bdcd-5592ea9fe16d",
            "c415f062-38b7-4086-b608-a5b654e6f470",
            "da75695c-2414-4a02-bdac-b5c8526711b0"
          ],
          "failures": [],
          "pending": [],
          "skipped": [],
          "duration": 2,
          "root": false,
          "rootEmpty": false,
          "_timeout": 2000
        },
        {
          "uuid": "e674a71d-3d53-48d4-bb1c-d8b5e3347357",
          "title": "Test Doxygen elements multi line and only 1 element in the description.",
          "fullFile": "/Users/runner/work/colibri/colibri/tests/documenter/doxygen.spec.ts",
          "file": "/tests/documenter/doxygen.spec.ts",
          "beforeHooks": [],
          "afterHooks": [],
          "tests": [
            {
              "title": "Testing author",
              "fullTitle": "Test Doxygen elements multi line and only 1 element in the description. Testing author",
              "timedOut": false,
              "duration": 1,
              "state": "passed",
              "speed": "fast",
              "pass": true,
              "fail": false,
              "pending": false,
              "context": null,
              "code": "const result = (0, doxygen_parser_1.parse_doxygen)(element.input);\n(0, assert_1.equal)(result.element_list[0].description, element.output);",
              "err": {},
              "uuid": "42055245-047a-4ad7-9366-723645131b40",
              "parentUUID": "e674a71d-3d53-48d4-bb1c-d8b5e3347357",
              "isHook": false,
              "skipped": false
            },
            {
              "title": "Testing version",
              "fullTitle": "Test Doxygen elements multi line and only 1 element in the description. Testing version",
              "timedOut": false,
              "duration": 0,
              "state": "passed",
              "speed": "fast",
              "pass": true,
              "fail": false,
              "pending": false,
              "context": null,
              "code": "const result = (0, doxygen_parser_1.parse_doxygen)(element.input);\n(0, assert_1.equal)(result.element_list[0].description, element.output);",
              "err": {},
              "uuid": "6c450da3-fd96-475e-a459-ad16278b61f4",
              "parentUUID": "e674a71d-3d53-48d4-bb1c-d8b5e3347357",
              "isHook": false,
              "skipped": false
            },
            {
              "title": "Testing project",
              "fullTitle": "Test Doxygen elements multi line and only 1 element in the description. Testing project",
              "timedOut": false,
              "duration": 0,
              "state": "passed",
              "speed": "fast",
              "pass": true,
              "fail": false,
              "pending": false,
              "context": null,
              "code": "const result = (0, doxygen_parser_1.parse_doxygen)(element.input);\n(0, assert_1.equal)(result.element_list[0].description, element.output);",
              "err": {},
              "uuid": "0b15fd68-7b3c-430e-b587-2a43e6e2460b",
              "parentUUID": "e674a71d-3d53-48d4-bb1c-d8b5e3347357",
              "isHook": false,
              "skipped": false
            },
            {
              "title": "Testing copyright",
              "fullTitle": "Test Doxygen elements multi line and only 1 element in the description. Testing copyright",
              "timedOut": false,
              "duration": 0,
              "state": "passed",
              "speed": "fast",
              "pass": true,
              "fail": false,
              "pending": false,
              "context": null,
              "code": "const result = (0, doxygen_parser_1.parse_doxygen)(element.input);\n(0, assert_1.equal)(result.element_list[0].description, element.output);",
              "err": {},
              "uuid": "6811ca85-bf7c-460d-80f8-6411685dcfcb",
              "parentUUID": "e674a71d-3d53-48d4-bb1c-d8b5e3347357",
              "isHook": false,
              "skipped": false
            },
            {
              "title": "Testing brief",
              "fullTitle": "Test Doxygen elements multi line and only 1 element in the description. Testing brief",
              "timedOut": false,
              "duration": 0,
              "state": "passed",
              "speed": "fast",
              "pass": true,
              "fail": false,
              "pending": false,
              "context": null,
              "code": "const result = (0, doxygen_parser_1.parse_doxygen)(element.input);\n(0, assert_1.equal)(result.element_list[0].description, element.output);",
              "err": {},
              "uuid": "5d7bea21-535e-4652-9194-8cc9a191b8d8",
              "parentUUID": "e674a71d-3d53-48d4-bb1c-d8b5e3347357",
              "isHook": false,
              "skipped": false
            },
            {
              "title": "Testing details",
              "fullTitle": "Test Doxygen elements multi line and only 1 element in the description. Testing details",
              "timedOut": false,
              "duration": 0,
              "state": "passed",
              "speed": "fast",
              "pass": true,
              "fail": false,
              "pending": false,
              "context": null,
              "code": "const result = (0, doxygen_parser_1.parse_doxygen)(element.input);\n(0, assert_1.equal)(result.element_list[0].description, element.output);",
              "err": {},
              "uuid": "4631c5ce-f311-450e-8562-55fe0d00e8d2",
              "parentUUID": "e674a71d-3d53-48d4-bb1c-d8b5e3347357",
              "isHook": false,
              "skipped": false
            },
            {
              "title": "Testing custom_section_begin",
              "fullTitle": "Test Doxygen elements multi line and only 1 element in the description. Testing custom_section_begin",
              "timedOut": false,
              "duration": 0,
              "state": "passed",
              "speed": "fast",
              "pass": true,
              "fail": false,
              "pending": false,
              "context": null,
              "code": "const result = (0, doxygen_parser_1.parse_doxygen)(element.input);\n(0, assert_1.equal)(result.element_list[0].description, element.output);",
              "err": {},
              "uuid": "04b0e7e4-ada1-4ea4-b644-778cfc977e41",
              "parentUUID": "e674a71d-3d53-48d4-bb1c-d8b5e3347357",
              "isHook": false,
              "skipped": false
            },
            {
              "title": "Testing custom_section_end",
              "fullTitle": "Test Doxygen elements multi line and only 1 element in the description. Testing custom_section_end",
              "timedOut": false,
              "duration": 0,
              "state": "passed",
              "speed": "fast",
              "pass": true,
              "fail": false,
              "pending": false,
              "context": null,
              "code": "const result = (0, doxygen_parser_1.parse_doxygen)(element.input);\n(0, assert_1.equal)(result.element_list[0].description, element.output);",
              "err": {},
              "uuid": "a8269c79-0338-4e98-a304-733f3ed0a22b",
              "parentUUID": "e674a71d-3d53-48d4-bb1c-d8b5e3347357",
              "isHook": false,
              "skipped": false
            },
            {
              "title": "Testing file",
              "fullTitle": "Test Doxygen elements multi line and only 1 element in the description. Testing file",
              "timedOut": false,
              "duration": 0,
              "state": "passed",
              "speed": "fast",
              "pass": true,
              "fail": false,
              "pending": false,
              "context": null,
              "code": "const result = (0, doxygen_parser_1.parse_doxygen)(element.input);\n(0, assert_1.equal)(result.element_list[0].description, element.output);",
              "err": {},
              "uuid": "6392dbe7-e3e2-42ff-8f5c-80ba97a0433d",
              "parentUUID": "e674a71d-3d53-48d4-bb1c-d8b5e3347357",
              "isHook": false,
              "skipped": false
            },
            {
              "title": "Testing title",
              "fullTitle": "Test Doxygen elements multi line and only 1 element in the description. Testing title",
              "timedOut": false,
              "duration": 1,
              "state": "passed",
              "speed": "fast",
              "pass": true,
              "fail": false,
              "pending": false,
              "context": null,
              "code": "const result = (0, doxygen_parser_1.parse_doxygen)(element.input);\n(0, assert_1.equal)(result.element_list[0].description, element.output);",
              "err": {},
              "uuid": "1c807fce-047b-4dc4-8b9e-4d64d7a7146e",
              "parentUUID": "e674a71d-3d53-48d4-bb1c-d8b5e3347357",
              "isHook": false,
              "skipped": false
            },
            {
              "title": "Testing date",
              "fullTitle": "Test Doxygen elements multi line and only 1 element in the description. Testing date",
              "timedOut": false,
              "duration": 0,
              "state": "passed",
              "speed": "fast",
              "pass": true,
              "fail": false,
              "pending": false,
              "context": null,
              "code": "const result = (0, doxygen_parser_1.parse_doxygen)(element.input);\n(0, assert_1.equal)(result.element_list[0].description, element.output);",
              "err": {},
              "uuid": "c04e4db2-b12a-4dab-976c-bb5752b17ef0",
              "parentUUID": "e674a71d-3d53-48d4-bb1c-d8b5e3347357",
              "isHook": false,
              "skipped": false
            }
          ],
          "suites": [],
          "passes": [
            "42055245-047a-4ad7-9366-723645131b40",
            "6c450da3-fd96-475e-a459-ad16278b61f4",
            "0b15fd68-7b3c-430e-b587-2a43e6e2460b",
            "6811ca85-bf7c-460d-80f8-6411685dcfcb",
            "5d7bea21-535e-4652-9194-8cc9a191b8d8",
            "4631c5ce-f311-450e-8562-55fe0d00e8d2",
            "04b0e7e4-ada1-4ea4-b644-778cfc977e41",
            "a8269c79-0338-4e98-a304-733f3ed0a22b",
            "6392dbe7-e3e2-42ff-8f5c-80ba97a0433d",
            "1c807fce-047b-4dc4-8b9e-4d64d7a7146e",
            "c04e4db2-b12a-4dab-976c-bb5752b17ef0"
          ],
          "failures": [],
          "pending": [],
          "skipped": [],
          "duration": 2,
          "root": false,
          "rootEmpty": false,
          "_timeout": 2000
        },
        {
          "uuid": "cddce8ef-cdb7-46d9-a86a-c78f23a4daa3",
          "title": "Check sections creator with html",
          "fullFile": "/Users/runner/work/colibri/colibri/tests/documenter/section_creator.spec.ts",
          "file": "/tests/documenter/section_creator.spec.ts",
          "beforeHooks": [],
          "afterHooks": [],
          "tests": [
            {
              "title": "Title section",
              "fullTitle": "Check sections creator with html Title section",
              "timedOut": false,
              "duration": 1,
              "state": "passed",
              "speed": "fast",
              "pass": true,
              "fail": false,
              "pending": false,
              "context": null,
              "code": "const section_name = \"title\";\nconst section = creator.get_title_section(hdl_element, configuration, output_type_inst);\nsave_output(section, section_name, output_type_inst);\ncheck(section_name, output_type_inst, false);",
              "err": {},
              "uuid": "d9dea858-8745-4b60-a397-51a4949ae379",
              "parentUUID": "cddce8ef-cdb7-46d9-a86a-c78f23a4daa3",
              "isHook": false,
              "skipped": false
            },
            {
              "title": "Input section",
              "fullTitle": "Check sections creator with html Input section",
              "timedOut": false,
              "duration": 1,
              "state": "passed",
              "speed": "fast",
              "pass": true,
              "fail": false,
              "pending": false,
              "context": null,
              "code": "const section_name = \"input\";\nconst file_path = \"/example/of/sample.vhd\";\nconst section = creator.get_input_section(file_path, configuration, output_type_inst);\nsave_output(section, section_name, output_type_inst);\ncheck(section_name, output_type_inst, false);",
              "err": {},
              "uuid": "1055a194-c099-498a-9c93-bda15943d633",
              "parentUUID": "cddce8ef-cdb7-46d9-a86a-c78f23a4daa3",
              "isHook": false,
              "skipped": false
            },
            {
              "title": "Info section",
              "fullTitle": "Check sections creator with html Info section",
              "timedOut": false,
              "duration": 1,
              "state": "passed",
              "speed": "fast",
              "pass": true,
              "fail": false,
              "pending": false,
              "context": null,
              "code": "const section_name = \"info\";\nconst section = creator.get_info_section(hdl_element, configuration, output_type_inst);\nsave_output(section, section_name, output_type_inst);\ncheck(section_name, output_type_inst, false);",
              "err": {},
              "uuid": "a25e3450-81b2-4850-9758-859698399ae2",
              "parentUUID": "cddce8ef-cdb7-46d9-a86a-c78f23a4daa3",
              "isHook": false,
              "skipped": false
            },
            {
              "title": "Diagram section",
              "fullTitle": "Check sections creator with html Diagram section",
              "timedOut": false,
              "duration": 0,
              "state": "pending",
              "speed": null,
              "pass": false,
              "fail": false,
              "pending": true,
              "context": null,
              "code": "this.skip();\nconst section_name = \"diagram\";\nconst svg_path = paht_lib.join(C_OUTPUT_BASE_PATH, 'input_path.svg');\nconst section = creator.get_diagram_section(hdl_element, configuration, svg_path, output_type_inst);\nsave_output(section, section_name, output_type_inst);\ncheck(section_name, output_type_inst, true);",
              "err": {},
              "uuid": "33ebef81-101d-4b91-99af-a293313de018",
              "parentUUID": "cddce8ef-cdb7-46d9-a86a-c78f23a4daa3",
              "isHook": false,
              "skipped": false
            },
            {
              "title": "Custom begin section",
              "fullTitle": "Check sections creator with html Custom begin section",
              "timedOut": false,
              "duration": 145,
              "state": "passed",
              "speed": "slow",
              "pass": true,
              "fail": false,
              "pending": false,
              "context": null,
              "code": "const section_name = \"custom_section_begin\";\nconst input_path = paht_lib.join(__dirname, 'section_creator', 'helpers', 'input_path.vhd');\nconst section = creator.get_custom_section('custom_section_begin', hdl_element, input_path, output_type_inst);\nsave_output(section, section_name, output_type_inst);\ncheck(section_name, output_type_inst, false);",
              "err": {},
              "uuid": "2bcb71d4-d40f-49bc-a40a-0c1280df10ed",
              "parentUUID": "cddce8ef-cdb7-46d9-a86a-c78f23a4daa3",
              "isHook": false,
              "skipped": false
            },
            {
              "title": "Custom end section",
              "fullTitle": "Check sections creator with html Custom end section",
              "timedOut": false,
              "duration": 1,
              "state": "passed",
              "speed": "fast",
              "pass": true,
              "fail": false,
              "pending": false,
              "context": null,
              "code": "const section_name = \"custom_section_end\";\nconst input_path = paht_lib.join(__dirname, 'section_creator', 'helpers', 'input_path.vhd');\nconst section = creator.get_custom_section('custom_section_end', hdl_element, input_path, output_type_inst);\nsave_output(section, section_name, output_type_inst);\ncheck(section_name, output_type_inst, false);",
              "err": {},
              "uuid": "a2443a35-3950-41e1-a9e1-0905e1a79c57",
              "parentUUID": "cddce8ef-cdb7-46d9-a86a-c78f23a4daa3",
              "isHook": false,
              "skipped": false
            },
            {
              "title": "Description section",
              "fullTitle": "Check sections creator with html Description section",
              "timedOut": false,
              "duration": 6,
              "state": "passed",
              "speed": "fast",
              "pass": true,
              "fail": false,
              "pending": false,
              "context": null,
              "code": "if (output_type_inst === common_documenter.doc_output_type.MARKDOWN) {\n    this.skip();\n}\nconst section_name = \"description\";\nconst section = creator.get_description_section(hdl_element, configuration, C_OUTPUT_BASE_PATH, output_type_inst);\nsave_output(section, section_name, output_type_inst);\ncheck(section_name, output_type_inst, false);",
              "err": {},
              "uuid": "32d0d91e-0639-48b7-b265-29b496720539",
              "parentUUID": "cddce8ef-cdb7-46d9-a86a-c78f23a4daa3",
              "isHook": false,
              "skipped": false
            },
            {
              "title": "Port section",
              "fullTitle": "Check sections creator with html Port section",
              "timedOut": false,
              "duration": 3,
              "state": "passed",
              "speed": "fast",
              "pass": true,
              "fail": false,
              "pending": false,
              "context": null,
              "code": "const section_name = \"port\";\nconst section = creator.get_in_out_section(hdl_element, configuration, output_type_inst);\nsave_output(section, section_name, output_type_inst);\ncheck(section_name, output_type_inst, false);",
              "err": {},
              "uuid": "3dd56c4f-fdc7-491a-b00b-0c20557b3fe8",
              "parentUUID": "cddce8ef-cdb7-46d9-a86a-c78f23a4daa3",
              "isHook": false,
              "skipped": false
            },
            {
              "title": "Signal-constant section",
              "fullTitle": "Check sections creator with html Signal-constant section",
              "timedOut": false,
              "duration": 1,
              "state": "passed",
              "speed": "fast",
              "pass": true,
              "fail": false,
              "pending": false,
              "context": null,
              "code": "const section_name = \"signal_constant\";\nconst section = creator.get_signal_constant_section(hdl_element, configuration, output_type_inst);\nsave_output(section, section_name, output_type_inst);\ncheck(section_name, output_type_inst, false);",
              "err": {},
              "uuid": "ac6d173a-710a-4b2a-9f65-223b1c271758",
              "parentUUID": "cddce8ef-cdb7-46d9-a86a-c78f23a4daa3",
              "isHook": false,
              "skipped": false
            },
            {
              "title": "Process section",
              "fullTitle": "Check sections creator with html Process section",
              "timedOut": false,
              "duration": 2,
              "state": "passed",
              "speed": "fast",
              "pass": true,
              "fail": false,
              "pending": false,
              "context": null,
              "code": "const section_name = \"process\";\nconst section = creator.get_process_section(hdl_element, configuration, output_type_inst);\nsave_output(section, section_name, output_type_inst);\ncheck(section_name, output_type_inst, false);",
              "err": {},
              "uuid": "f1eab23b-7733-462b-b945-802c707216b6",
              "parentUUID": "cddce8ef-cdb7-46d9-a86a-c78f23a4daa3",
              "isHook": false,
              "skipped": false
            },
            {
              "title": "Function section",
              "fullTitle": "Check sections creator with html Function section",
              "timedOut": false,
              "duration": 2,
              "state": "passed",
              "speed": "fast",
              "pass": true,
              "fail": false,
              "pending": false,
              "context": null,
              "code": "const section_name = \"function\";\nconst section = creator.get_function_section(hdl_element, configuration, output_type_inst);\nsave_output(section, section_name, output_type_inst);\ncheck(section_name, output_type_inst, false);",
              "err": {},
              "uuid": "80eab042-bc75-4075-b21c-9c5f9738cf4d",
              "parentUUID": "cddce8ef-cdb7-46d9-a86a-c78f23a4daa3",
              "isHook": false,
              "skipped": false
            },
            {
              "title": "Instantiation section",
              "fullTitle": "Check sections creator with html Instantiation section",
              "timedOut": false,
              "duration": 1,
              "state": "passed",
              "speed": "fast",
              "pass": true,
              "fail": false,
              "pending": false,
              "context": null,
              "code": "const section_name = \"instantiation\";\nconst section = creator.get_instantiation_section(hdl_element, configuration, output_type_inst);\nsave_output(section, section_name, output_type_inst);\ncheck(section_name, output_type_inst, false);",
              "err": {},
              "uuid": "7458bcd6-c3d6-44d3-be08-a7b531d378c2",
              "parentUUID": "cddce8ef-cdb7-46d9-a86a-c78f23a4daa3",
              "isHook": false,
              "skipped": false
            }
          ],
          "suites": [],
          "passes": [
            "d9dea858-8745-4b60-a397-51a4949ae379",
            "1055a194-c099-498a-9c93-bda15943d633",
            "a25e3450-81b2-4850-9758-859698399ae2",
            "2bcb71d4-d40f-49bc-a40a-0c1280df10ed",
            "a2443a35-3950-41e1-a9e1-0905e1a79c57",
            "32d0d91e-0639-48b7-b265-29b496720539",
            "3dd56c4f-fdc7-491a-b00b-0c20557b3fe8",
            "ac6d173a-710a-4b2a-9f65-223b1c271758",
            "f1eab23b-7733-462b-b945-802c707216b6",
            "80eab042-bc75-4075-b21c-9c5f9738cf4d",
            "7458bcd6-c3d6-44d3-be08-a7b531d378c2"
          ],
          "failures": [],
          "pending": [
            "33ebef81-101d-4b91-99af-a293313de018"
          ],
          "skipped": [],
          "duration": 164,
          "root": false,
          "rootEmpty": false,
          "_timeout": 2000
        },
        {
          "uuid": "fa30ba7e-04f7-410f-8c8b-14ee38dff4ba",
          "title": "Check sections creator with markdown",
          "fullFile": "/Users/runner/work/colibri/colibri/tests/documenter/section_creator.spec.ts",
          "file": "/tests/documenter/section_creator.spec.ts",
          "beforeHooks": [],
          "afterHooks": [],
          "tests": [
            {
              "title": "Title section",
              "fullTitle": "Check sections creator with markdown Title section",
              "timedOut": false,
              "duration": 1,
              "state": "passed",
              "speed": "fast",
              "pass": true,
              "fail": false,
              "pending": false,
              "context": null,
              "code": "const section_name = \"title\";\nconst section = creator.get_title_section(hdl_element, configuration, output_type_inst);\nsave_output(section, section_name, output_type_inst);\ncheck(section_name, output_type_inst, false);",
              "err": {},
              "uuid": "d1dba297-e52f-43de-ae8e-dcbe98b90b58",
              "parentUUID": "fa30ba7e-04f7-410f-8c8b-14ee38dff4ba",
              "isHook": false,
              "skipped": false
            },
            {
              "title": "Input section",
              "fullTitle": "Check sections creator with markdown Input section",
              "timedOut": false,
              "duration": 1,
              "state": "passed",
              "speed": "fast",
              "pass": true,
              "fail": false,
              "pending": false,
              "context": null,
              "code": "const section_name = \"input\";\nconst file_path = \"/example/of/sample.vhd\";\nconst section = creator.get_input_section(file_path, configuration, output_type_inst);\nsave_output(section, section_name, output_type_inst);\ncheck(section_name, output_type_inst, false);",
              "err": {},
              "uuid": "b93e6824-8397-4060-b22b-738daa89b7ae",
              "parentUUID": "fa30ba7e-04f7-410f-8c8b-14ee38dff4ba",
              "isHook": false,
              "skipped": false
            },
            {
              "title": "Info section",
              "fullTitle": "Check sections creator with markdown Info section",
              "timedOut": false,
              "duration": 1,
              "state": "passed",
              "speed": "fast",
              "pass": true,
              "fail": false,
              "pending": false,
              "context": null,
              "code": "const section_name = \"info\";\nconst section = creator.get_info_section(hdl_element, configuration, output_type_inst);\nsave_output(section, section_name, output_type_inst);\ncheck(section_name, output_type_inst, false);",
              "err": {},
              "uuid": "1023368f-4014-47a6-b1bb-cba8eae20f62",
              "parentUUID": "fa30ba7e-04f7-410f-8c8b-14ee38dff4ba",
              "isHook": false,
              "skipped": false
            },
            {
              "title": "Diagram section",
              "fullTitle": "Check sections creator with markdown Diagram section",
              "timedOut": false,
              "duration": 0,
              "state": "pending",
              "speed": null,
              "pass": false,
              "fail": false,
              "pending": true,
              "context": null,
              "code": "this.skip();\nconst section_name = \"diagram\";\nconst svg_path = paht_lib.join(C_OUTPUT_BASE_PATH, 'input_path.svg');\nconst section = creator.get_diagram_section(hdl_element, configuration, svg_path, output_type_inst);\nsave_output(section, section_name, output_type_inst);\ncheck(section_name, output_type_inst, true);",
              "err": {},
              "uuid": "c35e9670-0207-4724-9ee8-ab1f44a2b8f7",
              "parentUUID": "fa30ba7e-04f7-410f-8c8b-14ee38dff4ba",
              "isHook": false,
              "skipped": false
            },
            {
              "title": "Custom begin section",
              "fullTitle": "Check sections creator with markdown Custom begin section",
              "timedOut": false,
              "duration": 0,
              "state": "passed",
              "speed": "fast",
              "pass": true,
              "fail": false,
              "pending": false,
              "context": null,
              "code": "const section_name = \"custom_section_begin\";\nconst input_path = paht_lib.join(__dirname, 'section_creator', 'helpers', 'input_path.vhd');\nconst section = creator.get_custom_section('custom_section_begin', hdl_element, input_path, output_type_inst);\nsave_output(section, section_name, output_type_inst);\ncheck(section_name, output_type_inst, false);",
              "err": {},
              "uuid": "ca77c21d-3c16-46ff-a240-912a1c4c9f41",
              "parentUUID": "fa30ba7e-04f7-410f-8c8b-14ee38dff4ba",
              "isHook": false,
              "skipped": false
            },
            {
              "title": "Custom end section",
              "fullTitle": "Check sections creator with markdown Custom end section",
              "timedOut": false,
              "duration": 0,
              "state": "passed",
              "speed": "fast",
              "pass": true,
              "fail": false,
              "pending": false,
              "context": null,
              "code": "const section_name = \"custom_section_end\";\nconst input_path = paht_lib.join(__dirname, 'section_creator', 'helpers', 'input_path.vhd');\nconst section = creator.get_custom_section('custom_section_end', hdl_element, input_path, output_type_inst);\nsave_output(section, section_name, output_type_inst);\ncheck(section_name, output_type_inst, false);",
              "err": {},
              "uuid": "4e61a3ed-f4d7-44ef-8620-5a04c2cf6520",
              "parentUUID": "fa30ba7e-04f7-410f-8c8b-14ee38dff4ba",
              "isHook": false,
              "skipped": false
            },
            {
              "title": "Description section",
              "fullTitle": "Check sections creator with markdown Description section",
              "timedOut": false,
              "duration": 0,
              "state": "pending",
              "speed": null,
              "pass": false,
              "fail": false,
              "pending": true,
              "context": null,
              "code": "if (output_type_inst === common_documenter.doc_output_type.MARKDOWN) {\n    this.skip();\n}\nconst section_name = \"description\";\nconst section = creator.get_description_section(hdl_element, configuration, C_OUTPUT_BASE_PATH, output_type_inst);\nsave_output(section, section_name, output_type_inst);\ncheck(section_name, output_type_inst, false);",
              "err": {},
              "uuid": "a4f9a4d0-5828-4129-9610-c4b282fb9d4e",
              "parentUUID": "fa30ba7e-04f7-410f-8c8b-14ee38dff4ba",
              "isHook": false,
              "skipped": false
            },
            {
              "title": "Port section",
              "fullTitle": "Check sections creator with markdown Port section",
              "timedOut": false,
              "duration": 1,
              "state": "passed",
              "speed": "fast",
              "pass": true,
              "fail": false,
              "pending": false,
              "context": null,
              "code": "const section_name = \"port\";\nconst section = creator.get_in_out_section(hdl_element, configuration, output_type_inst);\nsave_output(section, section_name, output_type_inst);\ncheck(section_name, output_type_inst, false);",
              "err": {},
              "uuid": "15c77a74-a528-4807-8412-00494dc6ec74",
              "parentUUID": "fa30ba7e-04f7-410f-8c8b-14ee38dff4ba",
              "isHook": false,
              "skipped": false
            },
            {
              "title": "Signal-constant section",
              "fullTitle": "Check sections creator with markdown Signal-constant section",
              "timedOut": false,
              "duration": 1,
              "state": "passed",
              "speed": "fast",
              "pass": true,
              "fail": false,
              "pending": false,
              "context": null,
              "code": "const section_name = \"signal_constant\";\nconst section = creator.get_signal_constant_section(hdl_element, configuration, output_type_inst);\nsave_output(section, section_name, output_type_inst);\ncheck(section_name, output_type_inst, false);",
              "err": {},
              "uuid": "018e0a91-40e5-4562-b932-f930593567ae",
              "parentUUID": "fa30ba7e-04f7-410f-8c8b-14ee38dff4ba",
              "isHook": false,
              "skipped": false
            },
            {
              "title": "Process section",
              "fullTitle": "Check sections creator with markdown Process section",
              "timedOut": false,
              "duration": 2,
              "state": "passed",
              "speed": "fast",
              "pass": true,
              "fail": false,
              "pending": false,
              "context": null,
              "code": "const section_name = \"process\";\nconst section = creator.get_process_section(hdl_element, configuration, output_type_inst);\nsave_output(section, section_name, output_type_inst);\ncheck(section_name, output_type_inst, false);",
              "err": {},
              "uuid": "e016c34f-b90b-464e-aa92-ffa3322f4159",
              "parentUUID": "fa30ba7e-04f7-410f-8c8b-14ee38dff4ba",
              "isHook": false,
              "skipped": false
            },
            {
              "title": "Function section",
              "fullTitle": "Check sections creator with markdown Function section",
              "timedOut": false,
              "duration": 1,
              "state": "passed",
              "speed": "fast",
              "pass": true,
              "fail": false,
              "pending": false,
              "context": null,
              "code": "const section_name = \"function\";\nconst section = creator.get_function_section(hdl_element, configuration, output_type_inst);\nsave_output(section, section_name, output_type_inst);\ncheck(section_name, output_type_inst, false);",
              "err": {},
              "uuid": "2f98d150-ea2f-4a1f-a2e8-433108969993",
              "parentUUID": "fa30ba7e-04f7-410f-8c8b-14ee38dff4ba",
              "isHook": false,
              "skipped": false
            },
            {
              "title": "Instantiation section",
              "fullTitle": "Check sections creator with markdown Instantiation section",
              "timedOut": false,
              "duration": 1,
              "state": "passed",
              "speed": "fast",
              "pass": true,
              "fail": false,
              "pending": false,
              "context": null,
              "code": "const section_name = \"instantiation\";\nconst section = creator.get_instantiation_section(hdl_element, configuration, output_type_inst);\nsave_output(section, section_name, output_type_inst);\ncheck(section_name, output_type_inst, false);",
              "err": {},
              "uuid": "bd273a8d-5d72-40cd-a506-b4ca35d89d21",
              "parentUUID": "fa30ba7e-04f7-410f-8c8b-14ee38dff4ba",
              "isHook": false,
              "skipped": false
            }
          ],
          "suites": [],
          "passes": [
            "d1dba297-e52f-43de-ae8e-dcbe98b90b58",
            "b93e6824-8397-4060-b22b-738daa89b7ae",
            "1023368f-4014-47a6-b1bb-cba8eae20f62",
            "ca77c21d-3c16-46ff-a240-912a1c4c9f41",
            "4e61a3ed-f4d7-44ef-8620-5a04c2cf6520",
            "15c77a74-a528-4807-8412-00494dc6ec74",
            "018e0a91-40e5-4562-b932-f930593567ae",
            "e016c34f-b90b-464e-aa92-ffa3322f4159",
            "2f98d150-ea2f-4a1f-a2e8-433108969993",
            "bd273a8d-5d72-40cd-a506-b4ca35d89d21"
          ],
          "failures": [],
          "pending": [
            "c35e9670-0207-4724-9ee8-ab1f44a2b8f7",
            "a4f9a4d0-5828-4129-9610-c4b282fb9d4e"
          ],
          "skipped": [],
          "duration": 9,
          "root": false,
          "rootEmpty": false,
          "_timeout": 2000
        },
        {
          "uuid": "4d6db490-2e1a-4575-90ba-d0c7caa6b8a8",
          "title": "Check standalone VHDL formatter",
          "fullFile": "/Users/runner/work/colibri/colibri/tests/formatter/formatter.spec.ts",
          "file": "/tests/formatter/formatter.spec.ts",
          "beforeHooks": [],
          "afterHooks": [],
          "tests": [
            {
              "title": "Check align comments true, indentation and keyworks lowercase",
              "fullTitle": "Check standalone VHDL formatter Check align comments true, indentation and keyworks lowercase",
              "timedOut": false,
              "duration": 37,
              "state": "passed",
              "speed": "fast",
              "pass": true,
              "fail": false,
              "pending": false,
              "context": null,
              "code": "const test_index = 0;\nconst options = {\n    keyword_case: cfg.e_formatter_standalone_keyword_case.lowercase,\n    name_case: cfg.e_formatter_standalone_name_case.lowercase,\n    indentation: \"    \",\n    align_port_generic: true,\n    align_comment: true,\n    remove_comments: false,\n    remove_reports: false,\n    check_alias: false,\n    new_line_after_then: cfg.e_formatter_standalone_new_line_after_then.new_line,\n    new_line_after_semicolon: cfg.e_formatter_standalone_new_line_after_semicolon.new_line,\n    new_line_after_else: cfg.e_formatter_standalone_new_line_after_else.none,\n    new_line_after_port: cfg.e_formatter_standalone_new_line_after_port.none,\n    new_line_after_generic: cfg.e_formatter_standalone_new_line_after_generic.none,\n};\nawait format_and_check(formatter_name, language, test_index, options, \"\");",
              "err": {},
              "uuid": "933b7f87-c982-495f-a22e-856a635e04f4",
              "parentUUID": "4d6db490-2e1a-4575-90ba-d0c7caa6b8a8",
              "isHook": false,
              "skipped": false
            },
            {
              "title": "Check align comments false, indentation and keyworks uppercase",
              "fullTitle": "Check standalone VHDL formatter Check align comments false, indentation and keyworks uppercase",
              "timedOut": false,
              "duration": 7,
              "state": "passed",
              "speed": "fast",
              "pass": true,
              "fail": false,
              "pending": false,
              "context": null,
              "code": "const test_index = 1;\nconst options = {\n    keyword_case: cfg.e_formatter_standalone_keyword_case.uppercase,\n    name_case: cfg.e_formatter_standalone_name_case.uppercase,\n    indentation: \"      \",\n    align_port_generic: true,\n    align_comment: false,\n    remove_comments: false,\n    remove_reports: false,\n    check_alias: false,\n    new_line_after_then: cfg.e_formatter_standalone_new_line_after_then.new_line,\n    new_line_after_semicolon: cfg.e_formatter_standalone_new_line_after_semicolon.new_line,\n    new_line_after_else: cfg.e_formatter_standalone_new_line_after_else.none,\n    new_line_after_port: cfg.e_formatter_standalone_new_line_after_port.none,\n    new_line_after_generic: cfg.e_formatter_standalone_new_line_after_generic.none,\n};\nawait format_and_check(formatter_name, language, test_index, options, \"\");",
              "err": {},
              "uuid": "a9976f9e-be78-4eda-9ef4-09d95c3bbd65",
              "parentUUID": "4d6db490-2e1a-4575-90ba-d0c7caa6b8a8",
              "isHook": false,
              "skipped": false
            }
          ],
          "suites": [],
          "passes": [
            "933b7f87-c982-495f-a22e-856a635e04f4",
            "a9976f9e-be78-4eda-9ef4-09d95c3bbd65"
          ],
          "failures": [],
          "pending": [],
          "skipped": [],
          "duration": 44,
          "root": false,
          "rootEmpty": false,
          "_timeout": 2000
        },
        {
          "uuid": "0b54c9c3-4f9d-405f-8d17-0a97233a650a",
          "title": "Check istyle formatter",
          "fullFile": "/Users/runner/work/colibri/colibri/tests/formatter/formatter.spec.ts",
          "file": "/tests/formatter/formatter.spec.ts",
          "beforeHooks": [],
          "afterHooks": [],
          "tests": [
            {
              "title": "Check ansi with indent = 2",
              "fullTitle": "Check istyle formatter Check ansi with indent = 2",
              "timedOut": false,
              "duration": 112,
              "state": "passed",
              "speed": "slow",
              "pass": true,
              "fail": false,
              "pending": false,
              "context": null,
              "code": "const test_index = index;\nconst options = {\n    style: style_inst,\n    indentation_size: 2\n};\nawait format_and_check(formatter_name, language, test_index, options, \"\");",
              "err": {},
              "uuid": "902ca4d7-b438-44cb-b44e-e3355f159eab",
              "parentUUID": "0b54c9c3-4f9d-405f-8d17-0a97233a650a",
              "isHook": false,
              "skipped": false
            },
            {
              "title": "Check kr with indent = 2",
              "fullTitle": "Check istyle formatter Check kr with indent = 2",
              "timedOut": false,
              "duration": 11,
              "state": "passed",
              "speed": "fast",
              "pass": true,
              "fail": false,
              "pending": false,
              "context": null,
              "code": "const test_index = index;\nconst options = {\n    style: style_inst,\n    indentation_size: 2\n};\nawait format_and_check(formatter_name, language, test_index, options, \"\");",
              "err": {},
              "uuid": "5ce7e8ad-9a9f-467d-8353-9e21e3436e1f",
              "parentUUID": "0b54c9c3-4f9d-405f-8d17-0a97233a650a",
              "isHook": false,
              "skipped": false
            },
            {
              "title": "Check gnu with indent = 2",
              "fullTitle": "Check istyle formatter Check gnu with indent = 2",
              "timedOut": false,
              "duration": 11,
              "state": "passed",
              "speed": "fast",
              "pass": true,
              "fail": false,
              "pending": false,
              "context": null,
              "code": "const test_index = index;\nconst options = {\n    style: style_inst,\n    indentation_size: 2\n};\nawait format_and_check(formatter_name, language, test_index, options, \"\");",
              "err": {},
              "uuid": "0df7e392-0d32-445f-9ea4-96f56e55f9cd",
              "parentUUID": "0b54c9c3-4f9d-405f-8d17-0a97233a650a",
              "isHook": false,
              "skipped": false
            },
            {
              "title": "Check indent_only with indent = 2",
              "fullTitle": "Check istyle formatter Check indent_only with indent = 2",
              "timedOut": false,
              "duration": 14,
              "state": "passed",
              "speed": "fast",
              "pass": true,
              "fail": false,
              "pending": false,
              "context": null,
              "code": "const test_index = index;\nconst options = {\n    style: style_inst,\n    indentation_size: 2\n};\nawait format_and_check(formatter_name, language, test_index, options, \"\");",
              "err": {},
              "uuid": "cc76a0ab-4203-422e-a55e-da5090a1b140",
              "parentUUID": "0b54c9c3-4f9d-405f-8d17-0a97233a650a",
              "isHook": false,
              "skipped": false
            },
            {
              "title": "Check ansi with indent = 6",
              "fullTitle": "Check istyle formatter Check ansi with indent = 6",
              "timedOut": false,
              "duration": 10,
              "state": "passed",
              "speed": "fast",
              "pass": true,
              "fail": false,
              "pending": false,
              "context": null,
              "code": "const test_index = index + style_list.length;\nconst options = {\n    style: style_inst,\n    indentation_size: 6\n};\nawait format_and_check(formatter_name, language, test_index, options, \"\");",
              "err": {},
              "uuid": "c5f18e00-551a-4831-961d-7dfeeb778f93",
              "parentUUID": "0b54c9c3-4f9d-405f-8d17-0a97233a650a",
              "isHook": false,
              "skipped": false
            },
            {
[...]
              "err": {},
              "uuid": "4bb0e945-4b59-4190-9eec-ce5d7c1401d1",
              "parentUUID": "ea596777-dd34-402f-b640-7a1daa9eb0b2",
              "isHook": false,
              "skipped": false
            }
          ],
          "suites": [],
          "passes": [
            "4bb0e945-4b59-4190-9eec-ce5d7c1401d1"
          ],
          "failures": [],
          "pending": [],
          "skipped": [],
          "duration": 1,
          "root": false,
          "rootEmpty": false,
          "_timeout": 2000
        },
        {
          "uuid": "8876957b-4b8a-435a-a3ac-f550a8fa9f60",
          "title": "Check hover VHDL",
          "fullFile": "/Users/runner/work/colibri/colibri/tests/utils/number.spec.ts",
          "file": "/tests/utils/number.spec.ts",
          "beforeHooks": [],
          "afterHooks": [],
          "tests": [
            {
              "title": "Binary unsigned",
              "fullTitle": "Check hover VHDL Binary unsigned",
              "timedOut": false,
              "duration": 1,
              "state": "passed",
              "speed": "fast",
              "pass": true,
              "fail": false,
              "pending": false,
              "context": null,
              "code": "const code_dummy = '\"0011\"';\nconst expected_number = {\n    signed_n: 0,\n    unsigned_n: 3,\n    is_multi: false,\n    is_ok: true\n};\nconst current_number = (0, numbers_1.hdl_hover)(code_dummy, lang);\n(0, assert_1.deepEqual)(current_number, expected_number);",
              "err": {},
              "uuid": "73c30f08-2554-4982-8268-a1bc25d6eeb6",
              "parentUUID": "8876957b-4b8a-435a-a3ac-f550a8fa9f60",
              "isHook": false,
              "skipped": false
            },
            {
              "title": "Binary unsigned or signed",
              "fullTitle": "Check hover VHDL Binary unsigned or signed",
              "timedOut": false,
              "duration": 1,
              "state": "passed",
              "speed": "fast",
              "pass": true,
              "fail": false,
              "pending": false,
              "context": null,
              "code": "const code_dummy = '\"1101\"';\nconst expected_number = {\n    signed_n: -3,\n    unsigned_n: 13,\n    is_multi: true,\n    is_ok: true\n};\nconst current_number = (0, numbers_1.hdl_hover)(code_dummy, lang);\n(0, assert_1.deepEqual)(current_number, expected_number);",
              "err": {},
              "uuid": "7226af9e-13b0-4cfa-ba44-7d315b55bbc6",
              "parentUUID": "8876957b-4b8a-435a-a3ac-f550a8fa9f60",
              "isHook": false,
              "skipped": false
            },
            {
              "title": "Binary unsigned or signed with separator",
              "fullTitle": "Check hover VHDL Binary unsigned or signed with separator",
              "timedOut": false,
              "duration": 0,
              "state": "passed",
              "speed": "fast",
              "pass": true,
              "fail": false,
              "pending": false,
              "context": null,
              "code": "const code_dummy = '\"1_10_0\"';\nconst expected_number = {\n    signed_n: -4,\n    unsigned_n: 12,\n    is_multi: true,\n    is_ok: true\n};\nconst current_number = (0, numbers_1.hdl_hover)(code_dummy, lang);\n(0, assert_1.deepEqual)(current_number, expected_number);",
              "err": {},
              "uuid": "a909804f-9da7-4f31-999e-57e720c28c5b",
              "parentUUID": "8876957b-4b8a-435a-a3ac-f550a8fa9f60",
              "isHook": false,
              "skipped": false
            },
            {
              "title": "Hexadeximal unsigned",
              "fullTitle": "Check hover VHDL Hexadeximal unsigned",
              "timedOut": false,
              "duration": 0,
              "state": "passed",
              "speed": "fast",
              "pass": true,
              "fail": false,
              "pending": false,
              "context": null,
              "code": "const code_dummy = 'x\"0aB0\"';\nconst expected_number = {\n    signed_n: 0,\n    unsigned_n: 2736,\n    is_multi: false,\n    is_ok: true\n};\nconst current_number = (0, numbers_1.hdl_hover)(code_dummy, lang);\n(0, assert_1.deepEqual)(current_number, expected_number);",
              "err": {},
              "uuid": "4c91e5d3-e23b-4d66-a75b-99361fc51851",
              "parentUUID": "8876957b-4b8a-435a-a3ac-f550a8fa9f60",
              "isHook": false,
              "skipped": false
            },
            {
              "title": "Hexadeximal unsigned or signed",
              "fullTitle": "Check hover VHDL Hexadeximal unsigned or signed",
              "timedOut": false,
              "duration": 0,
              "state": "passed",
              "speed": "fast",
              "pass": true,
              "fail": false,
              "pending": false,
              "context": null,
              "code": "const code_dummy = 'x\"aaB0\"';\nconst expected_number = {\n    signed_n: -21840,\n    unsigned_n: 43696,\n    is_multi: true,\n    is_ok: true\n};\nconst current_number = (0, numbers_1.hdl_hover)(code_dummy, lang);\n(0, assert_1.deepEqual)(current_number, expected_number);",
              "err": {},
              "uuid": "9b76e958-2ccf-42bb-9e00-914458550823",
              "parentUUID": "8876957b-4b8a-435a-a3ac-f550a8fa9f60",
              "isHook": false,
              "skipped": false
            },
            {
              "title": "Hexadeximal unsigned or signed with separator",
              "fullTitle": "Check hover VHDL Hexadeximal unsigned or signed with separator",
              "timedOut": false,
              "duration": 0,
              "state": "passed",
              "speed": "fast",
              "pass": true,
              "fail": false,
              "pending": false,
              "context": null,
              "code": "const code_dummy = 'x\"a_a_b0\"';\nconst expected_number = {\n    signed_n: -21840,\n    unsigned_n: 43696,\n    is_multi: true,\n    is_ok: true\n};\nconst current_number = (0, numbers_1.hdl_hover)(code_dummy, lang);\n(0, assert_1.deepEqual)(current_number, expected_number);",
              "err": {},
              "uuid": "f923132c-e9d3-4b8f-8a5c-a0f32407fbda",
              "parentUUID": "8876957b-4b8a-435a-a3ac-f550a8fa9f60",
              "isHook": false,
              "skipped": false
            },
            {
              "title": "Octal unsigned",
              "fullTitle": "Check hover VHDL Octal unsigned",
              "timedOut": false,
              "duration": 0,
              "state": "passed",
              "speed": "fast",
              "pass": true,
              "fail": false,
              "pending": false,
              "context": null,
              "code": "const code_dummy = 'o\"0175\"';\nconst expected_number = {\n    signed_n: 0,\n    unsigned_n: 125,\n    is_multi: false,\n    is_ok: true\n};\nconst current_number = (0, numbers_1.hdl_hover)(code_dummy, lang);\n(0, assert_1.deepEqual)(current_number, expected_number);",
              "err": {},
              "uuid": "ea626a39-299e-43ff-9d8f-266132239aef",
              "parentUUID": "8876957b-4b8a-435a-a3ac-f550a8fa9f60",
              "isHook": false,
              "skipped": false
            },
            {
              "title": "Octal unsigned or signed",
              "fullTitle": "Check hover VHDL Octal unsigned or signed",
              "timedOut": false,
              "duration": 0,
              "state": "passed",
              "speed": "fast",
              "pass": true,
              "fail": false,
              "pending": false,
              "context": null,
              "code": "const code_dummy = 'O\"232\"';\nconst expected_number = {\n    signed_n: -102,\n    unsigned_n: 154,\n    is_multi: true,\n    is_ok: true\n};\nconst current_number = (0, numbers_1.hdl_hover)(code_dummy, lang);\n(0, assert_1.deepEqual)(current_number, expected_number);",
              "err": {},
              "uuid": "5fa63e9d-c412-4bcb-9215-58f9ca290961",
              "parentUUID": "8876957b-4b8a-435a-a3ac-f550a8fa9f60",
              "isHook": false,
              "skipped": false
            },
            {
              "title": "Octal unsigned or signed with separator",
              "fullTitle": "Check hover VHDL Octal unsigned or signed with separator",
              "timedOut": false,
              "duration": 0,
              "state": "passed",
              "speed": "fast",
              "pass": true,
              "fail": false,
              "pending": false,
              "context": null,
              "code": "const code_dummy = 'o\"2_3_2\"';\nconst expected_number = {\n    signed_n: -102,\n    unsigned_n: 154,\n    is_multi: true,\n    is_ok: true\n};\nconst current_number = (0, numbers_1.hdl_hover)(code_dummy, lang);\n(0, assert_1.deepEqual)(current_number, expected_number);",
              "err": {},
              "uuid": "c8b7d13d-f992-418a-9dbb-b8689ab71e2c",
              "parentUUID": "8876957b-4b8a-435a-a3ac-f550a8fa9f60",
              "isHook": false,
              "skipped": false
            }
          ],
          "suites": [],
          "passes": [
            "73c30f08-2554-4982-8268-a1bc25d6eeb6",
            "7226af9e-13b0-4cfa-ba44-7d315b55bbc6",
            "a909804f-9da7-4f31-999e-57e720c28c5b",
            "4c91e5d3-e23b-4d66-a75b-99361fc51851",
            "9b76e958-2ccf-42bb-9e00-914458550823",
            "f923132c-e9d3-4b8f-8a5c-a0f32407fbda",
            "ea626a39-299e-43ff-9d8f-266132239aef",
            "5fa63e9d-c412-4bcb-9215-58f9ca290961",
            "c8b7d13d-f992-418a-9dbb-b8689ab71e2c"
          ],
          "failures": [],
          "pending": [],
          "skipped": [],
          "duration": 2,
          "root": false,
          "rootEmpty": false,
          "_timeout": 2000
        },
        {
          "uuid": "41e3d358-6bce-478b-92c0-a1c36b310d3f",
          "title": "Check hover Verilog",
          "fullFile": "/Users/runner/work/colibri/colibri/tests/utils/number.spec.ts",
          "file": "/tests/utils/number.spec.ts",
          "beforeHooks": [],
          "afterHooks": [],
          "tests": [
            {
              "title": "Binary unsigned",
              "fullTitle": "Check hover Verilog Binary unsigned",
              "timedOut": false,
              "duration": 1,
              "state": "passed",
              "speed": "fast",
              "pass": true,
              "fail": false,
              "pending": false,
              "context": null,
              "code": "const code_dummy = \"4'b0011'\";\nconst expected_number = {\n    signed_n: 0,\n    unsigned_n: 3,\n    is_multi: false,\n    is_ok: true\n};\nconst current_number = (0, numbers_1.hdl_hover)(code_dummy, lang);\n(0, assert_1.deepEqual)(current_number, expected_number);",
              "err": {},
              "uuid": "a09a2523-9867-4bd6-b2b3-612ab51b33ff",
              "parentUUID": "41e3d358-6bce-478b-92c0-a1c36b310d3f",
              "isHook": false,
              "skipped": false
            },
            {
              "title": "Binary unsigned or signed",
              "fullTitle": "Check hover Verilog Binary unsigned or signed",
              "timedOut": false,
              "duration": 1,
              "state": "passed",
              "speed": "fast",
              "pass": true,
              "fail": false,
              "pending": false,
              "context": null,
              "code": "const code_dummy = \"4'b1101'\";\nconst expected_number = {\n    signed_n: -3,\n    unsigned_n: 13,\n    is_multi: true,\n    is_ok: true\n};\nconst current_number = (0, numbers_1.hdl_hover)(code_dummy, lang);\n(0, assert_1.deepEqual)(current_number, expected_number);",
              "err": {},
              "uuid": "68c378ea-c3bd-49dc-9041-7e05d532f36b",
              "parentUUID": "41e3d358-6bce-478b-92c0-a1c36b310d3f",
              "isHook": false,
              "skipped": false
            },
            {
              "title": "Binary unsigned or signed with separator",
              "fullTitle": "Check hover Verilog Binary unsigned or signed with separator",
              "timedOut": false,
              "duration": 0,
              "state": "passed",
              "speed": "fast",
              "pass": true,
              "fail": false,
              "pending": false,
              "context": null,
              "code": "const code_dummy = \"4'b1_10_0'\";\nconst expected_number = {\n    signed_n: -4,\n    unsigned_n: 12,\n    is_multi: true,\n    is_ok: true\n};\nconst current_number = (0, numbers_1.hdl_hover)(code_dummy, lang);\n(0, assert_1.deepEqual)(current_number, expected_number);",
              "err": {},
              "uuid": "be464c51-ced0-47b4-a771-0cd96b4c1e83",
              "parentUUID": "41e3d358-6bce-478b-92c0-a1c36b310d3f",
              "isHook": false,
              "skipped": false
            },
            {
              "title": "Hexadeximal unsigned",
              "fullTitle": "Check hover Verilog Hexadeximal unsigned",
              "timedOut": false,
              "duration": 0,
              "state": "passed",
              "speed": "fast",
              "pass": true,
              "fail": false,
              "pending": false,
              "context": null,
              "code": "const code_dummy = \"4'h0aB0'\";\nconst expected_number = {\n    signed_n: 0,\n    unsigned_n: 2736,\n    is_multi: false,\n    is_ok: true\n};\nconst current_number = (0, numbers_1.hdl_hover)(code_dummy, lang);\n(0, assert_1.deepEqual)(current_number, expected_number);",
              "err": {},
              "uuid": "eee8a28c-87cd-4f8e-8e6a-82b83406c69b",
              "parentUUID": "41e3d358-6bce-478b-92c0-a1c36b310d3f",
              "isHook": false,
              "skipped": false
            },
            {
              "title": "Hexadeximal unsigned or signed",
              "fullTitle": "Check hover Verilog Hexadeximal unsigned or signed",
              "timedOut": false,
              "duration": 0,
              "state": "passed",
              "speed": "fast",
              "pass": true,
              "fail": false,
              "pending": false,
              "context": null,
              "code": "const code_dummy = \"4'haaB0'\";\nconst expected_number = {\n    signed_n: -21840,\n    unsigned_n: 43696,\n    is_multi: true,\n    is_ok: true\n};\nconst current_number = (0, numbers_1.hdl_hover)(code_dummy, lang);\n(0, assert_1.deepEqual)(current_number, expected_number);",
              "err": {},
              "uuid": "6712a08f-5ab1-4561-aa61-3f9d06e23c69",
              "parentUUID": "41e3d358-6bce-478b-92c0-a1c36b310d3f",
              "isHook": false,
              "skipped": false
            },
            {
              "title": "Hexadeximal unsigned or signed with separator",
              "fullTitle": "Check hover Verilog Hexadeximal unsigned or signed with separator",
              "timedOut": false,
              "duration": 0,
              "state": "passed",
              "speed": "fast",
              "pass": true,
              "fail": false,
              "pending": false,
              "context": null,
              "code": "const code_dummy = \"4'ha_a_b0'\";\nconst expected_number = {\n    signed_n: -21840,\n    unsigned_n: 43696,\n    is_multi: true,\n    is_ok: true\n};\nconst current_number = (0, numbers_1.hdl_hover)(code_dummy, lang);\n(0, assert_1.deepEqual)(current_number, expected_number);",
              "err": {},
              "uuid": "4bc19375-40e5-4267-b5b1-2d5fd9b02bc1",
              "parentUUID": "41e3d358-6bce-478b-92c0-a1c36b310d3f",
              "isHook": false,
              "skipped": false
            },
            {
              "title": "Octal unsigned",
              "fullTitle": "Check hover Verilog Octal unsigned",
              "timedOut": false,
              "duration": 0,
              "state": "passed",
              "speed": "fast",
              "pass": true,
              "fail": false,
              "pending": false,
              "context": null,
              "code": "const code_dummy = \"4'o0175'\";\nconst expected_number = {\n    signed_n: 0,\n    unsigned_n: 125,\n    is_multi: false,\n    is_ok: true\n};\nconst current_number = (0, numbers_1.hdl_hover)(code_dummy, lang);\n(0, assert_1.deepEqual)(current_number, expected_number);",
              "err": {},
              "uuid": "f7922246-3bb4-4b48-9195-862eaea10081",
              "parentUUID": "41e3d358-6bce-478b-92c0-a1c36b310d3f",
              "isHook": false,
              "skipped": false
            },
            {
              "title": "Octal unsigned or signed",
              "fullTitle": "Check hover Verilog Octal unsigned or signed",
              "timedOut": false,
              "duration": 0,
              "state": "passed",
              "speed": "fast",
              "pass": true,
              "fail": false,
              "pending": false,
              "context": null,
              "code": "const code_dummy = \"4'o232'\";\nconst expected_number = {\n    signed_n: -102,\n    unsigned_n: 154,\n    is_multi: true,\n    is_ok: true\n};\nconst current_number = (0, numbers_1.hdl_hover)(code_dummy, lang);\n(0, assert_1.deepEqual)(current_number, expected_number);",
              "err": {},
              "uuid": "768083aa-48d4-4ea8-af8c-913d26429aef",
              "parentUUID": "41e3d358-6bce-478b-92c0-a1c36b310d3f",
              "isHook": false,
              "skipped": false
            },
            {
              "title": "Octal unsigned or signed with separator",
              "fullTitle": "Check hover Verilog Octal unsigned or signed with separator",
              "timedOut": false,
              "duration": 0,
              "state": "passed",
              "speed": "fast",
              "pass": true,
              "fail": false,
              "pending": false,
              "context": null,
              "code": "const code_dummy = \"4'o2_3_2'\";\nconst expected_number = {\n    signed_n: -102,\n    unsigned_n: 154,\n    is_multi: true,\n    is_ok: true\n};\nconst current_number = (0, numbers_1.hdl_hover)(code_dummy, lang);\n(0, assert_1.deepEqual)(current_number, expected_number);",
              "err": {},
              "uuid": "7ddc4e35-8600-46f2-8e42-31ce1010990a",
              "parentUUID": "41e3d358-6bce-478b-92c0-a1c36b310d3f",
              "isHook": false,
              "skipped": false
            }
          ],
          "suites": [],
          "passes": [
            "a09a2523-9867-4bd6-b2b3-612ab51b33ff",
            "68c378ea-c3bd-49dc-9041-7e05d532f36b",
            "be464c51-ced0-47b4-a771-0cd96b4c1e83",
            "eee8a28c-87cd-4f8e-8e6a-82b83406c69b",
            "6712a08f-5ab1-4561-aa61-3f9d06e23c69",
            "4bc19375-40e5-4267-b5b1-2d5fd9b02bc1",
            "f7922246-3bb4-4b48-9195-862eaea10081",
            "768083aa-48d4-4ea8-af8c-913d26429aef",
            "7ddc4e35-8600-46f2-8e42-31ce1010990a"
          ],
          "failures": [],
          "pending": [],
          "skipped": [],
          "duration": 2,
          "root": false,
          "rootEmpty": false,
          "_timeout": 2000
        }
      ],
      "passes": [],
      "failures": [],
      "pending": [],
      "skipped": [
        "2a21b514-5bcf-4eb7-885c-438243203853",
        "b4edc5ce-8ebc-47b1-8095-9121e303382e"
      ],
      "duration": 0,
      "root": true,
      "rootEmpty": false,
      "_timeout": 2000
    }
  ],
  "meta": {
    "mocha": {
      "version": "9.2.2"
    },
    "mochawesome": {
      "options": {
        "quiet": false,
        "reportFilename": "mochawesome",
        "saveHtml": true,
        "saveJson": true,
        "consoleReporter": "spec",
        "useInlineDiffs": false,
        "code": true
      },
      "version": "7.1.3"
    },
    "marge": {
      "options": {
        "id": "default"
      },
      "version": "6.2.0"
    }
  }
}