{
  "stats": {
    "suites": 67,
    "tests": 217,
    "passes": 202,
    "pending": 15,
    "failures": 0,
    "start": "2023-01-11T18:04:42.824Z",
    "end": "2023-01-11T18:04:59.264Z",
    "duration": 16440,
    "testsRegistered": 219,
    "passPercent": 99.01960784313727,
    "pendingPercent": 6.8493150684931505,
    "other": 0,
    "hasOther": false,
    "skipped": 2,
    "hasSkipped": true
  },
  "results": [
    {
      "uuid": "b873b3c7-5870-4732-a405-5f0faec41805",
      "title": "",
      "fullFile": "",
      "file": "",
      "beforeHooks": [],
      "afterHooks": [],
      "tests": [
        {
          "title": "Get top level VHDL",
          "fullTitle": "Get top level VHDL",
          "timedOut": false,
          "duration": 0,
          "state": null,
          "speed": null,
          "pass": false,
          "fail": false,
          "pending": false,
          "context": null,
          "code": "const code_dummy = `\nlibrary ieee;\nuse ieee.std_logic_1164.all;\nuse ieee.numeric_std.all;\nentity test_entity_name is\ngeneric (\n    a : integer;\n    b : unsigned;\n    c : signed;\n    d : std_logic;\n    e : std_logic_vector;\n    f : std_logic_vector(5 downto 0)\n  );\nport(\n  g : in std_logic;\n  h : out std_logic;\n  i : inout std_logic\n);\nend test_entity_name;  \narchitecture e_arch of test_entity_name is\nbegin \nend e_arch;\n`;\nconst expected = 'test_entity_name';\nconst current = await hdl_utils.get_toplevel(code_dummy, general_1.HDL_LANG.VHDL);\n(0, assert_1.equal)(current, expected);",
          "err": {},
          "uuid": "cce491e9-42d4-476e-9a29-3ea7fee302b9",
          "parentUUID": "b873b3c7-5870-4732-a405-5f0faec41805",
          "isHook": false,
          "skipped": true
        },
        {
          "title": "Get top level Verilog",
          "fullTitle": "Get top level Verilog",
          "timedOut": false,
          "duration": 0,
          "state": null,
          "speed": null,
          "pass": false,
          "fail": false,
          "pending": false,
          "context": null,
          "code": "const code_dummy = `\nmodule test_entity_name2 \n    #(\n        parameter a=8,\n        parameter b=9,\n        parameter c=10, d=11\n    )\n    (\n        input e,\n        output f,\n        input reg g,\n        input wire h,\n        input reg [7:0] i, j,\n        input wire [9:0] k,\n        output wire [9:0] l\n    );  \n\n    function [7:0] sum;  \n        input [7:0] a, b;  \n        begin  \n            sum = a + b;  \n        end  \n    endfunction\n\n    wire m;\n    wire n, p;\n    reg [1:0] q;\n\n    localparam r = 2;\n\n    always @(posedge a) begin : label_0\n    end\n\n    always_comb begin\n    end\n\n    always_ff begin : label_1\n    end\n\n    always_latch begin\n    end\n\n    test_entity_name \n    #(\n      .a(a ),\n      .b(b ),\n      .c(c ),\n      .d (d )\n    )\n    test_entity_name_dut (\n      .e (e ),\n      .f (f ),\n      .g (g ),\n      .h (h ),\n      .i (i ),\n      .j (j ),\n      .k (k ),\n      .l  ( l)\n    );\n  \nendmodule\n`;\nconst expected = 'test_entity_name2';\nconst current = await hdl_utils.get_toplevel(code_dummy, general_1.HDL_LANG.VERILOG);\n(0, assert_1.equal)(current, expected);",
          "err": {},
          "uuid": "cf97bbc6-3c86-480d-b4e5-75bc502d294c",
          "parentUUID": "b873b3c7-5870-4732-a405-5f0faec41805",
          "isHook": false,
          "skipped": true
        }
      ],
      "suites": [
        {
          "uuid": "c0811f32-d898-44cd-93ba-5b7b14f289e8",
          "title": "teroshdl:linter",
          "fullFile": "/home/runner/work/colibri/colibri/tests/command/linter/linter.spec.ts",
          "file": "/tests/command/linter/linter.spec.ts",
          "beforeHooks": [],
          "afterHooks": [],
          "tests": [
            {
              "title": "Check linter",
              "fullTitle": "teroshdl:linter Check linter",
              "timedOut": false,
              "duration": 0,
              "state": "pending",
              "speed": null,
              "pass": false,
              "fail": false,
              "pending": true,
              "context": null,
              "code": "",
              "err": {},
              "uuid": "bef446c6-32cb-4441-a3ad-6cdb7f574855",
              "parentUUID": "c0811f32-d898-44cd-93ba-5b7b14f289e8",
              "isHook": false,
              "skipped": false
            }
          ],
          "suites": [],
          "passes": [],
          "failures": [],
          "pending": [
            "bef446c6-32cb-4441-a3ad-6cdb7f574855"
          ],
          "skipped": [],
          "duration": 0,
          "root": false,
          "rootEmpty": false,
          "_timeout": 2000
        },
        {
          "uuid": "efaaf93f-6726-45ae-85a2-522b517bb4fc",
          "title": "teroshdl:template",
          "fullFile": "/home/runner/work/colibri/colibri/tests/command/template/template.spec.ts",
          "file": "/tests/command/template/template.spec.ts",
          "beforeHooks": [],
          "afterHooks": [],
          "tests": [
            {
              "title": "Check template",
              "fullTitle": "teroshdl:template Check template",
              "timedOut": false,
              "duration": 1584,
              "state": "passed",
              "speed": "slow",
              "pass": true,
              "fail": false,
              "pending": false,
              "context": null,
              "code": "if (context.timeout)\n    this.timeout(context.timeout);\nreturn run.call(this);",
              "err": {},
              "uuid": "383a8903-99fe-4b75-b004-f2d7bded261b",
              "parentUUID": "efaaf93f-6726-45ae-85a2-522b517bb4fc",
              "isHook": false,
              "skipped": false
            }
          ],
          "suites": [],
          "passes": [
            "383a8903-99fe-4b75-b004-f2d7bded261b"
          ],
          "failures": [],
          "pending": [],
          "skipped": [],
          "duration": 1584,
          "root": false,
          "rootEmpty": false,
          "_timeout": 2000
        },
        {
          "uuid": "9cd607b1-7271-4dc3-bcf3-2ed91d3dd9aa",
          "title": "Check diagram generator",
          "fullFile": "/home/runner/work/colibri/colibri/tests/documenter/diagram.spec.ts",
          "file": "/tests/documenter/diagram.spec.ts",
          "beforeHooks": [],
          "afterHooks": [],
          "tests": [
            {
              "title": "With ports and generics and color",
              "fullTitle": "Check diagram generator With ports and generics and color",
              "timedOut": false,
              "duration": 266,
              "state": "passed",
              "speed": "slow",
              "pass": true,
              "fail": false,
              "pending": false,
              "context": null,
              "code": "const test_index = 0;\nconst OPT = {\n    blackandwhite: false\n};\nconst hdl_element = new common_hdl.Hdl_element(general_1.HDL_LANG.VHDL, common_hdl.TYPE_HDL_ELEMENT.ENTITY);\n// Ports\nhdl_element.add_port(port_input);\nhdl_element.add_port(port_output);\n// Generics\nhdl_element.add_generic(generic_0);\nhdl_element.add_generic(generic_1);\nconst svg_diagram = diagram.diagram_generator(hdl_element, OPT);\nconst file_o = paht_lib.join(C_OUTPUT_BASE_PATH, `output_${test_index}.svg`);\nfs.writeFileSync(file_o, svg_diagram);\ncheck_test(test_index);",
              "err": {},
              "uuid": "c66ae67a-f9b0-4a4c-9cf6-01040eb821d9",
              "parentUUID": "9cd607b1-7271-4dc3-bcf3-2ed91d3dd9aa",
              "isHook": false,
              "skipped": false
            },
            {
              "title": "Only ports and color",
              "fullTitle": "Check diagram generator Only ports and color",
              "timedOut": false,
              "duration": 7,
              "state": "passed",
              "speed": "fast",
              "pass": true,
              "fail": false,
              "pending": false,
              "context": null,
              "code": "const test_index = 1;\nconst OPT = {\n    blackandwhite: false\n};\nconst hdl_element = new common_hdl.Hdl_element(general_1.HDL_LANG.VHDL, common_hdl.TYPE_HDL_ELEMENT.ENTITY);\n// Ports\nhdl_element.add_port(port_input);\nhdl_element.add_port(port_output);\nconst svg_diagram = diagram.diagram_generator(hdl_element, OPT);\nconst file_o = paht_lib.join(C_OUTPUT_BASE_PATH, `output_${test_index}.svg`);\nfs.writeFileSync(file_o, svg_diagram);\ncheck_test(test_index);",
              "err": {},
              "uuid": "7cd6fb39-d60d-465f-b07b-bf751b87f66c",
              "parentUUID": "9cd607b1-7271-4dc3-bcf3-2ed91d3dd9aa",
              "isHook": false,
              "skipped": false
            },
            {
              "title": "Only generics and color",
              "fullTitle": "Check diagram generator Only generics and color",
              "timedOut": false,
              "duration": 6,
              "state": "passed",
              "speed": "fast",
              "pass": true,
              "fail": false,
              "pending": false,
              "context": null,
              "code": "const test_index = 2;\nconst OPT = {\n    blackandwhite: false\n};\nconst hdl_element = new common_hdl.Hdl_element(general_1.HDL_LANG.VHDL, common_hdl.TYPE_HDL_ELEMENT.ENTITY);\n// Generics\nhdl_element.add_generic(generic_0);\nhdl_element.add_generic(generic_1);\nconst svg_diagram = diagram.diagram_generator(hdl_element, OPT);\nconst file_o = paht_lib.join(C_OUTPUT_BASE_PATH, `output_${test_index}.svg`);\nfs.writeFileSync(file_o, svg_diagram);\ncheck_test(test_index);",
              "err": {},
              "uuid": "b6cb1b30-cec4-4350-ab5b-1ca2ab92513f",
              "parentUUID": "9cd607b1-7271-4dc3-bcf3-2ed91d3dd9aa",
              "isHook": false,
              "skipped": false
            },
            {
              "title": "Empty and color",
              "fullTitle": "Check diagram generator Empty and color",
              "timedOut": false,
              "duration": 3,
              "state": "passed",
              "speed": "fast",
              "pass": true,
              "fail": false,
              "pending": false,
              "context": null,
              "code": "const test_index = 3;\nconst OPT = {\n    blackandwhite: false\n};\nconst hdl_element = new common_hdl.Hdl_element(general_1.HDL_LANG.VHDL, common_hdl.TYPE_HDL_ELEMENT.ENTITY);\nconst svg_diagram = diagram.diagram_generator(hdl_element, OPT);\nconst file_o = paht_lib.join(C_OUTPUT_BASE_PATH, `output_${test_index}.svg`);\nfs.writeFileSync(file_o, svg_diagram);\ncheck_test(test_index);",
              "err": {},
              "uuid": "5294a2e3-abe2-4cb2-bf1d-97b6cb0b8720",
              "parentUUID": "9cd607b1-7271-4dc3-bcf3-2ed91d3dd9aa",
              "isHook": false,
              "skipped": false
            },
            {
              "title": "With ports and generics and black and white",
              "fullTitle": "Check diagram generator With ports and generics and black and white",
              "timedOut": false,
              "duration": 11,
              "state": "passed",
              "speed": "fast",
              "pass": true,
              "fail": false,
              "pending": false,
              "context": null,
              "code": "const test_index = 4;\nconst OPT = {\n    blackandwhite: true\n};\nconst hdl_element = new common_hdl.Hdl_element(general_1.HDL_LANG.VHDL, common_hdl.TYPE_HDL_ELEMENT.ENTITY);\n// Ports\nhdl_element.add_port(port_input);\nhdl_element.add_port(port_output);\n// Generics\nhdl_element.add_generic(generic_0);\nhdl_element.add_generic(generic_1);\nconst svg_diagram = diagram.diagram_generator(hdl_element, OPT);\nconst file_o = paht_lib.join(C_OUTPUT_BASE_PATH, `output_${test_index}.svg`);\nfs.writeFileSync(file_o, svg_diagram);\ncheck_test(test_index);",
              "err": {},
              "uuid": "645f4f5d-da67-43e5-b10b-09e7e8ec9b49",
              "parentUUID": "9cd607b1-7271-4dc3-bcf3-2ed91d3dd9aa",
              "isHook": false,
              "skipped": false
            }
          ],
          "suites": [],
          "passes": [
            "c66ae67a-f9b0-4a4c-9cf6-01040eb821d9",
            "7cd6fb39-d60d-465f-b07b-bf751b87f66c",
            "b6cb1b30-cec4-4350-ab5b-1ca2ab92513f",
            "5294a2e3-abe2-4cb2-bf1d-97b6cb0b8720",
            "645f4f5d-da67-43e5-b10b-09e7e8ec9b49"
          ],
          "failures": [],
          "pending": [],
          "skipped": [],
          "duration": 293,
          "root": false,
          "rootEmpty": false,
          "_timeout": 2000
        },
        {
          "uuid": "253acf8e-db26-41ab-b45f-9f50119b9247",
          "title": "Check documenter creator with html",
          "fullFile": "/home/runner/work/colibri/colibri/tests/documenter/documenter.spec.ts",
          "file": "/tests/documenter/documenter.spec.ts",
          "beforeHooks": [],
          "afterHooks": [],
          "tests": [
            {
              "title": "Entity VHDL",
              "fullTitle": "Check documenter creator with html Entity VHDL",
              "timedOut": false,
              "duration": 634,
              "state": "passed",
              "speed": "slow",
              "pass": true,
              "fail": false,
              "pending": false,
              "context": null,
              "code": "const hdl_lang = general_1.HDL_LANG.VHDL;\nconst hdl_type = 'entity';\nawait run(hdl_type, hdl_lang, output_type_inst);",
              "err": {},
              "uuid": "4802f9c2-1b27-46aa-90bf-7758aa0f041f",
              "parentUUID": "253acf8e-db26-41ab-b45f-9f50119b9247",
              "isHook": false,
              "skipped": false
            },
            {
              "title": "Package VHDL",
              "fullTitle": "Check documenter creator with html Package VHDL",
              "timedOut": false,
              "duration": 439,
              "state": "passed",
              "speed": "slow",
              "pass": true,
              "fail": false,
              "pending": false,
              "context": null,
              "code": "const hdl_lang = general_1.HDL_LANG.VHDL;\nconst hdl_type = 'package';\nawait run(hdl_type, hdl_lang, output_type_inst);",
              "err": {},
              "uuid": "0c75b346-998a-431d-95f5-42eeb6b91c76",
              "parentUUID": "253acf8e-db26-41ab-b45f-9f50119b9247",
              "isHook": false,
              "skipped": false
            },
            {
              "title": "Module Verilog",
              "fullTitle": "Check documenter creator with html Module Verilog",
              "timedOut": false,
              "duration": 1163,
              "state": "passed",
              "speed": "slow",
              "pass": true,
              "fail": false,
              "pending": false,
              "context": null,
              "code": "const hdl_lang = general_1.HDL_LANG.VERILOG;\nconst hdl_type = 'entity';\nawait run(hdl_type, hdl_lang, output_type_inst);",
              "err": {},
              "uuid": "fcda5095-cfe4-44f1-8ba5-46ae4a79eedb",
              "parentUUID": "253acf8e-db26-41ab-b45f-9f50119b9247",
              "isHook": false,
              "skipped": false
            },
            {
              "title": "Package SystemVerilog",
              "fullTitle": "Check documenter creator with html Package SystemVerilog",
              "timedOut": false,
              "duration": 267,
              "state": "passed",
              "speed": "slow",
              "pass": true,
              "fail": false,
              "pending": false,
              "context": null,
              "code": "const hdl_lang = general_1.HDL_LANG.SYSTEMVERILOG;\nconst hdl_type = 'package';\nawait run(hdl_type, hdl_lang, output_type_inst);",
              "err": {},
              "uuid": "105ff2e9-9d64-4954-baf1-fa5ea595698a",
              "parentUUID": "253acf8e-db26-41ab-b45f-9f50119b9247",
              "isHook": false,
              "skipped": false
            },
            {
              "title": "Interface SystemVerilog",
              "fullTitle": "Check documenter creator with html Interface SystemVerilog",
              "timedOut": false,
              "duration": 333,
              "state": "passed",
              "speed": "slow",
              "pass": true,
              "fail": false,
              "pending": false,
              "context": null,
              "code": "const hdl_lang = general_1.HDL_LANG.SYSTEMVERILOG;\nconst hdl_type = 'interface';\nawait run(hdl_type, hdl_lang, output_type_inst);",
              "err": {},
              "uuid": "8b547e76-72b3-49cd-a98d-9f249403765a",
              "parentUUID": "253acf8e-db26-41ab-b45f-9f50119b9247",
              "isHook": false,
              "skipped": false
            }
          ],
          "suites": [],
          "passes": [
            "4802f9c2-1b27-46aa-90bf-7758aa0f041f",
            "0c75b346-998a-431d-95f5-42eeb6b91c76",
            "fcda5095-cfe4-44f1-8ba5-46ae4a79eedb",
            "105ff2e9-9d64-4954-baf1-fa5ea595698a",
            "8b547e76-72b3-49cd-a98d-9f249403765a"
          ],
          "failures": [],
          "pending": [],
          "skipped": [],
          "duration": 2836,
          "root": false,
          "rootEmpty": false,
          "_timeout": 2000
        },
        {
          "uuid": "16748f4a-a28f-4ffa-9b40-6e4f4b6c2e29",
          "title": "Check documenter creator with markdown",
          "fullFile": "/home/runner/work/colibri/colibri/tests/documenter/documenter.spec.ts",
          "file": "/tests/documenter/documenter.spec.ts",
          "beforeHooks": [],
          "afterHooks": [],
          "tests": [
            {
              "title": "Entity VHDL",
              "fullTitle": "Check documenter creator with markdown Entity VHDL",
              "timedOut": false,
              "duration": 326,
              "state": "passed",
              "speed": "slow",
              "pass": true,
              "fail": false,
              "pending": false,
              "context": null,
              "code": "const hdl_lang = general_1.HDL_LANG.VHDL;\nconst hdl_type = 'entity';\nawait run(hdl_type, hdl_lang, output_type_inst);",
              "err": {},
              "uuid": "07637c39-dcf2-4be7-b7d2-57a6c59bca97",
              "parentUUID": "16748f4a-a28f-4ffa-9b40-6e4f4b6c2e29",
              "isHook": false,
              "skipped": false
            },
            {
              "title": "Package VHDL",
              "fullTitle": "Check documenter creator with markdown Package VHDL",
              "timedOut": false,
              "duration": 329,
              "state": "passed",
              "speed": "slow",
              "pass": true,
              "fail": false,
              "pending": false,
              "context": null,
              "code": "const hdl_lang = general_1.HDL_LANG.VHDL;\nconst hdl_type = 'package';\nawait run(hdl_type, hdl_lang, output_type_inst);",
              "err": {},
              "uuid": "3909b1bd-6e62-46b0-8353-bbbb15165e4c",
              "parentUUID": "16748f4a-a28f-4ffa-9b40-6e4f4b6c2e29",
              "isHook": false,
              "skipped": false
            },
            {
              "title": "Module Verilog",
              "fullTitle": "Check documenter creator with markdown Module Verilog",
              "timedOut": false,
              "duration": 602,
              "state": "passed",
              "speed": "slow",
              "pass": true,
              "fail": false,
              "pending": false,
              "context": null,
              "code": "const hdl_lang = general_1.HDL_LANG.VERILOG;\nconst hdl_type = 'entity';\nawait run(hdl_type, hdl_lang, output_type_inst);",
              "err": {},
              "uuid": "5ff52fdf-b10d-4f1f-885f-5a27837ea602",
              "parentUUID": "16748f4a-a28f-4ffa-9b40-6e4f4b6c2e29",
              "isHook": false,
              "skipped": false
            },
            {
              "title": "Package SystemVerilog",
              "fullTitle": "Check documenter creator with markdown Package SystemVerilog",
              "timedOut": false,
              "duration": 332,
              "state": "passed",
              "speed": "slow",
              "pass": true,
              "fail": false,
              "pending": false,
              "context": null,
              "code": "const hdl_lang = general_1.HDL_LANG.SYSTEMVERILOG;\nconst hdl_type = 'package';\nawait run(hdl_type, hdl_lang, output_type_inst);",
              "err": {},
              "uuid": "1764ba48-036f-40ef-87dc-0dd16b1b22cd",
              "parentUUID": "16748f4a-a28f-4ffa-9b40-6e4f4b6c2e29",
              "isHook": false,
              "skipped": false
            },
            {
              "title": "Interface SystemVerilog",
              "fullTitle": "Check documenter creator with markdown Interface SystemVerilog",
              "timedOut": false,
              "duration": 344,
              "state": "passed",
              "speed": "slow",
              "pass": true,
              "fail": false,
              "pending": false,
              "context": null,
              "code": "const hdl_lang = general_1.HDL_LANG.SYSTEMVERILOG;\nconst hdl_type = 'interface';\nawait run(hdl_type, hdl_lang, output_type_inst);",
              "err": {},
              "uuid": "4fa0f9e5-8d1e-43ee-83aa-91263eeec4e4",
              "parentUUID": "16748f4a-a28f-4ffa-9b40-6e4f4b6c2e29",
              "isHook": false,
              "skipped": false
            }
          ],
          "suites": [],
          "passes": [
            "07637c39-dcf2-4be7-b7d2-57a6c59bca97",
            "3909b1bd-6e62-46b0-8353-bbbb15165e4c",
            "5ff52fdf-b10d-4f1f-885f-5a27837ea602",
            "1764ba48-036f-40ef-87dc-0dd16b1b22cd",
            "4fa0f9e5-8d1e-43ee-83aa-91263eeec4e4"
          ],
          "failures": [],
          "pending": [],
          "skipped": [],
          "duration": 1933,
          "root": false,
          "rootEmpty": false,
          "_timeout": 2000
        },
        {
          "uuid": "55759f03-cf46-4e9e-bf4e-38f4c4d68389",
          "title": "Test Doxygen elements single line and only 1 element in the description.",
          "fullFile": "/home/runner/work/colibri/colibri/tests/documenter/doxygen.spec.ts",
          "file": "/tests/documenter/doxygen.spec.ts",
          "beforeHooks": [],
          "afterHooks": [],
          "tests": [
            {
              "title": "Testing author",
              "fullTitle": "Test Doxygen elements single line and only 1 element in the description. Testing author",
              "timedOut": false,
              "duration": 1,
              "state": "passed",
              "speed": "fast",
              "pass": true,
              "fail": false,
              "pending": false,
              "context": null,
              "code": "const result = (0, doxygen_parser_1.parse_doxygen)(element.input);\n(0, assert_1.equal)(result.element_list[0].description, element.output);",
              "err": {},
              "uuid": "af80009b-a35a-4525-abfe-51ae5936f443",
              "parentUUID": "55759f03-cf46-4e9e-bf4e-38f4c4d68389",
              "isHook": false,
              "skipped": false
            },
            {
              "title": "Testing version",
              "fullTitle": "Test Doxygen elements single line and only 1 element in the description. Testing version",
              "timedOut": false,
              "duration": 0,
              "state": "passed",
              "speed": "fast",
              "pass": true,
              "fail": false,
              "pending": false,
              "context": null,
              "code": "const result = (0, doxygen_parser_1.parse_doxygen)(element.input);\n(0, assert_1.equal)(result.element_list[0].description, element.output);",
              "err": {},
              "uuid": "127ae0eb-93d4-4171-82a6-e4e52782ff54",
              "parentUUID": "55759f03-cf46-4e9e-bf4e-38f4c4d68389",
              "isHook": false,
              "skipped": false
            },
            {
              "title": "Testing project",
              "fullTitle": "Test Doxygen elements single line and only 1 element in the description. Testing project",
              "timedOut": false,
              "duration": 0,
              "state": "passed",
              "speed": "fast",
              "pass": true,
              "fail": false,
              "pending": false,
              "context": null,
              "code": "const result = (0, doxygen_parser_1.parse_doxygen)(element.input);\n(0, assert_1.equal)(result.element_list[0].description, element.output);",
              "err": {},
              "uuid": "7576bf1f-4ce9-457f-a4a8-cb5e4b456a7f",
              "parentUUID": "55759f03-cf46-4e9e-bf4e-38f4c4d68389",
              "isHook": false,
              "skipped": false
            },
            {
              "title": "Testing copyright",
              "fullTitle": "Test Doxygen elements single line and only 1 element in the description. Testing copyright",
              "timedOut": false,
              "duration": 0,
              "state": "passed",
              "speed": "fast",
              "pass": true,
              "fail": false,
              "pending": false,
              "context": null,
              "code": "const result = (0, doxygen_parser_1.parse_doxygen)(element.input);\n(0, assert_1.equal)(result.element_list[0].description, element.output);",
              "err": {},
              "uuid": "5cc86a11-5cf2-4487-9006-cbde547bd13e",
              "parentUUID": "55759f03-cf46-4e9e-bf4e-38f4c4d68389",
              "isHook": false,
              "skipped": false
            },
            {
              "title": "Testing brief",
              "fullTitle": "Test Doxygen elements single line and only 1 element in the description. Testing brief",
              "timedOut": false,
              "duration": 0,
              "state": "passed",
              "speed": "fast",
              "pass": true,
              "fail": false,
              "pending": false,
              "context": null,
              "code": "const result = (0, doxygen_parser_1.parse_doxygen)(element.input);\n(0, assert_1.equal)(result.element_list[0].description, element.output);",
              "err": {},
              "uuid": "fcee59a9-5101-4293-b5d7-13f668a82427",
              "parentUUID": "55759f03-cf46-4e9e-bf4e-38f4c4d68389",
              "isHook": false,
              "skipped": false
            },
            {
              "title": "Testing details",
              "fullTitle": "Test Doxygen elements single line and only 1 element in the description. Testing details",
              "timedOut": false,
              "duration": 0,
              "state": "passed",
              "speed": "fast",
              "pass": true,
              "fail": false,
              "pending": false,
              "context": null,
              "code": "const result = (0, doxygen_parser_1.parse_doxygen)(element.input);\n(0, assert_1.equal)(result.element_list[0].description, element.output);",
              "err": {},
              "uuid": "9de88a7f-8aa6-4646-b849-29d1e259ae2a",
              "parentUUID": "55759f03-cf46-4e9e-bf4e-38f4c4d68389",
              "isHook": false,
              "skipped": false
            },
            {
              "title": "Testing custom_section_begin",
              "fullTitle": "Test Doxygen elements single line and only 1 element in the description. Testing custom_section_begin",
              "timedOut": false,
              "duration": 0,
              "state": "passed",
              "speed": "fast",
              "pass": true,
              "fail": false,
              "pending": false,
              "context": null,
              "code": "const result = (0, doxygen_parser_1.parse_doxygen)(element.input);\n(0, assert_1.equal)(result.element_list[0].description, element.output);",
              "err": {},
              "uuid": "956b5c35-37de-4984-b1f7-c886dc90b063",
              "parentUUID": "55759f03-cf46-4e9e-bf4e-38f4c4d68389",
              "isHook": false,
              "skipped": false
            },
            {
              "title": "Testing custom_section_end",
              "fullTitle": "Test Doxygen elements single line and only 1 element in the description. Testing custom_section_end",
              "timedOut": false,
              "duration": 0,
              "state": "passed",
              "speed": "fast",
              "pass": true,
              "fail": false,
              "pending": false,
              "context": null,
              "code": "const result = (0, doxygen_parser_1.parse_doxygen)(element.input);\n(0, assert_1.equal)(result.element_list[0].description, element.output);",
              "err": {},
              "uuid": "e03be65a-82d8-4bf5-ade6-634cd0221c08",
              "parentUUID": "55759f03-cf46-4e9e-bf4e-38f4c4d68389",
              "isHook": false,
              "skipped": false
            }
          ],
          "suites": [],
          "passes": [
            "af80009b-a35a-4525-abfe-51ae5936f443",
            "127ae0eb-93d4-4171-82a6-e4e52782ff54",
            "7576bf1f-4ce9-457f-a4a8-cb5e4b456a7f",
            "5cc86a11-5cf2-4487-9006-cbde547bd13e",
            "fcee59a9-5101-4293-b5d7-13f668a82427",
            "9de88a7f-8aa6-4646-b849-29d1e259ae2a",
            "956b5c35-37de-4984-b1f7-c886dc90b063",
            "e03be65a-82d8-4bf5-ade6-634cd0221c08"
          ],
          "failures": [],
          "pending": [],
          "skipped": [],
          "duration": 1,
          "root": false,
          "rootEmpty": false,
          "_timeout": 2000
        },
        {
          "uuid": "cc353596-0cda-4571-8395-4ef9c55382ed",
          "title": "Test Doxygen elements multi line and only 1 element in the description.",
          "fullFile": "/home/runner/work/colibri/colibri/tests/documenter/doxygen.spec.ts",
          "file": "/tests/documenter/doxygen.spec.ts",
          "beforeHooks": [],
          "afterHooks": [],
          "tests": [
            {
              "title": "Testing author",
              "fullTitle": "Test Doxygen elements multi line and only 1 element in the description. Testing author",
              "timedOut": false,
              "duration": 0,
              "state": "passed",
              "speed": "fast",
              "pass": true,
              "fail": false,
              "pending": false,
              "context": null,
              "code": "const result = (0, doxygen_parser_1.parse_doxygen)(element.input);\n(0, assert_1.equal)(result.element_list[0].description, element.output);",
              "err": {},
              "uuid": "b652978f-4617-422d-9909-82a655b3f375",
              "parentUUID": "cc353596-0cda-4571-8395-4ef9c55382ed",
              "isHook": false,
              "skipped": false
            },
            {
              "title": "Testing version",
              "fullTitle": "Test Doxygen elements multi line and only 1 element in the description. Testing version",
              "timedOut": false,
              "duration": 0,
              "state": "passed",
              "speed": "fast",
              "pass": true,
              "fail": false,
              "pending": false,
              "context": null,
              "code": "const result = (0, doxygen_parser_1.parse_doxygen)(element.input);\n(0, assert_1.equal)(result.element_list[0].description, element.output);",
              "err": {},
              "uuid": "94349831-aa39-44f0-9b7c-fa5f8f72c4ec",
              "parentUUID": "cc353596-0cda-4571-8395-4ef9c55382ed",
              "isHook": false,
              "skipped": false
            },
            {
              "title": "Testing project",
              "fullTitle": "Test Doxygen elements multi line and only 1 element in the description. Testing project",
              "timedOut": false,
              "duration": 0,
              "state": "passed",
              "speed": "fast",
              "pass": true,
              "fail": false,
              "pending": false,
              "context": null,
              "code": "const result = (0, doxygen_parser_1.parse_doxygen)(element.input);\n(0, assert_1.equal)(result.element_list[0].description, element.output);",
              "err": {},
              "uuid": "e7a99839-ebba-442a-aa26-51f3ee838977",
              "parentUUID": "cc353596-0cda-4571-8395-4ef9c55382ed",
              "isHook": false,
              "skipped": false
            },
            {
              "title": "Testing copyright",
              "fullTitle": "Test Doxygen elements multi line and only 1 element in the description. Testing copyright",
              "timedOut": false,
              "duration": 0,
              "state": "passed",
              "speed": "fast",
              "pass": true,
              "fail": false,
              "pending": false,
              "context": null,
              "code": "const result = (0, doxygen_parser_1.parse_doxygen)(element.input);\n(0, assert_1.equal)(result.element_list[0].description, element.output);",
              "err": {},
              "uuid": "aed3dcab-6196-4822-9484-c6cbbc837c77",
              "parentUUID": "cc353596-0cda-4571-8395-4ef9c55382ed",
              "isHook": false,
              "skipped": false
            },
            {
              "title": "Testing brief",
              "fullTitle": "Test Doxygen elements multi line and only 1 element in the description. Testing brief",
              "timedOut": false,
              "duration": 0,
              "state": "passed",
              "speed": "fast",
              "pass": true,
              "fail": false,
              "pending": false,
              "context": null,
              "code": "const result = (0, doxygen_parser_1.parse_doxygen)(element.input);\n(0, assert_1.equal)(result.element_list[0].description, element.output);",
              "err": {},
              "uuid": "a7854f57-b2e9-4f94-a0d8-e5f3a9b99b9e",
              "parentUUID": "cc353596-0cda-4571-8395-4ef9c55382ed",
              "isHook": false,
              "skipped": false
            },
            {
              "title": "Testing details",
              "fullTitle": "Test Doxygen elements multi line and only 1 element in the description. Testing details",
              "timedOut": false,
              "duration": 0,
              "state": "passed",
              "speed": "fast",
              "pass": true,
              "fail": false,
              "pending": false,
              "context": null,
              "code": "const result = (0, doxygen_parser_1.parse_doxygen)(element.input);\n(0, assert_1.equal)(result.element_list[0].description, element.output);",
              "err": {},
              "uuid": "95e0f633-2e86-4662-8218-89bfce131032",
              "parentUUID": "cc353596-0cda-4571-8395-4ef9c55382ed",
              "isHook": false,
              "skipped": false
            },
            {
              "title": "Testing custom_section_begin",
              "fullTitle": "Test Doxygen elements multi line and only 1 element in the description. Testing custom_section_begin",
              "timedOut": false,
              "duration": 0,
              "state": "passed",
              "speed": "fast",
              "pass": true,
              "fail": false,
              "pending": false,
              "context": null,
              "code": "const result = (0, doxygen_parser_1.parse_doxygen)(element.input);\n(0, assert_1.equal)(result.element_list[0].description, element.output);",
              "err": {},
              "uuid": "ce9649c0-7580-4e6e-abf6-283942b6b696",
              "parentUUID": "cc353596-0cda-4571-8395-4ef9c55382ed",
              "isHook": false,
              "skipped": false
            },
            {
              "title": "Testing custom_section_end",
              "fullTitle": "Test Doxygen elements multi line and only 1 element in the description. Testing custom_section_end",
              "timedOut": false,
              "duration": 0,
              "state": "passed",
              "speed": "fast",
              "pass": true,
              "fail": false,
              "pending": false,
              "context": null,
              "code": "const result = (0, doxygen_parser_1.parse_doxygen)(element.input);\n(0, assert_1.equal)(result.element_list[0].description, element.output);",
              "err": {},
              "uuid": "3a8fbc7d-5458-4b5b-94de-152011e71bb8",
              "parentUUID": "cc353596-0cda-4571-8395-4ef9c55382ed",
              "isHook": false,
              "skipped": false
            }
          ],
          "suites": [],
          "passes": [
            "b652978f-4617-422d-9909-82a655b3f375",
            "94349831-aa39-44f0-9b7c-fa5f8f72c4ec",
            "e7a99839-ebba-442a-aa26-51f3ee838977",
            "aed3dcab-6196-4822-9484-c6cbbc837c77",
            "a7854f57-b2e9-4f94-a0d8-e5f3a9b99b9e",
            "95e0f633-2e86-4662-8218-89bfce131032",
            "ce9649c0-7580-4e6e-abf6-283942b6b696",
            "3a8fbc7d-5458-4b5b-94de-152011e71bb8"
          ],
          "failures": [],
          "pending": [],
          "skipped": [],
          "duration": 0,
          "root": false,
          "rootEmpty": false,
          "_timeout": 2000
        },
        {
          "uuid": "b2697591-6828-4e64-a55e-0b03890d56ac",
          "title": "Check sections creator with html",
          "fullFile": "/home/runner/work/colibri/colibri/tests/documenter/section_creator.spec.ts",
          "file": "/tests/documenter/section_creator.spec.ts",
          "beforeHooks": [],
          "afterHooks": [],
          "tests": [
            {
              "title": "Title section",
              "fullTitle": "Check sections creator with html Title section",
              "timedOut": false,
              "duration": 1,
              "state": "passed",
              "speed": "fast",
              "pass": true,
              "fail": false,
              "pending": false,
              "context": null,
              "code": "const section_name = \"title\";\nconst section = creator.get_title_section(hdl_element, configuration, output_type_inst);\nsave_output(section, section_name, output_type_inst);\ncheck(section_name, output_type_inst, false);",
              "err": {},
              "uuid": "e0d24f52-7296-4bc8-830c-73f278009288",
              "parentUUID": "b2697591-6828-4e64-a55e-0b03890d56ac",
              "isHook": false,
              "skipped": false
            },
            {
              "title": "Input section",
              "fullTitle": "Check sections creator with html Input section",
              "timedOut": false,
              "duration": 1,
              "state": "passed",
              "speed": "fast",
              "pass": true,
              "fail": false,
              "pending": false,
              "context": null,
              "code": "const section_name = \"input\";\nconst file_path = \"/example/of/sample.vhd\";\nconst section = creator.get_input_section(file_path, configuration, output_type_inst);\nsave_output(section, section_name, output_type_inst);\ncheck(section_name, output_type_inst, false);",
              "err": {},
              "uuid": "417cb88c-7f81-4c68-8c74-ee9b5007bb9c",
              "parentUUID": "b2697591-6828-4e64-a55e-0b03890d56ac",
              "isHook": false,
              "skipped": false
            },
            {
              "title": "Info section",
              "fullTitle": "Check sections creator with html Info section",
              "timedOut": false,
              "duration": 1,
              "state": "passed",
              "speed": "fast",
              "pass": true,
              "fail": false,
              "pending": false,
              "context": null,
              "code": "const section_name = \"info\";\nconst section = creator.get_info_section(hdl_element, configuration, output_type_inst);\nsave_output(section, section_name, output_type_inst);\ncheck(section_name, output_type_inst, false);",
              "err": {},
              "uuid": "938ba287-abdb-404d-bc0a-97f526f904f3",
              "parentUUID": "b2697591-6828-4e64-a55e-0b03890d56ac",
              "isHook": false,
              "skipped": false
            },
            {
              "title": "Diagram section",
              "fullTitle": "Check sections creator with html Diagram section",
              "timedOut": false,
              "duration": 0,
              "state": "pending",
              "speed": null,
              "pass": false,
              "fail": false,
              "pending": true,
              "context": null,
              "code": "this.skip();\nconst section_name = \"diagram\";\nconst svg_path = paht_lib.join(C_OUTPUT_BASE_PATH, 'input_path.svg');\nconst section = creator.get_diagram_section(hdl_element, configuration, svg_path, output_type_inst);\nsave_output(section, section_name, output_type_inst);\ncheck(section_name, output_type_inst, true);",
              "err": {},
              "uuid": "d861dc62-0c9a-4ce0-a329-da41921b10ae",
              "parentUUID": "b2697591-6828-4e64-a55e-0b03890d56ac",
              "isHook": false,
              "skipped": false
            },
            {
              "title": "Custom begin section",
              "fullTitle": "Check sections creator with html Custom begin section",
              "timedOut": false,
              "duration": 113,
              "state": "passed",
              "speed": "slow",
              "pass": true,
              "fail": false,
              "pending": false,
              "context": null,
              "code": "const section_name = \"custom_section_begin\";\nconst input_path = paht_lib.join(__dirname, 'section_creator', 'helpers', 'input_path.vhd');\nconst section = creator.get_custom_section('custom_section_begin', hdl_element, input_path, output_type_inst);\nsave_output(section, section_name, output_type_inst);\ncheck(section_name, output_type_inst, false);",
              "err": {},
              "uuid": "60fe27a8-dcb0-4358-9714-bb2b62add3a7",
              "parentUUID": "b2697591-6828-4e64-a55e-0b03890d56ac",
              "isHook": false,
              "skipped": false
            },
            {
              "title": "Custom end section",
              "fullTitle": "Check sections creator with html Custom end section",
              "timedOut": false,
              "duration": 1,
              "state": "passed",
              "speed": "fast",
              "pass": true,
              "fail": false,
              "pending": false,
              "context": null,
              "code": "const section_name = \"custom_section_end\";\nconst input_path = paht_lib.join(__dirname, 'section_creator', 'helpers', 'input_path.vhd');\nconst section = creator.get_custom_section('custom_section_end', hdl_element, input_path, output_type_inst);\nsave_output(section, section_name, output_type_inst);\ncheck(section_name, output_type_inst, false);",
              "err": {},
              "uuid": "a6e6d0df-97a9-4770-a2d2-04c73853bad3",
              "parentUUID": "b2697591-6828-4e64-a55e-0b03890d56ac",
              "isHook": false,
              "skipped": false
            },
            {
              "title": "Description section",
              "fullTitle": "Check sections creator with html Description section",
              "timedOut": false,
              "duration": 5,
              "state": "passed",
              "speed": "fast",
              "pass": true,
              "fail": false,
              "pending": false,
              "context": null,
              "code": "if (output_type_inst === common_documenter.doc_output_type.MARKDOWN) {\n    this.skip();\n}\nconst section_name = \"description\";\nconst section = creator.get_description_section(hdl_element, configuration, C_OUTPUT_BASE_PATH, output_type_inst);\nsave_output(section, section_name, output_type_inst);\ncheck(section_name, output_type_inst, false);",
              "err": {},
              "uuid": "0668554e-f9f1-4e83-84dc-c9d4a6093053",
              "parentUUID": "b2697591-6828-4e64-a55e-0b03890d56ac",
              "isHook": false,
              "skipped": false
            },
            {
              "title": "Port section",
              "fullTitle": "Check sections creator with html Port section",
              "timedOut": false,
              "duration": 1,
              "state": "passed",
              "speed": "fast",
              "pass": true,
              "fail": false,
              "pending": false,
              "context": null,
              "code": "const section_name = \"port\";\nconst section = creator.get_in_out_section(hdl_element, configuration, output_type_inst);\nsave_output(section, section_name, output_type_inst);\ncheck(section_name, output_type_inst, false);",
              "err": {},
              "uuid": "235b3f94-097e-47a5-8328-c217e2e61a4d",
              "parentUUID": "b2697591-6828-4e64-a55e-0b03890d56ac",
              "isHook": false,
              "skipped": false
            },
            {
              "title": "Signal-constant section",
              "fullTitle": "Check sections creator with html Signal-constant section",
              "timedOut": false,
              "duration": 1,
              "state": "passed",
              "speed": "fast",
              "pass": true,
              "fail": false,
              "pending": false,
              "context": null,
              "code": "const section_name = \"signal_constant\";\nconst section = creator.get_signal_constant_section(hdl_element, configuration, output_type_inst);\nsave_output(section, section_name, output_type_inst);\ncheck(section_name, output_type_inst, false);",
              "err": {},
              "uuid": "0f1773fc-6a43-4e54-b92b-0ff34d603df9",
              "parentUUID": "b2697591-6828-4e64-a55e-0b03890d56ac",
              "isHook": false,
              "skipped": false
            },
            {
              "title": "Process section",
              "fullTitle": "Check sections creator with html Process section",
              "timedOut": false,
              "duration": 1,
              "state": "passed",
              "speed": "fast",
              "pass": true,
              "fail": false,
              "pending": false,
              "context": null,
              "code": "const section_name = \"process\";\nconst section = creator.get_process_section(hdl_element, configuration, output_type_inst);\nsave_output(section, section_name, output_type_inst);\ncheck(section_name, output_type_inst, false);",
              "err": {},
              "uuid": "8409851e-4665-43ad-8a53-4878072f7e6c",
              "parentUUID": "b2697591-6828-4e64-a55e-0b03890d56ac",
              "isHook": false,
              "skipped": false
            },
            {
              "title": "Function section",
              "fullTitle": "Check sections creator with html Function section",
              "timedOut": false,
              "duration": 1,
              "state": "passed",
              "speed": "fast",
              "pass": true,
              "fail": false,
              "pending": false,
              "context": null,
              "code": "const section_name = \"function\";\nconst section = creator.get_function_section(hdl_element, configuration, output_type_inst);\nsave_output(section, section_name, output_type_inst);\ncheck(section_name, output_type_inst, false);",
              "err": {},
              "uuid": "5d2fe37d-f0e7-4cbe-859f-e2b2d2eec14f",
              "parentUUID": "b2697591-6828-4e64-a55e-0b03890d56ac",
              "isHook": false,
              "skipped": false
            },
            {
              "title": "Instantiation section",
              "fullTitle": "Check sections creator with html Instantiation section",
              "timedOut": false,
              "duration": 1,
              "state": "passed",
              "speed": "fast",
              "pass": true,
              "fail": false,
              "pending": false,
              "context": null,
              "code": "const section_name = \"instantiation\";\nconst section = creator.get_instantiation_section(hdl_element, configuration, output_type_inst);\nsave_output(section, section_name, output_type_inst);\ncheck(section_name, output_type_inst, false);",
              "err": {},
              "uuid": "5ed23536-1905-4d77-9190-55a852455b4b",
              "parentUUID": "b2697591-6828-4e64-a55e-0b03890d56ac",
              "isHook": false,
              "skipped": false
            }
          ],
          "suites": [],
          "passes": [
            "e0d24f52-7296-4bc8-830c-73f278009288",
            "417cb88c-7f81-4c68-8c74-ee9b5007bb9c",
            "938ba287-abdb-404d-bc0a-97f526f904f3",
            "60fe27a8-dcb0-4358-9714-bb2b62add3a7",
            "a6e6d0df-97a9-4770-a2d2-04c73853bad3",
            "0668554e-f9f1-4e83-84dc-c9d4a6093053",
            "235b3f94-097e-47a5-8328-c217e2e61a4d",
            "0f1773fc-6a43-4e54-b92b-0ff34d603df9",
            "8409851e-4665-43ad-8a53-4878072f7e6c",
            "5d2fe37d-f0e7-4cbe-859f-e2b2d2eec14f",
            "5ed23536-1905-4d77-9190-55a852455b4b"
          ],
          "failures": [],
          "pending": [
            "d861dc62-0c9a-4ce0-a329-da41921b10ae"
          ],
          "skipped": [],
          "duration": 127,
          "root": false,
          "rootEmpty": false,
          "_timeout": 2000
        },
        {
          "uuid": "5fcabece-b006-487a-a902-9ede2d826dee",
          "title": "Check sections creator with markdown",
          "fullFile": "/home/runner/work/colibri/colibri/tests/documenter/section_creator.spec.ts",
          "file": "/tests/documenter/section_creator.spec.ts",
          "beforeHooks": [],
          "afterHooks": [],
          "tests": [
            {
              "title": "Title section",
              "fullTitle": "Check sections creator with markdown Title section",
              "timedOut": false,
              "duration": 0,
              "state": "passed",
              "speed": "fast",
              "pass": true,
              "fail": false,
              "pending": false,
              "context": null,
              "code": "const section_name = \"title\";\nconst section = creator.get_title_section(hdl_element, configuration, output_type_inst);\nsave_output(section, section_name, output_type_inst);\ncheck(section_name, output_type_inst, false);",
              "err": {},
              "uuid": "1f675444-27e1-4f3d-bcf5-37edb6788f30",
              "parentUUID": "5fcabece-b006-487a-a902-9ede2d826dee",
              "isHook": false,
              "skipped": false
            },
            {
              "title": "Input section",
              "fullTitle": "Check sections creator with markdown Input section",
              "timedOut": false,
              "duration": 0,
              "state": "passed",
              "speed": "fast",
              "pass": true,
              "fail": false,
              "pending": false,
              "context": null,
              "code": "const section_name = \"input\";\nconst file_path = \"/example/of/sample.vhd\";\nconst section = creator.get_input_section(file_path, configuration, output_type_inst);\nsave_output(section, section_name, output_type_inst);\ncheck(section_name, output_type_inst, false);",
              "err": {},
              "uuid": "4c0da0e0-16f4-46df-9bcd-9d02fd374b85",
              "parentUUID": "5fcabece-b006-487a-a902-9ede2d826dee",
              "isHook": false,
              "skipped": false
            },
            {
              "title": "Info section",
              "fullTitle": "Check sections creator with markdown Info section",
              "timedOut": false,
              "duration": 0,
              "state": "passed",
              "speed": "fast",
              "pass": true,
              "fail": false,
              "pending": false,
              "context": null,
              "code": "const section_name = \"info\";\nconst section = creator.get_info_section(hdl_element, configuration, output_type_inst);\nsave_output(section, section_name, output_type_inst);\ncheck(section_name, output_type_inst, false);",
              "err": {},
              "uuid": "1bb0bdde-3e6e-4ed3-a27a-485949056755",
              "parentUUID": "5fcabece-b006-487a-a902-9ede2d826dee",
              "isHook": false,
              "skipped": false
            },
            {
              "title": "Diagram section",
              "fullTitle": "Check sections creator with markdown Diagram section",
              "timedOut": false,
              "duration": 0,
              "state": "pending",
              "speed": null,
              "pass": false,
              "fail": false,
              "pending": true,
              "context": null,
              "code": "this.skip();\nconst section_name = \"diagram\";\nconst svg_path = paht_lib.join(C_OUTPUT_BASE_PATH, 'input_path.svg');\nconst section = creator.get_diagram_section(hdl_element, configuration, svg_path, output_type_inst);\nsave_output(section, section_name, output_type_inst);\ncheck(section_name, output_type_inst, true);",
              "err": {},
              "uuid": "88a1a288-e3e0-4a8b-b9fb-3c7dca0bf5ce",
              "parentUUID": "5fcabece-b006-487a-a902-9ede2d826dee",
              "isHook": false,
              "skipped": false
            },
            {
              "title": "Custom begin section",
              "fullTitle": "Check sections creator with markdown Custom begin section",
              "timedOut": false,
              "duration": 1,
              "state": "passed",
              "speed": "fast",
              "pass": true,
              "fail": false,
              "pending": false,
              "context": null,
              "code": "const section_name = \"custom_section_begin\";\nconst input_path = paht_lib.join(__dirname, 'section_creator', 'helpers', 'input_path.vhd');\nconst section = creator.get_custom_section('custom_section_begin', hdl_element, input_path, output_type_inst);\nsave_output(section, section_name, output_type_inst);\ncheck(section_name, output_type_inst, false);",
              "err": {},
              "uuid": "3c9b8be4-9cf2-4824-b346-2e9d031b5a91",
              "parentUUID": "5fcabece-b006-487a-a902-9ede2d826dee",
              "isHook": false,
              "skipped": false
            },
            {
              "title": "Custom end section",
              "fullTitle": "Check sections creator with markdown Custom end section",
              "timedOut": false,
              "duration": 0,
              "state": "passed",
              "speed": "fast",
              "pass": true,
              "fail": false,
              "pending": false,
              "context": null,
              "code": "const section_name = \"custom_section_end\";\nconst input_path = paht_lib.join(__dirname, 'section_creator', 'helpers', 'input_path.vhd');\nconst section = creator.get_custom_section('custom_section_end', hdl_element, input_path, output_type_inst);\nsave_output(section, section_name, output_type_inst);\ncheck(section_name, output_type_inst, false);",
              "err": {},
              "uuid": "11a93eac-6d60-4af4-bab1-76d8073b9f3b",
              "parentUUID": "5fcabece-b006-487a-a902-9ede2d826dee",
              "isHook": false,
              "skipped": false
            },
            {
              "title": "Description section",
              "fullTitle": "Check sections creator with markdown Description section",
              "timedOut": false,
              "duration": 0,
              "state": "pending",
              "speed": null,
              "pass": false,
              "fail": false,
              "pending": true,
              "context": null,
              "code": "if (output_type_inst === common_documenter.doc_output_type.MARKDOWN) {\n    this.skip();\n}\nconst section_name = \"description\";\nconst section = creator.get_description_section(hdl_element, configuration, C_OUTPUT_BASE_PATH, output_type_inst);\nsave_output(section, section_name, output_type_inst);\ncheck(section_name, output_type_inst, false);",
              "err": {},
              "uuid": "8dde5a42-f189-49d4-baa6-6b0ee5bfe185",
              "parentUUID": "5fcabece-b006-487a-a902-9ede2d826dee",
              "isHook": false,
              "skipped": false
            },
            {
              "title": "Port section",
              "fullTitle": "Check sections creator with markdown Port section",
              "timedOut": false,
              "duration": 0,
              "state": "passed",
              "speed": "fast",
              "pass": true,
              "fail": false,
              "pending": false,
              "context": null,
              "code": "const section_name = \"port\";\nconst section = creator.get_in_out_section(hdl_element, configuration, output_type_inst);\nsave_output(section, section_name, output_type_inst);\ncheck(section_name, output_type_inst, false);",
              "err": {},
              "uuid": "4c1412e7-9a39-4799-889d-fcff28d20ff6",
              "parentUUID": "5fcabece-b006-487a-a902-9ede2d826dee",
              "isHook": false,
              "skipped": false
            },
            {
              "title": "Signal-constant section",
              "fullTitle": "Check sections creator with markdown Signal-constant section",
              "timedOut": false,
              "duration": 0,
              "state": "passed",
              "speed": "fast",
              "pass": true,
              "fail": false,
              "pending": false,
              "context": null,
              "code": "const section_name = \"signal_constant\";\nconst section = creator.get_signal_constant_section(hdl_element, configuration, output_type_inst);\nsave_output(section, section_name, output_type_inst);\ncheck(section_name, output_type_inst, false);",
              "err": {},
              "uuid": "57f88b22-cd94-4148-8f61-431515eab2eb",
              "parentUUID": "5fcabece-b006-487a-a902-9ede2d826dee",
              "isHook": false,
              "skipped": false
            },
            {
              "title": "Process section",
              "fullTitle": "Check sections creator with markdown Process section",
              "timedOut": false,
              "duration": 1,
              "state": "passed",
              "speed": "fast",
              "pass": true,
              "fail": false,
              "pending": false,
              "context": null,
              "code": "const section_name = \"process\";\nconst section = creator.get_process_section(hdl_element, configuration, output_type_inst);\nsave_output(section, section_name, output_type_inst);\ncheck(section_name, output_type_inst, false);",
              "err": {},
              "uuid": "1d1e120d-8088-4339-838d-48f3447d82c2",
              "parentUUID": "5fcabece-b006-487a-a902-9ede2d826dee",
              "isHook": false,
              "skipped": false
            },
            {
              "title": "Function section",
              "fullTitle": "Check sections creator with markdown Function section",
              "timedOut": false,
              "duration": 1,
              "state": "passed",
              "speed": "fast",
              "pass": true,
              "fail": false,
              "pending": false,
              "context": null,
              "code": "const section_name = \"function\";\nconst section = creator.get_function_section(hdl_element, configuration, output_type_inst);\nsave_output(section, section_name, output_type_inst);\ncheck(section_name, output_type_inst, false);",
              "err": {},
              "uuid": "4a965141-5e7b-43bc-9c2e-b82bdadd9d86",
              "parentUUID": "5fcabece-b006-487a-a902-9ede2d826dee",
              "isHook": false,
              "skipped": false
            },
            {
              "title": "Instantiation section",
              "fullTitle": "Check sections creator with markdown Instantiation section",
              "timedOut": false,
              "duration": 1,
              "state": "passed",
              "speed": "fast",
              "pass": true,
              "fail": false,
              "pending": false,
              "context": null,
              "code": "const section_name = \"instantiation\";\nconst section = creator.get_instantiation_section(hdl_element, configuration, output_type_inst);\nsave_output(section, section_name, output_type_inst);\ncheck(section_name, output_type_inst, false);",
              "err": {},
              "uuid": "e2eebdb1-897c-4dd1-b169-465a31eb1ef1",
              "parentUUID": "5fcabece-b006-487a-a902-9ede2d826dee",
              "isHook": false,
              "skipped": false
            }
          ],
          "suites": [],
          "passes": [
            "1f675444-27e1-4f3d-bcf5-37edb6788f30",
            "4c0da0e0-16f4-46df-9bcd-9d02fd374b85",
            "1bb0bdde-3e6e-4ed3-a27a-485949056755",
            "3c9b8be4-9cf2-4824-b346-2e9d031b5a91",
            "11a93eac-6d60-4af4-bab1-76d8073b9f3b",
            "4c1412e7-9a39-4799-889d-fcff28d20ff6",
            "57f88b22-cd94-4148-8f61-431515eab2eb",
            "1d1e120d-8088-4339-838d-48f3447d82c2",
            "4a965141-5e7b-43bc-9c2e-b82bdadd9d86",
            "e2eebdb1-897c-4dd1-b169-465a31eb1ef1"
          ],
          "failures": [],
          "pending": [
            "88a1a288-e3e0-4a8b-b9fb-3c7dca0bf5ce",
            "8dde5a42-f189-49d4-baa6-6b0ee5bfe185"
          ],
          "skipped": [],
          "duration": 4,
          "root": false,
          "rootEmpty": false,
          "_timeout": 2000
        },
        {
          "uuid": "46ffa628-143a-485a-8ce5-0c3a68e029f4",
          "title": "Check standalone VHDL formatter",
          "fullFile": "/home/runner/work/colibri/colibri/tests/formatter/formatter.spec.ts",
          "file": "/tests/formatter/formatter.spec.ts",
          "beforeHooks": [],
          "afterHooks": [],
          "tests": [
            {
              "title": "Check align comments true, indentation and keyworks lowercase",
              "fullTitle": "Check standalone VHDL formatter Check align comments true, indentation and keyworks lowercase",
              "timedOut": false,
              "duration": 25,
              "state": "passed",
              "speed": "fast",
              "pass": true,
              "fail": false,
              "pending": false,
              "context": null,
              "code": "const test_index = 0;\nconst options = {\n    keyword_case: cfg.e_formatter_standalone_keyword_case.lowercase,\n    name_case: cfg.e_formatter_standalone_name_case.lowercase,\n    indentation: \"    \",\n    align_port_generic: true,\n    align_comment: true,\n    remove_comments: false,\n    remove_reports: false,\n    check_alias: false,\n    new_line_after_then: cfg.e_formatter_standalone_new_line_after_then.new_line,\n    new_line_after_semicolon: cfg.e_formatter_standalone_new_line_after_semicolon.new_line,\n    new_line_after_else: cfg.e_formatter_standalone_new_line_after_else.none,\n    new_line_after_port: cfg.e_formatter_standalone_new_line_after_port.none,\n    new_line_after_generic: cfg.e_formatter_standalone_new_line_after_generic.none,\n};\nawait format_and_check(formatter_name, language, test_index, options, \"\");",
              "err": {},
              "uuid": "910e17fc-3ccc-4eed-b97b-a7bee28930dc",
              "parentUUID": "46ffa628-143a-485a-8ce5-0c3a68e029f4",
              "isHook": false,
              "skipped": false
            },
            {
              "title": "Check align comments false, indentation and keyworks uppercase",
              "fullTitle": "Check standalone VHDL formatter Check align comments false, indentation and keyworks uppercase",
              "timedOut": false,
              "duration": 4,
              "state": "passed",
              "speed": "fast",
              "pass": true,
              "fail": false,
              "pending": false,
              "context": null,
              "code": "const test_index = 1;\nconst options = {\n    keyword_case: cfg.e_formatter_standalone_keyword_case.uppercase,\n    name_case: cfg.e_formatter_standalone_name_case.uppercase,\n    indentation: \"      \",\n    align_port_generic: true,\n    align_comment: false,\n    remove_comments: false,\n    remove_reports: false,\n    check_alias: false,\n    new_line_after_then: cfg.e_formatter_standalone_new_line_after_then.new_line,\n    new_line_after_semicolon: cfg.e_formatter_standalone_new_line_after_semicolon.new_line,\n    new_line_after_else: cfg.e_formatter_standalone_new_line_after_else.none,\n    new_line_after_port: cfg.e_formatter_standalone_new_line_after_port.none,\n    new_line_after_generic: cfg.e_formatter_standalone_new_line_after_generic.none,\n};\nawait format_and_check(formatter_name, language, test_index, options, \"\");",
              "err": {},
              "uuid": "5a840604-286d-4e1e-8398-0748244f5355",
              "parentUUID": "46ffa628-143a-485a-8ce5-0c3a68e029f4",
              "isHook": false,
              "skipped": false
            }
          ],
          "suites": [],
          "passes": [
            "910e17fc-3ccc-4eed-b97b-a7bee28930dc",
            "5a840604-286d-4e1e-8398-0748244f5355"
          ],
          "failures": [],
          "pending": [],
          "skipped": [],
          "duration": 29,
          "root": false,
          "rootEmpty": false,
          "_timeout": 2000
        },
        {
          "uuid": "152c9588-cc45-4a02-b1e4-e5dfd9984e0f",
          "title": "Check istyle formatter",
          "fullFile": "/home/runner/work/colibri/colibri/tests/formatter/formatter.spec.ts",
          "file": "/tests/formatter/formatter.spec.ts",
          "beforeHooks": [],
          "afterHooks": [],
          "tests": [
            {
              "title": "Check ansi with indent = 2",
              "fullTitle": "Check istyle formatter Check ansi with indent = 2",
              "timedOut": false,
              "duration": 23,
              "state": "passed",
              "speed": "fast",
              "pass": true,
              "fail": false,
              "pending": false,
              "context": null,
              "code": "const test_index = index;\nconst options = {\n    style: style_inst,\n    indentation_size: 2\n};\nawait format_and_check(formatter_name, language, test_index, options, \"\");",
              "err": {},
              "uuid": "49e41a30-8ac4-46fa-a2f6-2887c9a980ef",
              "parentUUID": "152c9588-cc45-4a02-b1e4-e5dfd9984e0f",
              "isHook": false,
              "skipped": false
            },
            {
              "title": "Check kr with indent = 2",
              "fullTitle": "Check istyle formatter Check kr with indent = 2",
              "timedOut": false,
              "duration": 17,
              "state": "passed",
              "speed": "fast",
              "pass": true,
              "fail": false,
              "pending": false,
              "context": null,
              "code": "const test_index = index;\nconst options = {\n    style: style_inst,\n    indentation_size: 2\n};\nawait format_and_check(formatter_name, language, test_index, options, \"\");",
              "err": {},
              "uuid": "95d70069-33c1-400b-81b6-ef3866ffd607",
              "parentUUID": "152c9588-cc45-4a02-b1e4-e5dfd9984e0f",
              "isHook": false,
              "skipped": false
            },
            {
              "title": "Check gnu with indent = 2",
              "fullTitle": "Check istyle formatter Check gnu with indent = 2",
              "timedOut": false,
              "duration": 17,
              "state": "passed",
              "speed": "fast",
              "pass": true,
              "fail": false,
              "pending": false,
              "context": null,
              "code": "const test_index = index;\nconst options = {\n    style: style_inst,\n    indentation_size: 2\n};\nawait format_and_check(formatter_name, language, test_index, options, \"\");",
              "err": {},
              "uuid": "3c31a8f3-b7ba-4ed8-9474-c552b9f96068",
              "parentUUID": "152c9588-cc45-4a02-b1e4-e5dfd9984e0f",
              "isHook": false,
              "skipped": false
            },
            {
              "title": "Check indent_only with indent = 2",
              "fullTitle": "Check istyle formatter Check indent_only with indent = 2",
              "timedOut": false,
              "duration": 17,
              "state": "passed",
              "speed": "fast",
              "pass": true,
              "fail": false,
              "pending": false,
              "context": null,
              "code": "const test_index = index;\nconst options = {\n    style: style_inst,\n    indentation_size: 2\n};\nawait format_and_check(formatter_name, language, test_index, options, \"\");",
              "err": {},
              "uuid": "fd6a76fa-37de-4d83-8a5c-dbb7c9974ae3",
              "parentUUID": "152c9588-cc45-4a02-b1e4-e5dfd9984e0f",
              "isHook": false,
              "skipped": false
            },
            {
              "title": "Check ansi with indent = 6",
              "fullTitle": "Check istyle formatter Check ansi with indent = 6",
              "timedOut": false,
              "duration": 17,
              "state": "passed",
              "speed": "fast",
              "pass": true,
              "fail": false,
              "pending": false,
              "context": null,
              "code": "const test_index = index + style_list.length;\nconst options = {\n    style: style_inst,\n    indentation_size: 6\n};\nawait format_and_check(formatter_name, language, test_index, options, \"\");",
              "err": {},
              "uuid": "038ae296-76f1-4d0c-96a0-d481cd31cd16",
              "parentUUID": "152c9588-cc45-4a02-b1e4-e5dfd9984e0f",
              "isHook": false,
              "skipped": false
            },
            {
              "title": "Check kr with indent = 6",
              "fullTitle": "Check istyle formatter Check kr with indent = 6",
              "timedOut": false,
              "duration": 18,
              "state": "passed",
              "speed": "fast",
              "pass": true,
              "fail": false,
              "pending": false,
              "context": null,
              "code": "const test_index = index + style_list.length;\nconst options = {\n    style: style_inst,\n    indentation_size: 6\n};\nawait format_and_check(formatter_name, language, test_index, options, \"\");",
              "err": {},
              "uuid": "30b71a92-4210-4bf2-b8fe-92d3460a5943",
              "parentUUID": "152c9588-cc45-4a02-b1e4-e5dfd9984e0f",
              "isHook": false,
              "skipped": false
            },
            {
              "title": "Check gnu with indent = 6",
              "fullTitle": "Check istyle formatter Check gnu with indent = 6",
              "timedOut": false,
              "duration": 17,
              "state": "passed",
              "speed": "fast",
              "pass": true,
              "fail": false,
              "pending": false,
              "context": null,
              "code": "const test_index = index + style_list.length;\nconst options = {\n    style: style_inst,\n    indentation_size: 6\n};\nawait format_and_check(formatter_name, language, test_index, options, \"\");",
              "err": {},
              "uuid": "c22a3c8e-1da1-4873-809d-bb6013250f8f",
              "parentUUID": "152c9588-cc45-4a02-b1e4-e5dfd9984e0f",
              "isHook": false,
              "skipped": false
            },
            {
              "title": "Check indent_only with indent = 6",
              "fullTitle": "Check istyle formatter Check indent_only with indent = 6",
              "timedOut": false,
              "duration": 16,
              "state": "passed",
              "speed": "fast",
              "pass": true,
              "fail": false,
              "pending": false,
              "context": null,
              "code": "const test_index = index + style_list.length;\nconst options = {\n    style: style_inst,\n    indentation_size: 6\n};\nawait format_and_check(formatter_name, language, test_index, options, \"\");",
              "err": {},
              "uuid": "48c97478-1708-4380-a711-b6c7f5057f1d",
              "parentUUID": "152c9588-cc45-4a02-b1e4-e5dfd9984e0f",
              "isHook": false,
              "skipped": false
            }
          ],
          "suites": [],
          "passes": [
            "49e41a30-8ac4-46fa-a2f6-2887c9a980ef",
            "95d70069-33c1-400b-81b6-ef3866ffd607",
            "3c31a8f3-b7ba-4ed8-9474-c552b9f96068",
            "fd6a76fa-37de-4d83-8a5c-dbb7c9974ae3",
            "038ae296-76f1-4d0c-96a0-d481cd31cd16",
            "30b71a92-4210-4bf2-b8fe-92d3460a5943",
            "c22a3c8e-1da1-4873-809d-bb6013250f8f",
            "48c97478-1708-4380-a711-b6c7f5057f1d"
          ],
          "failures": [],
          "pending": [],
          "skipped": [],
          "duration": 142,
          "root": false,
          "rootEmpty": false,
          "_timeout": 2000
        },
        {
          "uuid": "96ec1408-dcab-4b8a-ac2c-f6d70deee590",
          "title": "Check s3sv formatter",
          "fullFile": "/home/runner/work/colibri/colibri/tests/formatter/formatter.spec.ts",
          "file": "/tests/formatter/formatter.spec.ts",
          "beforeHooks": [],
          "afterHooks": [],
          "tests": [
            {
              "title": "Check config 0",
              "fullTitle": "Check s3sv formatter Check config 0",
              "timedOut": false,
              "duration": 155,
              "state": "passed",
              "speed": "slow",
              "pass": true,
              "fail": false,
              "pending": false,
              "context": null,
              "code": "const test_index = 0;\nconst options = {\n    one_bind_per_line: true,\n    one_declaration_per_line: true,\n    use_tabs: false,\n    indentation_size: 2\n};\nawait format_and_check(formatter_name, language, test_index, options, \"\");",
              "err": {},
              "uuid": "56254107-9872-4daa-82b8-44026323949e",
              "parentUUID": "96ec1408-dcab-4b8a-ac2c-f6d70deee590",
              "isHook": false,
              "skipped": false
            },
            {
              "title": "Check config 1",
              "fullTitle": "Check s3sv formatter Check config 1",
              "timedOut": false,
              "duration": 153,
              "state": "passed",
              "speed": "slow",
              "pass": true,
              "fail": false,
              "pending": false,
              "context": null,
              "code": "const test_index = 1;\nconst options = {\n    one_bind_per_line: true,\n    one_declaration_per_line: true,\n    use_tabs: true,\n    indentation_size: 4\n};\nawait format_and_check(formatter_name, language, test_index, options, \"\");",
              "err": {},
              "uuid": "bc636d49-c40a-4ecb-9cac-f34a06b6f71d",
              "parentUUID": "96ec1408-dcab-4b8a-ac2c-f6d70deee590",
              "isHook": false,
              "skipped": false
            },
            {
              "title": "Check config 2 and bad python3 path",
              "fullTitle": "Check s3sv formatter Check config 2 and bad python3 path",
              "timedOut": false,
              "duration": 181,
              "state": "passed",
              "speed": "slow",
              "pass": true,
              "fail": false,
              "pending": false,
              "context": null,
              "code": "const test_index = 2;\nconst options = {\n    one_bind_per_line: false,\n    one_declaration_per_line: true,\n    use_tabs: true,\n    indentation_size: 2\n};\nawait format_and_check(formatter_name, language, test_index, options, \"asdf\");",
              "err": {},
              "uuid": "169bc681-a077-47f3-8103-16ee6ea8e8d9",
              "parentUUID": "96ec1408-dcab-4b8a-ac2c-f6d70deee590",
              "isHook": false,
              "skipped": false
            }
          ],
          "suites": [],
          "passes": [
            "56254107-9872-4daa-82b8-44026323949e",
            "bc636d49-c40a-4ecb-9cac-f34a06b6f71d",
            "169bc681-a077-47f3-8103-16ee6ea8e8d9"
          ],
          "failures": [],
          "pending": [],
          "skipped": [],
          "duration": 489,
          "root": false,
          "rootEmpty": false,
          "_timeout": 2000
        },
        {
          "uuid": "23398c44-f8cc-4e78-a970-321b3e81b263",
          "title": "Check FSM for vhdl",
          "fullFile": "/home/runner/work/colibri/colibri/tests/parser/fsm.spec.ts",
          "file": "/tests/parser/fsm.spec.ts",
          "beforeHooks": [],
          "afterHooks": [],
          "tests": [
            {
              "title": "Normal",
              "fullTitle": "Check FSM for vhdl Normal",
              "timedOut": false,
              "duration": 123,
              "state": "passed",
              "speed": "slow",
              "pass": true,
              "fail": false,
              "pending": false,
              "context": null,
              "code": "const test_index = 0;\nawait parse_fsm(lang_inst, test_index);\ncheck_test(test_index, lang_inst);",
              "err": {},
              "uuid": "dd3b2f58-e4c4-421a-a681-155d4f1b111c",
              "parentUUID": "23398c44-f8cc-4e78-a970-321b3e81b263",
              "isHook": false,
              "skipped": false
            }
          ],
          "suites": [],
          "passes": [
            "dd3b2f58-e4c4-421a-a681-155d4f1b111c"
          ],
          "failures": [],
          "pending": [],
          "skipped": [],
          "duration": 123,
          "root": false,
          "rootEmpty": false,
          "_timeout": 2000
        },
        {
          "uuid": "56942fc8-0580-47cc-9d4f-15e4aef27f8a",
          "title": "Check FSM for verilog",
          "fullFile": "/home/runner/work/colibri/colibri/tests/parser/fsm.spec.ts",
          "file": "/tests/parser/fsm.spec.ts",
          "beforeHooks": [],
          "afterHooks": [],
          "tests": [
            {
              "title": "Normal",
              "fullTitle": "Check FSM for verilog Normal",
              "timedOut": false,
              "duration": 393,
              "state": "passed",
              "speed": "slow",
              "pass": true,
              "fail": false,
              "pending": false,
              "context": null,
              "code": "const test_index = 0;\nawait parse_fsm(lang_inst, test_index);\ncheck_test(test_index, lang_inst);",
              "err": {},
              "uuid": "43ffa0b0-c73c-47e0-9f34-3ca3043b4554",
              "parentUUID": "56942fc8-0580-47cc-9d4f-15e4aef27f8a",
              "isHook": false,
              "skipped": false
            }
          ],
          "suites": [],
          "passes": [
            "43ffa0b0-c73c-47e0-9f34-3ca3043b4554"
          ],
          "failures": [],
          "pending": [],
          "skipped": [],
          "duration": 393,
          "root": false,
          "rootEmpty": false,
          "_timeout": 2000
        },
        {
          "uuid": "ee7332b9-ee80-488d-84e9-6d8eb6fdb8f9",
          "title": "Check entity Verilog",
          "fullFile": "/home/runner/work/colibri/colibri/tests/parser/parser_verilog_entity.spec.ts",
          "file": "/tests/parser/parser_verilog_entity.spec.ts",
          "beforeHooks": [],
          "afterHooks": [],
[...]
              "err": {},
              "uuid": "ef91b39d-4eef-4685-b6ec-997003847836",
              "parentUUID": "6f38de3c-4908-4916-b1b9-f0700d38bfea",
              "isHook": false,
              "skipped": false
            }
          ],
          "suites": [],
          "passes": [
            "ef91b39d-4eef-4685-b6ec-997003847836"
          ],
          "failures": [],
          "pending": [],
          "skipped": [],
          "duration": 0,
          "root": false,
          "rootEmpty": false,
          "_timeout": 2000
        },
        {
          "uuid": "2ce50aec-b8e0-4e40-b592-c8da17ff50d3",
          "title": "Check hover VHDL",
          "fullFile": "/home/runner/work/colibri/colibri/tests/utils/number.spec.ts",
          "file": "/tests/utils/number.spec.ts",
          "beforeHooks": [],
          "afterHooks": [],
          "tests": [
            {
              "title": "Binary unsigned",
              "fullTitle": "Check hover VHDL Binary unsigned",
              "timedOut": false,
              "duration": 1,
              "state": "passed",
              "speed": "fast",
              "pass": true,
              "fail": false,
              "pending": false,
              "context": null,
              "code": "const code_dummy = '\"0011\"';\nconst expected_number = {\n    signed_n: 0,\n    unsigned_n: 3,\n    is_multi: false,\n    is_ok: true\n};\nconst current_number = (0, numbers_1.hdl_hover)(code_dummy, lang);\n(0, assert_1.deepEqual)(current_number, expected_number);",
              "err": {},
              "uuid": "2d2df153-9f8f-4a37-b9b0-bf6a59a97c8b",
              "parentUUID": "2ce50aec-b8e0-4e40-b592-c8da17ff50d3",
              "isHook": false,
              "skipped": false
            },
            {
              "title": "Binary unsigned or signed",
              "fullTitle": "Check hover VHDL Binary unsigned or signed",
              "timedOut": false,
              "duration": 1,
              "state": "passed",
              "speed": "fast",
              "pass": true,
              "fail": false,
              "pending": false,
              "context": null,
              "code": "const code_dummy = '\"1101\"';\nconst expected_number = {\n    signed_n: -3,\n    unsigned_n: 13,\n    is_multi: true,\n    is_ok: true\n};\nconst current_number = (0, numbers_1.hdl_hover)(code_dummy, lang);\n(0, assert_1.deepEqual)(current_number, expected_number);",
              "err": {},
              "uuid": "db5f61d8-1cdb-4992-ae1d-ca3d2337043b",
              "parentUUID": "2ce50aec-b8e0-4e40-b592-c8da17ff50d3",
              "isHook": false,
              "skipped": false
            },
            {
              "title": "Binary unsigned or signed with separator",
              "fullTitle": "Check hover VHDL Binary unsigned or signed with separator",
              "timedOut": false,
              "duration": 0,
              "state": "passed",
              "speed": "fast",
              "pass": true,
              "fail": false,
              "pending": false,
              "context": null,
              "code": "const code_dummy = '\"1_10_0\"';\nconst expected_number = {\n    signed_n: -4,\n    unsigned_n: 12,\n    is_multi: true,\n    is_ok: true\n};\nconst current_number = (0, numbers_1.hdl_hover)(code_dummy, lang);\n(0, assert_1.deepEqual)(current_number, expected_number);",
              "err": {},
              "uuid": "0242d493-7285-4f2d-ae46-2623d7ec88a7",
              "parentUUID": "2ce50aec-b8e0-4e40-b592-c8da17ff50d3",
              "isHook": false,
              "skipped": false
            },
            {
              "title": "Hexadeximal unsigned",
              "fullTitle": "Check hover VHDL Hexadeximal unsigned",
              "timedOut": false,
              "duration": 0,
              "state": "passed",
              "speed": "fast",
              "pass": true,
              "fail": false,
              "pending": false,
              "context": null,
              "code": "const code_dummy = 'x\"0aB0\"';\nconst expected_number = {\n    signed_n: 0,\n    unsigned_n: 2736,\n    is_multi: false,\n    is_ok: true\n};\nconst current_number = (0, numbers_1.hdl_hover)(code_dummy, lang);\n(0, assert_1.deepEqual)(current_number, expected_number);",
              "err": {},
              "uuid": "9caa0b5f-14ac-4400-9ad8-a354e9b04662",
              "parentUUID": "2ce50aec-b8e0-4e40-b592-c8da17ff50d3",
              "isHook": false,
              "skipped": false
            },
            {
              "title": "Hexadeximal unsigned or signed",
              "fullTitle": "Check hover VHDL Hexadeximal unsigned or signed",
              "timedOut": false,
              "duration": 1,
              "state": "passed",
              "speed": "fast",
              "pass": true,
              "fail": false,
              "pending": false,
              "context": null,
              "code": "const code_dummy = 'x\"aaB0\"';\nconst expected_number = {\n    signed_n: -21840,\n    unsigned_n: 43696,\n    is_multi: true,\n    is_ok: true\n};\nconst current_number = (0, numbers_1.hdl_hover)(code_dummy, lang);\n(0, assert_1.deepEqual)(current_number, expected_number);",
              "err": {},
              "uuid": "f08cd04e-2867-4f6d-bebc-6842d1713172",
              "parentUUID": "2ce50aec-b8e0-4e40-b592-c8da17ff50d3",
              "isHook": false,
              "skipped": false
            },
            {
              "title": "Hexadeximal unsigned or signed with separator",
              "fullTitle": "Check hover VHDL Hexadeximal unsigned or signed with separator",
              "timedOut": false,
              "duration": 0,
              "state": "passed",
              "speed": "fast",
              "pass": true,
              "fail": false,
              "pending": false,
              "context": null,
              "code": "const code_dummy = 'x\"a_a_b0\"';\nconst expected_number = {\n    signed_n: -21840,\n    unsigned_n: 43696,\n    is_multi: true,\n    is_ok: true\n};\nconst current_number = (0, numbers_1.hdl_hover)(code_dummy, lang);\n(0, assert_1.deepEqual)(current_number, expected_number);",
              "err": {},
              "uuid": "58063713-1097-4e27-bcee-674373ff5f20",
              "parentUUID": "2ce50aec-b8e0-4e40-b592-c8da17ff50d3",
              "isHook": false,
              "skipped": false
            },
            {
              "title": "Octal unsigned",
              "fullTitle": "Check hover VHDL Octal unsigned",
              "timedOut": false,
              "duration": 0,
              "state": "passed",
              "speed": "fast",
              "pass": true,
              "fail": false,
              "pending": false,
              "context": null,
              "code": "const code_dummy = 'o\"0175\"';\nconst expected_number = {\n    signed_n: 0,\n    unsigned_n: 125,\n    is_multi: false,\n    is_ok: true\n};\nconst current_number = (0, numbers_1.hdl_hover)(code_dummy, lang);\n(0, assert_1.deepEqual)(current_number, expected_number);",
              "err": {},
              "uuid": "6ba0ca8c-6a3b-4479-bd73-804f43d6e57d",
              "parentUUID": "2ce50aec-b8e0-4e40-b592-c8da17ff50d3",
              "isHook": false,
              "skipped": false
            },
            {
              "title": "Octal unsigned or signed",
              "fullTitle": "Check hover VHDL Octal unsigned or signed",
              "timedOut": false,
              "duration": 0,
              "state": "passed",
              "speed": "fast",
              "pass": true,
              "fail": false,
              "pending": false,
              "context": null,
              "code": "const code_dummy = 'O\"232\"';\nconst expected_number = {\n    signed_n: -102,\n    unsigned_n: 154,\n    is_multi: true,\n    is_ok: true\n};\nconst current_number = (0, numbers_1.hdl_hover)(code_dummy, lang);\n(0, assert_1.deepEqual)(current_number, expected_number);",
              "err": {},
              "uuid": "5898b8f4-7497-4c9a-a59a-aacb6f3a1a3b",
              "parentUUID": "2ce50aec-b8e0-4e40-b592-c8da17ff50d3",
              "isHook": false,
              "skipped": false
            },
            {
              "title": "Octal unsigned or signed with separator",
              "fullTitle": "Check hover VHDL Octal unsigned or signed with separator",
              "timedOut": false,
              "duration": 0,
              "state": "passed",
              "speed": "fast",
              "pass": true,
              "fail": false,
              "pending": false,
              "context": null,
              "code": "const code_dummy = 'o\"2_3_2\"';\nconst expected_number = {\n    signed_n: -102,\n    unsigned_n: 154,\n    is_multi: true,\n    is_ok: true\n};\nconst current_number = (0, numbers_1.hdl_hover)(code_dummy, lang);\n(0, assert_1.deepEqual)(current_number, expected_number);",
              "err": {},
              "uuid": "b1afe0f6-6924-4552-b550-634898773d12",
              "parentUUID": "2ce50aec-b8e0-4e40-b592-c8da17ff50d3",
              "isHook": false,
              "skipped": false
            }
          ],
          "suites": [],
          "passes": [
            "2d2df153-9f8f-4a37-b9b0-bf6a59a97c8b",
            "db5f61d8-1cdb-4992-ae1d-ca3d2337043b",
            "0242d493-7285-4f2d-ae46-2623d7ec88a7",
            "9caa0b5f-14ac-4400-9ad8-a354e9b04662",
            "f08cd04e-2867-4f6d-bebc-6842d1713172",
            "58063713-1097-4e27-bcee-674373ff5f20",
            "6ba0ca8c-6a3b-4479-bd73-804f43d6e57d",
            "5898b8f4-7497-4c9a-a59a-aacb6f3a1a3b",
            "b1afe0f6-6924-4552-b550-634898773d12"
          ],
          "failures": [],
          "pending": [],
          "skipped": [],
          "duration": 3,
          "root": false,
          "rootEmpty": false,
          "_timeout": 2000
        },
        {
          "uuid": "67933f4c-1e10-4374-bb17-92226b38e8d1",
          "title": "Check hover Verilog",
          "fullFile": "/home/runner/work/colibri/colibri/tests/utils/number.spec.ts",
          "file": "/tests/utils/number.spec.ts",
          "beforeHooks": [],
          "afterHooks": [],
          "tests": [
            {
              "title": "Binary unsigned",
              "fullTitle": "Check hover Verilog Binary unsigned",
              "timedOut": false,
              "duration": 0,
              "state": "passed",
              "speed": "fast",
              "pass": true,
              "fail": false,
              "pending": false,
              "context": null,
              "code": "const code_dummy = \"4'b0011'\";\nconst expected_number = {\n    signed_n: 0,\n    unsigned_n: 3,\n    is_multi: false,\n    is_ok: true\n};\nconst current_number = (0, numbers_1.hdl_hover)(code_dummy, lang);\n(0, assert_1.deepEqual)(current_number, expected_number);",
              "err": {},
              "uuid": "c5cf26bc-b3ed-4a3b-94ba-ac1baaa89e9c",
              "parentUUID": "67933f4c-1e10-4374-bb17-92226b38e8d1",
              "isHook": false,
              "skipped": false
            },
            {
              "title": "Binary unsigned or signed",
              "fullTitle": "Check hover Verilog Binary unsigned or signed",
              "timedOut": false,
              "duration": 1,
              "state": "passed",
              "speed": "fast",
              "pass": true,
              "fail": false,
              "pending": false,
              "context": null,
              "code": "const code_dummy = \"4'b1101'\";\nconst expected_number = {\n    signed_n: -3,\n    unsigned_n: 13,\n    is_multi: true,\n    is_ok: true\n};\nconst current_number = (0, numbers_1.hdl_hover)(code_dummy, lang);\n(0, assert_1.deepEqual)(current_number, expected_number);",
              "err": {},
              "uuid": "92b2a978-23ee-40c5-ac71-68d165a8beb7",
              "parentUUID": "67933f4c-1e10-4374-bb17-92226b38e8d1",
              "isHook": false,
              "skipped": false
            },
            {
              "title": "Binary unsigned or signed with separator",
              "fullTitle": "Check hover Verilog Binary unsigned or signed with separator",
              "timedOut": false,
              "duration": 0,
              "state": "passed",
              "speed": "fast",
              "pass": true,
              "fail": false,
              "pending": false,
              "context": null,
              "code": "const code_dummy = \"4'b1_10_0'\";\nconst expected_number = {\n    signed_n: -4,\n    unsigned_n: 12,\n    is_multi: true,\n    is_ok: true\n};\nconst current_number = (0, numbers_1.hdl_hover)(code_dummy, lang);\n(0, assert_1.deepEqual)(current_number, expected_number);",
              "err": {},
              "uuid": "12c2d884-20cb-4e89-8b73-92e26d83d919",
              "parentUUID": "67933f4c-1e10-4374-bb17-92226b38e8d1",
              "isHook": false,
              "skipped": false
            },
            {
              "title": "Hexadeximal unsigned",
              "fullTitle": "Check hover Verilog Hexadeximal unsigned",
              "timedOut": false,
              "duration": 0,
              "state": "passed",
              "speed": "fast",
              "pass": true,
              "fail": false,
              "pending": false,
              "context": null,
              "code": "const code_dummy = \"4'h0aB0'\";\nconst expected_number = {\n    signed_n: 0,\n    unsigned_n: 2736,\n    is_multi: false,\n    is_ok: true\n};\nconst current_number = (0, numbers_1.hdl_hover)(code_dummy, lang);\n(0, assert_1.deepEqual)(current_number, expected_number);",
              "err": {},
              "uuid": "a54738c5-7c37-49c4-8c16-398a6efacd0d",
              "parentUUID": "67933f4c-1e10-4374-bb17-92226b38e8d1",
              "isHook": false,
              "skipped": false
            },
            {
              "title": "Hexadeximal unsigned or signed",
              "fullTitle": "Check hover Verilog Hexadeximal unsigned or signed",
              "timedOut": false,
              "duration": 0,
              "state": "passed",
              "speed": "fast",
              "pass": true,
              "fail": false,
              "pending": false,
              "context": null,
              "code": "const code_dummy = \"4'haaB0'\";\nconst expected_number = {\n    signed_n: -21840,\n    unsigned_n: 43696,\n    is_multi: true,\n    is_ok: true\n};\nconst current_number = (0, numbers_1.hdl_hover)(code_dummy, lang);\n(0, assert_1.deepEqual)(current_number, expected_number);",
              "err": {},
              "uuid": "5cd610c7-a156-426b-a76f-c0129bc37e40",
              "parentUUID": "67933f4c-1e10-4374-bb17-92226b38e8d1",
              "isHook": false,
              "skipped": false
            },
            {
              "title": "Hexadeximal unsigned or signed with separator",
              "fullTitle": "Check hover Verilog Hexadeximal unsigned or signed with separator",
              "timedOut": false,
              "duration": 0,
              "state": "passed",
              "speed": "fast",
              "pass": true,
              "fail": false,
              "pending": false,
              "context": null,
              "code": "const code_dummy = \"4'ha_a_b0'\";\nconst expected_number = {\n    signed_n: -21840,\n    unsigned_n: 43696,\n    is_multi: true,\n    is_ok: true\n};\nconst current_number = (0, numbers_1.hdl_hover)(code_dummy, lang);\n(0, assert_1.deepEqual)(current_number, expected_number);",
              "err": {},
              "uuid": "1aa4bf09-bf98-4a2e-8e47-247368b4d456",
              "parentUUID": "67933f4c-1e10-4374-bb17-92226b38e8d1",
              "isHook": false,
              "skipped": false
            },
            {
              "title": "Octal unsigned",
              "fullTitle": "Check hover Verilog Octal unsigned",
              "timedOut": false,
              "duration": 0,
              "state": "passed",
              "speed": "fast",
              "pass": true,
              "fail": false,
              "pending": false,
              "context": null,
              "code": "const code_dummy = \"4'o0175'\";\nconst expected_number = {\n    signed_n: 0,\n    unsigned_n: 125,\n    is_multi: false,\n    is_ok: true\n};\nconst current_number = (0, numbers_1.hdl_hover)(code_dummy, lang);\n(0, assert_1.deepEqual)(current_number, expected_number);",
              "err": {},
              "uuid": "98542ff2-f46e-4ae2-824a-a25e5864b0e3",
              "parentUUID": "67933f4c-1e10-4374-bb17-92226b38e8d1",
              "isHook": false,
              "skipped": false
            },
            {
              "title": "Octal unsigned or signed",
              "fullTitle": "Check hover Verilog Octal unsigned or signed",
              "timedOut": false,
              "duration": 0,
              "state": "passed",
              "speed": "fast",
              "pass": true,
              "fail": false,
              "pending": false,
              "context": null,
              "code": "const code_dummy = \"4'o232'\";\nconst expected_number = {\n    signed_n: -102,\n    unsigned_n: 154,\n    is_multi: true,\n    is_ok: true\n};\nconst current_number = (0, numbers_1.hdl_hover)(code_dummy, lang);\n(0, assert_1.deepEqual)(current_number, expected_number);",
              "err": {},
              "uuid": "3fb16665-37fc-4da5-a6e7-17c6643bcbcc",
              "parentUUID": "67933f4c-1e10-4374-bb17-92226b38e8d1",
              "isHook": false,
              "skipped": false
            },
            {
              "title": "Octal unsigned or signed with separator",
              "fullTitle": "Check hover Verilog Octal unsigned or signed with separator",
              "timedOut": false,
              "duration": 0,
              "state": "passed",
              "speed": "fast",
              "pass": true,
              "fail": false,
              "pending": false,
              "context": null,
              "code": "const code_dummy = \"4'o2_3_2'\";\nconst expected_number = {\n    signed_n: -102,\n    unsigned_n: 154,\n    is_multi: true,\n    is_ok: true\n};\nconst current_number = (0, numbers_1.hdl_hover)(code_dummy, lang);\n(0, assert_1.deepEqual)(current_number, expected_number);",
              "err": {},
              "uuid": "caba6943-662c-45b6-b426-c6b08d63ec58",
              "parentUUID": "67933f4c-1e10-4374-bb17-92226b38e8d1",
              "isHook": false,
              "skipped": false
            }
          ],
          "suites": [],
          "passes": [
            "c5cf26bc-b3ed-4a3b-94ba-ac1baaa89e9c",
            "92b2a978-23ee-40c5-ac71-68d165a8beb7",
            "12c2d884-20cb-4e89-8b73-92e26d83d919",
            "a54738c5-7c37-49c4-8c16-398a6efacd0d",
            "5cd610c7-a156-426b-a76f-c0129bc37e40",
            "1aa4bf09-bf98-4a2e-8e47-247368b4d456",
            "98542ff2-f46e-4ae2-824a-a25e5864b0e3",
            "3fb16665-37fc-4da5-a6e7-17c6643bcbcc",
            "caba6943-662c-45b6-b426-c6b08d63ec58"
          ],
          "failures": [],
          "pending": [],
          "skipped": [],
          "duration": 1,
          "root": false,
          "rootEmpty": false,
          "_timeout": 2000
        }
      ],
      "passes": [],
      "failures": [],
      "pending": [],
      "skipped": [
        "cce491e9-42d4-476e-9a29-3ea7fee302b9",
        "cf97bbc6-3c86-480d-b4e5-75bc502d294c"
      ],
      "duration": 0,
      "root": true,
      "rootEmpty": false,
      "_timeout": 2000
    }
  ],
  "meta": {
    "mocha": {
      "version": "9.2.2"
    },
    "mochawesome": {
      "options": {
        "quiet": false,
        "reportFilename": "mochawesome",
        "saveHtml": true,
        "saveJson": true,
        "consoleReporter": "spec",
        "useInlineDiffs": false,
        "code": true
      },
      "version": "7.1.3"
    },
    "marge": {
      "options": {
        "id": "default"
      },
      "version": "6.2.0"
    }
  }
}