{
  "stats": {
    "suites": 67,
    "tests": 217,
    "passes": 202,
    "pending": 15,
    "failures": 0,
    "start": "2023-01-11T18:27:06.155Z",
    "end": "2023-01-11T18:27:26.432Z",
    "duration": 20277,
    "testsRegistered": 219,
    "passPercent": 99.01960784313727,
    "pendingPercent": 6.8493150684931505,
    "other": 0,
    "hasOther": false,
    "skipped": 2,
    "hasSkipped": true
  },
  "results": [
    {
      "uuid": "590721f0-98c3-405c-a597-a3d4b7d46cf6",
      "title": "",
      "fullFile": "",
      "file": "",
      "beforeHooks": [],
      "afterHooks": [],
      "tests": [
        {
          "title": "Get top level VHDL",
          "fullTitle": "Get top level VHDL",
          "timedOut": false,
          "duration": 0,
          "state": null,
          "speed": null,
          "pass": false,
          "fail": false,
          "pending": false,
          "context": null,
          "code": "const code_dummy = `\nlibrary ieee;\nuse ieee.std_logic_1164.all;\nuse ieee.numeric_std.all;\nentity test_entity_name is\ngeneric (\n    a : integer;\n    b : unsigned;\n    c : signed;\n    d : std_logic;\n    e : std_logic_vector;\n    f : std_logic_vector(5 downto 0)\n  );\nport(\n  g : in std_logic;\n  h : out std_logic;\n  i : inout std_logic\n);\nend test_entity_name;  \narchitecture e_arch of test_entity_name is\nbegin \nend e_arch;\n`;\nconst expected = 'test_entity_name';\nconst current = await hdl_utils.get_toplevel(code_dummy, general_1.HDL_LANG.VHDL);\n(0, assert_1.equal)(current, expected);",
          "err": {},
          "uuid": "63fb2ede-b966-41a1-9852-4aef569579fb",
          "parentUUID": "590721f0-98c3-405c-a597-a3d4b7d46cf6",
          "isHook": false,
          "skipped": true
        },
        {
          "title": "Get top level Verilog",
          "fullTitle": "Get top level Verilog",
          "timedOut": false,
          "duration": 0,
          "state": null,
          "speed": null,
          "pass": false,
          "fail": false,
          "pending": false,
          "context": null,
          "code": "const code_dummy = `\nmodule test_entity_name2 \n    #(\n        parameter a=8,\n        parameter b=9,\n        parameter c=10, d=11\n    )\n    (\n        input e,\n        output f,\n        input reg g,\n        input wire h,\n        input reg [7:0] i, j,\n        input wire [9:0] k,\n        output wire [9:0] l\n    );  \n\n    function [7:0] sum;  \n        input [7:0] a, b;  \n        begin  \n            sum = a + b;  \n        end  \n    endfunction\n\n    wire m;\n    wire n, p;\n    reg [1:0] q;\n\n    localparam r = 2;\n\n    always @(posedge a) begin : label_0\n    end\n\n    always_comb begin\n    end\n\n    always_ff begin : label_1\n    end\n\n    always_latch begin\n    end\n\n    test_entity_name \n    #(\n      .a(a ),\n      .b(b ),\n      .c(c ),\n      .d (d )\n    )\n    test_entity_name_dut (\n      .e (e ),\n      .f (f ),\n      .g (g ),\n      .h (h ),\n      .i (i ),\n      .j (j ),\n      .k (k ),\n      .l  ( l)\n    );\n  \nendmodule\n`;\nconst expected = 'test_entity_name2';\nconst current = await hdl_utils.get_toplevel(code_dummy, general_1.HDL_LANG.VERILOG);\n(0, assert_1.equal)(current, expected);",
          "err": {},
          "uuid": "b16d3ca9-de58-4ba5-b1d1-389d6ecfd571",
          "parentUUID": "590721f0-98c3-405c-a597-a3d4b7d46cf6",
          "isHook": false,
          "skipped": true
        }
      ],
      "suites": [
        {
          "uuid": "cd1e4d15-a483-4343-8f84-246ce3778399",
          "title": "teroshdl:linter",
          "fullFile": "/home/runner/work/colibri/colibri/tests/command/linter/linter.spec.ts",
          "file": "/tests/command/linter/linter.spec.ts",
          "beforeHooks": [],
          "afterHooks": [],
          "tests": [
            {
              "title": "Check linter",
              "fullTitle": "teroshdl:linter Check linter",
              "timedOut": false,
              "duration": 0,
              "state": "pending",
              "speed": null,
              "pass": false,
              "fail": false,
              "pending": true,
              "context": null,
              "code": "",
              "err": {},
              "uuid": "6f3d537a-0888-4bd3-ad91-88a77a155142",
              "parentUUID": "cd1e4d15-a483-4343-8f84-246ce3778399",
              "isHook": false,
              "skipped": false
            }
          ],
          "suites": [],
          "passes": [],
          "failures": [],
          "pending": [
            "6f3d537a-0888-4bd3-ad91-88a77a155142"
          ],
          "skipped": [],
          "duration": 0,
          "root": false,
          "rootEmpty": false,
          "_timeout": 2000
        },
        {
          "uuid": "4a6f69f7-0906-41ac-ac80-acda8fb0beb5",
          "title": "teroshdl:template",
          "fullFile": "/home/runner/work/colibri/colibri/tests/command/template/template.spec.ts",
          "file": "/tests/command/template/template.spec.ts",
          "beforeHooks": [],
          "afterHooks": [],
          "tests": [
            {
              "title": "Check template",
              "fullTitle": "teroshdl:template Check template",
              "timedOut": false,
              "duration": 2113,
              "state": "passed",
              "speed": "slow",
              "pass": true,
              "fail": false,
              "pending": false,
              "context": null,
              "code": "if (context.timeout)\n    this.timeout(context.timeout);\nreturn run.call(this);",
              "err": {},
              "uuid": "f74d044c-4544-44a9-b25a-3b1e037398f2",
              "parentUUID": "4a6f69f7-0906-41ac-ac80-acda8fb0beb5",
              "isHook": false,
              "skipped": false
            }
          ],
          "suites": [],
          "passes": [
            "f74d044c-4544-44a9-b25a-3b1e037398f2"
          ],
          "failures": [],
          "pending": [],
          "skipped": [],
          "duration": 2113,
          "root": false,
          "rootEmpty": false,
          "_timeout": 2000
        },
        {
          "uuid": "62ce65a6-1d32-48ae-8101-1ff744307ae5",
          "title": "Check diagram generator",
          "fullFile": "/home/runner/work/colibri/colibri/tests/documenter/diagram.spec.ts",
          "file": "/tests/documenter/diagram.spec.ts",
          "beforeHooks": [],
          "afterHooks": [],
          "tests": [
            {
              "title": "With ports and generics and color",
              "fullTitle": "Check diagram generator With ports and generics and color",
              "timedOut": false,
              "duration": 376,
              "state": "passed",
              "speed": "slow",
              "pass": true,
              "fail": false,
              "pending": false,
              "context": null,
              "code": "const test_index = 0;\nconst OPT = {\n    blackandwhite: false\n};\nconst hdl_element = new common_hdl.Hdl_element(general_1.HDL_LANG.VHDL, common_hdl.TYPE_HDL_ELEMENT.ENTITY);\n// Ports\nhdl_element.add_port(port_input);\nhdl_element.add_port(port_output);\n// Generics\nhdl_element.add_generic(generic_0);\nhdl_element.add_generic(generic_1);\nconst svg_diagram = diagram.diagram_generator(hdl_element, OPT);\nconst file_o = paht_lib.join(C_OUTPUT_BASE_PATH, `output_${test_index}.svg`);\nfs.writeFileSync(file_o, svg_diagram);\ncheck_test(test_index);",
              "err": {},
              "uuid": "411dea26-1614-4688-95b0-5707f71ebf33",
              "parentUUID": "62ce65a6-1d32-48ae-8101-1ff744307ae5",
              "isHook": false,
              "skipped": false
            },
            {
              "title": "Only ports and color",
              "fullTitle": "Check diagram generator Only ports and color",
              "timedOut": false,
              "duration": 11,
              "state": "passed",
              "speed": "fast",
              "pass": true,
              "fail": false,
              "pending": false,
              "context": null,
              "code": "const test_index = 1;\nconst OPT = {\n    blackandwhite: false\n};\nconst hdl_element = new common_hdl.Hdl_element(general_1.HDL_LANG.VHDL, common_hdl.TYPE_HDL_ELEMENT.ENTITY);\n// Ports\nhdl_element.add_port(port_input);\nhdl_element.add_port(port_output);\nconst svg_diagram = diagram.diagram_generator(hdl_element, OPT);\nconst file_o = paht_lib.join(C_OUTPUT_BASE_PATH, `output_${test_index}.svg`);\nfs.writeFileSync(file_o, svg_diagram);\ncheck_test(test_index);",
              "err": {},
              "uuid": "287b0161-2774-4e84-adb0-e4ef6dd8d8c1",
              "parentUUID": "62ce65a6-1d32-48ae-8101-1ff744307ae5",
              "isHook": false,
              "skipped": false
            },
            {
              "title": "Only generics and color",
              "fullTitle": "Check diagram generator Only generics and color",
              "timedOut": false,
              "duration": 26,
              "state": "passed",
              "speed": "fast",
              "pass": true,
              "fail": false,
              "pending": false,
              "context": null,
              "code": "const test_index = 2;\nconst OPT = {\n    blackandwhite: false\n};\nconst hdl_element = new common_hdl.Hdl_element(general_1.HDL_LANG.VHDL, common_hdl.TYPE_HDL_ELEMENT.ENTITY);\n// Generics\nhdl_element.add_generic(generic_0);\nhdl_element.add_generic(generic_1);\nconst svg_diagram = diagram.diagram_generator(hdl_element, OPT);\nconst file_o = paht_lib.join(C_OUTPUT_BASE_PATH, `output_${test_index}.svg`);\nfs.writeFileSync(file_o, svg_diagram);\ncheck_test(test_index);",
              "err": {},
              "uuid": "827789d2-9427-4281-aea6-615d4f80fe32",
              "parentUUID": "62ce65a6-1d32-48ae-8101-1ff744307ae5",
              "isHook": false,
              "skipped": false
            },
            {
              "title": "Empty and color",
              "fullTitle": "Check diagram generator Empty and color",
              "timedOut": false,
              "duration": 10,
              "state": "passed",
              "speed": "fast",
              "pass": true,
              "fail": false,
              "pending": false,
              "context": null,
              "code": "const test_index = 3;\nconst OPT = {\n    blackandwhite: false\n};\nconst hdl_element = new common_hdl.Hdl_element(general_1.HDL_LANG.VHDL, common_hdl.TYPE_HDL_ELEMENT.ENTITY);\nconst svg_diagram = diagram.diagram_generator(hdl_element, OPT);\nconst file_o = paht_lib.join(C_OUTPUT_BASE_PATH, `output_${test_index}.svg`);\nfs.writeFileSync(file_o, svg_diagram);\ncheck_test(test_index);",
              "err": {},
              "uuid": "b7208957-2418-4f8e-987e-0945fa270a02",
              "parentUUID": "62ce65a6-1d32-48ae-8101-1ff744307ae5",
              "isHook": false,
              "skipped": false
            },
            {
              "title": "With ports and generics and black and white",
              "fullTitle": "Check diagram generator With ports and generics and black and white",
              "timedOut": false,
              "duration": 44,
              "state": "passed",
              "speed": "medium",
              "pass": true,
              "fail": false,
              "pending": false,
              "context": null,
              "code": "const test_index = 4;\nconst OPT = {\n    blackandwhite: true\n};\nconst hdl_element = new common_hdl.Hdl_element(general_1.HDL_LANG.VHDL, common_hdl.TYPE_HDL_ELEMENT.ENTITY);\n// Ports\nhdl_element.add_port(port_input);\nhdl_element.add_port(port_output);\n// Generics\nhdl_element.add_generic(generic_0);\nhdl_element.add_generic(generic_1);\nconst svg_diagram = diagram.diagram_generator(hdl_element, OPT);\nconst file_o = paht_lib.join(C_OUTPUT_BASE_PATH, `output_${test_index}.svg`);\nfs.writeFileSync(file_o, svg_diagram);\ncheck_test(test_index);",
              "err": {},
              "uuid": "d16db03d-fc68-44ee-92a4-30e1ba8c1dbc",
              "parentUUID": "62ce65a6-1d32-48ae-8101-1ff744307ae5",
              "isHook": false,
              "skipped": false
            }
          ],
          "suites": [],
          "passes": [
            "411dea26-1614-4688-95b0-5707f71ebf33",
            "287b0161-2774-4e84-adb0-e4ef6dd8d8c1",
            "827789d2-9427-4281-aea6-615d4f80fe32",
            "b7208957-2418-4f8e-987e-0945fa270a02",
            "d16db03d-fc68-44ee-92a4-30e1ba8c1dbc"
          ],
          "failures": [],
          "pending": [],
          "skipped": [],
          "duration": 467,
          "root": false,
          "rootEmpty": false,
          "_timeout": 2000
        },
        {
          "uuid": "da1bd16a-3220-41aa-8cb4-d32ed42f4628",
          "title": "Check documenter creator with html",
          "fullFile": "/home/runner/work/colibri/colibri/tests/documenter/documenter.spec.ts",
          "file": "/tests/documenter/documenter.spec.ts",
          "beforeHooks": [],
          "afterHooks": [],
          "tests": [
            {
              "title": "Entity VHDL",
              "fullTitle": "Check documenter creator with html Entity VHDL",
              "timedOut": false,
              "duration": 785,
              "state": "passed",
              "speed": "slow",
              "pass": true,
              "fail": false,
              "pending": false,
              "context": null,
              "code": "const hdl_lang = general_1.HDL_LANG.VHDL;\nconst hdl_type = 'entity';\nawait run(hdl_type, hdl_lang, output_type_inst);",
              "err": {},
              "uuid": "7b40ddad-be13-489c-b094-76713c4eeef3",
              "parentUUID": "da1bd16a-3220-41aa-8cb4-d32ed42f4628",
              "isHook": false,
              "skipped": false
            },
            {
              "title": "Package VHDL",
              "fullTitle": "Check documenter creator with html Package VHDL",
              "timedOut": false,
              "duration": 561,
              "state": "passed",
              "speed": "slow",
              "pass": true,
              "fail": false,
              "pending": false,
              "context": null,
              "code": "const hdl_lang = general_1.HDL_LANG.VHDL;\nconst hdl_type = 'package';\nawait run(hdl_type, hdl_lang, output_type_inst);",
              "err": {},
              "uuid": "baca1f6c-e74d-465b-b4b4-84d347baf9e1",
              "parentUUID": "da1bd16a-3220-41aa-8cb4-d32ed42f4628",
              "isHook": false,
              "skipped": false
            },
            {
              "title": "Module Verilog",
              "fullTitle": "Check documenter creator with html Module Verilog",
              "timedOut": false,
              "duration": 1336,
              "state": "passed",
              "speed": "slow",
              "pass": true,
              "fail": false,
              "pending": false,
              "context": null,
              "code": "const hdl_lang = general_1.HDL_LANG.VERILOG;\nconst hdl_type = 'entity';\nawait run(hdl_type, hdl_lang, output_type_inst);",
              "err": {},
              "uuid": "b24f2073-8912-434b-a635-e4272e054717",
              "parentUUID": "da1bd16a-3220-41aa-8cb4-d32ed42f4628",
              "isHook": false,
              "skipped": false
            },
            {
              "title": "Package SystemVerilog",
              "fullTitle": "Check documenter creator with html Package SystemVerilog",
              "timedOut": false,
              "duration": 298,
              "state": "passed",
              "speed": "slow",
              "pass": true,
              "fail": false,
              "pending": false,
              "context": null,
              "code": "const hdl_lang = general_1.HDL_LANG.SYSTEMVERILOG;\nconst hdl_type = 'package';\nawait run(hdl_type, hdl_lang, output_type_inst);",
              "err": {},
              "uuid": "0120d507-583a-49db-a50c-ab1eb4ae1004",
              "parentUUID": "da1bd16a-3220-41aa-8cb4-d32ed42f4628",
              "isHook": false,
              "skipped": false
            },
            {
              "title": "Interface SystemVerilog",
              "fullTitle": "Check documenter creator with html Interface SystemVerilog",
              "timedOut": false,
              "duration": 343,
              "state": "passed",
              "speed": "slow",
              "pass": true,
              "fail": false,
              "pending": false,
              "context": null,
              "code": "const hdl_lang = general_1.HDL_LANG.SYSTEMVERILOG;\nconst hdl_type = 'interface';\nawait run(hdl_type, hdl_lang, output_type_inst);",
              "err": {},
              "uuid": "3f097769-62c3-4bc0-838a-ffbb9e1d69aa",
              "parentUUID": "da1bd16a-3220-41aa-8cb4-d32ed42f4628",
              "isHook": false,
              "skipped": false
            }
          ],
          "suites": [],
          "passes": [
            "7b40ddad-be13-489c-b094-76713c4eeef3",
            "baca1f6c-e74d-465b-b4b4-84d347baf9e1",
            "b24f2073-8912-434b-a635-e4272e054717",
            "0120d507-583a-49db-a50c-ab1eb4ae1004",
            "3f097769-62c3-4bc0-838a-ffbb9e1d69aa"
          ],
          "failures": [],
          "pending": [],
          "skipped": [],
          "duration": 3323,
          "root": false,
          "rootEmpty": false,
          "_timeout": 2000
        },
        {
          "uuid": "baaa5d49-ab87-4ee2-b01e-0b96803b7052",
          "title": "Check documenter creator with markdown",
          "fullFile": "/home/runner/work/colibri/colibri/tests/documenter/documenter.spec.ts",
          "file": "/tests/documenter/documenter.spec.ts",
          "beforeHooks": [],
          "afterHooks": [],
          "tests": [
            {
              "title": "Entity VHDL",
              "fullTitle": "Check documenter creator with markdown Entity VHDL",
              "timedOut": false,
              "duration": 381,
              "state": "passed",
              "speed": "slow",
              "pass": true,
              "fail": false,
              "pending": false,
              "context": null,
              "code": "const hdl_lang = general_1.HDL_LANG.VHDL;\nconst hdl_type = 'entity';\nawait run(hdl_type, hdl_lang, output_type_inst);",
              "err": {},
              "uuid": "c73e0d19-317b-4d75-982c-86cfc57f96bf",
              "parentUUID": "baaa5d49-ab87-4ee2-b01e-0b96803b7052",
              "isHook": false,
              "skipped": false
            },
            {
              "title": "Package VHDL",
              "fullTitle": "Check documenter creator with markdown Package VHDL",
              "timedOut": false,
              "duration": 391,
              "state": "passed",
              "speed": "slow",
              "pass": true,
              "fail": false,
              "pending": false,
              "context": null,
              "code": "const hdl_lang = general_1.HDL_LANG.VHDL;\nconst hdl_type = 'package';\nawait run(hdl_type, hdl_lang, output_type_inst);",
              "err": {},
              "uuid": "19328d17-8d64-4a24-a1bc-145a555fec33",
              "parentUUID": "baaa5d49-ab87-4ee2-b01e-0b96803b7052",
              "isHook": false,
              "skipped": false
            },
            {
              "title": "Module Verilog",
              "fullTitle": "Check documenter creator with markdown Module Verilog",
              "timedOut": false,
              "duration": 658,
              "state": "passed",
              "speed": "slow",
              "pass": true,
              "fail": false,
              "pending": false,
              "context": null,
              "code": "const hdl_lang = general_1.HDL_LANG.VERILOG;\nconst hdl_type = 'entity';\nawait run(hdl_type, hdl_lang, output_type_inst);",
              "err": {},
              "uuid": "195f67d0-6027-44b7-b35d-1cc3391f0e19",
              "parentUUID": "baaa5d49-ab87-4ee2-b01e-0b96803b7052",
              "isHook": false,
              "skipped": false
            },
            {
              "title": "Package SystemVerilog",
              "fullTitle": "Check documenter creator with markdown Package SystemVerilog",
              "timedOut": false,
              "duration": 386,
              "state": "passed",
              "speed": "slow",
              "pass": true,
              "fail": false,
              "pending": false,
              "context": null,
              "code": "const hdl_lang = general_1.HDL_LANG.SYSTEMVERILOG;\nconst hdl_type = 'package';\nawait run(hdl_type, hdl_lang, output_type_inst);",
              "err": {},
              "uuid": "fe0d7e82-6ac3-494d-84fb-1bb85bf51ac2",
              "parentUUID": "baaa5d49-ab87-4ee2-b01e-0b96803b7052",
              "isHook": false,
              "skipped": false
            },
            {
              "title": "Interface SystemVerilog",
              "fullTitle": "Check documenter creator with markdown Interface SystemVerilog",
              "timedOut": false,
              "duration": 364,
              "state": "passed",
              "speed": "slow",
              "pass": true,
              "fail": false,
              "pending": false,
              "context": null,
              "code": "const hdl_lang = general_1.HDL_LANG.SYSTEMVERILOG;\nconst hdl_type = 'interface';\nawait run(hdl_type, hdl_lang, output_type_inst);",
              "err": {},
              "uuid": "e08e1c3d-5ef6-4c92-bdad-f78ac99136ad",
              "parentUUID": "baaa5d49-ab87-4ee2-b01e-0b96803b7052",
              "isHook": false,
              "skipped": false
            }
          ],
          "suites": [],
          "passes": [
            "c73e0d19-317b-4d75-982c-86cfc57f96bf",
            "19328d17-8d64-4a24-a1bc-145a555fec33",
            "195f67d0-6027-44b7-b35d-1cc3391f0e19",
            "fe0d7e82-6ac3-494d-84fb-1bb85bf51ac2",
            "e08e1c3d-5ef6-4c92-bdad-f78ac99136ad"
          ],
          "failures": [],
          "pending": [],
          "skipped": [],
          "duration": 2180,
          "root": false,
          "rootEmpty": false,
          "_timeout": 2000
        },
        {
          "uuid": "6837c383-74a7-49ab-9cfa-9bb4bd135c67",
          "title": "Test Doxygen elements single line and only 1 element in the description.",
          "fullFile": "/home/runner/work/colibri/colibri/tests/documenter/doxygen.spec.ts",
          "file": "/tests/documenter/doxygen.spec.ts",
          "beforeHooks": [],
          "afterHooks": [],
          "tests": [
            {
              "title": "Testing author",
              "fullTitle": "Test Doxygen elements single line and only 1 element in the description. Testing author",
              "timedOut": false,
              "duration": 1,
              "state": "passed",
              "speed": "fast",
              "pass": true,
              "fail": false,
              "pending": false,
              "context": null,
              "code": "const result = (0, doxygen_parser_1.parse_doxygen)(element.input);\n(0, assert_1.equal)(result.element_list[0].description, element.output);",
              "err": {},
              "uuid": "2d7cceb4-75f4-4f37-bf9c-70e80f63f64a",
              "parentUUID": "6837c383-74a7-49ab-9cfa-9bb4bd135c67",
              "isHook": false,
              "skipped": false
            },
            {
              "title": "Testing version",
              "fullTitle": "Test Doxygen elements single line and only 1 element in the description. Testing version",
              "timedOut": false,
              "duration": 0,
              "state": "passed",
              "speed": "fast",
              "pass": true,
              "fail": false,
              "pending": false,
              "context": null,
              "code": "const result = (0, doxygen_parser_1.parse_doxygen)(element.input);\n(0, assert_1.equal)(result.element_list[0].description, element.output);",
              "err": {},
              "uuid": "824c4542-bcc4-474b-9fc9-06c53b8ea14f",
              "parentUUID": "6837c383-74a7-49ab-9cfa-9bb4bd135c67",
              "isHook": false,
              "skipped": false
            },
            {
              "title": "Testing project",
              "fullTitle": "Test Doxygen elements single line and only 1 element in the description. Testing project",
              "timedOut": false,
              "duration": 0,
              "state": "passed",
              "speed": "fast",
              "pass": true,
              "fail": false,
              "pending": false,
              "context": null,
              "code": "const result = (0, doxygen_parser_1.parse_doxygen)(element.input);\n(0, assert_1.equal)(result.element_list[0].description, element.output);",
              "err": {},
              "uuid": "ecb04155-4661-4e6e-8b97-cca6f8f86650",
              "parentUUID": "6837c383-74a7-49ab-9cfa-9bb4bd135c67",
              "isHook": false,
              "skipped": false
            },
            {
              "title": "Testing copyright",
              "fullTitle": "Test Doxygen elements single line and only 1 element in the description. Testing copyright",
              "timedOut": false,
              "duration": 0,
              "state": "passed",
              "speed": "fast",
              "pass": true,
              "fail": false,
              "pending": false,
              "context": null,
              "code": "const result = (0, doxygen_parser_1.parse_doxygen)(element.input);\n(0, assert_1.equal)(result.element_list[0].description, element.output);",
              "err": {},
              "uuid": "d7b06b29-9d71-482d-b75b-6c0aad2bfd42",
              "parentUUID": "6837c383-74a7-49ab-9cfa-9bb4bd135c67",
              "isHook": false,
              "skipped": false
            },
            {
              "title": "Testing brief",
              "fullTitle": "Test Doxygen elements single line and only 1 element in the description. Testing brief",
              "timedOut": false,
              "duration": 0,
              "state": "passed",
              "speed": "fast",
              "pass": true,
              "fail": false,
              "pending": false,
              "context": null,
              "code": "const result = (0, doxygen_parser_1.parse_doxygen)(element.input);\n(0, assert_1.equal)(result.element_list[0].description, element.output);",
              "err": {},
              "uuid": "258d0e65-0b99-496c-97a8-501a6d9e8ec2",
              "parentUUID": "6837c383-74a7-49ab-9cfa-9bb4bd135c67",
              "isHook": false,
              "skipped": false
            },
            {
              "title": "Testing details",
              "fullTitle": "Test Doxygen elements single line and only 1 element in the description. Testing details",
              "timedOut": false,
              "duration": 0,
              "state": "passed",
              "speed": "fast",
              "pass": true,
              "fail": false,
              "pending": false,
              "context": null,
              "code": "const result = (0, doxygen_parser_1.parse_doxygen)(element.input);\n(0, assert_1.equal)(result.element_list[0].description, element.output);",
              "err": {},
              "uuid": "fcfa72bf-2b4d-4759-ad7b-12980ad67ab3",
              "parentUUID": "6837c383-74a7-49ab-9cfa-9bb4bd135c67",
              "isHook": false,
              "skipped": false
            },
            {
              "title": "Testing custom_section_begin",
              "fullTitle": "Test Doxygen elements single line and only 1 element in the description. Testing custom_section_begin",
              "timedOut": false,
              "duration": 0,
              "state": "passed",
              "speed": "fast",
              "pass": true,
              "fail": false,
              "pending": false,
              "context": null,
              "code": "const result = (0, doxygen_parser_1.parse_doxygen)(element.input);\n(0, assert_1.equal)(result.element_list[0].description, element.output);",
              "err": {},
              "uuid": "ddadebdb-c277-441f-9399-adb9cb49e0ae",
              "parentUUID": "6837c383-74a7-49ab-9cfa-9bb4bd135c67",
              "isHook": false,
              "skipped": false
            },
            {
              "title": "Testing custom_section_end",
              "fullTitle": "Test Doxygen elements single line and only 1 element in the description. Testing custom_section_end",
              "timedOut": false,
              "duration": 0,
              "state": "passed",
              "speed": "fast",
              "pass": true,
              "fail": false,
              "pending": false,
              "context": null,
              "code": "const result = (0, doxygen_parser_1.parse_doxygen)(element.input);\n(0, assert_1.equal)(result.element_list[0].description, element.output);",
              "err": {},
              "uuid": "7f21dbda-0a6f-4169-bc98-0759a61fcac7",
              "parentUUID": "6837c383-74a7-49ab-9cfa-9bb4bd135c67",
              "isHook": false,
              "skipped": false
            }
          ],
          "suites": [],
          "passes": [
            "2d7cceb4-75f4-4f37-bf9c-70e80f63f64a",
            "824c4542-bcc4-474b-9fc9-06c53b8ea14f",
            "ecb04155-4661-4e6e-8b97-cca6f8f86650",
            "d7b06b29-9d71-482d-b75b-6c0aad2bfd42",
            "258d0e65-0b99-496c-97a8-501a6d9e8ec2",
            "fcfa72bf-2b4d-4759-ad7b-12980ad67ab3",
            "ddadebdb-c277-441f-9399-adb9cb49e0ae",
            "7f21dbda-0a6f-4169-bc98-0759a61fcac7"
          ],
          "failures": [],
          "pending": [],
          "skipped": [],
          "duration": 1,
          "root": false,
          "rootEmpty": false,
          "_timeout": 2000
        },
        {
          "uuid": "c13dac17-3248-4996-8e64-e90e339840cb",
          "title": "Test Doxygen elements multi line and only 1 element in the description.",
          "fullFile": "/home/runner/work/colibri/colibri/tests/documenter/doxygen.spec.ts",
          "file": "/tests/documenter/doxygen.spec.ts",
          "beforeHooks": [],
          "afterHooks": [],
          "tests": [
            {
              "title": "Testing author",
              "fullTitle": "Test Doxygen elements multi line and only 1 element in the description. Testing author",
              "timedOut": false,
              "duration": 0,
              "state": "passed",
              "speed": "fast",
              "pass": true,
              "fail": false,
              "pending": false,
              "context": null,
              "code": "const result = (0, doxygen_parser_1.parse_doxygen)(element.input);\n(0, assert_1.equal)(result.element_list[0].description, element.output);",
              "err": {},
              "uuid": "32c46725-f884-4849-beeb-9fe8692f9103",
              "parentUUID": "c13dac17-3248-4996-8e64-e90e339840cb",
              "isHook": false,
              "skipped": false
            },
            {
              "title": "Testing version",
              "fullTitle": "Test Doxygen elements multi line and only 1 element in the description. Testing version",
              "timedOut": false,
              "duration": 0,
              "state": "passed",
              "speed": "fast",
              "pass": true,
              "fail": false,
              "pending": false,
              "context": null,
              "code": "const result = (0, doxygen_parser_1.parse_doxygen)(element.input);\n(0, assert_1.equal)(result.element_list[0].description, element.output);",
              "err": {},
              "uuid": "ca08bf44-2794-4fdf-84fe-5fe624239418",
              "parentUUID": "c13dac17-3248-4996-8e64-e90e339840cb",
              "isHook": false,
              "skipped": false
            },
            {
              "title": "Testing project",
              "fullTitle": "Test Doxygen elements multi line and only 1 element in the description. Testing project",
              "timedOut": false,
              "duration": 0,
              "state": "passed",
              "speed": "fast",
              "pass": true,
              "fail": false,
              "pending": false,
              "context": null,
              "code": "const result = (0, doxygen_parser_1.parse_doxygen)(element.input);\n(0, assert_1.equal)(result.element_list[0].description, element.output);",
              "err": {},
              "uuid": "238434e0-4518-485f-824f-76766a20298e",
              "parentUUID": "c13dac17-3248-4996-8e64-e90e339840cb",
              "isHook": false,
              "skipped": false
            },
            {
              "title": "Testing copyright",
              "fullTitle": "Test Doxygen elements multi line and only 1 element in the description. Testing copyright",
              "timedOut": false,
              "duration": 0,
              "state": "passed",
              "speed": "fast",
              "pass": true,
              "fail": false,
              "pending": false,
              "context": null,
              "code": "const result = (0, doxygen_parser_1.parse_doxygen)(element.input);\n(0, assert_1.equal)(result.element_list[0].description, element.output);",
              "err": {},
              "uuid": "91abe691-954a-47aa-b279-aef8fb6eaa22",
              "parentUUID": "c13dac17-3248-4996-8e64-e90e339840cb",
              "isHook": false,
              "skipped": false
            },
            {
              "title": "Testing brief",
              "fullTitle": "Test Doxygen elements multi line and only 1 element in the description. Testing brief",
              "timedOut": false,
              "duration": 0,
              "state": "passed",
              "speed": "fast",
              "pass": true,
              "fail": false,
              "pending": false,
              "context": null,
              "code": "const result = (0, doxygen_parser_1.parse_doxygen)(element.input);\n(0, assert_1.equal)(result.element_list[0].description, element.output);",
              "err": {},
              "uuid": "adf56091-ca65-4c62-8119-c4e070d9d4b0",
              "parentUUID": "c13dac17-3248-4996-8e64-e90e339840cb",
              "isHook": false,
              "skipped": false
            },
            {
              "title": "Testing details",
              "fullTitle": "Test Doxygen elements multi line and only 1 element in the description. Testing details",
              "timedOut": false,
              "duration": 0,
              "state": "passed",
              "speed": "fast",
              "pass": true,
              "fail": false,
              "pending": false,
              "context": null,
              "code": "const result = (0, doxygen_parser_1.parse_doxygen)(element.input);\n(0, assert_1.equal)(result.element_list[0].description, element.output);",
              "err": {},
              "uuid": "4d8d1980-98c4-4bc7-a684-fbb6de1d4b70",
              "parentUUID": "c13dac17-3248-4996-8e64-e90e339840cb",
              "isHook": false,
              "skipped": false
            },
            {
              "title": "Testing custom_section_begin",
              "fullTitle": "Test Doxygen elements multi line and only 1 element in the description. Testing custom_section_begin",
              "timedOut": false,
              "duration": 0,
              "state": "passed",
              "speed": "fast",
              "pass": true,
              "fail": false,
              "pending": false,
              "context": null,
              "code": "const result = (0, doxygen_parser_1.parse_doxygen)(element.input);\n(0, assert_1.equal)(result.element_list[0].description, element.output);",
              "err": {},
              "uuid": "ec24c15b-7999-466a-8762-8b7e52416556",
              "parentUUID": "c13dac17-3248-4996-8e64-e90e339840cb",
              "isHook": false,
              "skipped": false
            },
            {
              "title": "Testing custom_section_end",
              "fullTitle": "Test Doxygen elements multi line and only 1 element in the description. Testing custom_section_end",
              "timedOut": false,
              "duration": 0,
              "state": "passed",
              "speed": "fast",
              "pass": true,
              "fail": false,
              "pending": false,
              "context": null,
              "code": "const result = (0, doxygen_parser_1.parse_doxygen)(element.input);\n(0, assert_1.equal)(result.element_list[0].description, element.output);",
              "err": {},
              "uuid": "0bcf200e-914c-45cb-b717-6839cee4adf5",
              "parentUUID": "c13dac17-3248-4996-8e64-e90e339840cb",
              "isHook": false,
              "skipped": false
            }
          ],
          "suites": [],
          "passes": [
            "32c46725-f884-4849-beeb-9fe8692f9103",
            "ca08bf44-2794-4fdf-84fe-5fe624239418",
            "238434e0-4518-485f-824f-76766a20298e",
            "91abe691-954a-47aa-b279-aef8fb6eaa22",
            "adf56091-ca65-4c62-8119-c4e070d9d4b0",
            "4d8d1980-98c4-4bc7-a684-fbb6de1d4b70",
            "ec24c15b-7999-466a-8762-8b7e52416556",
            "0bcf200e-914c-45cb-b717-6839cee4adf5"
          ],
          "failures": [],
          "pending": [],
          "skipped": [],
          "duration": 0,
          "root": false,
          "rootEmpty": false,
          "_timeout": 2000
        },
        {
          "uuid": "1c705715-c504-40fd-a8f7-53f4cd0323b0",
          "title": "Check sections creator with html",
          "fullFile": "/home/runner/work/colibri/colibri/tests/documenter/section_creator.spec.ts",
          "file": "/tests/documenter/section_creator.spec.ts",
          "beforeHooks": [],
          "afterHooks": [],
          "tests": [
            {
              "title": "Title section",
              "fullTitle": "Check sections creator with html Title section",
              "timedOut": false,
              "duration": 1,
              "state": "passed",
              "speed": "fast",
              "pass": true,
              "fail": false,
              "pending": false,
              "context": null,
              "code": "const section_name = \"title\";\nconst section = creator.get_title_section(hdl_element, configuration, output_type_inst);\nsave_output(section, section_name, output_type_inst);\ncheck(section_name, output_type_inst, false);",
              "err": {},
              "uuid": "e42daa71-d7fe-4a15-94e5-94acd8e37859",
              "parentUUID": "1c705715-c504-40fd-a8f7-53f4cd0323b0",
              "isHook": false,
              "skipped": false
            },
            {
              "title": "Input section",
              "fullTitle": "Check sections creator with html Input section",
              "timedOut": false,
              "duration": 1,
              "state": "passed",
              "speed": "fast",
              "pass": true,
              "fail": false,
              "pending": false,
              "context": null,
              "code": "const section_name = \"input\";\nconst file_path = \"/example/of/sample.vhd\";\nconst section = creator.get_input_section(file_path, configuration, output_type_inst);\nsave_output(section, section_name, output_type_inst);\ncheck(section_name, output_type_inst, false);",
              "err": {},
              "uuid": "cc391916-0aa6-4a2e-bb50-e73792138fd7",
              "parentUUID": "1c705715-c504-40fd-a8f7-53f4cd0323b0",
              "isHook": false,
              "skipped": false
            },
            {
              "title": "Info section",
              "fullTitle": "Check sections creator with html Info section",
              "timedOut": false,
              "duration": 1,
              "state": "passed",
              "speed": "fast",
              "pass": true,
              "fail": false,
              "pending": false,
              "context": null,
              "code": "const section_name = \"info\";\nconst section = creator.get_info_section(hdl_element, configuration, output_type_inst);\nsave_output(section, section_name, output_type_inst);\ncheck(section_name, output_type_inst, false);",
              "err": {},
              "uuid": "ec93e9e0-9795-457d-8d7d-84e6fdfb19de",
              "parentUUID": "1c705715-c504-40fd-a8f7-53f4cd0323b0",
              "isHook": false,
              "skipped": false
            },
            {
              "title": "Diagram section",
              "fullTitle": "Check sections creator with html Diagram section",
              "timedOut": false,
              "duration": 0,
              "state": "pending",
              "speed": null,
              "pass": false,
              "fail": false,
              "pending": true,
              "context": null,
              "code": "this.skip();\nconst section_name = \"diagram\";\nconst svg_path = paht_lib.join(C_OUTPUT_BASE_PATH, 'input_path.svg');\nconst section = creator.get_diagram_section(hdl_element, configuration, svg_path, output_type_inst);\nsave_output(section, section_name, output_type_inst);\ncheck(section_name, output_type_inst, true);",
              "err": {},
              "uuid": "022bd58a-f1a2-4369-8f21-571da71280e3",
              "parentUUID": "1c705715-c504-40fd-a8f7-53f4cd0323b0",
              "isHook": false,
              "skipped": false
            },
            {
              "title": "Custom begin section",
              "fullTitle": "Check sections creator with html Custom begin section",
              "timedOut": false,
              "duration": 167,
              "state": "passed",
              "speed": "slow",
              "pass": true,
              "fail": false,
              "pending": false,
              "context": null,
              "code": "const section_name = \"custom_section_begin\";\nconst input_path = paht_lib.join(__dirname, 'section_creator', 'helpers', 'input_path.vhd');\nconst section = creator.get_custom_section('custom_section_begin', hdl_element, input_path, output_type_inst);\nsave_output(section, section_name, output_type_inst);\ncheck(section_name, output_type_inst, false);",
              "err": {},
              "uuid": "12429b6e-8505-4084-910a-275fe439239e",
              "parentUUID": "1c705715-c504-40fd-a8f7-53f4cd0323b0",
              "isHook": false,
              "skipped": false
            },
            {
              "title": "Custom end section",
              "fullTitle": "Check sections creator with html Custom end section",
              "timedOut": false,
              "duration": 1,
              "state": "passed",
              "speed": "fast",
              "pass": true,
              "fail": false,
              "pending": false,
              "context": null,
              "code": "const section_name = \"custom_section_end\";\nconst input_path = paht_lib.join(__dirname, 'section_creator', 'helpers', 'input_path.vhd');\nconst section = creator.get_custom_section('custom_section_end', hdl_element, input_path, output_type_inst);\nsave_output(section, section_name, output_type_inst);\ncheck(section_name, output_type_inst, false);",
              "err": {},
              "uuid": "6e8bf899-e037-49bf-a192-9361a6493541",
              "parentUUID": "1c705715-c504-40fd-a8f7-53f4cd0323b0",
              "isHook": false,
              "skipped": false
            },
            {
              "title": "Description section",
              "fullTitle": "Check sections creator with html Description section",
              "timedOut": false,
              "duration": 15,
              "state": "passed",
              "speed": "fast",
              "pass": true,
              "fail": false,
              "pending": false,
              "context": null,
              "code": "if (output_type_inst === common_documenter.doc_output_type.MARKDOWN) {\n    this.skip();\n}\nconst section_name = \"description\";\nconst section = creator.get_description_section(hdl_element, configuration, C_OUTPUT_BASE_PATH, output_type_inst);\nsave_output(section, section_name, output_type_inst);\ncheck(section_name, output_type_inst, false);",
              "err": {},
              "uuid": "038318d2-5f0c-4cee-b3bb-73e6e23851e2",
              "parentUUID": "1c705715-c504-40fd-a8f7-53f4cd0323b0",
              "isHook": false,
              "skipped": false
            },
            {
              "title": "Port section",
              "fullTitle": "Check sections creator with html Port section",
              "timedOut": false,
              "duration": 2,
              "state": "passed",
              "speed": "fast",
              "pass": true,
              "fail": false,
              "pending": false,
              "context": null,
              "code": "const section_name = \"port\";\nconst section = creator.get_in_out_section(hdl_element, configuration, output_type_inst);\nsave_output(section, section_name, output_type_inst);\ncheck(section_name, output_type_inst, false);",
              "err": {},
              "uuid": "54ef0ee8-b28e-4bdd-bc30-bf309d9abad9",
              "parentUUID": "1c705715-c504-40fd-a8f7-53f4cd0323b0",
              "isHook": false,
              "skipped": false
            },
            {
              "title": "Signal-constant section",
              "fullTitle": "Check sections creator with html Signal-constant section",
              "timedOut": false,
              "duration": 3,
              "state": "passed",
              "speed": "fast",
              "pass": true,
              "fail": false,
              "pending": false,
              "context": null,
              "code": "const section_name = \"signal_constant\";\nconst section = creator.get_signal_constant_section(hdl_element, configuration, output_type_inst);\nsave_output(section, section_name, output_type_inst);\ncheck(section_name, output_type_inst, false);",
              "err": {},
              "uuid": "7292270d-55b0-43c7-a20e-127837176206",
              "parentUUID": "1c705715-c504-40fd-a8f7-53f4cd0323b0",
              "isHook": false,
              "skipped": false
            },
            {
              "title": "Process section",
              "fullTitle": "Check sections creator with html Process section",
              "timedOut": false,
              "duration": 1,
              "state": "passed",
              "speed": "fast",
              "pass": true,
              "fail": false,
              "pending": false,
              "context": null,
              "code": "const section_name = \"process\";\nconst section = creator.get_process_section(hdl_element, configuration, output_type_inst);\nsave_output(section, section_name, output_type_inst);\ncheck(section_name, output_type_inst, false);",
              "err": {},
              "uuid": "02acda0f-e53e-4e63-a7f3-04f4c8836692",
              "parentUUID": "1c705715-c504-40fd-a8f7-53f4cd0323b0",
              "isHook": false,
              "skipped": false
            },
            {
              "title": "Function section",
              "fullTitle": "Check sections creator with html Function section",
              "timedOut": false,
              "duration": 1,
              "state": "passed",
              "speed": "fast",
              "pass": true,
              "fail": false,
              "pending": false,
              "context": null,
              "code": "const section_name = \"function\";\nconst section = creator.get_function_section(hdl_element, configuration, output_type_inst);\nsave_output(section, section_name, output_type_inst);\ncheck(section_name, output_type_inst, false);",
              "err": {},
              "uuid": "c1d075d0-691e-41f7-95d1-f64b7a18e97e",
              "parentUUID": "1c705715-c504-40fd-a8f7-53f4cd0323b0",
              "isHook": false,
              "skipped": false
            },
            {
              "title": "Instantiation section",
              "fullTitle": "Check sections creator with html Instantiation section",
              "timedOut": false,
              "duration": 1,
              "state": "passed",
              "speed": "fast",
              "pass": true,
              "fail": false,
              "pending": false,
              "context": null,
              "code": "const section_name = \"instantiation\";\nconst section = creator.get_instantiation_section(hdl_element, configuration, output_type_inst);\nsave_output(section, section_name, output_type_inst);\ncheck(section_name, output_type_inst, false);",
              "err": {},
              "uuid": "994f5810-6074-40a8-a749-08a813d143c7",
              "parentUUID": "1c705715-c504-40fd-a8f7-53f4cd0323b0",
              "isHook": false,
              "skipped": false
            }
          ],
          "suites": [],
          "passes": [
            "e42daa71-d7fe-4a15-94e5-94acd8e37859",
            "cc391916-0aa6-4a2e-bb50-e73792138fd7",
            "ec93e9e0-9795-457d-8d7d-84e6fdfb19de",
            "12429b6e-8505-4084-910a-275fe439239e",
            "6e8bf899-e037-49bf-a192-9361a6493541",
            "038318d2-5f0c-4cee-b3bb-73e6e23851e2",
            "54ef0ee8-b28e-4bdd-bc30-bf309d9abad9",
            "7292270d-55b0-43c7-a20e-127837176206",
            "02acda0f-e53e-4e63-a7f3-04f4c8836692",
            "c1d075d0-691e-41f7-95d1-f64b7a18e97e",
            "994f5810-6074-40a8-a749-08a813d143c7"
          ],
          "failures": [],
          "pending": [
            "022bd58a-f1a2-4369-8f21-571da71280e3"
          ],
          "skipped": [],
          "duration": 194,
          "root": false,
          "rootEmpty": false,
          "_timeout": 2000
        },
        {
          "uuid": "17d37a34-bafe-4d38-bf1e-0defd2a668dd",
          "title": "Check sections creator with markdown",
          "fullFile": "/home/runner/work/colibri/colibri/tests/documenter/section_creator.spec.ts",
          "file": "/tests/documenter/section_creator.spec.ts",
          "beforeHooks": [],
          "afterHooks": [],
          "tests": [
            {
              "title": "Title section",
              "fullTitle": "Check sections creator with markdown Title section",
              "timedOut": false,
              "duration": 0,
              "state": "passed",
              "speed": "fast",
              "pass": true,
              "fail": false,
              "pending": false,
              "context": null,
              "code": "const section_name = \"title\";\nconst section = creator.get_title_section(hdl_element, configuration, output_type_inst);\nsave_output(section, section_name, output_type_inst);\ncheck(section_name, output_type_inst, false);",
              "err": {},
              "uuid": "17a55eba-20d9-4382-b9d2-a3020c947e19",
              "parentUUID": "17d37a34-bafe-4d38-bf1e-0defd2a668dd",
              "isHook": false,
              "skipped": false
            },
            {
              "title": "Input section",
              "fullTitle": "Check sections creator with markdown Input section",
              "timedOut": false,
              "duration": 0,
              "state": "passed",
              "speed": "fast",
              "pass": true,
              "fail": false,
              "pending": false,
              "context": null,
              "code": "const section_name = \"input\";\nconst file_path = \"/example/of/sample.vhd\";\nconst section = creator.get_input_section(file_path, configuration, output_type_inst);\nsave_output(section, section_name, output_type_inst);\ncheck(section_name, output_type_inst, false);",
              "err": {},
              "uuid": "24d0cc72-cc26-4fd8-91f3-c00e8029b9a5",
              "parentUUID": "17d37a34-bafe-4d38-bf1e-0defd2a668dd",
              "isHook": false,
              "skipped": false
            },
            {
              "title": "Info section",
              "fullTitle": "Check sections creator with markdown Info section",
              "timedOut": false,
              "duration": 1,
              "state": "passed",
              "speed": "fast",
              "pass": true,
              "fail": false,
              "pending": false,
              "context": null,
              "code": "const section_name = \"info\";\nconst section = creator.get_info_section(hdl_element, configuration, output_type_inst);\nsave_output(section, section_name, output_type_inst);\ncheck(section_name, output_type_inst, false);",
              "err": {},
              "uuid": "8d4a46ce-a983-4ac0-8290-21acaef92ecd",
              "parentUUID": "17d37a34-bafe-4d38-bf1e-0defd2a668dd",
              "isHook": false,
              "skipped": false
            },
            {
              "title": "Diagram section",
              "fullTitle": "Check sections creator with markdown Diagram section",
              "timedOut": false,
              "duration": 0,
              "state": "pending",
              "speed": null,
              "pass": false,
              "fail": false,
              "pending": true,
              "context": null,
              "code": "this.skip();\nconst section_name = \"diagram\";\nconst svg_path = paht_lib.join(C_OUTPUT_BASE_PATH, 'input_path.svg');\nconst section = creator.get_diagram_section(hdl_element, configuration, svg_path, output_type_inst);\nsave_output(section, section_name, output_type_inst);\ncheck(section_name, output_type_inst, true);",
              "err": {},
              "uuid": "6db43ee5-3876-4ac5-bd7e-ba518b10c419",
              "parentUUID": "17d37a34-bafe-4d38-bf1e-0defd2a668dd",
              "isHook": false,
              "skipped": false
            },
            {
              "title": "Custom begin section",
              "fullTitle": "Check sections creator with markdown Custom begin section",
              "timedOut": false,
              "duration": 0,
              "state": "passed",
              "speed": "fast",
              "pass": true,
              "fail": false,
              "pending": false,
              "context": null,
              "code": "const section_name = \"custom_section_begin\";\nconst input_path = paht_lib.join(__dirname, 'section_creator', 'helpers', 'input_path.vhd');\nconst section = creator.get_custom_section('custom_section_begin', hdl_element, input_path, output_type_inst);\nsave_output(section, section_name, output_type_inst);\ncheck(section_name, output_type_inst, false);",
              "err": {},
              "uuid": "ce96e81c-5c7e-4d93-8ec1-b7eba57c236c",
              "parentUUID": "17d37a34-bafe-4d38-bf1e-0defd2a668dd",
              "isHook": false,
              "skipped": false
            },
            {
              "title": "Custom end section",
              "fullTitle": "Check sections creator with markdown Custom end section",
              "timedOut": false,
              "duration": 1,
              "state": "passed",
              "speed": "fast",
              "pass": true,
              "fail": false,
              "pending": false,
              "context": null,
              "code": "const section_name = \"custom_section_end\";\nconst input_path = paht_lib.join(__dirname, 'section_creator', 'helpers', 'input_path.vhd');\nconst section = creator.get_custom_section('custom_section_end', hdl_element, input_path, output_type_inst);\nsave_output(section, section_name, output_type_inst);\ncheck(section_name, output_type_inst, false);",
              "err": {},
              "uuid": "91eaedfa-5d62-49a9-92ed-0dcb6563450d",
              "parentUUID": "17d37a34-bafe-4d38-bf1e-0defd2a668dd",
              "isHook": false,
              "skipped": false
            },
            {
              "title": "Description section",
              "fullTitle": "Check sections creator with markdown Description section",
              "timedOut": false,
              "duration": 0,
              "state": "pending",
              "speed": null,
              "pass": false,
              "fail": false,
              "pending": true,
              "context": null,
              "code": "if (output_type_inst === common_documenter.doc_output_type.MARKDOWN) {\n    this.skip();\n}\nconst section_name = \"description\";\nconst section = creator.get_description_section(hdl_element, configuration, C_OUTPUT_BASE_PATH, output_type_inst);\nsave_output(section, section_name, output_type_inst);\ncheck(section_name, output_type_inst, false);",
              "err": {},
              "uuid": "5486bffc-4e28-4292-be1a-6aa633c17ba3",
              "parentUUID": "17d37a34-bafe-4d38-bf1e-0defd2a668dd",
              "isHook": false,
              "skipped": false
            },
            {
              "title": "Port section",
              "fullTitle": "Check sections creator with markdown Port section",
              "timedOut": false,
              "duration": 1,
              "state": "passed",
              "speed": "fast",
              "pass": true,
              "fail": false,
              "pending": false,
              "context": null,
              "code": "const section_name = \"port\";\nconst section = creator.get_in_out_section(hdl_element, configuration, output_type_inst);\nsave_output(section, section_name, output_type_inst);\ncheck(section_name, output_type_inst, false);",
              "err": {},
              "uuid": "5706a0f1-7fb5-4140-9ee2-d3ec7696c8da",
              "parentUUID": "17d37a34-bafe-4d38-bf1e-0defd2a668dd",
              "isHook": false,
              "skipped": false
            },
            {
              "title": "Signal-constant section",
              "fullTitle": "Check sections creator with markdown Signal-constant section",
              "timedOut": false,
              "duration": 1,
              "state": "passed",
              "speed": "fast",
              "pass": true,
              "fail": false,
              "pending": false,
              "context": null,
              "code": "const section_name = \"signal_constant\";\nconst section = creator.get_signal_constant_section(hdl_element, configuration, output_type_inst);\nsave_output(section, section_name, output_type_inst);\ncheck(section_name, output_type_inst, false);",
              "err": {},
              "uuid": "2e24416f-66b4-4d7a-bb87-d8fad48371a0",
              "parentUUID": "17d37a34-bafe-4d38-bf1e-0defd2a668dd",
              "isHook": false,
              "skipped": false
            },
            {
              "title": "Process section",
              "fullTitle": "Check sections creator with markdown Process section",
              "timedOut": false,
              "duration": 1,
              "state": "passed",
              "speed": "fast",
              "pass": true,
              "fail": false,
              "pending": false,
              "context": null,
              "code": "const section_name = \"process\";\nconst section = creator.get_process_section(hdl_element, configuration, output_type_inst);\nsave_output(section, section_name, output_type_inst);\ncheck(section_name, output_type_inst, false);",
              "err": {},
              "uuid": "565f8a53-d261-4636-8bb0-f3aa413f9f16",
              "parentUUID": "17d37a34-bafe-4d38-bf1e-0defd2a668dd",
              "isHook": false,
              "skipped": false
            },
            {
              "title": "Function section",
              "fullTitle": "Check sections creator with markdown Function section",
              "timedOut": false,
              "duration": 1,
              "state": "passed",
              "speed": "fast",
              "pass": true,
              "fail": false,
              "pending": false,
              "context": null,
              "code": "const section_name = \"function\";\nconst section = creator.get_function_section(hdl_element, configuration, output_type_inst);\nsave_output(section, section_name, output_type_inst);\ncheck(section_name, output_type_inst, false);",
              "err": {},
              "uuid": "b0093989-3abd-425a-874b-14873297556d",
              "parentUUID": "17d37a34-bafe-4d38-bf1e-0defd2a668dd",
              "isHook": false,
              "skipped": false
            },
            {
              "title": "Instantiation section",
              "fullTitle": "Check sections creator with markdown Instantiation section",
              "timedOut": false,
              "duration": 1,
              "state": "passed",
              "speed": "fast",
              "pass": true,
              "fail": false,
              "pending": false,
              "context": null,
              "code": "const section_name = \"instantiation\";\nconst section = creator.get_instantiation_section(hdl_element, configuration, output_type_inst);\nsave_output(section, section_name, output_type_inst);\ncheck(section_name, output_type_inst, false);",
              "err": {},
              "uuid": "5ce7a135-b438-4786-a1f2-8c5f402ac000",
              "parentUUID": "17d37a34-bafe-4d38-bf1e-0defd2a668dd",
              "isHook": false,
              "skipped": false
            }
          ],
          "suites": [],
          "passes": [
            "17a55eba-20d9-4382-b9d2-a3020c947e19",
            "24d0cc72-cc26-4fd8-91f3-c00e8029b9a5",
            "8d4a46ce-a983-4ac0-8290-21acaef92ecd",
            "ce96e81c-5c7e-4d93-8ec1-b7eba57c236c",
            "91eaedfa-5d62-49a9-92ed-0dcb6563450d",
            "5706a0f1-7fb5-4140-9ee2-d3ec7696c8da",
            "2e24416f-66b4-4d7a-bb87-d8fad48371a0",
            "565f8a53-d261-4636-8bb0-f3aa413f9f16",
            "b0093989-3abd-425a-874b-14873297556d",
            "5ce7a135-b438-4786-a1f2-8c5f402ac000"
          ],
          "failures": [],
          "pending": [
            "6db43ee5-3876-4ac5-bd7e-ba518b10c419",
            "5486bffc-4e28-4292-be1a-6aa633c17ba3"
          ],
          "skipped": [],
          "duration": 7,
          "root": false,
          "rootEmpty": false,
          "_timeout": 2000
        },
        {
          "uuid": "a3e2b165-7374-481a-a54d-3887e08568a7",
          "title": "Check standalone VHDL formatter",
          "fullFile": "/home/runner/work/colibri/colibri/tests/formatter/formatter.spec.ts",
          "file": "/tests/formatter/formatter.spec.ts",
          "beforeHooks": [],
          "afterHooks": [],
          "tests": [
            {
              "title": "Check align comments true, indentation and keyworks lowercase",
              "fullTitle": "Check standalone VHDL formatter Check align comments true, indentation and keyworks lowercase",
              "timedOut": false,
              "duration": 36,
              "state": "passed",
              "speed": "fast",
              "pass": true,
              "fail": false,
              "pending": false,
              "context": null,
              "code": "const test_index = 0;\nconst options = {\n    keyword_case: cfg.e_formatter_standalone_keyword_case.lowercase,\n    name_case: cfg.e_formatter_standalone_name_case.lowercase,\n    indentation: \"    \",\n    align_port_generic: true,\n    align_comment: true,\n    remove_comments: false,\n    remove_reports: false,\n    check_alias: false,\n    new_line_after_then: cfg.e_formatter_standalone_new_line_after_then.new_line,\n    new_line_after_semicolon: cfg.e_formatter_standalone_new_line_after_semicolon.new_line,\n    new_line_after_else: cfg.e_formatter_standalone_new_line_after_else.none,\n    new_line_after_port: cfg.e_formatter_standalone_new_line_after_port.none,\n    new_line_after_generic: cfg.e_formatter_standalone_new_line_after_generic.none,\n};\nawait format_and_check(formatter_name, language, test_index, options, \"\");",
              "err": {},
              "uuid": "d79fbdcf-5606-4cbf-90a0-2922b221e46e",
              "parentUUID": "a3e2b165-7374-481a-a54d-3887e08568a7",
              "isHook": false,
              "skipped": false
            },
            {
              "title": "Check align comments false, indentation and keyworks uppercase",
              "fullTitle": "Check standalone VHDL formatter Check align comments false, indentation and keyworks uppercase",
              "timedOut": false,
              "duration": 5,
              "state": "passed",
              "speed": "fast",
              "pass": true,
              "fail": false,
              "pending": false,
              "context": null,
              "code": "const test_index = 1;\nconst options = {\n    keyword_case: cfg.e_formatter_standalone_keyword_case.uppercase,\n    name_case: cfg.e_formatter_standalone_name_case.uppercase,\n    indentation: \"      \",\n    align_port_generic: true,\n    align_comment: false,\n    remove_comments: false,\n    remove_reports: false,\n    check_alias: false,\n    new_line_after_then: cfg.e_formatter_standalone_new_line_after_then.new_line,\n    new_line_after_semicolon: cfg.e_formatter_standalone_new_line_after_semicolon.new_line,\n    new_line_after_else: cfg.e_formatter_standalone_new_line_after_else.none,\n    new_line_after_port: cfg.e_formatter_standalone_new_line_after_port.none,\n    new_line_after_generic: cfg.e_formatter_standalone_new_line_after_generic.none,\n};\nawait format_and_check(formatter_name, language, test_index, options, \"\");",
              "err": {},
              "uuid": "c1eb8f8e-a7c4-42ec-99d0-5bd160701f86",
              "parentUUID": "a3e2b165-7374-481a-a54d-3887e08568a7",
              "isHook": false,
              "skipped": false
            }
          ],
          "suites": [],
          "passes": [
            "d79fbdcf-5606-4cbf-90a0-2922b221e46e",
            "c1eb8f8e-a7c4-42ec-99d0-5bd160701f86"
          ],
          "failures": [],
          "pending": [],
          "skipped": [],
          "duration": 41,
          "root": false,
          "rootEmpty": false,
          "_timeout": 2000
        },
        {
          "uuid": "a0ac673e-8ec2-4abf-9411-9fc36c8daebb",
          "title": "Check istyle formatter",
          "fullFile": "/home/runner/work/colibri/colibri/tests/formatter/formatter.spec.ts",
          "file": "/tests/formatter/formatter.spec.ts",
          "beforeHooks": [],
          "afterHooks": [],
          "tests": [
            {
              "title": "Check ansi with indent = 2",
              "fullTitle": "Check istyle formatter Check ansi with indent = 2",
              "timedOut": false,
              "duration": 33,
              "state": "passed",
              "speed": "fast",
              "pass": true,
              "fail": false,
              "pending": false,
              "context": null,
              "code": "const test_index = index;\nconst options = {\n    style: style_inst,\n    indentation_size: 2\n};\nawait format_and_check(formatter_name, language, test_index, options, \"\");",
              "err": {},
              "uuid": "0ff4d420-01a2-40b9-99b9-2892d194384a",
              "parentUUID": "a0ac673e-8ec2-4abf-9411-9fc36c8daebb",
              "isHook": false,
              "skipped": false
            },
            {
              "title": "Check kr with indent = 2",
              "fullTitle": "Check istyle formatter Check kr with indent = 2",
              "timedOut": false,
              "duration": 20,
              "state": "passed",
              "speed": "fast",
              "pass": true,
              "fail": false,
              "pending": false,
              "context": null,
              "code": "const test_index = index;\nconst options = {\n    style: style_inst,\n    indentation_size: 2\n};\nawait format_and_check(formatter_name, language, test_index, options, \"\");",
              "err": {},
              "uuid": "3ba940a9-cc73-4dba-a1f9-210bb496de8b",
              "parentUUID": "a0ac673e-8ec2-4abf-9411-9fc36c8daebb",
              "isHook": false,
              "skipped": false
            },
            {
              "title": "Check gnu with indent = 2",
              "fullTitle": "Check istyle formatter Check gnu with indent = 2",
              "timedOut": false,
              "duration": 19,
              "state": "passed",
              "speed": "fast",
              "pass": true,
              "fail": false,
              "pending": false,
              "context": null,
              "code": "const test_index = index;\nconst options = {\n    style: style_inst,\n    indentation_size: 2\n};\nawait format_and_check(formatter_name, language, test_index, options, \"\");",
              "err": {},
              "uuid": "e30fbc11-733a-4ee9-a63d-bd9282b2e775",
              "parentUUID": "a0ac673e-8ec2-4abf-9411-9fc36c8daebb",
              "isHook": false,
              "skipped": false
            },
            {
              "title": "Check indent_only with indent = 2",
              "fullTitle": "Check istyle formatter Check indent_only with indent = 2",
              "timedOut": false,
              "duration": 22,
              "state": "passed",
              "speed": "fast",
              "pass": true,
              "fail": false,
              "pending": false,
              "context": null,
              "code": "const test_index = index;\nconst options = {\n    style: style_inst,\n    indentation_size: 2\n};\nawait format_and_check(formatter_name, language, test_index, options, \"\");",
              "err": {},
              "uuid": "ee585a4d-7945-4e1f-82f9-a34010f708f1",
              "parentUUID": "a0ac673e-8ec2-4abf-9411-9fc36c8daebb",
              "isHook": false,
              "skipped": false
            },
            {
              "title": "Check ansi with indent = 6",
              "fullTitle": "Check istyle formatter Check ansi with indent = 6",
              "timedOut": false,
              "duration": 26,
              "state": "passed",
              "speed": "fast",
              "pass": true,
              "fail": false,
              "pending": false,
              "context": null,
              "code": "const test_index = index + style_list.length;\nconst options = {\n    style: style_inst,\n    indentation_size: 6\n};\nawait format_and_check(formatter_name, language, test_index, options, \"\");",
              "err": {},
              "uuid": "28eb3558-6c05-4faf-a8db-c7c786debc58",
              "parentUUID": "a0ac673e-8ec2-4abf-9411-9fc36c8daebb",
              "isHook": false,
              "skipped": false
            },
            {
              "title": "Check kr with indent = 6",
              "fullTitle": "Check istyle formatter Check kr with indent = 6",
              "timedOut": false,
              "duration": 21,
              "state": "passed",
              "speed": "fast",
              "pass": true,
              "fail": false,
              "pending": false,
              "context": null,
              "code": "const test_index = index + style_list.length;\nconst options = {\n    style: style_inst,\n    indentation_size: 6\n};\nawait format_and_check(formatter_name, language, test_index, options, \"\");",
              "err": {},
              "uuid": "3c7f1e01-259b-4365-8ea8-841c9e6dfed1",
              "parentUUID": "a0ac673e-8ec2-4abf-9411-9fc36c8daebb",
              "isHook": false,
              "skipped": false
            },
            {
              "title": "Check gnu with indent = 6",
              "fullTitle": "Check istyle formatter Check gnu with indent = 6",
              "timedOut": false,
              "duration": 20,
              "state": "passed",
              "speed": "fast",
              "pass": true,
              "fail": false,
              "pending": false,
              "context": null,
              "code": "const test_index = index + style_list.length;\nconst options = {\n    style: style_inst,\n    indentation_size: 6\n};\nawait format_and_check(formatter_name, language, test_index, options, \"\");",
              "err": {},
              "uuid": "2f776403-b980-4222-9c49-d6a236a56348",
              "parentUUID": "a0ac673e-8ec2-4abf-9411-9fc36c8daebb",
              "isHook": false,
              "skipped": false
            },
            {
              "title": "Check indent_only with indent = 6",
              "fullTitle": "Check istyle formatter Check indent_only with indent = 6",
              "timedOut": false,
              "duration": 18,
              "state": "passed",
              "speed": "fast",
              "pass": true,
              "fail": false,
              "pending": false,
              "context": null,
              "code": "const test_index = index + style_list.length;\nconst options = {\n    style: style_inst,\n    indentation_size: 6\n};\nawait format_and_check(formatter_name, language, test_index, options, \"\");",
              "err": {},
              "uuid": "241f30b2-6223-4e01-9c07-8c7d6b19ba7f",
              "parentUUID": "a0ac673e-8ec2-4abf-9411-9fc36c8daebb",
              "isHook": false,
              "skipped": false
            }
          ],
          "suites": [],
          "passes": [
            "0ff4d420-01a2-40b9-99b9-2892d194384a",
            "3ba940a9-cc73-4dba-a1f9-210bb496de8b",
            "e30fbc11-733a-4ee9-a63d-bd9282b2e775",
            "ee585a4d-7945-4e1f-82f9-a34010f708f1",
            "28eb3558-6c05-4faf-a8db-c7c786debc58",
            "3c7f1e01-259b-4365-8ea8-841c9e6dfed1",
            "2f776403-b980-4222-9c49-d6a236a56348",
            "241f30b2-6223-4e01-9c07-8c7d6b19ba7f"
          ],
          "failures": [],
          "pending": [],
          "skipped": [],
          "duration": 179,
          "root": false,
          "rootEmpty": false,
          "_timeout": 2000
        },
        {
          "uuid": "11e4eac4-21b3-40fa-8ca4-d0bc0344be6c",
          "title": "Check s3sv formatter",
          "fullFile": "/home/runner/work/colibri/colibri/tests/formatter/formatter.spec.ts",
          "file": "/tests/formatter/formatter.spec.ts",
          "beforeHooks": [],
          "afterHooks": [],
          "tests": [
            {
              "title": "Check config 0",
              "fullTitle": "Check s3sv formatter Check config 0",
              "timedOut": false,
              "duration": 202,
              "state": "passed",
              "speed": "slow",
              "pass": true,
              "fail": false,
              "pending": false,
              "context": null,
              "code": "const test_index = 0;\nconst options = {\n    one_bind_per_line: true,\n    one_declaration_per_line: true,\n    use_tabs: false,\n    indentation_size: 2\n};\nawait format_and_check(formatter_name, language, test_index, options, \"\");",
              "err": {},
              "uuid": "eb300aad-b56a-4618-80f4-694bab258ec4",
              "parentUUID": "11e4eac4-21b3-40fa-8ca4-d0bc0344be6c",
              "isHook": false,
              "skipped": false
            },
            {
              "title": "Check config 1",
              "fullTitle": "Check s3sv formatter Check config 1",
              "timedOut": false,
              "duration": 178,
              "state": "passed",
              "speed": "slow",
              "pass": true,
              "fail": false,
              "pending": false,
              "context": null,
              "code": "const test_index = 1;\nconst options = {\n    one_bind_per_line: true,\n    one_declaration_per_line: true,\n    use_tabs: true,\n    indentation_size: 4\n};\nawait format_and_check(formatter_name, language, test_index, options, \"\");",
              "err": {},
              "uuid": "771d6f36-b30f-4dee-a30f-34cab072dd46",
              "parentUUID": "11e4eac4-21b3-40fa-8ca4-d0bc0344be6c",
              "isHook": false,
              "skipped": false
            },
            {
              "title": "Check config 2 and bad python3 path",
              "fullTitle": "Check s3sv formatter Check config 2 and bad python3 path",
              "timedOut": false,
              "duration": 202,
              "state": "passed",
              "speed": "slow",
              "pass": true,
              "fail": false,
              "pending": false,
              "context": null,
              "code": "const test_index = 2;\nconst options = {\n    one_bind_per_line: false,\n    one_declaration_per_line: true,\n    use_tabs: true,\n    indentation_size: 2\n};\nawait format_and_check(formatter_name, language, test_index, options, \"asdf\");",
              "err": {},
              "uuid": "6f91a735-1744-46fc-8767-5e52afa98d37",
              "parentUUID": "11e4eac4-21b3-40fa-8ca4-d0bc0344be6c",
              "isHook": false,
              "skipped": false
            }
          ],
          "suites": [],
          "passes": [
            "eb300aad-b56a-4618-80f4-694bab258ec4",
            "771d6f36-b30f-4dee-a30f-34cab072dd46",
            "6f91a735-1744-46fc-8767-5e52afa98d37"
          ],
          "failures": [],
          "pending": [],
          "skipped": [],
          "duration": 582,
          "root": false,
          "rootEmpty": false,
          "_timeout": 2000
        },
        {
          "uuid": "5c4d44ea-2c74-4ca3-a7b1-5f0f0958fadf",
          "title": "Check FSM for vhdl",
          "fullFile": "/home/runner/work/colibri/colibri/tests/parser/fsm.spec.ts",
          "file": "/tests/parser/fsm.spec.ts",
          "beforeHooks": [],
          "afterHooks": [],
          "tests": [
            {
              "title": "Normal",
              "fullTitle": "Check FSM for vhdl Normal",
              "timedOut": false,
              "duration": 141,
              "state": "passed",
              "speed": "slow",
              "pass": true,
              "fail": false,
              "pending": false,
              "context": null,
              "code": "const test_index = 0;\nawait parse_fsm(lang_inst, test_index);\ncheck_test(test_index, lang_inst);",
              "err": {},
              "uuid": "d6d3bcba-ffdd-4f31-ae18-bf25aeb8f414",
              "parentUUID": "5c4d44ea-2c74-4ca3-a7b1-5f0f0958fadf",
              "isHook": false,
              "skipped": false
            }
          ],
          "suites": [],
          "passes": [
            "d6d3bcba-ffdd-4f31-ae18-bf25aeb8f414"
          ],
          "failures": [],
          "pending": [],
          "skipped": [],
          "duration": 141,
          "root": false,
          "rootEmpty": false,
          "_timeout": 2000
        },
        {
          "uuid": "8b989387-df4b-4c8d-bfc4-d5e851c4026b",
          "title": "Check FSM for verilog",
          "fullFile": "/home/runner/work/colibri/colibri/tests/parser/fsm.spec.ts",
          "file": "/tests/parser/fsm.spec.ts",
          "beforeHooks": [],
          "afterHooks": [],
          "tests": [
            {
              "title": "Normal",
              "fullTitle": "Check FSM for verilog Normal",
              "timedOut": false,
              "duration": 492,
              "state": "passed",
              "speed": "slow",
              "pass": true,
              "fail": false,
              "pending": false,
              "context": null,
              "code": "const test_index = 0;\nawait parse_fsm(lang_inst, test_index);\ncheck_test(test_index, lang_inst);",
              "err": {},
              "uuid": "da6fc3d8-76dc-4f39-88f4-667d062dd3ea",
              "parentUUID": "8b989387-df4b-4c8d-bfc4-d5e851c4026b",
              "isHook": false,
              "skipped": false
            }
          ],
          "suites": [],
          "passes": [
            "da6fc3d8-76dc-4f39-88f4-667d062dd3ea"
          ],
          "failures": [],
          "pending": [],
          "skipped": [],
          "duration": 492,
          "root": false,
          "rootEmpty": false,
          "_timeout": 2000
        },
        {
          "uuid": "2a0576de-ff76-4b1f-a4b2-021ada5c72a5",
          "title": "Check entity Verilog",
          "fullFile": "/home/runner/work/colibri/colibri/tests/parser/parser_verilog_entity.spec.ts",
          "file": "/tests/parser/parser_verilog_entity.spec.ts",
          "beforeHooks": [],
          "afterHooks": [],
[...]
              "err": {},
              "uuid": "b27582cf-1027-499a-9fd3-50c1926b33db",
              "parentUUID": "ace8daf3-07eb-4428-a13f-e58c819086ed",
              "isHook": false,
              "skipped": false
            }
          ],
          "suites": [],
          "passes": [
            "b27582cf-1027-499a-9fd3-50c1926b33db"
          ],
          "failures": [],
          "pending": [],
          "skipped": [],
          "duration": 0,
          "root": false,
          "rootEmpty": false,
          "_timeout": 2000
        },
        {
          "uuid": "ad09602d-82a8-4fd3-8023-1131585c0dc2",
          "title": "Check hover VHDL",
          "fullFile": "/home/runner/work/colibri/colibri/tests/utils/number.spec.ts",
          "file": "/tests/utils/number.spec.ts",
          "beforeHooks": [],
          "afterHooks": [],
          "tests": [
            {
              "title": "Binary unsigned",
              "fullTitle": "Check hover VHDL Binary unsigned",
              "timedOut": false,
              "duration": 1,
              "state": "passed",
              "speed": "fast",
              "pass": true,
              "fail": false,
              "pending": false,
              "context": null,
              "code": "const code_dummy = '\"0011\"';\nconst expected_number = {\n    signed_n: 0,\n    unsigned_n: 3,\n    is_multi: false,\n    is_ok: true\n};\nconst current_number = (0, numbers_1.hdl_hover)(code_dummy, lang);\n(0, assert_1.deepEqual)(current_number, expected_number);",
              "err": {},
              "uuid": "68f856a5-d61d-48f7-aacd-a684a9312061",
              "parentUUID": "ad09602d-82a8-4fd3-8023-1131585c0dc2",
              "isHook": false,
              "skipped": false
            },
            {
              "title": "Binary unsigned or signed",
              "fullTitle": "Check hover VHDL Binary unsigned or signed",
              "timedOut": false,
              "duration": 0,
              "state": "passed",
              "speed": "fast",
              "pass": true,
              "fail": false,
              "pending": false,
              "context": null,
              "code": "const code_dummy = '\"1101\"';\nconst expected_number = {\n    signed_n: -3,\n    unsigned_n: 13,\n    is_multi: true,\n    is_ok: true\n};\nconst current_number = (0, numbers_1.hdl_hover)(code_dummy, lang);\n(0, assert_1.deepEqual)(current_number, expected_number);",
              "err": {},
              "uuid": "ee43aa0b-25f1-48ac-abbb-ea8161efc3e0",
              "parentUUID": "ad09602d-82a8-4fd3-8023-1131585c0dc2",
              "isHook": false,
              "skipped": false
            },
            {
              "title": "Binary unsigned or signed with separator",
              "fullTitle": "Check hover VHDL Binary unsigned or signed with separator",
              "timedOut": false,
              "duration": 0,
              "state": "passed",
              "speed": "fast",
              "pass": true,
              "fail": false,
              "pending": false,
              "context": null,
              "code": "const code_dummy = '\"1_10_0\"';\nconst expected_number = {\n    signed_n: -4,\n    unsigned_n: 12,\n    is_multi: true,\n    is_ok: true\n};\nconst current_number = (0, numbers_1.hdl_hover)(code_dummy, lang);\n(0, assert_1.deepEqual)(current_number, expected_number);",
              "err": {},
              "uuid": "86376c2f-6115-414f-a655-7051ee3b188a",
              "parentUUID": "ad09602d-82a8-4fd3-8023-1131585c0dc2",
              "isHook": false,
              "skipped": false
            },
            {
              "title": "Hexadeximal unsigned",
              "fullTitle": "Check hover VHDL Hexadeximal unsigned",
              "timedOut": false,
              "duration": 1,
              "state": "passed",
              "speed": "fast",
              "pass": true,
              "fail": false,
              "pending": false,
              "context": null,
              "code": "const code_dummy = 'x\"0aB0\"';\nconst expected_number = {\n    signed_n: 0,\n    unsigned_n: 2736,\n    is_multi: false,\n    is_ok: true\n};\nconst current_number = (0, numbers_1.hdl_hover)(code_dummy, lang);\n(0, assert_1.deepEqual)(current_number, expected_number);",
              "err": {},
              "uuid": "4891d1f5-52a0-4f2b-b960-e7756527c110",
              "parentUUID": "ad09602d-82a8-4fd3-8023-1131585c0dc2",
              "isHook": false,
              "skipped": false
            },
            {
              "title": "Hexadeximal unsigned or signed",
              "fullTitle": "Check hover VHDL Hexadeximal unsigned or signed",
              "timedOut": false,
              "duration": 0,
              "state": "passed",
              "speed": "fast",
              "pass": true,
              "fail": false,
              "pending": false,
              "context": null,
              "code": "const code_dummy = 'x\"aaB0\"';\nconst expected_number = {\n    signed_n: -21840,\n    unsigned_n: 43696,\n    is_multi: true,\n    is_ok: true\n};\nconst current_number = (0, numbers_1.hdl_hover)(code_dummy, lang);\n(0, assert_1.deepEqual)(current_number, expected_number);",
              "err": {},
              "uuid": "94194cf3-dce2-4f8a-9f47-d042b28f9b95",
              "parentUUID": "ad09602d-82a8-4fd3-8023-1131585c0dc2",
              "isHook": false,
              "skipped": false
            },
            {
              "title": "Hexadeximal unsigned or signed with separator",
              "fullTitle": "Check hover VHDL Hexadeximal unsigned or signed with separator",
              "timedOut": false,
              "duration": 0,
              "state": "passed",
              "speed": "fast",
              "pass": true,
              "fail": false,
              "pending": false,
              "context": null,
              "code": "const code_dummy = 'x\"a_a_b0\"';\nconst expected_number = {\n    signed_n: -21840,\n    unsigned_n: 43696,\n    is_multi: true,\n    is_ok: true\n};\nconst current_number = (0, numbers_1.hdl_hover)(code_dummy, lang);\n(0, assert_1.deepEqual)(current_number, expected_number);",
              "err": {},
              "uuid": "a01533be-dc8c-4f35-b5be-5f40a6836274",
              "parentUUID": "ad09602d-82a8-4fd3-8023-1131585c0dc2",
              "isHook": false,
              "skipped": false
            },
            {
              "title": "Octal unsigned",
              "fullTitle": "Check hover VHDL Octal unsigned",
              "timedOut": false,
              "duration": 1,
              "state": "passed",
              "speed": "fast",
              "pass": true,
              "fail": false,
              "pending": false,
              "context": null,
              "code": "const code_dummy = 'o\"0175\"';\nconst expected_number = {\n    signed_n: 0,\n    unsigned_n: 125,\n    is_multi: false,\n    is_ok: true\n};\nconst current_number = (0, numbers_1.hdl_hover)(code_dummy, lang);\n(0, assert_1.deepEqual)(current_number, expected_number);",
              "err": {},
              "uuid": "8939d8f4-f8fa-467c-bd1c-d860d32678d9",
              "parentUUID": "ad09602d-82a8-4fd3-8023-1131585c0dc2",
              "isHook": false,
              "skipped": false
            },
            {
              "title": "Octal unsigned or signed",
              "fullTitle": "Check hover VHDL Octal unsigned or signed",
              "timedOut": false,
              "duration": 0,
              "state": "passed",
              "speed": "fast",
              "pass": true,
              "fail": false,
              "pending": false,
              "context": null,
              "code": "const code_dummy = 'O\"232\"';\nconst expected_number = {\n    signed_n: -102,\n    unsigned_n: 154,\n    is_multi: true,\n    is_ok: true\n};\nconst current_number = (0, numbers_1.hdl_hover)(code_dummy, lang);\n(0, assert_1.deepEqual)(current_number, expected_number);",
              "err": {},
              "uuid": "75db23e3-6044-4fdb-b68a-ff528739085f",
              "parentUUID": "ad09602d-82a8-4fd3-8023-1131585c0dc2",
              "isHook": false,
              "skipped": false
            },
            {
              "title": "Octal unsigned or signed with separator",
              "fullTitle": "Check hover VHDL Octal unsigned or signed with separator",
              "timedOut": false,
              "duration": 0,
              "state": "passed",
              "speed": "fast",
              "pass": true,
              "fail": false,
              "pending": false,
              "context": null,
              "code": "const code_dummy = 'o\"2_3_2\"';\nconst expected_number = {\n    signed_n: -102,\n    unsigned_n: 154,\n    is_multi: true,\n    is_ok: true\n};\nconst current_number = (0, numbers_1.hdl_hover)(code_dummy, lang);\n(0, assert_1.deepEqual)(current_number, expected_number);",
              "err": {},
              "uuid": "8929311d-9a05-4edb-967f-24925a7458dd",
              "parentUUID": "ad09602d-82a8-4fd3-8023-1131585c0dc2",
              "isHook": false,
              "skipped": false
            }
          ],
          "suites": [],
          "passes": [
            "68f856a5-d61d-48f7-aacd-a684a9312061",
            "ee43aa0b-25f1-48ac-abbb-ea8161efc3e0",
            "86376c2f-6115-414f-a655-7051ee3b188a",
            "4891d1f5-52a0-4f2b-b960-e7756527c110",
            "94194cf3-dce2-4f8a-9f47-d042b28f9b95",
            "a01533be-dc8c-4f35-b5be-5f40a6836274",
            "8939d8f4-f8fa-467c-bd1c-d860d32678d9",
            "75db23e3-6044-4fdb-b68a-ff528739085f",
            "8929311d-9a05-4edb-967f-24925a7458dd"
          ],
          "failures": [],
          "pending": [],
          "skipped": [],
          "duration": 3,
          "root": false,
          "rootEmpty": false,
          "_timeout": 2000
        },
        {
          "uuid": "51118f0d-c313-4eb7-93fc-b0dea68cd7a8",
          "title": "Check hover Verilog",
          "fullFile": "/home/runner/work/colibri/colibri/tests/utils/number.spec.ts",
          "file": "/tests/utils/number.spec.ts",
          "beforeHooks": [],
          "afterHooks": [],
          "tests": [
            {
              "title": "Binary unsigned",
              "fullTitle": "Check hover Verilog Binary unsigned",
              "timedOut": false,
              "duration": 0,
              "state": "passed",
              "speed": "fast",
              "pass": true,
              "fail": false,
              "pending": false,
              "context": null,
              "code": "const code_dummy = \"4'b0011'\";\nconst expected_number = {\n    signed_n: 0,\n    unsigned_n: 3,\n    is_multi: false,\n    is_ok: true\n};\nconst current_number = (0, numbers_1.hdl_hover)(code_dummy, lang);\n(0, assert_1.deepEqual)(current_number, expected_number);",
              "err": {},
              "uuid": "5eb6dccd-5a93-40da-8a08-0b6b25db2b00",
              "parentUUID": "51118f0d-c313-4eb7-93fc-b0dea68cd7a8",
              "isHook": false,
              "skipped": false
            },
            {
              "title": "Binary unsigned or signed",
              "fullTitle": "Check hover Verilog Binary unsigned or signed",
              "timedOut": false,
              "duration": 0,
              "state": "passed",
              "speed": "fast",
              "pass": true,
              "fail": false,
              "pending": false,
              "context": null,
              "code": "const code_dummy = \"4'b1101'\";\nconst expected_number = {\n    signed_n: -3,\n    unsigned_n: 13,\n    is_multi: true,\n    is_ok: true\n};\nconst current_number = (0, numbers_1.hdl_hover)(code_dummy, lang);\n(0, assert_1.deepEqual)(current_number, expected_number);",
              "err": {},
              "uuid": "c1479a9b-14c2-46a5-aa0b-aa9d700dd787",
              "parentUUID": "51118f0d-c313-4eb7-93fc-b0dea68cd7a8",
              "isHook": false,
              "skipped": false
            },
            {
              "title": "Binary unsigned or signed with separator",
              "fullTitle": "Check hover Verilog Binary unsigned or signed with separator",
              "timedOut": false,
              "duration": 0,
              "state": "passed",
              "speed": "fast",
              "pass": true,
              "fail": false,
              "pending": false,
              "context": null,
              "code": "const code_dummy = \"4'b1_10_0'\";\nconst expected_number = {\n    signed_n: -4,\n    unsigned_n: 12,\n    is_multi: true,\n    is_ok: true\n};\nconst current_number = (0, numbers_1.hdl_hover)(code_dummy, lang);\n(0, assert_1.deepEqual)(current_number, expected_number);",
              "err": {},
              "uuid": "e9e0f101-9a2a-4f47-8809-778eba6329a4",
              "parentUUID": "51118f0d-c313-4eb7-93fc-b0dea68cd7a8",
              "isHook": false,
              "skipped": false
            },
            {
              "title": "Hexadeximal unsigned",
              "fullTitle": "Check hover Verilog Hexadeximal unsigned",
              "timedOut": false,
              "duration": 0,
              "state": "passed",
              "speed": "fast",
              "pass": true,
              "fail": false,
              "pending": false,
              "context": null,
              "code": "const code_dummy = \"4'h0aB0'\";\nconst expected_number = {\n    signed_n: 0,\n    unsigned_n: 2736,\n    is_multi: false,\n    is_ok: true\n};\nconst current_number = (0, numbers_1.hdl_hover)(code_dummy, lang);\n(0, assert_1.deepEqual)(current_number, expected_number);",
              "err": {},
              "uuid": "6b01ca05-2fd0-4089-a80c-004ceaae67c8",
              "parentUUID": "51118f0d-c313-4eb7-93fc-b0dea68cd7a8",
              "isHook": false,
              "skipped": false
            },
            {
              "title": "Hexadeximal unsigned or signed",
              "fullTitle": "Check hover Verilog Hexadeximal unsigned or signed",
              "timedOut": false,
              "duration": 1,
              "state": "passed",
              "speed": "fast",
              "pass": true,
              "fail": false,
              "pending": false,
              "context": null,
              "code": "const code_dummy = \"4'haaB0'\";\nconst expected_number = {\n    signed_n: -21840,\n    unsigned_n: 43696,\n    is_multi: true,\n    is_ok: true\n};\nconst current_number = (0, numbers_1.hdl_hover)(code_dummy, lang);\n(0, assert_1.deepEqual)(current_number, expected_number);",
              "err": {},
              "uuid": "3e6a3d84-9343-44c0-a538-9fd2a5f1f23a",
              "parentUUID": "51118f0d-c313-4eb7-93fc-b0dea68cd7a8",
              "isHook": false,
              "skipped": false
            },
            {
              "title": "Hexadeximal unsigned or signed with separator",
              "fullTitle": "Check hover Verilog Hexadeximal unsigned or signed with separator",
              "timedOut": false,
              "duration": 0,
              "state": "passed",
              "speed": "fast",
              "pass": true,
              "fail": false,
              "pending": false,
              "context": null,
              "code": "const code_dummy = \"4'ha_a_b0'\";\nconst expected_number = {\n    signed_n: -21840,\n    unsigned_n: 43696,\n    is_multi: true,\n    is_ok: true\n};\nconst current_number = (0, numbers_1.hdl_hover)(code_dummy, lang);\n(0, assert_1.deepEqual)(current_number, expected_number);",
              "err": {},
              "uuid": "27a8c101-ddec-48e8-9c82-f4bb7b2b34e9",
              "parentUUID": "51118f0d-c313-4eb7-93fc-b0dea68cd7a8",
              "isHook": false,
              "skipped": false
            },
            {
              "title": "Octal unsigned",
              "fullTitle": "Check hover Verilog Octal unsigned",
              "timedOut": false,
              "duration": 0,
              "state": "passed",
              "speed": "fast",
              "pass": true,
              "fail": false,
              "pending": false,
              "context": null,
              "code": "const code_dummy = \"4'o0175'\";\nconst expected_number = {\n    signed_n: 0,\n    unsigned_n: 125,\n    is_multi: false,\n    is_ok: true\n};\nconst current_number = (0, numbers_1.hdl_hover)(code_dummy, lang);\n(0, assert_1.deepEqual)(current_number, expected_number);",
              "err": {},
              "uuid": "59c0d7a7-6bac-4f37-ae1c-923e22f607ad",
              "parentUUID": "51118f0d-c313-4eb7-93fc-b0dea68cd7a8",
              "isHook": false,
              "skipped": false
            },
            {
              "title": "Octal unsigned or signed",
              "fullTitle": "Check hover Verilog Octal unsigned or signed",
              "timedOut": false,
              "duration": 1,
              "state": "passed",
              "speed": "fast",
              "pass": true,
              "fail": false,
              "pending": false,
              "context": null,
              "code": "const code_dummy = \"4'o232'\";\nconst expected_number = {\n    signed_n: -102,\n    unsigned_n: 154,\n    is_multi: true,\n    is_ok: true\n};\nconst current_number = (0, numbers_1.hdl_hover)(code_dummy, lang);\n(0, assert_1.deepEqual)(current_number, expected_number);",
              "err": {},
              "uuid": "74dcd276-5d45-44a6-b5d8-8a4111f00ccf",
              "parentUUID": "51118f0d-c313-4eb7-93fc-b0dea68cd7a8",
              "isHook": false,
              "skipped": false
            },
            {
              "title": "Octal unsigned or signed with separator",
              "fullTitle": "Check hover Verilog Octal unsigned or signed with separator",
              "timedOut": false,
              "duration": 0,
              "state": "passed",
              "speed": "fast",
              "pass": true,
              "fail": false,
              "pending": false,
              "context": null,
              "code": "const code_dummy = \"4'o2_3_2'\";\nconst expected_number = {\n    signed_n: -102,\n    unsigned_n: 154,\n    is_multi: true,\n    is_ok: true\n};\nconst current_number = (0, numbers_1.hdl_hover)(code_dummy, lang);\n(0, assert_1.deepEqual)(current_number, expected_number);",
              "err": {},
              "uuid": "defe787a-d422-429d-9091-34d9df5c0bfa",
              "parentUUID": "51118f0d-c313-4eb7-93fc-b0dea68cd7a8",
              "isHook": false,
              "skipped": false
            }
          ],
          "suites": [],
          "passes": [
            "5eb6dccd-5a93-40da-8a08-0b6b25db2b00",
            "c1479a9b-14c2-46a5-aa0b-aa9d700dd787",
            "e9e0f101-9a2a-4f47-8809-778eba6329a4",
            "6b01ca05-2fd0-4089-a80c-004ceaae67c8",
            "3e6a3d84-9343-44c0-a538-9fd2a5f1f23a",
            "27a8c101-ddec-48e8-9c82-f4bb7b2b34e9",
            "59c0d7a7-6bac-4f37-ae1c-923e22f607ad",
            "74dcd276-5d45-44a6-b5d8-8a4111f00ccf",
            "defe787a-d422-429d-9091-34d9df5c0bfa"
          ],
          "failures": [],
          "pending": [],
          "skipped": [],
          "duration": 2,
          "root": false,
          "rootEmpty": false,
          "_timeout": 2000
        }
      ],
      "passes": [],
      "failures": [],
      "pending": [],
      "skipped": [
        "63fb2ede-b966-41a1-9852-4aef569579fb",
        "b16d3ca9-de58-4ba5-b1d1-389d6ecfd571"
      ],
      "duration": 0,
      "root": true,
      "rootEmpty": false,
      "_timeout": 2000
    }
  ],
  "meta": {
    "mocha": {
      "version": "9.2.2"
    },
    "mochawesome": {
      "options": {
        "quiet": false,
        "reportFilename": "mochawesome",
        "saveHtml": true,
        "saveJson": true,
        "consoleReporter": "spec",
        "useInlineDiffs": false,
        "code": true
      },
      "version": "7.1.3"
    },
    "marge": {
      "options": {
        "id": "default"
      },
      "version": "6.2.0"
    }
  }
}