{
  "stats": {
    "suites": 67,
    "tests": 217,
    "passes": 202,
    "pending": 15,
    "failures": 0,
    "start": "2023-01-11T18:50:06.446Z",
    "end": "2023-01-11T18:50:22.753Z",
    "duration": 16307,
    "testsRegistered": 219,
    "passPercent": 99.01960784313727,
    "pendingPercent": 6.8493150684931505,
    "other": 0,
    "hasOther": false,
    "skipped": 2,
    "hasSkipped": true
  },
  "results": [
    {
      "uuid": "4a138a1f-a718-4b8f-96a5-ad00cc696059",
      "title": "",
      "fullFile": "",
      "file": "",
      "beforeHooks": [],
      "afterHooks": [],
      "tests": [
        {
          "title": "Get top level VHDL",
          "fullTitle": "Get top level VHDL",
          "timedOut": false,
          "duration": 0,
          "state": null,
          "speed": null,
          "pass": false,
          "fail": false,
          "pending": false,
          "context": null,
          "code": "const code_dummy = `\nlibrary ieee;\nuse ieee.std_logic_1164.all;\nuse ieee.numeric_std.all;\nentity test_entity_name is\ngeneric (\n    a : integer;\n    b : unsigned;\n    c : signed;\n    d : std_logic;\n    e : std_logic_vector;\n    f : std_logic_vector(5 downto 0)\n  );\nport(\n  g : in std_logic;\n  h : out std_logic;\n  i : inout std_logic\n);\nend test_entity_name;  \narchitecture e_arch of test_entity_name is\nbegin \nend e_arch;\n`;\nconst expected = 'test_entity_name';\nconst current = await hdl_utils.get_toplevel(code_dummy, general_1.HDL_LANG.VHDL);\n(0, assert_1.equal)(current, expected);",
          "err": {},
          "uuid": "b7642870-8945-45a4-8fcf-175ede53fb99",
          "parentUUID": "4a138a1f-a718-4b8f-96a5-ad00cc696059",
          "isHook": false,
          "skipped": true
        },
        {
          "title": "Get top level Verilog",
          "fullTitle": "Get top level Verilog",
          "timedOut": false,
          "duration": 0,
          "state": null,
          "speed": null,
          "pass": false,
          "fail": false,
          "pending": false,
          "context": null,
          "code": "const code_dummy = `\nmodule test_entity_name2 \n    #(\n        parameter a=8,\n        parameter b=9,\n        parameter c=10, d=11\n    )\n    (\n        input e,\n        output f,\n        input reg g,\n        input wire h,\n        input reg [7:0] i, j,\n        input wire [9:0] k,\n        output wire [9:0] l\n    );  \n\n    function [7:0] sum;  \n        input [7:0] a, b;  \n        begin  \n            sum = a + b;  \n        end  \n    endfunction\n\n    wire m;\n    wire n, p;\n    reg [1:0] q;\n\n    localparam r = 2;\n\n    always @(posedge a) begin : label_0\n    end\n\n    always_comb begin\n    end\n\n    always_ff begin : label_1\n    end\n\n    always_latch begin\n    end\n\n    test_entity_name \n    #(\n      .a(a ),\n      .b(b ),\n      .c(c ),\n      .d (d )\n    )\n    test_entity_name_dut (\n      .e (e ),\n      .f (f ),\n      .g (g ),\n      .h (h ),\n      .i (i ),\n      .j (j ),\n      .k (k ),\n      .l  ( l)\n    );\n  \nendmodule\n`;\nconst expected = 'test_entity_name2';\nconst current = await hdl_utils.get_toplevel(code_dummy, general_1.HDL_LANG.VERILOG);\n(0, assert_1.equal)(current, expected);",
          "err": {},
          "uuid": "1bb39d54-a14e-421a-92ec-5893204b5d10",
          "parentUUID": "4a138a1f-a718-4b8f-96a5-ad00cc696059",
          "isHook": false,
          "skipped": true
        }
      ],
      "suites": [
        {
          "uuid": "c3996c0a-8dee-40cc-a10e-43100646dba2",
          "title": "teroshdl:linter",
          "fullFile": "D:\\a\\colibri\\colibri\\tests\\command\\linter\\linter.spec.ts",
          "file": "\\tests\\command\\linter\\linter.spec.ts",
          "beforeHooks": [],
          "afterHooks": [],
          "tests": [
            {
              "title": "Check linter",
              "fullTitle": "teroshdl:linter Check linter",
              "timedOut": false,
              "duration": 0,
              "state": "pending",
              "speed": null,
              "pass": false,
              "fail": false,
              "pending": true,
              "context": null,
              "code": "",
              "err": {},
              "uuid": "3e989f03-8006-4126-b896-2ca9c4ed3fbc",
              "parentUUID": "c3996c0a-8dee-40cc-a10e-43100646dba2",
              "isHook": false,
              "skipped": false
            }
          ],
          "suites": [],
          "passes": [],
          "failures": [],
          "pending": [
            "3e989f03-8006-4126-b896-2ca9c4ed3fbc"
          ],
          "skipped": [],
          "duration": 0,
          "root": false,
          "rootEmpty": false,
          "_timeout": 2000
        },
        {
          "uuid": "1725c130-e2bd-4275-947c-3236abc04c7c",
          "title": "teroshdl:template",
          "fullFile": "D:\\a\\colibri\\colibri\\tests\\command\\template\\template.spec.ts",
          "file": "\\tests\\command\\template\\template.spec.ts",
          "beforeHooks": [],
          "afterHooks": [],
          "tests": [
            {
              "title": "Check template",
              "fullTitle": "teroshdl:template Check template",
              "timedOut": false,
              "duration": 1807,
              "state": "passed",
              "speed": "slow",
              "pass": true,
              "fail": false,
              "pending": false,
              "context": null,
              "code": "if (context.timeout)\n    this.timeout(context.timeout);\nreturn run.call(this);",
              "err": {},
              "uuid": "5a54fdb8-1caf-45d6-a553-d926ac6cd6da",
              "parentUUID": "1725c130-e2bd-4275-947c-3236abc04c7c",
              "isHook": false,
              "skipped": false
            }
          ],
          "suites": [],
          "passes": [
            "5a54fdb8-1caf-45d6-a553-d926ac6cd6da"
          ],
          "failures": [],
          "pending": [],
          "skipped": [],
          "duration": 1807,
          "root": false,
          "rootEmpty": false,
          "_timeout": 2000
        },
        {
          "uuid": "76543ea2-9ac8-46ae-90d8-5667123749f2",
          "title": "Check diagram generator",
          "fullFile": "D:\\a\\colibri\\colibri\\tests\\documenter\\diagram.spec.ts",
          "file": "\\tests\\documenter\\diagram.spec.ts",
          "beforeHooks": [],
          "afterHooks": [],
          "tests": [
            {
              "title": "With ports and generics and color",
              "fullTitle": "Check diagram generator With ports and generics and color",
              "timedOut": false,
              "duration": 354,
              "state": "passed",
              "speed": "slow",
              "pass": true,
              "fail": false,
              "pending": false,
              "context": null,
              "code": "const test_index = 0;\nconst OPT = {\n    blackandwhite: false\n};\nconst hdl_element = new common_hdl.Hdl_element(general_1.HDL_LANG.VHDL, common_hdl.TYPE_HDL_ELEMENT.ENTITY);\n// Ports\nhdl_element.add_port(port_input);\nhdl_element.add_port(port_output);\n// Generics\nhdl_element.add_generic(generic_0);\nhdl_element.add_generic(generic_1);\nconst svg_diagram = diagram.diagram_generator(hdl_element, OPT);\nconst file_o = paht_lib.join(C_OUTPUT_BASE_PATH, `output_${test_index}.svg`);\nfs.writeFileSync(file_o, svg_diagram);\ncheck_test(test_index);",
              "err": {},
              "uuid": "2d93eff7-749f-4d16-b36c-6013cd1de889",
              "parentUUID": "76543ea2-9ac8-46ae-90d8-5667123749f2",
              "isHook": false,
              "skipped": false
            },
            {
              "title": "Only ports and color",
              "fullTitle": "Check diagram generator Only ports and color",
              "timedOut": false,
              "duration": 9,
              "state": "passed",
              "speed": "fast",
              "pass": true,
              "fail": false,
              "pending": false,
              "context": null,
              "code": "const test_index = 1;\nconst OPT = {\n    blackandwhite: false\n};\nconst hdl_element = new common_hdl.Hdl_element(general_1.HDL_LANG.VHDL, common_hdl.TYPE_HDL_ELEMENT.ENTITY);\n// Ports\nhdl_element.add_port(port_input);\nhdl_element.add_port(port_output);\nconst svg_diagram = diagram.diagram_generator(hdl_element, OPT);\nconst file_o = paht_lib.join(C_OUTPUT_BASE_PATH, `output_${test_index}.svg`);\nfs.writeFileSync(file_o, svg_diagram);\ncheck_test(test_index);",
              "err": {},
              "uuid": "b69b78ba-94bc-4313-a930-61db137001e5",
              "parentUUID": "76543ea2-9ac8-46ae-90d8-5667123749f2",
              "isHook": false,
              "skipped": false
            },
            {
              "title": "Only generics and color",
              "fullTitle": "Check diagram generator Only generics and color",
              "timedOut": false,
              "duration": 6,
              "state": "passed",
              "speed": "fast",
              "pass": true,
              "fail": false,
              "pending": false,
              "context": null,
              "code": "const test_index = 2;\nconst OPT = {\n    blackandwhite: false\n};\nconst hdl_element = new common_hdl.Hdl_element(general_1.HDL_LANG.VHDL, common_hdl.TYPE_HDL_ELEMENT.ENTITY);\n// Generics\nhdl_element.add_generic(generic_0);\nhdl_element.add_generic(generic_1);\nconst svg_diagram = diagram.diagram_generator(hdl_element, OPT);\nconst file_o = paht_lib.join(C_OUTPUT_BASE_PATH, `output_${test_index}.svg`);\nfs.writeFileSync(file_o, svg_diagram);\ncheck_test(test_index);",
              "err": {},
              "uuid": "d19fe9b3-595a-4e38-a27f-7f31bb3f9125",
              "parentUUID": "76543ea2-9ac8-46ae-90d8-5667123749f2",
              "isHook": false,
              "skipped": false
            },
            {
              "title": "Empty and color",
              "fullTitle": "Check diagram generator Empty and color",
              "timedOut": false,
              "duration": 2,
              "state": "passed",
              "speed": "fast",
              "pass": true,
              "fail": false,
              "pending": false,
              "context": null,
              "code": "const test_index = 3;\nconst OPT = {\n    blackandwhite: false\n};\nconst hdl_element = new common_hdl.Hdl_element(general_1.HDL_LANG.VHDL, common_hdl.TYPE_HDL_ELEMENT.ENTITY);\nconst svg_diagram = diagram.diagram_generator(hdl_element, OPT);\nconst file_o = paht_lib.join(C_OUTPUT_BASE_PATH, `output_${test_index}.svg`);\nfs.writeFileSync(file_o, svg_diagram);\ncheck_test(test_index);",
              "err": {},
              "uuid": "a79b520b-a945-46b8-bc84-97bc20a0f7d5",
              "parentUUID": "76543ea2-9ac8-46ae-90d8-5667123749f2",
              "isHook": false,
              "skipped": false
            },
            {
              "title": "With ports and generics and black and white",
              "fullTitle": "Check diagram generator With ports and generics and black and white",
              "timedOut": false,
              "duration": 7,
              "state": "passed",
              "speed": "fast",
              "pass": true,
              "fail": false,
              "pending": false,
              "context": null,
              "code": "const test_index = 4;\nconst OPT = {\n    blackandwhite: true\n};\nconst hdl_element = new common_hdl.Hdl_element(general_1.HDL_LANG.VHDL, common_hdl.TYPE_HDL_ELEMENT.ENTITY);\n// Ports\nhdl_element.add_port(port_input);\nhdl_element.add_port(port_output);\n// Generics\nhdl_element.add_generic(generic_0);\nhdl_element.add_generic(generic_1);\nconst svg_diagram = diagram.diagram_generator(hdl_element, OPT);\nconst file_o = paht_lib.join(C_OUTPUT_BASE_PATH, `output_${test_index}.svg`);\nfs.writeFileSync(file_o, svg_diagram);\ncheck_test(test_index);",
              "err": {},
              "uuid": "d70c090d-9d53-49be-b3a7-078a72b71a2a",
              "parentUUID": "76543ea2-9ac8-46ae-90d8-5667123749f2",
              "isHook": false,
              "skipped": false
            }
          ],
          "suites": [],
          "passes": [
            "2d93eff7-749f-4d16-b36c-6013cd1de889",
            "b69b78ba-94bc-4313-a930-61db137001e5",
            "d19fe9b3-595a-4e38-a27f-7f31bb3f9125",
            "a79b520b-a945-46b8-bc84-97bc20a0f7d5",
            "d70c090d-9d53-49be-b3a7-078a72b71a2a"
          ],
          "failures": [],
          "pending": [],
          "skipped": [],
          "duration": 378,
          "root": false,
          "rootEmpty": false,
          "_timeout": 2000
        },
        {
          "uuid": "85fb2e20-f82b-4bd2-8bf1-882ae1734651",
          "title": "Check documenter creator with html",
          "fullFile": "D:\\a\\colibri\\colibri\\tests\\documenter\\documenter.spec.ts",
          "file": "\\tests\\documenter\\documenter.spec.ts",
          "beforeHooks": [],
          "afterHooks": [],
          "tests": [
            {
              "title": "Entity VHDL",
              "fullTitle": "Check documenter creator with html Entity VHDL",
              "timedOut": false,
              "duration": 548,
              "state": "passed",
              "speed": "slow",
              "pass": true,
              "fail": false,
              "pending": false,
              "context": null,
              "code": "const hdl_lang = general_1.HDL_LANG.VHDL;\nconst hdl_type = 'entity';\nawait run(hdl_type, hdl_lang, output_type_inst);",
              "err": {},
              "uuid": "af3909a9-3d66-4461-86fe-4a09faa5beb9",
              "parentUUID": "85fb2e20-f82b-4bd2-8bf1-882ae1734651",
              "isHook": false,
              "skipped": false
            },
            {
              "title": "Package VHDL",
              "fullTitle": "Check documenter creator with html Package VHDL",
              "timedOut": false,
              "duration": 438,
              "state": "passed",
              "speed": "slow",
              "pass": true,
              "fail": false,
              "pending": false,
              "context": null,
              "code": "const hdl_lang = general_1.HDL_LANG.VHDL;\nconst hdl_type = 'package';\nawait run(hdl_type, hdl_lang, output_type_inst);",
              "err": {},
              "uuid": "b8595ed4-8501-4a63-a9f8-7d08091aafb7",
              "parentUUID": "85fb2e20-f82b-4bd2-8bf1-882ae1734651",
              "isHook": false,
              "skipped": false
            },
            {
              "title": "Module Verilog",
              "fullTitle": "Check documenter creator with html Module Verilog",
              "timedOut": false,
              "duration": 1127,
              "state": "passed",
              "speed": "slow",
              "pass": true,
              "fail": false,
              "pending": false,
              "context": null,
              "code": "const hdl_lang = general_1.HDL_LANG.VERILOG;\nconst hdl_type = 'entity';\nawait run(hdl_type, hdl_lang, output_type_inst);",
              "err": {},
              "uuid": "b8b823e3-2e14-44cf-9b22-41bd87c69ab1",
              "parentUUID": "85fb2e20-f82b-4bd2-8bf1-882ae1734651",
              "isHook": false,
              "skipped": false
            },
            {
              "title": "Package SystemVerilog",
              "fullTitle": "Check documenter creator with html Package SystemVerilog",
              "timedOut": false,
              "duration": 364,
              "state": "passed",
              "speed": "slow",
              "pass": true,
              "fail": false,
              "pending": false,
              "context": null,
              "code": "const hdl_lang = general_1.HDL_LANG.SYSTEMVERILOG;\nconst hdl_type = 'package';\nawait run(hdl_type, hdl_lang, output_type_inst);",
              "err": {},
              "uuid": "e600c685-0ee5-485d-bdee-a692138b987f",
              "parentUUID": "85fb2e20-f82b-4bd2-8bf1-882ae1734651",
              "isHook": false,
              "skipped": false
            },
            {
              "title": "Interface SystemVerilog",
              "fullTitle": "Check documenter creator with html Interface SystemVerilog",
              "timedOut": false,
              "duration": 331,
              "state": "passed",
              "speed": "slow",
              "pass": true,
              "fail": false,
              "pending": false,
              "context": null,
              "code": "const hdl_lang = general_1.HDL_LANG.SYSTEMVERILOG;\nconst hdl_type = 'interface';\nawait run(hdl_type, hdl_lang, output_type_inst);",
              "err": {},
              "uuid": "05363186-c707-45d9-8de4-d3bf842c77de",
              "parentUUID": "85fb2e20-f82b-4bd2-8bf1-882ae1734651",
              "isHook": false,
              "skipped": false
            }
          ],
          "suites": [],
          "passes": [
            "af3909a9-3d66-4461-86fe-4a09faa5beb9",
            "b8595ed4-8501-4a63-a9f8-7d08091aafb7",
            "b8b823e3-2e14-44cf-9b22-41bd87c69ab1",
            "e600c685-0ee5-485d-bdee-a692138b987f",
            "05363186-c707-45d9-8de4-d3bf842c77de"
          ],
          "failures": [],
          "pending": [],
          "skipped": [],
          "duration": 2808,
          "root": false,
          "rootEmpty": false,
          "_timeout": 5000
        },
        {
          "uuid": "f2092d39-0e5b-48da-8ec3-fc7300e3d0ec",
          "title": "Check documenter creator with markdown",
          "fullFile": "D:\\a\\colibri\\colibri\\tests\\documenter\\documenter.spec.ts",
          "file": "\\tests\\documenter\\documenter.spec.ts",
          "beforeHooks": [],
          "afterHooks": [],
          "tests": [
            {
              "title": "Entity VHDL",
              "fullTitle": "Check documenter creator with markdown Entity VHDL",
              "timedOut": false,
              "duration": 362,
              "state": "passed",
              "speed": "slow",
              "pass": true,
              "fail": false,
              "pending": false,
              "context": null,
              "code": "const hdl_lang = general_1.HDL_LANG.VHDL;\nconst hdl_type = 'entity';\nawait run(hdl_type, hdl_lang, output_type_inst);",
              "err": {},
              "uuid": "9a45a61b-d25e-4a20-98ae-e64a058ceefe",
              "parentUUID": "f2092d39-0e5b-48da-8ec3-fc7300e3d0ec",
              "isHook": false,
              "skipped": false
            },
            {
              "title": "Package VHDL",
              "fullTitle": "Check documenter creator with markdown Package VHDL",
              "timedOut": false,
              "duration": 276,
              "state": "passed",
              "speed": "slow",
              "pass": true,
              "fail": false,
              "pending": false,
              "context": null,
              "code": "const hdl_lang = general_1.HDL_LANG.VHDL;\nconst hdl_type = 'package';\nawait run(hdl_type, hdl_lang, output_type_inst);",
              "err": {},
              "uuid": "134e23f6-53ca-432c-999b-f43e0c2ee2ff",
              "parentUUID": "f2092d39-0e5b-48da-8ec3-fc7300e3d0ec",
              "isHook": false,
              "skipped": false
            },
            {
              "title": "Module Verilog",
              "fullTitle": "Check documenter creator with markdown Module Verilog",
              "timedOut": false,
              "duration": 583,
              "state": "passed",
              "speed": "slow",
              "pass": true,
              "fail": false,
              "pending": false,
              "context": null,
              "code": "const hdl_lang = general_1.HDL_LANG.VERILOG;\nconst hdl_type = 'entity';\nawait run(hdl_type, hdl_lang, output_type_inst);",
              "err": {},
              "uuid": "dfd6d56d-eee9-4cff-af61-ffe0574d794b",
              "parentUUID": "f2092d39-0e5b-48da-8ec3-fc7300e3d0ec",
              "isHook": false,
              "skipped": false
            },
            {
              "title": "Package SystemVerilog",
              "fullTitle": "Check documenter creator with markdown Package SystemVerilog",
              "timedOut": false,
              "duration": 226,
              "state": "passed",
              "speed": "slow",
              "pass": true,
              "fail": false,
              "pending": false,
              "context": null,
              "code": "const hdl_lang = general_1.HDL_LANG.SYSTEMVERILOG;\nconst hdl_type = 'package';\nawait run(hdl_type, hdl_lang, output_type_inst);",
              "err": {},
              "uuid": "b4ddb2ec-465f-4fc7-8a51-afe614d2fa9b",
              "parentUUID": "f2092d39-0e5b-48da-8ec3-fc7300e3d0ec",
              "isHook": false,
              "skipped": false
            },
            {
              "title": "Interface SystemVerilog",
              "fullTitle": "Check documenter creator with markdown Interface SystemVerilog",
              "timedOut": false,
              "duration": 269,
              "state": "passed",
              "speed": "slow",
              "pass": true,
              "fail": false,
              "pending": false,
              "context": null,
              "code": "const hdl_lang = general_1.HDL_LANG.SYSTEMVERILOG;\nconst hdl_type = 'interface';\nawait run(hdl_type, hdl_lang, output_type_inst);",
              "err": {},
              "uuid": "7bdb52bf-ba3f-43c5-97c5-7868af05a17e",
              "parentUUID": "f2092d39-0e5b-48da-8ec3-fc7300e3d0ec",
              "isHook": false,
              "skipped": false
            }
          ],
          "suites": [],
          "passes": [
            "9a45a61b-d25e-4a20-98ae-e64a058ceefe",
            "134e23f6-53ca-432c-999b-f43e0c2ee2ff",
            "dfd6d56d-eee9-4cff-af61-ffe0574d794b",
            "b4ddb2ec-465f-4fc7-8a51-afe614d2fa9b",
            "7bdb52bf-ba3f-43c5-97c5-7868af05a17e"
          ],
          "failures": [],
          "pending": [],
          "skipped": [],
          "duration": 1716,
          "root": false,
          "rootEmpty": false,
          "_timeout": 5000
        },
        {
          "uuid": "9c0d255c-c97c-4045-9cd0-db4c42daaf86",
          "title": "Test Doxygen elements single line and only 1 element in the description.",
          "fullFile": "D:\\a\\colibri\\colibri\\tests\\documenter\\doxygen.spec.ts",
          "file": "\\tests\\documenter\\doxygen.spec.ts",
          "beforeHooks": [],
          "afterHooks": [],
          "tests": [
            {
              "title": "Testing author",
              "fullTitle": "Test Doxygen elements single line and only 1 element in the description. Testing author",
              "timedOut": false,
              "duration": 0,
              "state": "passed",
              "speed": "fast",
              "pass": true,
              "fail": false,
              "pending": false,
              "context": null,
              "code": "const result = (0, doxygen_parser_1.parse_doxygen)(element.input);\n(0, assert_1.equal)(result.element_list[0].description, element.output);",
              "err": {},
              "uuid": "c1138fc6-0434-40ca-b311-889d334e8485",
              "parentUUID": "9c0d255c-c97c-4045-9cd0-db4c42daaf86",
              "isHook": false,
              "skipped": false
            },
            {
              "title": "Testing version",
              "fullTitle": "Test Doxygen elements single line and only 1 element in the description. Testing version",
              "timedOut": false,
              "duration": 0,
              "state": "passed",
              "speed": "fast",
              "pass": true,
              "fail": false,
              "pending": false,
              "context": null,
              "code": "const result = (0, doxygen_parser_1.parse_doxygen)(element.input);\n(0, assert_1.equal)(result.element_list[0].description, element.output);",
              "err": {},
              "uuid": "391641dc-3cec-4d52-811c-49cde8fa2e1b",
              "parentUUID": "9c0d255c-c97c-4045-9cd0-db4c42daaf86",
              "isHook": false,
              "skipped": false
            },
            {
              "title": "Testing project",
              "fullTitle": "Test Doxygen elements single line and only 1 element in the description. Testing project",
              "timedOut": false,
              "duration": 0,
              "state": "passed",
              "speed": "fast",
              "pass": true,
              "fail": false,
              "pending": false,
              "context": null,
              "code": "const result = (0, doxygen_parser_1.parse_doxygen)(element.input);\n(0, assert_1.equal)(result.element_list[0].description, element.output);",
              "err": {},
              "uuid": "1345e055-3d95-492a-b360-76651246eacf",
              "parentUUID": "9c0d255c-c97c-4045-9cd0-db4c42daaf86",
              "isHook": false,
              "skipped": false
            },
            {
              "title": "Testing copyright",
              "fullTitle": "Test Doxygen elements single line and only 1 element in the description. Testing copyright",
              "timedOut": false,
              "duration": 0,
              "state": "passed",
              "speed": "fast",
              "pass": true,
              "fail": false,
              "pending": false,
              "context": null,
              "code": "const result = (0, doxygen_parser_1.parse_doxygen)(element.input);\n(0, assert_1.equal)(result.element_list[0].description, element.output);",
              "err": {},
              "uuid": "e2841da1-392f-44d8-9f25-44916191ba9f",
              "parentUUID": "9c0d255c-c97c-4045-9cd0-db4c42daaf86",
              "isHook": false,
              "skipped": false
            },
            {
              "title": "Testing brief",
              "fullTitle": "Test Doxygen elements single line and only 1 element in the description. Testing brief",
              "timedOut": false,
              "duration": 0,
              "state": "passed",
              "speed": "fast",
              "pass": true,
              "fail": false,
              "pending": false,
              "context": null,
              "code": "const result = (0, doxygen_parser_1.parse_doxygen)(element.input);\n(0, assert_1.equal)(result.element_list[0].description, element.output);",
              "err": {},
              "uuid": "183fadbc-ad52-4275-9a64-27f6508eae48",
              "parentUUID": "9c0d255c-c97c-4045-9cd0-db4c42daaf86",
              "isHook": false,
              "skipped": false
            },
            {
              "title": "Testing details",
              "fullTitle": "Test Doxygen elements single line and only 1 element in the description. Testing details",
              "timedOut": false,
              "duration": 0,
              "state": "passed",
              "speed": "fast",
              "pass": true,
              "fail": false,
              "pending": false,
              "context": null,
              "code": "const result = (0, doxygen_parser_1.parse_doxygen)(element.input);\n(0, assert_1.equal)(result.element_list[0].description, element.output);",
              "err": {},
              "uuid": "689e9fd4-e05b-465a-85b1-d528ac68fece",
              "parentUUID": "9c0d255c-c97c-4045-9cd0-db4c42daaf86",
              "isHook": false,
              "skipped": false
            },
            {
              "title": "Testing custom_section_begin",
              "fullTitle": "Test Doxygen elements single line and only 1 element in the description. Testing custom_section_begin",
              "timedOut": false,
              "duration": 0,
              "state": "passed",
              "speed": "fast",
              "pass": true,
              "fail": false,
              "pending": false,
              "context": null,
              "code": "const result = (0, doxygen_parser_1.parse_doxygen)(element.input);\n(0, assert_1.equal)(result.element_list[0].description, element.output);",
              "err": {},
              "uuid": "8ebff1d3-dad6-495d-a91b-8d48e493afac",
              "parentUUID": "9c0d255c-c97c-4045-9cd0-db4c42daaf86",
              "isHook": false,
              "skipped": false
            },
            {
              "title": "Testing custom_section_end",
              "fullTitle": "Test Doxygen elements single line and only 1 element in the description. Testing custom_section_end",
              "timedOut": false,
              "duration": 0,
              "state": "passed",
              "speed": "fast",
              "pass": true,
              "fail": false,
              "pending": false,
              "context": null,
              "code": "const result = (0, doxygen_parser_1.parse_doxygen)(element.input);\n(0, assert_1.equal)(result.element_list[0].description, element.output);",
              "err": {},
              "uuid": "90e1f8ff-3553-4f1c-b4b2-4b940b2cef65",
              "parentUUID": "9c0d255c-c97c-4045-9cd0-db4c42daaf86",
              "isHook": false,
              "skipped": false
            }
          ],
          "suites": [],
          "passes": [
            "c1138fc6-0434-40ca-b311-889d334e8485",
            "391641dc-3cec-4d52-811c-49cde8fa2e1b",
            "1345e055-3d95-492a-b360-76651246eacf",
            "e2841da1-392f-44d8-9f25-44916191ba9f",
            "183fadbc-ad52-4275-9a64-27f6508eae48",
            "689e9fd4-e05b-465a-85b1-d528ac68fece",
            "8ebff1d3-dad6-495d-a91b-8d48e493afac",
            "90e1f8ff-3553-4f1c-b4b2-4b940b2cef65"
          ],
          "failures": [],
          "pending": [],
          "skipped": [],
          "duration": 0,
          "root": false,
          "rootEmpty": false,
          "_timeout": 2000
        },
        {
          "uuid": "549a2d2e-8ad5-49f2-bb5f-9fb008b963e2",
          "title": "Test Doxygen elements multi line and only 1 element in the description.",
          "fullFile": "D:\\a\\colibri\\colibri\\tests\\documenter\\doxygen.spec.ts",
          "file": "\\tests\\documenter\\doxygen.spec.ts",
          "beforeHooks": [],
          "afterHooks": [],
          "tests": [
            {
              "title": "Testing author",
              "fullTitle": "Test Doxygen elements multi line and only 1 element in the description. Testing author",
              "timedOut": false,
              "duration": 0,
              "state": "passed",
              "speed": "fast",
              "pass": true,
              "fail": false,
              "pending": false,
              "context": null,
              "code": "const result = (0, doxygen_parser_1.parse_doxygen)(element.input);\n(0, assert_1.equal)(result.element_list[0].description, element.output);",
              "err": {},
              "uuid": "45eb1135-75da-4688-ada3-d450c424fa94",
              "parentUUID": "549a2d2e-8ad5-49f2-bb5f-9fb008b963e2",
              "isHook": false,
              "skipped": false
            },
            {
              "title": "Testing version",
              "fullTitle": "Test Doxygen elements multi line and only 1 element in the description. Testing version",
              "timedOut": false,
              "duration": 0,
              "state": "passed",
              "speed": "fast",
              "pass": true,
              "fail": false,
              "pending": false,
              "context": null,
              "code": "const result = (0, doxygen_parser_1.parse_doxygen)(element.input);\n(0, assert_1.equal)(result.element_list[0].description, element.output);",
              "err": {},
              "uuid": "af7a1621-f932-428b-a4b6-277b326f0682",
              "parentUUID": "549a2d2e-8ad5-49f2-bb5f-9fb008b963e2",
              "isHook": false,
              "skipped": false
            },
            {
              "title": "Testing project",
              "fullTitle": "Test Doxygen elements multi line and only 1 element in the description. Testing project",
              "timedOut": false,
              "duration": 0,
              "state": "passed",
              "speed": "fast",
              "pass": true,
              "fail": false,
              "pending": false,
              "context": null,
              "code": "const result = (0, doxygen_parser_1.parse_doxygen)(element.input);\n(0, assert_1.equal)(result.element_list[0].description, element.output);",
              "err": {},
              "uuid": "2f1f5f10-406d-4766-8b5f-1c93e206d5e7",
              "parentUUID": "549a2d2e-8ad5-49f2-bb5f-9fb008b963e2",
              "isHook": false,
              "skipped": false
            },
            {
              "title": "Testing copyright",
              "fullTitle": "Test Doxygen elements multi line and only 1 element in the description. Testing copyright",
              "timedOut": false,
              "duration": 0,
              "state": "passed",
              "speed": "fast",
              "pass": true,
              "fail": false,
              "pending": false,
              "context": null,
              "code": "const result = (0, doxygen_parser_1.parse_doxygen)(element.input);\n(0, assert_1.equal)(result.element_list[0].description, element.output);",
              "err": {},
              "uuid": "7adc03b4-0fd9-44bb-8165-b0e68ff056b6",
              "parentUUID": "549a2d2e-8ad5-49f2-bb5f-9fb008b963e2",
              "isHook": false,
              "skipped": false
            },
            {
              "title": "Testing brief",
              "fullTitle": "Test Doxygen elements multi line and only 1 element in the description. Testing brief",
              "timedOut": false,
              "duration": 0,
              "state": "passed",
              "speed": "fast",
              "pass": true,
              "fail": false,
              "pending": false,
              "context": null,
              "code": "const result = (0, doxygen_parser_1.parse_doxygen)(element.input);\n(0, assert_1.equal)(result.element_list[0].description, element.output);",
              "err": {},
              "uuid": "cc3997d3-6d23-44fd-9450-56e6c4a5d469",
              "parentUUID": "549a2d2e-8ad5-49f2-bb5f-9fb008b963e2",
              "isHook": false,
              "skipped": false
            },
            {
              "title": "Testing details",
              "fullTitle": "Test Doxygen elements multi line and only 1 element in the description. Testing details",
              "timedOut": false,
              "duration": 0,
              "state": "passed",
              "speed": "fast",
              "pass": true,
              "fail": false,
              "pending": false,
              "context": null,
              "code": "const result = (0, doxygen_parser_1.parse_doxygen)(element.input);\n(0, assert_1.equal)(result.element_list[0].description, element.output);",
              "err": {},
              "uuid": "6039ab56-0160-4a0c-9edc-34452ad79a51",
              "parentUUID": "549a2d2e-8ad5-49f2-bb5f-9fb008b963e2",
              "isHook": false,
              "skipped": false
            },
            {
              "title": "Testing custom_section_begin",
              "fullTitle": "Test Doxygen elements multi line and only 1 element in the description. Testing custom_section_begin",
              "timedOut": false,
              "duration": 0,
              "state": "passed",
              "speed": "fast",
              "pass": true,
              "fail": false,
              "pending": false,
              "context": null,
              "code": "const result = (0, doxygen_parser_1.parse_doxygen)(element.input);\n(0, assert_1.equal)(result.element_list[0].description, element.output);",
              "err": {},
              "uuid": "e2c61aba-8f42-4181-b323-42928712a414",
              "parentUUID": "549a2d2e-8ad5-49f2-bb5f-9fb008b963e2",
              "isHook": false,
              "skipped": false
            },
            {
              "title": "Testing custom_section_end",
              "fullTitle": "Test Doxygen elements multi line and only 1 element in the description. Testing custom_section_end",
              "timedOut": false,
              "duration": 0,
              "state": "passed",
              "speed": "fast",
              "pass": true,
              "fail": false,
              "pending": false,
              "context": null,
              "code": "const result = (0, doxygen_parser_1.parse_doxygen)(element.input);\n(0, assert_1.equal)(result.element_list[0].description, element.output);",
              "err": {},
              "uuid": "0a65acbd-6798-41ed-8961-a3aac73df6ef",
              "parentUUID": "549a2d2e-8ad5-49f2-bb5f-9fb008b963e2",
              "isHook": false,
              "skipped": false
            }
          ],
          "suites": [],
          "passes": [
            "45eb1135-75da-4688-ada3-d450c424fa94",
            "af7a1621-f932-428b-a4b6-277b326f0682",
            "2f1f5f10-406d-4766-8b5f-1c93e206d5e7",
            "7adc03b4-0fd9-44bb-8165-b0e68ff056b6",
            "cc3997d3-6d23-44fd-9450-56e6c4a5d469",
            "6039ab56-0160-4a0c-9edc-34452ad79a51",
            "e2c61aba-8f42-4181-b323-42928712a414",
            "0a65acbd-6798-41ed-8961-a3aac73df6ef"
          ],
          "failures": [],
          "pending": [],
          "skipped": [],
          "duration": 0,
          "root": false,
          "rootEmpty": false,
          "_timeout": 2000
        },
        {
          "uuid": "61d9c46f-8880-4192-98e6-634397582f07",
          "title": "Check sections creator with html",
          "fullFile": "D:\\a\\colibri\\colibri\\tests\\documenter\\section_creator.spec.ts",
          "file": "\\tests\\documenter\\section_creator.spec.ts",
          "beforeHooks": [],
          "afterHooks": [],
          "tests": [
            {
              "title": "Title section",
              "fullTitle": "Check sections creator with html Title section",
              "timedOut": false,
              "duration": 1,
              "state": "passed",
              "speed": "fast",
              "pass": true,
              "fail": false,
              "pending": false,
              "context": null,
              "code": "const section_name = \"title\";\nconst section = creator.get_title_section(hdl_element, configuration, output_type_inst);\nsave_output(section, section_name, output_type_inst);\ncheck(section_name, output_type_inst, false);",
              "err": {},
              "uuid": "2ab75ac1-b849-42a0-ae92-b165aadad37c",
              "parentUUID": "61d9c46f-8880-4192-98e6-634397582f07",
              "isHook": false,
              "skipped": false
            },
            {
              "title": "Input section",
              "fullTitle": "Check sections creator with html Input section",
              "timedOut": false,
              "duration": 1,
              "state": "passed",
              "speed": "fast",
              "pass": true,
              "fail": false,
              "pending": false,
              "context": null,
              "code": "const section_name = \"input\";\nconst file_path = \"/example/of/sample.vhd\";\nconst section = creator.get_input_section(file_path, configuration, output_type_inst);\nsave_output(section, section_name, output_type_inst);\ncheck(section_name, output_type_inst, false);",
              "err": {},
              "uuid": "ba335bbb-9cbc-421a-9cbc-c0c71d03a240",
              "parentUUID": "61d9c46f-8880-4192-98e6-634397582f07",
              "isHook": false,
              "skipped": false
            },
            {
              "title": "Info section",
              "fullTitle": "Check sections creator with html Info section",
              "timedOut": false,
              "duration": 1,
              "state": "passed",
              "speed": "fast",
              "pass": true,
              "fail": false,
              "pending": false,
              "context": null,
              "code": "const section_name = \"info\";\nconst section = creator.get_info_section(hdl_element, configuration, output_type_inst);\nsave_output(section, section_name, output_type_inst);\ncheck(section_name, output_type_inst, false);",
              "err": {},
              "uuid": "ba89fbf1-9405-445c-9e50-c083b338f51b",
              "parentUUID": "61d9c46f-8880-4192-98e6-634397582f07",
              "isHook": false,
              "skipped": false
            },
            {
              "title": "Diagram section",
              "fullTitle": "Check sections creator with html Diagram section",
              "timedOut": false,
              "duration": 0,
              "state": "pending",
              "speed": null,
              "pass": false,
              "fail": false,
              "pending": true,
              "context": null,
              "code": "this.skip();\nconst section_name = \"diagram\";\nconst svg_path = paht_lib.join(C_OUTPUT_BASE_PATH, 'input_path.svg');\nconst section = creator.get_diagram_section(hdl_element, configuration, svg_path, output_type_inst);\nsave_output(section, section_name, output_type_inst);\ncheck(section_name, output_type_inst, true);",
              "err": {},
              "uuid": "83e00e2c-4294-474c-94f6-ba803a8ad349",
              "parentUUID": "61d9c46f-8880-4192-98e6-634397582f07",
              "isHook": false,
              "skipped": false
            },
            {
              "title": "Custom begin section",
              "fullTitle": "Check sections creator with html Custom begin section",
              "timedOut": false,
              "duration": 152,
              "state": "passed",
              "speed": "slow",
              "pass": true,
              "fail": false,
              "pending": false,
              "context": null,
              "code": "const section_name = \"custom_section_begin\";\nconst input_path = paht_lib.join(__dirname, 'section_creator', 'helpers', 'input_path.vhd');\nconst section = creator.get_custom_section('custom_section_begin', hdl_element, input_path, output_type_inst);\nsave_output(section, section_name, output_type_inst);\ncheck(section_name, output_type_inst, false);",
              "err": {},
              "uuid": "d40bc917-6ab8-48d6-8e97-c4e6669ae829",
              "parentUUID": "61d9c46f-8880-4192-98e6-634397582f07",
              "isHook": false,
              "skipped": false
            },
            {
              "title": "Custom end section",
              "fullTitle": "Check sections creator with html Custom end section",
              "timedOut": false,
              "duration": 3,
              "state": "passed",
              "speed": "fast",
              "pass": true,
              "fail": false,
              "pending": false,
              "context": null,
              "code": "const section_name = \"custom_section_end\";\nconst input_path = paht_lib.join(__dirname, 'section_creator', 'helpers', 'input_path.vhd');\nconst section = creator.get_custom_section('custom_section_end', hdl_element, input_path, output_type_inst);\nsave_output(section, section_name, output_type_inst);\ncheck(section_name, output_type_inst, false);",
              "err": {},
              "uuid": "b8b38115-12b4-4c7f-b19b-f383ec337aa4",
              "parentUUID": "61d9c46f-8880-4192-98e6-634397582f07",
              "isHook": false,
              "skipped": false
            },
            {
              "title": "Description section",
              "fullTitle": "Check sections creator with html Description section",
              "timedOut": false,
              "duration": 15,
              "state": "passed",
              "speed": "fast",
              "pass": true,
              "fail": false,
              "pending": false,
              "context": null,
              "code": "if (output_type_inst === common_documenter.doc_output_type.MARKDOWN) {\n    this.skip();\n}\nconst section_name = \"description\";\nconst section = creator.get_description_section(hdl_element, configuration, C_OUTPUT_BASE_PATH, output_type_inst);\nsave_output(section, section_name, output_type_inst);\ncheck(section_name, output_type_inst, false);",
              "err": {},
              "uuid": "1c51b612-ffb6-4e18-b647-fa9b9c35bd18",
              "parentUUID": "61d9c46f-8880-4192-98e6-634397582f07",
              "isHook": false,
              "skipped": false
            },
            {
              "title": "Port section",
              "fullTitle": "Check sections creator with html Port section",
              "timedOut": false,
              "duration": 2,
              "state": "passed",
              "speed": "fast",
              "pass": true,
              "fail": false,
              "pending": false,
              "context": null,
              "code": "const section_name = \"port\";\nconst section = creator.get_in_out_section(hdl_element, configuration, output_type_inst);\nsave_output(section, section_name, output_type_inst);\ncheck(section_name, output_type_inst, false);",
              "err": {},
              "uuid": "cf030912-8128-4eb2-b09d-85f9247007d3",
              "parentUUID": "61d9c46f-8880-4192-98e6-634397582f07",
              "isHook": false,
              "skipped": false
            },
            {
              "title": "Signal-constant section",
              "fullTitle": "Check sections creator with html Signal-constant section",
              "timedOut": false,
              "duration": 2,
              "state": "passed",
              "speed": "fast",
              "pass": true,
              "fail": false,
              "pending": false,
              "context": null,
              "code": "const section_name = \"signal_constant\";\nconst section = creator.get_signal_constant_section(hdl_element, configuration, output_type_inst);\nsave_output(section, section_name, output_type_inst);\ncheck(section_name, output_type_inst, false);",
              "err": {},
              "uuid": "92702a21-1294-4214-a57b-e0c6cc7b70f2",
              "parentUUID": "61d9c46f-8880-4192-98e6-634397582f07",
              "isHook": false,
              "skipped": false
            },
            {
              "title": "Process section",
              "fullTitle": "Check sections creator with html Process section",
              "timedOut": false,
              "duration": 1,
              "state": "passed",
              "speed": "fast",
              "pass": true,
              "fail": false,
              "pending": false,
              "context": null,
              "code": "const section_name = \"process\";\nconst section = creator.get_process_section(hdl_element, configuration, output_type_inst);\nsave_output(section, section_name, output_type_inst);\ncheck(section_name, output_type_inst, false);",
              "err": {},
              "uuid": "d6e2649c-369a-40f4-aa40-3fdbe58d0a65",
              "parentUUID": "61d9c46f-8880-4192-98e6-634397582f07",
              "isHook": false,
              "skipped": false
            },
            {
              "title": "Function section",
              "fullTitle": "Check sections creator with html Function section",
              "timedOut": false,
              "duration": 2,
              "state": "passed",
              "speed": "fast",
              "pass": true,
              "fail": false,
              "pending": false,
              "context": null,
              "code": "const section_name = \"function\";\nconst section = creator.get_function_section(hdl_element, configuration, output_type_inst);\nsave_output(section, section_name, output_type_inst);\ncheck(section_name, output_type_inst, false);",
              "err": {},
              "uuid": "facf32db-9467-400c-80d7-31f54cc59f68",
              "parentUUID": "61d9c46f-8880-4192-98e6-634397582f07",
              "isHook": false,
              "skipped": false
            },
            {
              "title": "Instantiation section",
              "fullTitle": "Check sections creator with html Instantiation section",
              "timedOut": false,
              "duration": 1,
              "state": "passed",
              "speed": "fast",
              "pass": true,
              "fail": false,
              "pending": false,
              "context": null,
              "code": "const section_name = \"instantiation\";\nconst section = creator.get_instantiation_section(hdl_element, configuration, output_type_inst);\nsave_output(section, section_name, output_type_inst);\ncheck(section_name, output_type_inst, false);",
              "err": {},
              "uuid": "0b3b6eab-416b-47b5-b31c-210268a01de6",
              "parentUUID": "61d9c46f-8880-4192-98e6-634397582f07",
              "isHook": false,
              "skipped": false
            }
          ],
          "suites": [],
          "passes": [
            "2ab75ac1-b849-42a0-ae92-b165aadad37c",
            "ba335bbb-9cbc-421a-9cbc-c0c71d03a240",
            "ba89fbf1-9405-445c-9e50-c083b338f51b",
            "d40bc917-6ab8-48d6-8e97-c4e6669ae829",
            "b8b38115-12b4-4c7f-b19b-f383ec337aa4",
            "1c51b612-ffb6-4e18-b647-fa9b9c35bd18",
            "cf030912-8128-4eb2-b09d-85f9247007d3",
            "92702a21-1294-4214-a57b-e0c6cc7b70f2",
            "d6e2649c-369a-40f4-aa40-3fdbe58d0a65",
            "facf32db-9467-400c-80d7-31f54cc59f68",
            "0b3b6eab-416b-47b5-b31c-210268a01de6"
          ],
          "failures": [],
          "pending": [
            "83e00e2c-4294-474c-94f6-ba803a8ad349"
          ],
          "skipped": [],
          "duration": 181,
          "root": false,
          "rootEmpty": false,
          "_timeout": 2000
        },
        {
          "uuid": "771518d2-5c41-4e1a-ad3f-251d994ba099",
          "title": "Check sections creator with markdown",
          "fullFile": "D:\\a\\colibri\\colibri\\tests\\documenter\\section_creator.spec.ts",
          "file": "\\tests\\documenter\\section_creator.spec.ts",
          "beforeHooks": [],
          "afterHooks": [],
          "tests": [
            {
              "title": "Title section",
              "fullTitle": "Check sections creator with markdown Title section",
              "timedOut": false,
              "duration": 0,
              "state": "passed",
              "speed": "fast",
              "pass": true,
              "fail": false,
              "pending": false,
              "context": null,
              "code": "const section_name = \"title\";\nconst section = creator.get_title_section(hdl_element, configuration, output_type_inst);\nsave_output(section, section_name, output_type_inst);\ncheck(section_name, output_type_inst, false);",
              "err": {},
              "uuid": "e6b5d6d2-7be3-4c0d-a107-ab5fcaa42985",
              "parentUUID": "771518d2-5c41-4e1a-ad3f-251d994ba099",
              "isHook": false,
              "skipped": false
            },
            {
              "title": "Input section",
              "fullTitle": "Check sections creator with markdown Input section",
              "timedOut": false,
              "duration": 1,
              "state": "passed",
              "speed": "fast",
              "pass": true,
              "fail": false,
              "pending": false,
              "context": null,
              "code": "const section_name = \"input\";\nconst file_path = \"/example/of/sample.vhd\";\nconst section = creator.get_input_section(file_path, configuration, output_type_inst);\nsave_output(section, section_name, output_type_inst);\ncheck(section_name, output_type_inst, false);",
              "err": {},
              "uuid": "17b249c0-612e-4dbd-a986-c22f549467bc",
              "parentUUID": "771518d2-5c41-4e1a-ad3f-251d994ba099",
              "isHook": false,
              "skipped": false
            },
            {
              "title": "Info section",
              "fullTitle": "Check sections creator with markdown Info section",
              "timedOut": false,
              "duration": 0,
              "state": "passed",
              "speed": "fast",
              "pass": true,
              "fail": false,
              "pending": false,
              "context": null,
              "code": "const section_name = \"info\";\nconst section = creator.get_info_section(hdl_element, configuration, output_type_inst);\nsave_output(section, section_name, output_type_inst);\ncheck(section_name, output_type_inst, false);",
              "err": {},
              "uuid": "339a30db-09af-4527-a70e-1a7d7c3611f6",
              "parentUUID": "771518d2-5c41-4e1a-ad3f-251d994ba099",
              "isHook": false,
              "skipped": false
            },
            {
              "title": "Diagram section",
              "fullTitle": "Check sections creator with markdown Diagram section",
              "timedOut": false,
              "duration": 0,
              "state": "pending",
              "speed": null,
              "pass": false,
              "fail": false,
              "pending": true,
              "context": null,
              "code": "this.skip();\nconst section_name = \"diagram\";\nconst svg_path = paht_lib.join(C_OUTPUT_BASE_PATH, 'input_path.svg');\nconst section = creator.get_diagram_section(hdl_element, configuration, svg_path, output_type_inst);\nsave_output(section, section_name, output_type_inst);\ncheck(section_name, output_type_inst, true);",
              "err": {},
              "uuid": "a312bdd1-daf1-4365-80cb-0ca16b44a411",
              "parentUUID": "771518d2-5c41-4e1a-ad3f-251d994ba099",
              "isHook": false,
              "skipped": false
            },
            {
              "title": "Custom begin section",
              "fullTitle": "Check sections creator with markdown Custom begin section",
              "timedOut": false,
              "duration": 0,
              "state": "passed",
              "speed": "fast",
              "pass": true,
              "fail": false,
              "pending": false,
              "context": null,
              "code": "const section_name = \"custom_section_begin\";\nconst input_path = paht_lib.join(__dirname, 'section_creator', 'helpers', 'input_path.vhd');\nconst section = creator.get_custom_section('custom_section_begin', hdl_element, input_path, output_type_inst);\nsave_output(section, section_name, output_type_inst);\ncheck(section_name, output_type_inst, false);",
              "err": {},
              "uuid": "c8e9b2df-fe18-4825-a72c-9739744c785d",
              "parentUUID": "771518d2-5c41-4e1a-ad3f-251d994ba099",
              "isHook": false,
              "skipped": false
            },
            {
              "title": "Custom end section",
              "fullTitle": "Check sections creator with markdown Custom end section",
              "timedOut": false,
              "duration": 1,
              "state": "passed",
              "speed": "fast",
              "pass": true,
              "fail": false,
              "pending": false,
              "context": null,
              "code": "const section_name = \"custom_section_end\";\nconst input_path = paht_lib.join(__dirname, 'section_creator', 'helpers', 'input_path.vhd');\nconst section = creator.get_custom_section('custom_section_end', hdl_element, input_path, output_type_inst);\nsave_output(section, section_name, output_type_inst);\ncheck(section_name, output_type_inst, false);",
              "err": {},
              "uuid": "440f20cf-534c-43a1-8791-27fc6d9a3c54",
              "parentUUID": "771518d2-5c41-4e1a-ad3f-251d994ba099",
              "isHook": false,
              "skipped": false
            },
            {
              "title": "Description section",
              "fullTitle": "Check sections creator with markdown Description section",
              "timedOut": false,
              "duration": 0,
              "state": "pending",
              "speed": null,
              "pass": false,
              "fail": false,
              "pending": true,
              "context": null,
              "code": "if (output_type_inst === common_documenter.doc_output_type.MARKDOWN) {\n    this.skip();\n}\nconst section_name = \"description\";\nconst section = creator.get_description_section(hdl_element, configuration, C_OUTPUT_BASE_PATH, output_type_inst);\nsave_output(section, section_name, output_type_inst);\ncheck(section_name, output_type_inst, false);",
              "err": {},
              "uuid": "dc09fa91-fc93-491b-918b-2cdd9007cd54",
              "parentUUID": "771518d2-5c41-4e1a-ad3f-251d994ba099",
              "isHook": false,
              "skipped": false
            },
            {
              "title": "Port section",
              "fullTitle": "Check sections creator with markdown Port section",
              "timedOut": false,
              "duration": 1,
              "state": "passed",
              "speed": "fast",
              "pass": true,
              "fail": false,
              "pending": false,
              "context": null,
              "code": "const section_name = \"port\";\nconst section = creator.get_in_out_section(hdl_element, configuration, output_type_inst);\nsave_output(section, section_name, output_type_inst);\ncheck(section_name, output_type_inst, false);",
              "err": {},
              "uuid": "dd3948c0-0ea0-46af-a7a4-775de3e91a5e",
              "parentUUID": "771518d2-5c41-4e1a-ad3f-251d994ba099",
              "isHook": false,
              "skipped": false
            },
            {
              "title": "Signal-constant section",
              "fullTitle": "Check sections creator with markdown Signal-constant section",
              "timedOut": false,
              "duration": 1,
              "state": "passed",
              "speed": "fast",
              "pass": true,
              "fail": false,
              "pending": false,
              "context": null,
              "code": "const section_name = \"signal_constant\";\nconst section = creator.get_signal_constant_section(hdl_element, configuration, output_type_inst);\nsave_output(section, section_name, output_type_inst);\ncheck(section_name, output_type_inst, false);",
              "err": {},
              "uuid": "e71c884c-82b9-4c89-8ebf-55ceb2a13c54",
              "parentUUID": "771518d2-5c41-4e1a-ad3f-251d994ba099",
              "isHook": false,
              "skipped": false
            },
            {
              "title": "Process section",
              "fullTitle": "Check sections creator with markdown Process section",
              "timedOut": false,
              "duration": 2,
              "state": "passed",
              "speed": "fast",
              "pass": true,
              "fail": false,
              "pending": false,
              "context": null,
              "code": "const section_name = \"process\";\nconst section = creator.get_process_section(hdl_element, configuration, output_type_inst);\nsave_output(section, section_name, output_type_inst);\ncheck(section_name, output_type_inst, false);",
              "err": {},
              "uuid": "71343573-8789-4bec-ad01-355cca456c90",
              "parentUUID": "771518d2-5c41-4e1a-ad3f-251d994ba099",
              "isHook": false,
              "skipped": false
            },
            {
              "title": "Function section",
              "fullTitle": "Check sections creator with markdown Function section",
              "timedOut": false,
              "duration": 1,
              "state": "passed",
              "speed": "fast",
              "pass": true,
              "fail": false,
              "pending": false,
              "context": null,
              "code": "const section_name = \"function\";\nconst section = creator.get_function_section(hdl_element, configuration, output_type_inst);\nsave_output(section, section_name, output_type_inst);\ncheck(section_name, output_type_inst, false);",
              "err": {},
              "uuid": "07f4137f-c7d1-4f7d-86f7-b655cad421c8",
              "parentUUID": "771518d2-5c41-4e1a-ad3f-251d994ba099",
              "isHook": false,
              "skipped": false
            },
            {
              "title": "Instantiation section",
              "fullTitle": "Check sections creator with markdown Instantiation section",
              "timedOut": false,
              "duration": 1,
              "state": "passed",
              "speed": "fast",
              "pass": true,
              "fail": false,
              "pending": false,
              "context": null,
              "code": "const section_name = \"instantiation\";\nconst section = creator.get_instantiation_section(hdl_element, configuration, output_type_inst);\nsave_output(section, section_name, output_type_inst);\ncheck(section_name, output_type_inst, false);",
              "err": {},
              "uuid": "9219ca15-dfd2-43ea-961b-73c321aad79a",
              "parentUUID": "771518d2-5c41-4e1a-ad3f-251d994ba099",
              "isHook": false,
              "skipped": false
            }
          ],
          "suites": [],
          "passes": [
            "e6b5d6d2-7be3-4c0d-a107-ab5fcaa42985",
            "17b249c0-612e-4dbd-a986-c22f549467bc",
            "339a30db-09af-4527-a70e-1a7d7c3611f6",
            "c8e9b2df-fe18-4825-a72c-9739744c785d",
            "440f20cf-534c-43a1-8791-27fc6d9a3c54",
            "dd3948c0-0ea0-46af-a7a4-775de3e91a5e",
            "e71c884c-82b9-4c89-8ebf-55ceb2a13c54",
            "71343573-8789-4bec-ad01-355cca456c90",
            "07f4137f-c7d1-4f7d-86f7-b655cad421c8",
            "9219ca15-dfd2-43ea-961b-73c321aad79a"
          ],
          "failures": [],
          "pending": [
            "a312bdd1-daf1-4365-80cb-0ca16b44a411",
            "dc09fa91-fc93-491b-918b-2cdd9007cd54"
          ],
          "skipped": [],
          "duration": 8,
          "root": false,
          "rootEmpty": false,
          "_timeout": 2000
        },
        {
          "uuid": "ae220fef-939c-424d-8b13-80913e643aee",
          "title": "Check standalone VHDL formatter",
          "fullFile": "D:\\a\\colibri\\colibri\\tests\\formatter\\formatter.spec.ts",
          "file": "\\tests\\formatter\\formatter.spec.ts",
          "beforeHooks": [],
          "afterHooks": [],
          "tests": [
            {
              "title": "Check align comments true, indentation and keyworks lowercase",
              "fullTitle": "Check standalone VHDL formatter Check align comments true, indentation and keyworks lowercase",
              "timedOut": false,
              "duration": 31,
              "state": "passed",
              "speed": "fast",
              "pass": true,
              "fail": false,
              "pending": false,
              "context": null,
              "code": "const test_index = 0;\nconst options = {\n    keyword_case: cfg.e_formatter_standalone_keyword_case.lowercase,\n    name_case: cfg.e_formatter_standalone_name_case.lowercase,\n    indentation: \"    \",\n    align_port_generic: true,\n    align_comment: true,\n    remove_comments: false,\n    remove_reports: false,\n    check_alias: false,\n    new_line_after_then: cfg.e_formatter_standalone_new_line_after_then.new_line,\n    new_line_after_semicolon: cfg.e_formatter_standalone_new_line_after_semicolon.new_line,\n    new_line_after_else: cfg.e_formatter_standalone_new_line_after_else.none,\n    new_line_after_port: cfg.e_formatter_standalone_new_line_after_port.none,\n    new_line_after_generic: cfg.e_formatter_standalone_new_line_after_generic.none,\n};\nawait format_and_check(formatter_name, language, test_index, options, \"\");",
              "err": {},
              "uuid": "523ac7b7-7087-4e96-9906-b396e7e5c93b",
              "parentUUID": "ae220fef-939c-424d-8b13-80913e643aee",
              "isHook": false,
              "skipped": false
            },
            {
              "title": "Check align comments false, indentation and keyworks uppercase",
              "fullTitle": "Check standalone VHDL formatter Check align comments false, indentation and keyworks uppercase",
              "timedOut": false,
              "duration": 4,
              "state": "passed",
              "speed": "fast",
              "pass": true,
              "fail": false,
              "pending": false,
              "context": null,
              "code": "const test_index = 1;\nconst options = {\n    keyword_case: cfg.e_formatter_standalone_keyword_case.uppercase,\n    name_case: cfg.e_formatter_standalone_name_case.uppercase,\n    indentation: \"      \",\n    align_port_generic: true,\n    align_comment: false,\n    remove_comments: false,\n    remove_reports: false,\n    check_alias: false,\n    new_line_after_then: cfg.e_formatter_standalone_new_line_after_then.new_line,\n    new_line_after_semicolon: cfg.e_formatter_standalone_new_line_after_semicolon.new_line,\n    new_line_after_else: cfg.e_formatter_standalone_new_line_after_else.none,\n    new_line_after_port: cfg.e_formatter_standalone_new_line_after_port.none,\n    new_line_after_generic: cfg.e_formatter_standalone_new_line_after_generic.none,\n};\nawait format_and_check(formatter_name, language, test_index, options, \"\");",
              "err": {},
              "uuid": "1a49c15e-6242-4b3c-b4d9-33be953c2266",
              "parentUUID": "ae220fef-939c-424d-8b13-80913e643aee",
              "isHook": false,
              "skipped": false
            }
          ],
          "suites": [],
          "passes": [
            "523ac7b7-7087-4e96-9906-b396e7e5c93b",
            "1a49c15e-6242-4b3c-b4d9-33be953c2266"
          ],
          "failures": [],
          "pending": [],
          "skipped": [],
          "duration": 35,
          "root": false,
          "rootEmpty": false,
          "_timeout": 2000
        },
        {
          "uuid": "7a9f9072-78f0-47db-990c-4fcd6b76d2ba",
          "title": "Check istyle formatter",
          "fullFile": "D:\\a\\colibri\\colibri\\tests\\formatter\\formatter.spec.ts",
          "file": "\\tests\\formatter\\formatter.spec.ts",
          "beforeHooks": [],
          "afterHooks": [],
          "tests": [
            {
              "title": "Check ansi with indent = 2",
              "fullTitle": "Check istyle formatter Check ansi with indent = 2",
              "timedOut": false,
              "duration": 29,
              "state": "passed",
              "speed": "fast",
              "pass": true,
              "fail": false,
              "pending": false,
              "context": null,
              "code": "const test_index = index;\nconst options = {\n    style: style_inst,\n    indentation_size: 2\n};\nawait format_and_check(formatter_name, language, test_index, options, \"\");",
              "err": {},
              "uuid": "ddcc22a3-f917-410a-ba48-d216544a5ee5",
              "parentUUID": "7a9f9072-78f0-47db-990c-4fcd6b76d2ba",
              "isHook": false,
              "skipped": false
            },
            {
              "title": "Check kr with indent = 2",
              "fullTitle": "Check istyle formatter Check kr with indent = 2",
              "timedOut": false,
              "duration": 18,
              "state": "passed",
              "speed": "fast",
              "pass": true,
              "fail": false,
              "pending": false,
              "context": null,
              "code": "const test_index = index;\nconst options = {\n    style: style_inst,\n    indentation_size: 2\n};\nawait format_and_check(formatter_name, language, test_index, options, \"\");",
              "err": {},
              "uuid": "159669fe-5be8-4749-8b80-31623f8102f5",
              "parentUUID": "7a9f9072-78f0-47db-990c-4fcd6b76d2ba",
              "isHook": false,
              "skipped": false
            },
            {
              "title": "Check gnu with indent = 2",
              "fullTitle": "Check istyle formatter Check gnu with indent = 2",
              "timedOut": false,
              "duration": 17,
              "state": "passed",
              "speed": "fast",
              "pass": true,
              "fail": false,
              "pending": false,
              "context": null,
              "code": "const test_index = index;\nconst options = {\n    style: style_inst,\n    indentation_size: 2\n};\nawait format_and_check(formatter_name, language, test_index, options, \"\");",
              "err": {},
              "uuid": "e6bf1bc0-d006-4d70-9bfb-9f301a2280cd",
              "parentUUID": "7a9f9072-78f0-47db-990c-4fcd6b76d2ba",
              "isHook": false,
              "skipped": false
            },
            {
              "title": "Check indent_only with indent = 2",
              "fullTitle": "Check istyle formatter Check indent_only with indent = 2",
              "timedOut": false,
              "duration": 17,
              "state": "passed",
              "speed": "fast",
              "pass": true,
              "fail": false,
              "pending": false,
              "context": null,
              "code": "const test_index = index;\nconst options = {\n    style: style_inst,\n    indentation_size: 2\n};\nawait format_and_check(formatter_name, language, test_index, options, \"\");",
              "err": {},
              "uuid": "4eda2851-12a7-4268-9c90-293d8f1322ea",
              "parentUUID": "7a9f9072-78f0-47db-990c-4fcd6b76d2ba",
              "isHook": false,
              "skipped": false
            },
            {
              "title": "Check ansi with indent = 6",
              "fullTitle": "Check istyle formatter Check ansi with indent = 6",
              "timedOut": false,
              "duration": 16,
              "state": "passed",
              "speed": "fast",
              "pass": true,
              "fail": false,
              "pending": false,
              "context": null,
              "code": "const test_index = index + style_list.length;\nconst options = {\n    style: style_inst,\n    indentation_size: 6\n};\nawait format_and_check(formatter_name, language, test_index, options, \"\");",
              "err": {},
              "uuid": "3445fa0d-2d48-47e8-be39-13ae3f511f39",
              "parentUUID": "7a9f9072-78f0-47db-990c-4fcd6b76d2ba",
              "isHook": false,
              "skipped": false
            },
            {
              "title": "Check kr with indent = 6",
              "fullTitle": "Check istyle formatter Check kr with indent = 6",
              "timedOut": false,
              "duration": 17,
              "state": "passed",
              "speed": "fast",
              "pass": true,
              "fail": false,
              "pending": false,
              "context": null,
              "code": "const test_index = index + style_list.length;\nconst options = {\n    style: style_inst,\n    indentation_size: 6\n};\nawait format_and_check(formatter_name, language, test_index, options, \"\");",
              "err": {},
              "uuid": "d0b830b7-0650-4103-965f-e795957b1f86",
              "parentUUID": "7a9f9072-78f0-47db-990c-4fcd6b76d2ba",
              "isHook": false,
              "skipped": false
            },
            {
              "title": "Check gnu with indent = 6",
              "fullTitle": "Check istyle formatter Check gnu with indent = 6",
              "timedOut": false,
              "duration": 17,
              "state": "passed",
              "speed": "fast",
              "pass": true,
              "fail": false,
              "pending": false,
              "context": null,
              "code": "const test_index = index + style_list.length;\nconst options = {\n    style: style_inst,\n    indentation_size: 6\n};\nawait format_and_check(formatter_name, language, test_index, options, \"\");",
              "err": {},
              "uuid": "9b51ea12-bdf4-4c92-8db3-ebcac81bbc25",
              "parentUUID": "7a9f9072-78f0-47db-990c-4fcd6b76d2ba",
              "isHook": false,
              "skipped": false
            },
            {
              "title": "Check indent_only with indent = 6",
              "fullTitle": "Check istyle formatter Check indent_only with indent = 6",
              "timedOut": false,
              "duration": 17,
              "state": "passed",
              "speed": "fast",
              "pass": true,
              "fail": false,
              "pending": false,
              "context": null,
              "code": "const test_index = index + style_list.length;\nconst options = {\n    style: style_inst,\n    indentation_size: 6\n};\nawait format_and_check(formatter_name, language, test_index, options, \"\");",
              "err": {},
              "uuid": "fdf13488-d64d-45a4-b806-09eaba360f98",
              "parentUUID": "7a9f9072-78f0-47db-990c-4fcd6b76d2ba",
              "isHook": false,
              "skipped": false
            }
          ],
          "suites": [],
          "passes": [
            "ddcc22a3-f917-410a-ba48-d216544a5ee5",
            "159669fe-5be8-4749-8b80-31623f8102f5",
            "e6bf1bc0-d006-4d70-9bfb-9f301a2280cd",
            "4eda2851-12a7-4268-9c90-293d8f1322ea",
            "3445fa0d-2d48-47e8-be39-13ae3f511f39",
            "d0b830b7-0650-4103-965f-e795957b1f86",
            "9b51ea12-bdf4-4c92-8db3-ebcac81bbc25",
            "fdf13488-d64d-45a4-b806-09eaba360f98"
          ],
          "failures": [],
          "pending": [],
          "skipped": [],
          "duration": 148,
          "root": false,
          "rootEmpty": false,
          "_timeout": 2000
        },
        {
          "uuid": "41211098-50de-420f-9886-f8aa28f06e64",
          "title": "Check s3sv formatter",
          "fullFile": "D:\\a\\colibri\\colibri\\tests\\formatter\\formatter.spec.ts",
          "file": "\\tests\\formatter\\formatter.spec.ts",
          "beforeHooks": [],
          "afterHooks": [],
          "tests": [
            {
              "title": "Check config 0",
              "fullTitle": "Check s3sv formatter Check config 0",
              "timedOut": false,
              "duration": 177,
              "state": "passed",
              "speed": "slow",
              "pass": true,
              "fail": false,
              "pending": false,
              "context": null,
              "code": "const test_index = 0;\nconst options = {\n    one_bind_per_line: true,\n    one_declaration_per_line: true,\n    use_tabs: false,\n    indentation_size: 2\n};\nawait format_and_check(formatter_name, language, test_index, options, \"\");",
              "err": {},
              "uuid": "de237eb9-663c-47f8-bf81-9ef428ea0728",
              "parentUUID": "41211098-50de-420f-9886-f8aa28f06e64",
              "isHook": false,
              "skipped": false
            },
            {
              "title": "Check config 1",
              "fullTitle": "Check s3sv formatter Check config 1",
              "timedOut": false,
              "duration": 168,
              "state": "passed",
              "speed": "slow",
              "pass": true,
              "fail": false,
              "pending": false,
              "context": null,
              "code": "const test_index = 1;\nconst options = {\n    one_bind_per_line: true,\n    one_declaration_per_line: true,\n    use_tabs: true,\n    indentation_size: 4\n};\nawait format_and_check(formatter_name, language, test_index, options, \"\");",
              "err": {},
              "uuid": "17d9ae2e-9473-43da-a89f-00bf16021ed0",
              "parentUUID": "41211098-50de-420f-9886-f8aa28f06e64",
              "isHook": false,
              "skipped": false
            },
            {
              "title": "Check config 2 and bad python3 path",
              "fullTitle": "Check s3sv formatter Check config 2 and bad python3 path",
              "timedOut": false,
              "duration": 191,
              "state": "passed",
              "speed": "slow",
              "pass": true,
              "fail": false,
              "pending": false,
              "context": null,
              "code": "const test_index = 2;\nconst options = {\n    one_bind_per_line: false,\n    one_declaration_per_line: true,\n    use_tabs: true,\n    indentation_size: 2\n};\nawait format_and_check(formatter_name, language, test_index, options, \"asdf\");",
              "err": {},
              "uuid": "774cda5a-b5c7-4b6a-aa0a-8c9878815ea1",
              "parentUUID": "41211098-50de-420f-9886-f8aa28f06e64",
              "isHook": false,
              "skipped": false
            }
          ],
          "suites": [],
          "passes": [
            "de237eb9-663c-47f8-bf81-9ef428ea0728",
            "17d9ae2e-9473-43da-a89f-00bf16021ed0",
            "774cda5a-b5c7-4b6a-aa0a-8c9878815ea1"
          ],
          "failures": [],
          "pending": [],
          "skipped": [],
          "duration": 536,
          "root": false,
          "rootEmpty": false,
          "_timeout": 10000
        },
        {
          "uuid": "710b6f04-9b10-4247-af1b-71316ce01a20",
          "title": "Check FSM for vhdl",
          "fullFile": "D:\\a\\colibri\\colibri\\tests\\parser\\fsm.spec.ts",
          "file": "\\tests\\parser\\fsm.spec.ts",
          "beforeHooks": [],
          "afterHooks": [],
          "tests": [
            {
              "title": "Normal",
              "fullTitle": "Check FSM for vhdl Normal",
              "timedOut": false,
              "duration": 104,
              "state": "passed",
              "speed": "slow",
              "pass": true,
              "fail": false,
              "pending": false,
              "context": null,
              "code": "const test_index = 0;\nawait parse_fsm(lang_inst, test_index);\ncheck_test(test_index, lang_inst);",
              "err": {},
              "uuid": "9a4167cd-75aa-4bd9-a720-9b43f6a6f33e",
              "parentUUID": "710b6f04-9b10-4247-af1b-71316ce01a20",
              "isHook": false,
              "skipped": false
            }
          ],
          "suites": [],
          "passes": [
            "9a4167cd-75aa-4bd9-a720-9b43f6a6f33e"
          ],
          "failures": [],
          "pending": [],
          "skipped": [],
          "duration": 104,
          "root": false,
          "rootEmpty": false,
          "_timeout": 2000
        },
        {
          "uuid": "2562437c-73b1-48bd-a3d0-a9b487facf2c",
          "title": "Check FSM for verilog",
          "fullFile": "D:\\a\\colibri\\colibri\\tests\\parser\\fsm.spec.ts",
          "file": "\\tests\\parser\\fsm.spec.ts",
          "beforeHooks": [],
          "afterHooks": [],
          "tests": [
            {
              "title": "Normal",
              "fullTitle": "Check FSM for verilog Normal",
              "timedOut": false,
              "duration": 311,
              "state": "passed",
              "speed": "slow",
              "pass": true,
              "fail": false,
              "pending": false,
              "context": null,
              "code": "const test_index = 0;\nawait parse_fsm(lang_inst, test_index);\ncheck_test(test_index, lang_inst);",
              "err": {},
              "uuid": "b9e12eff-293e-475a-810a-01c56e5db884",
              "parentUUID": "2562437c-73b1-48bd-a3d0-a9b487facf2c",
              "isHook": false,
              "skipped": false
            }
          ],
          "suites": [],
          "passes": [
            "b9e12eff-293e-475a-810a-01c56e5db884"
          ],
          "failures": [],
          "pending": [],
          "skipped": [],
          "duration": 311,
          "root": false,
          "rootEmpty": false,
          "_timeout": 2000
        },
        {
          "uuid": "9a2382a2-e49f-40d5-b733-6d7f49e4d611",
          "title": "Check entity Verilog",
          "fullFile": "D:\\a\\colibri\\colibri\\tests\\parser\\parser_verilog_entity.spec.ts",
          "file": "\\tests\\parser\\parser_verilog_entity.spec.ts",
          "beforeHooks": [],
          "afterHooks": [],
          "tests": [],
          "suites": [
            {
[...]
              "err": {},
              "uuid": "a7c4b71f-cf34-4165-9f47-bfe99907d79d",
              "parentUUID": "f13ba84f-f241-457c-a7bb-c0168575c272",
              "isHook": false,
              "skipped": false
            }
          ],
          "suites": [],
          "passes": [
            "a7c4b71f-cf34-4165-9f47-bfe99907d79d"
          ],
          "failures": [],
          "pending": [],
          "skipped": [],
          "duration": 0,
          "root": false,
          "rootEmpty": false,
          "_timeout": 2000
        },
        {
          "uuid": "f862c8b0-b148-4b19-8559-c45d2b7c64c7",
          "title": "Check hover VHDL",
          "fullFile": "D:\\a\\colibri\\colibri\\tests\\utils\\number.spec.ts",
          "file": "\\tests\\utils\\number.spec.ts",
          "beforeHooks": [],
          "afterHooks": [],
          "tests": [
            {
              "title": "Binary unsigned",
              "fullTitle": "Check hover VHDL Binary unsigned",
              "timedOut": false,
              "duration": 1,
              "state": "passed",
              "speed": "fast",
              "pass": true,
              "fail": false,
              "pending": false,
              "context": null,
              "code": "const code_dummy = '\"0011\"';\nconst expected_number = {\n    signed_n: 0,\n    unsigned_n: 3,\n    is_multi: false,\n    is_ok: true\n};\nconst current_number = (0, numbers_1.hdl_hover)(code_dummy, lang);\n(0, assert_1.deepEqual)(current_number, expected_number);",
              "err": {},
              "uuid": "fcdf5e42-73b6-43d1-81f6-97e0db8429dc",
              "parentUUID": "f862c8b0-b148-4b19-8559-c45d2b7c64c7",
              "isHook": false,
              "skipped": false
            },
            {
              "title": "Binary unsigned or signed",
              "fullTitle": "Check hover VHDL Binary unsigned or signed",
              "timedOut": false,
              "duration": 0,
              "state": "passed",
              "speed": "fast",
              "pass": true,
              "fail": false,
              "pending": false,
              "context": null,
              "code": "const code_dummy = '\"1101\"';\nconst expected_number = {\n    signed_n: -3,\n    unsigned_n: 13,\n    is_multi: true,\n    is_ok: true\n};\nconst current_number = (0, numbers_1.hdl_hover)(code_dummy, lang);\n(0, assert_1.deepEqual)(current_number, expected_number);",
              "err": {},
              "uuid": "42736d0e-fdf5-4b81-ba09-0ad0ab46593f",
              "parentUUID": "f862c8b0-b148-4b19-8559-c45d2b7c64c7",
              "isHook": false,
              "skipped": false
            },
            {
              "title": "Binary unsigned or signed with separator",
              "fullTitle": "Check hover VHDL Binary unsigned or signed with separator",
              "timedOut": false,
              "duration": 0,
              "state": "passed",
              "speed": "fast",
              "pass": true,
              "fail": false,
              "pending": false,
              "context": null,
              "code": "const code_dummy = '\"1_10_0\"';\nconst expected_number = {\n    signed_n: -4,\n    unsigned_n: 12,\n    is_multi: true,\n    is_ok: true\n};\nconst current_number = (0, numbers_1.hdl_hover)(code_dummy, lang);\n(0, assert_1.deepEqual)(current_number, expected_number);",
              "err": {},
              "uuid": "e66ce9cc-14f6-4f1b-bb03-fa213cbfab36",
              "parentUUID": "f862c8b0-b148-4b19-8559-c45d2b7c64c7",
              "isHook": false,
              "skipped": false
            },
            {
              "title": "Hexadeximal unsigned",
              "fullTitle": "Check hover VHDL Hexadeximal unsigned",
              "timedOut": false,
              "duration": 1,
              "state": "passed",
              "speed": "fast",
              "pass": true,
              "fail": false,
              "pending": false,
              "context": null,
              "code": "const code_dummy = 'x\"0aB0\"';\nconst expected_number = {\n    signed_n: 0,\n    unsigned_n: 2736,\n    is_multi: false,\n    is_ok: true\n};\nconst current_number = (0, numbers_1.hdl_hover)(code_dummy, lang);\n(0, assert_1.deepEqual)(current_number, expected_number);",
              "err": {},
              "uuid": "f1cde1f9-b82c-4119-9db9-c079d3d51352",
              "parentUUID": "f862c8b0-b148-4b19-8559-c45d2b7c64c7",
              "isHook": false,
              "skipped": false
            },
            {
              "title": "Hexadeximal unsigned or signed",
              "fullTitle": "Check hover VHDL Hexadeximal unsigned or signed",
              "timedOut": false,
              "duration": 0,
              "state": "passed",
              "speed": "fast",
              "pass": true,
              "fail": false,
              "pending": false,
              "context": null,
              "code": "const code_dummy = 'x\"aaB0\"';\nconst expected_number = {\n    signed_n: -21840,\n    unsigned_n: 43696,\n    is_multi: true,\n    is_ok: true\n};\nconst current_number = (0, numbers_1.hdl_hover)(code_dummy, lang);\n(0, assert_1.deepEqual)(current_number, expected_number);",
              "err": {},
              "uuid": "6cbce61a-6f13-46e3-a8a8-f69e75c3a992",
              "parentUUID": "f862c8b0-b148-4b19-8559-c45d2b7c64c7",
              "isHook": false,
              "skipped": false
            },
            {
              "title": "Hexadeximal unsigned or signed with separator",
              "fullTitle": "Check hover VHDL Hexadeximal unsigned or signed with separator",
              "timedOut": false,
              "duration": 0,
              "state": "passed",
              "speed": "fast",
              "pass": true,
              "fail": false,
              "pending": false,
              "context": null,
              "code": "const code_dummy = 'x\"a_a_b0\"';\nconst expected_number = {\n    signed_n: -21840,\n    unsigned_n: 43696,\n    is_multi: true,\n    is_ok: true\n};\nconst current_number = (0, numbers_1.hdl_hover)(code_dummy, lang);\n(0, assert_1.deepEqual)(current_number, expected_number);",
              "err": {},
              "uuid": "2297057c-bd9c-4cc4-b73f-3a593b1679b8",
              "parentUUID": "f862c8b0-b148-4b19-8559-c45d2b7c64c7",
              "isHook": false,
              "skipped": false
            },
            {
              "title": "Octal unsigned",
              "fullTitle": "Check hover VHDL Octal unsigned",
              "timedOut": false,
              "duration": 0,
              "state": "passed",
              "speed": "fast",
              "pass": true,
              "fail": false,
              "pending": false,
              "context": null,
              "code": "const code_dummy = 'o\"0175\"';\nconst expected_number = {\n    signed_n: 0,\n    unsigned_n: 125,\n    is_multi: false,\n    is_ok: true\n};\nconst current_number = (0, numbers_1.hdl_hover)(code_dummy, lang);\n(0, assert_1.deepEqual)(current_number, expected_number);",
              "err": {},
              "uuid": "9fb073c1-e70d-407c-ae81-2d3e196050c0",
              "parentUUID": "f862c8b0-b148-4b19-8559-c45d2b7c64c7",
              "isHook": false,
              "skipped": false
            },
            {
              "title": "Octal unsigned or signed",
              "fullTitle": "Check hover VHDL Octal unsigned or signed",
              "timedOut": false,
              "duration": 0,
              "state": "passed",
              "speed": "fast",
              "pass": true,
              "fail": false,
              "pending": false,
              "context": null,
              "code": "const code_dummy = 'O\"232\"';\nconst expected_number = {\n    signed_n: -102,\n    unsigned_n: 154,\n    is_multi: true,\n    is_ok: true\n};\nconst current_number = (0, numbers_1.hdl_hover)(code_dummy, lang);\n(0, assert_1.deepEqual)(current_number, expected_number);",
              "err": {},
              "uuid": "3d36ac00-d433-4c67-8932-6474a2ca0c70",
              "parentUUID": "f862c8b0-b148-4b19-8559-c45d2b7c64c7",
              "isHook": false,
              "skipped": false
            },
            {
              "title": "Octal unsigned or signed with separator",
              "fullTitle": "Check hover VHDL Octal unsigned or signed with separator",
              "timedOut": false,
              "duration": 0,
              "state": "passed",
              "speed": "fast",
              "pass": true,
              "fail": false,
              "pending": false,
              "context": null,
              "code": "const code_dummy = 'o\"2_3_2\"';\nconst expected_number = {\n    signed_n: -102,\n    unsigned_n: 154,\n    is_multi: true,\n    is_ok: true\n};\nconst current_number = (0, numbers_1.hdl_hover)(code_dummy, lang);\n(0, assert_1.deepEqual)(current_number, expected_number);",
              "err": {},
              "uuid": "fe1dd2ec-47f7-4899-b272-0e15d558f1c8",
              "parentUUID": "f862c8b0-b148-4b19-8559-c45d2b7c64c7",
              "isHook": false,
              "skipped": false
            }
          ],
          "suites": [],
          "passes": [
            "fcdf5e42-73b6-43d1-81f6-97e0db8429dc",
            "42736d0e-fdf5-4b81-ba09-0ad0ab46593f",
            "e66ce9cc-14f6-4f1b-bb03-fa213cbfab36",
            "f1cde1f9-b82c-4119-9db9-c079d3d51352",
            "6cbce61a-6f13-46e3-a8a8-f69e75c3a992",
            "2297057c-bd9c-4cc4-b73f-3a593b1679b8",
            "9fb073c1-e70d-407c-ae81-2d3e196050c0",
            "3d36ac00-d433-4c67-8932-6474a2ca0c70",
            "fe1dd2ec-47f7-4899-b272-0e15d558f1c8"
          ],
          "failures": [],
          "pending": [],
          "skipped": [],
          "duration": 2,
          "root": false,
          "rootEmpty": false,
          "_timeout": 2000
        },
        {
          "uuid": "69a188e6-58e3-4fd0-9b74-5ba8e96b9550",
          "title": "Check hover Verilog",
          "fullFile": "D:\\a\\colibri\\colibri\\tests\\utils\\number.spec.ts",
          "file": "\\tests\\utils\\number.spec.ts",
          "beforeHooks": [],
          "afterHooks": [],
          "tests": [
            {
              "title": "Binary unsigned",
              "fullTitle": "Check hover Verilog Binary unsigned",
              "timedOut": false,
              "duration": 1,
              "state": "passed",
              "speed": "fast",
              "pass": true,
              "fail": false,
              "pending": false,
              "context": null,
              "code": "const code_dummy = \"4'b0011'\";\nconst expected_number = {\n    signed_n: 0,\n    unsigned_n: 3,\n    is_multi: false,\n    is_ok: true\n};\nconst current_number = (0, numbers_1.hdl_hover)(code_dummy, lang);\n(0, assert_1.deepEqual)(current_number, expected_number);",
              "err": {},
              "uuid": "bbd6d128-745c-49c4-b67c-862781576354",
              "parentUUID": "69a188e6-58e3-4fd0-9b74-5ba8e96b9550",
              "isHook": false,
              "skipped": false
            },
            {
              "title": "Binary unsigned or signed",
              "fullTitle": "Check hover Verilog Binary unsigned or signed",
              "timedOut": false,
              "duration": 0,
              "state": "passed",
              "speed": "fast",
              "pass": true,
              "fail": false,
              "pending": false,
              "context": null,
              "code": "const code_dummy = \"4'b1101'\";\nconst expected_number = {\n    signed_n: -3,\n    unsigned_n: 13,\n    is_multi: true,\n    is_ok: true\n};\nconst current_number = (0, numbers_1.hdl_hover)(code_dummy, lang);\n(0, assert_1.deepEqual)(current_number, expected_number);",
              "err": {},
              "uuid": "063636fa-84e7-43e1-bd5c-e83ce7d0d6e0",
              "parentUUID": "69a188e6-58e3-4fd0-9b74-5ba8e96b9550",
              "isHook": false,
              "skipped": false
            },
            {
              "title": "Binary unsigned or signed with separator",
              "fullTitle": "Check hover Verilog Binary unsigned or signed with separator",
              "timedOut": false,
              "duration": 0,
              "state": "passed",
              "speed": "fast",
              "pass": true,
              "fail": false,
              "pending": false,
              "context": null,
              "code": "const code_dummy = \"4'b1_10_0'\";\nconst expected_number = {\n    signed_n: -4,\n    unsigned_n: 12,\n    is_multi: true,\n    is_ok: true\n};\nconst current_number = (0, numbers_1.hdl_hover)(code_dummy, lang);\n(0, assert_1.deepEqual)(current_number, expected_number);",
              "err": {},
              "uuid": "46ab36b7-5252-4041-8824-5212faeaa769",
              "parentUUID": "69a188e6-58e3-4fd0-9b74-5ba8e96b9550",
              "isHook": false,
              "skipped": false
            },
            {
              "title": "Hexadeximal unsigned",
              "fullTitle": "Check hover Verilog Hexadeximal unsigned",
              "timedOut": false,
              "duration": 1,
              "state": "passed",
              "speed": "fast",
              "pass": true,
              "fail": false,
              "pending": false,
              "context": null,
              "code": "const code_dummy = \"4'h0aB0'\";\nconst expected_number = {\n    signed_n: 0,\n    unsigned_n: 2736,\n    is_multi: false,\n    is_ok: true\n};\nconst current_number = (0, numbers_1.hdl_hover)(code_dummy, lang);\n(0, assert_1.deepEqual)(current_number, expected_number);",
              "err": {},
              "uuid": "d32b1fa4-747c-4f56-bf16-74f0f144f45d",
              "parentUUID": "69a188e6-58e3-4fd0-9b74-5ba8e96b9550",
              "isHook": false,
              "skipped": false
            },
            {
              "title": "Hexadeximal unsigned or signed",
              "fullTitle": "Check hover Verilog Hexadeximal unsigned or signed",
              "timedOut": false,
              "duration": 0,
              "state": "passed",
              "speed": "fast",
              "pass": true,
              "fail": false,
              "pending": false,
              "context": null,
              "code": "const code_dummy = \"4'haaB0'\";\nconst expected_number = {\n    signed_n: -21840,\n    unsigned_n: 43696,\n    is_multi: true,\n    is_ok: true\n};\nconst current_number = (0, numbers_1.hdl_hover)(code_dummy, lang);\n(0, assert_1.deepEqual)(current_number, expected_number);",
              "err": {},
              "uuid": "ac0aacbb-e902-4124-a381-408476e72306",
              "parentUUID": "69a188e6-58e3-4fd0-9b74-5ba8e96b9550",
              "isHook": false,
              "skipped": false
            },
            {
              "title": "Hexadeximal unsigned or signed with separator",
              "fullTitle": "Check hover Verilog Hexadeximal unsigned or signed with separator",
              "timedOut": false,
              "duration": 0,
              "state": "passed",
              "speed": "fast",
              "pass": true,
              "fail": false,
              "pending": false,
              "context": null,
              "code": "const code_dummy = \"4'ha_a_b0'\";\nconst expected_number = {\n    signed_n: -21840,\n    unsigned_n: 43696,\n    is_multi: true,\n    is_ok: true\n};\nconst current_number = (0, numbers_1.hdl_hover)(code_dummy, lang);\n(0, assert_1.deepEqual)(current_number, expected_number);",
              "err": {},
              "uuid": "e29e9aaa-1560-4d48-930a-fde6409b3e39",
              "parentUUID": "69a188e6-58e3-4fd0-9b74-5ba8e96b9550",
              "isHook": false,
              "skipped": false
            },
            {
              "title": "Octal unsigned",
              "fullTitle": "Check hover Verilog Octal unsigned",
              "timedOut": false,
              "duration": 1,
              "state": "passed",
              "speed": "fast",
              "pass": true,
              "fail": false,
              "pending": false,
              "context": null,
              "code": "const code_dummy = \"4'o0175'\";\nconst expected_number = {\n    signed_n: 0,\n    unsigned_n: 125,\n    is_multi: false,\n    is_ok: true\n};\nconst current_number = (0, numbers_1.hdl_hover)(code_dummy, lang);\n(0, assert_1.deepEqual)(current_number, expected_number);",
              "err": {},
              "uuid": "c45b2796-da6c-43ec-809b-3fe5f4b8e722",
              "parentUUID": "69a188e6-58e3-4fd0-9b74-5ba8e96b9550",
              "isHook": false,
              "skipped": false
            },
            {
              "title": "Octal unsigned or signed",
              "fullTitle": "Check hover Verilog Octal unsigned or signed",
              "timedOut": false,
              "duration": 0,
              "state": "passed",
              "speed": "fast",
              "pass": true,
              "fail": false,
              "pending": false,
              "context": null,
              "code": "const code_dummy = \"4'o232'\";\nconst expected_number = {\n    signed_n: -102,\n    unsigned_n: 154,\n    is_multi: true,\n    is_ok: true\n};\nconst current_number = (0, numbers_1.hdl_hover)(code_dummy, lang);\n(0, assert_1.deepEqual)(current_number, expected_number);",
              "err": {},
              "uuid": "43bb1125-f0d7-4c15-8003-effed8747158",
              "parentUUID": "69a188e6-58e3-4fd0-9b74-5ba8e96b9550",
              "isHook": false,
              "skipped": false
            },
            {
              "title": "Octal unsigned or signed with separator",
              "fullTitle": "Check hover Verilog Octal unsigned or signed with separator",
              "timedOut": false,
              "duration": 0,
              "state": "passed",
              "speed": "fast",
              "pass": true,
              "fail": false,
              "pending": false,
              "context": null,
              "code": "const code_dummy = \"4'o2_3_2'\";\nconst expected_number = {\n    signed_n: -102,\n    unsigned_n: 154,\n    is_multi: true,\n    is_ok: true\n};\nconst current_number = (0, numbers_1.hdl_hover)(code_dummy, lang);\n(0, assert_1.deepEqual)(current_number, expected_number);",
              "err": {},
              "uuid": "f2fed989-b335-4219-bb31-4e23de9970ac",
              "parentUUID": "69a188e6-58e3-4fd0-9b74-5ba8e96b9550",
              "isHook": false,
              "skipped": false
            }
          ],
          "suites": [],
          "passes": [
            "bbd6d128-745c-49c4-b67c-862781576354",
            "063636fa-84e7-43e1-bd5c-e83ce7d0d6e0",
            "46ab36b7-5252-4041-8824-5212faeaa769",
            "d32b1fa4-747c-4f56-bf16-74f0f144f45d",
            "ac0aacbb-e902-4124-a381-408476e72306",
            "e29e9aaa-1560-4d48-930a-fde6409b3e39",
            "c45b2796-da6c-43ec-809b-3fe5f4b8e722",
            "43bb1125-f0d7-4c15-8003-effed8747158",
            "f2fed989-b335-4219-bb31-4e23de9970ac"
          ],
          "failures": [],
          "pending": [],
          "skipped": [],
          "duration": 3,
          "root": false,
          "rootEmpty": false,
          "_timeout": 2000
        }
      ],
      "passes": [],
      "failures": [],
      "pending": [],
      "skipped": [
        "b7642870-8945-45a4-8fcf-175ede53fb99",
        "1bb39d54-a14e-421a-92ec-5893204b5d10"
      ],
      "duration": 0,
      "root": true,
      "rootEmpty": false,
      "_timeout": 2000
    }
  ],
  "meta": {
    "mocha": {
      "version": "9.2.2"
    },
    "mochawesome": {
      "options": {
        "quiet": false,
        "reportFilename": "mochawesome",
        "saveHtml": true,
        "saveJson": true,
        "consoleReporter": "spec",
        "useInlineDiffs": false,
        "code": true
      },
      "version": "7.1.3"
    },
    "marge": {
      "options": {
        "id": "default"
      },
      "version": "6.2.0"
    }
  }
}