{
  "stats": {
    "suites": 67,
    "tests": 217,
    "passes": 202,
    "pending": 15,
    "failures": 0,
    "start": "2023-01-11T18:04:20.332Z",
    "end": "2023-01-11T18:04:33.711Z",
    "duration": 13379,
    "testsRegistered": 219,
    "passPercent": 99.01960784313727,
    "pendingPercent": 6.8493150684931505,
    "other": 0,
    "hasOther": false,
    "skipped": 2,
    "hasSkipped": true
  },
  "results": [
    {
      "uuid": "89e6fe05-4f93-4251-921e-dae4657bd5c6",
      "title": "",
      "fullFile": "",
      "file": "",
      "beforeHooks": [],
      "afterHooks": [],
      "tests": [
        {
          "title": "Get top level VHDL",
          "fullTitle": "Get top level VHDL",
          "timedOut": false,
          "duration": 0,
          "state": null,
          "speed": null,
          "pass": false,
          "fail": false,
          "pending": false,
          "context": null,
          "code": "const code_dummy = `\nlibrary ieee;\nuse ieee.std_logic_1164.all;\nuse ieee.numeric_std.all;\nentity test_entity_name is\ngeneric (\n    a : integer;\n    b : unsigned;\n    c : signed;\n    d : std_logic;\n    e : std_logic_vector;\n    f : std_logic_vector(5 downto 0)\n  );\nport(\n  g : in std_logic;\n  h : out std_logic;\n  i : inout std_logic\n);\nend test_entity_name;  \narchitecture e_arch of test_entity_name is\nbegin \nend e_arch;\n`;\nconst expected = 'test_entity_name';\nconst current = await hdl_utils.get_toplevel(code_dummy, general_1.HDL_LANG.VHDL);\n(0, assert_1.equal)(current, expected);",
          "err": {},
          "uuid": "83a87488-a7ab-4ad9-bb8f-2c53185d5981",
          "parentUUID": "89e6fe05-4f93-4251-921e-dae4657bd5c6",
          "isHook": false,
          "skipped": true
        },
        {
          "title": "Get top level Verilog",
          "fullTitle": "Get top level Verilog",
          "timedOut": false,
          "duration": 0,
          "state": null,
          "speed": null,
          "pass": false,
          "fail": false,
          "pending": false,
          "context": null,
          "code": "const code_dummy = `\nmodule test_entity_name2 \n    #(\n        parameter a=8,\n        parameter b=9,\n        parameter c=10, d=11\n    )\n    (\n        input e,\n        output f,\n        input reg g,\n        input wire h,\n        input reg [7:0] i, j,\n        input wire [9:0] k,\n        output wire [9:0] l\n    );  \n\n    function [7:0] sum;  \n        input [7:0] a, b;  \n        begin  \n            sum = a + b;  \n        end  \n    endfunction\n\n    wire m;\n    wire n, p;\n    reg [1:0] q;\n\n    localparam r = 2;\n\n    always @(posedge a) begin : label_0\n    end\n\n    always_comb begin\n    end\n\n    always_ff begin : label_1\n    end\n\n    always_latch begin\n    end\n\n    test_entity_name \n    #(\n      .a(a ),\n      .b(b ),\n      .c(c ),\n      .d (d )\n    )\n    test_entity_name_dut (\n      .e (e ),\n      .f (f ),\n      .g (g ),\n      .h (h ),\n      .i (i ),\n      .j (j ),\n      .k (k ),\n      .l  ( l)\n    );\n  \nendmodule\n`;\nconst expected = 'test_entity_name2';\nconst current = await hdl_utils.get_toplevel(code_dummy, general_1.HDL_LANG.VERILOG);\n(0, assert_1.equal)(current, expected);",
          "err": {},
          "uuid": "8a44af59-dd73-4123-aa51-08749782dfcb",
          "parentUUID": "89e6fe05-4f93-4251-921e-dae4657bd5c6",
          "isHook": false,
          "skipped": true
        }
      ],
      "suites": [
        {
          "uuid": "64a4c197-a718-4009-8395-3b9191db0e48",
          "title": "teroshdl:linter",
          "fullFile": "/home/runner/work/colibri/colibri/tests/command/linter/linter.spec.ts",
          "file": "/tests/command/linter/linter.spec.ts",
          "beforeHooks": [],
          "afterHooks": [],
          "tests": [
            {
              "title": "Check linter",
              "fullTitle": "teroshdl:linter Check linter",
              "timedOut": false,
              "duration": 0,
              "state": "pending",
              "speed": null,
              "pass": false,
              "fail": false,
              "pending": true,
              "context": null,
              "code": "",
              "err": {},
              "uuid": "64f1a8df-43c3-4878-9a63-7f6c3db020c2",
              "parentUUID": "64a4c197-a718-4009-8395-3b9191db0e48",
              "isHook": false,
              "skipped": false
            }
          ],
          "suites": [],
          "passes": [],
          "failures": [],
          "pending": [
            "64f1a8df-43c3-4878-9a63-7f6c3db020c2"
          ],
          "skipped": [],
          "duration": 0,
          "root": false,
          "rootEmpty": false,
          "_timeout": 2000
        },
        {
          "uuid": "73dbaf99-0f25-4685-a665-00b555f3a080",
          "title": "teroshdl:template",
          "fullFile": "/home/runner/work/colibri/colibri/tests/command/template/template.spec.ts",
          "file": "/tests/command/template/template.spec.ts",
          "beforeHooks": [],
          "afterHooks": [],
          "tests": [
            {
              "title": "Check template",
              "fullTitle": "teroshdl:template Check template",
              "timedOut": false,
              "duration": 1443,
              "state": "passed",
              "speed": "slow",
              "pass": true,
              "fail": false,
              "pending": false,
              "context": null,
              "code": "if (context.timeout)\n    this.timeout(context.timeout);\nreturn run.call(this);",
              "err": {},
              "uuid": "a9920390-ede5-4f13-91ab-bb344b73e788",
              "parentUUID": "73dbaf99-0f25-4685-a665-00b555f3a080",
              "isHook": false,
              "skipped": false
            }
          ],
          "suites": [],
          "passes": [
            "a9920390-ede5-4f13-91ab-bb344b73e788"
          ],
          "failures": [],
          "pending": [],
          "skipped": [],
          "duration": 1443,
          "root": false,
          "rootEmpty": false,
          "_timeout": 2000
        },
        {
          "uuid": "f164f642-e9b8-492d-bb11-4f2b883d23e4",
          "title": "Check diagram generator",
          "fullFile": "/home/runner/work/colibri/colibri/tests/documenter/diagram.spec.ts",
          "file": "/tests/documenter/diagram.spec.ts",
          "beforeHooks": [],
          "afterHooks": [],
          "tests": [
            {
              "title": "With ports and generics and color",
              "fullTitle": "Check diagram generator With ports and generics and color",
              "timedOut": false,
              "duration": 254,
              "state": "passed",
              "speed": "slow",
              "pass": true,
              "fail": false,
              "pending": false,
              "context": null,
              "code": "const test_index = 0;\nconst OPT = {\n    blackandwhite: false\n};\nconst hdl_element = new common_hdl.Hdl_element(general_1.HDL_LANG.VHDL, common_hdl.TYPE_HDL_ELEMENT.ENTITY);\n// Ports\nhdl_element.add_port(port_input);\nhdl_element.add_port(port_output);\n// Generics\nhdl_element.add_generic(generic_0);\nhdl_element.add_generic(generic_1);\nconst svg_diagram = diagram.diagram_generator(hdl_element, OPT);\nconst file_o = paht_lib.join(C_OUTPUT_BASE_PATH, `output_${test_index}.svg`);\nfs.writeFileSync(file_o, svg_diagram);\ncheck_test(test_index);",
              "err": {},
              "uuid": "1f81c4cf-2e04-439b-bf3a-001bab71aa05",
              "parentUUID": "f164f642-e9b8-492d-bb11-4f2b883d23e4",
              "isHook": false,
              "skipped": false
            },
            {
              "title": "Only ports and color",
              "fullTitle": "Check diagram generator Only ports and color",
              "timedOut": false,
              "duration": 16,
              "state": "passed",
              "speed": "fast",
              "pass": true,
              "fail": false,
              "pending": false,
              "context": null,
              "code": "const test_index = 1;\nconst OPT = {\n    blackandwhite: false\n};\nconst hdl_element = new common_hdl.Hdl_element(general_1.HDL_LANG.VHDL, common_hdl.TYPE_HDL_ELEMENT.ENTITY);\n// Ports\nhdl_element.add_port(port_input);\nhdl_element.add_port(port_output);\nconst svg_diagram = diagram.diagram_generator(hdl_element, OPT);\nconst file_o = paht_lib.join(C_OUTPUT_BASE_PATH, `output_${test_index}.svg`);\nfs.writeFileSync(file_o, svg_diagram);\ncheck_test(test_index);",
              "err": {},
              "uuid": "15722157-d48b-4eed-af26-185469ecd262",
              "parentUUID": "f164f642-e9b8-492d-bb11-4f2b883d23e4",
              "isHook": false,
              "skipped": false
            },
            {
              "title": "Only generics and color",
              "fullTitle": "Check diagram generator Only generics and color",
              "timedOut": false,
              "duration": 6,
              "state": "passed",
              "speed": "fast",
              "pass": true,
              "fail": false,
              "pending": false,
              "context": null,
              "code": "const test_index = 2;\nconst OPT = {\n    blackandwhite: false\n};\nconst hdl_element = new common_hdl.Hdl_element(general_1.HDL_LANG.VHDL, common_hdl.TYPE_HDL_ELEMENT.ENTITY);\n// Generics\nhdl_element.add_generic(generic_0);\nhdl_element.add_generic(generic_1);\nconst svg_diagram = diagram.diagram_generator(hdl_element, OPT);\nconst file_o = paht_lib.join(C_OUTPUT_BASE_PATH, `output_${test_index}.svg`);\nfs.writeFileSync(file_o, svg_diagram);\ncheck_test(test_index);",
              "err": {},
              "uuid": "79cbab5f-9b29-4682-ac44-a5c878eaa5d7",
              "parentUUID": "f164f642-e9b8-492d-bb11-4f2b883d23e4",
              "isHook": false,
              "skipped": false
            },
            {
              "title": "Empty and color",
              "fullTitle": "Check diagram generator Empty and color",
              "timedOut": false,
              "duration": 3,
              "state": "passed",
              "speed": "fast",
              "pass": true,
              "fail": false,
              "pending": false,
              "context": null,
              "code": "const test_index = 3;\nconst OPT = {\n    blackandwhite: false\n};\nconst hdl_element = new common_hdl.Hdl_element(general_1.HDL_LANG.VHDL, common_hdl.TYPE_HDL_ELEMENT.ENTITY);\nconst svg_diagram = diagram.diagram_generator(hdl_element, OPT);\nconst file_o = paht_lib.join(C_OUTPUT_BASE_PATH, `output_${test_index}.svg`);\nfs.writeFileSync(file_o, svg_diagram);\ncheck_test(test_index);",
              "err": {},
              "uuid": "c7cae37c-18c6-4b71-afc3-2b8b308c191f",
              "parentUUID": "f164f642-e9b8-492d-bb11-4f2b883d23e4",
              "isHook": false,
              "skipped": false
            },
            {
              "title": "With ports and generics and black and white",
              "fullTitle": "Check diagram generator With ports and generics and black and white",
              "timedOut": false,
              "duration": 17,
              "state": "passed",
              "speed": "fast",
              "pass": true,
              "fail": false,
              "pending": false,
              "context": null,
              "code": "const test_index = 4;\nconst OPT = {\n    blackandwhite: true\n};\nconst hdl_element = new common_hdl.Hdl_element(general_1.HDL_LANG.VHDL, common_hdl.TYPE_HDL_ELEMENT.ENTITY);\n// Ports\nhdl_element.add_port(port_input);\nhdl_element.add_port(port_output);\n// Generics\nhdl_element.add_generic(generic_0);\nhdl_element.add_generic(generic_1);\nconst svg_diagram = diagram.diagram_generator(hdl_element, OPT);\nconst file_o = paht_lib.join(C_OUTPUT_BASE_PATH, `output_${test_index}.svg`);\nfs.writeFileSync(file_o, svg_diagram);\ncheck_test(test_index);",
              "err": {},
              "uuid": "b4018130-4f27-4df2-b6da-2647e005f902",
              "parentUUID": "f164f642-e9b8-492d-bb11-4f2b883d23e4",
              "isHook": false,
              "skipped": false
            }
          ],
          "suites": [],
          "passes": [
            "1f81c4cf-2e04-439b-bf3a-001bab71aa05",
            "15722157-d48b-4eed-af26-185469ecd262",
            "79cbab5f-9b29-4682-ac44-a5c878eaa5d7",
            "c7cae37c-18c6-4b71-afc3-2b8b308c191f",
            "b4018130-4f27-4df2-b6da-2647e005f902"
          ],
          "failures": [],
          "pending": [],
          "skipped": [],
          "duration": 296,
          "root": false,
          "rootEmpty": false,
          "_timeout": 2000
        },
        {
          "uuid": "d4c6678d-e6eb-4ce7-916e-3ec42ed2cc81",
          "title": "Check documenter creator with html",
          "fullFile": "/home/runner/work/colibri/colibri/tests/documenter/documenter.spec.ts",
          "file": "/tests/documenter/documenter.spec.ts",
          "beforeHooks": [],
          "afterHooks": [],
          "tests": [
            {
              "title": "Entity VHDL",
              "fullTitle": "Check documenter creator with html Entity VHDL",
              "timedOut": false,
              "duration": 483,
              "state": "passed",
              "speed": "slow",
              "pass": true,
              "fail": false,
              "pending": false,
              "context": null,
              "code": "const hdl_lang = general_1.HDL_LANG.VHDL;\nconst hdl_type = 'entity';\nawait run(hdl_type, hdl_lang, output_type_inst);",
              "err": {},
              "uuid": "611742cf-89ce-43a9-9900-fb97df859c2d",
              "parentUUID": "d4c6678d-e6eb-4ce7-916e-3ec42ed2cc81",
              "isHook": false,
              "skipped": false
            },
            {
              "title": "Package VHDL",
              "fullTitle": "Check documenter creator with html Package VHDL",
              "timedOut": false,
              "duration": 328,
              "state": "passed",
              "speed": "slow",
              "pass": true,
              "fail": false,
              "pending": false,
              "context": null,
              "code": "const hdl_lang = general_1.HDL_LANG.VHDL;\nconst hdl_type = 'package';\nawait run(hdl_type, hdl_lang, output_type_inst);",
              "err": {},
              "uuid": "f61c99d8-c5ac-4598-af87-af5118590d86",
              "parentUUID": "d4c6678d-e6eb-4ce7-916e-3ec42ed2cc81",
              "isHook": false,
              "skipped": false
            },
            {
              "title": "Module Verilog",
              "fullTitle": "Check documenter creator with html Module Verilog",
              "timedOut": false,
              "duration": 1050,
              "state": "passed",
              "speed": "slow",
              "pass": true,
              "fail": false,
              "pending": false,
              "context": null,
              "code": "const hdl_lang = general_1.HDL_LANG.VERILOG;\nconst hdl_type = 'entity';\nawait run(hdl_type, hdl_lang, output_type_inst);",
              "err": {},
              "uuid": "471d1a78-b6f3-440b-9fd7-b4b43e631869",
              "parentUUID": "d4c6678d-e6eb-4ce7-916e-3ec42ed2cc81",
              "isHook": false,
              "skipped": false
            },
            {
              "title": "Package SystemVerilog",
              "fullTitle": "Check documenter creator with html Package SystemVerilog",
              "timedOut": false,
              "duration": 217,
              "state": "passed",
              "speed": "slow",
              "pass": true,
              "fail": false,
              "pending": false,
              "context": null,
              "code": "const hdl_lang = general_1.HDL_LANG.SYSTEMVERILOG;\nconst hdl_type = 'package';\nawait run(hdl_type, hdl_lang, output_type_inst);",
              "err": {},
              "uuid": "e4c9cbcc-c610-4f30-bcab-55ce181a8036",
              "parentUUID": "d4c6678d-e6eb-4ce7-916e-3ec42ed2cc81",
              "isHook": false,
              "skipped": false
            },
            {
              "title": "Interface SystemVerilog",
              "fullTitle": "Check documenter creator with html Interface SystemVerilog",
              "timedOut": false,
              "duration": 253,
              "state": "passed",
              "speed": "slow",
              "pass": true,
              "fail": false,
              "pending": false,
              "context": null,
              "code": "const hdl_lang = general_1.HDL_LANG.SYSTEMVERILOG;\nconst hdl_type = 'interface';\nawait run(hdl_type, hdl_lang, output_type_inst);",
              "err": {},
              "uuid": "d7281f77-3730-4ec3-a774-7bb0128aeb49",
              "parentUUID": "d4c6678d-e6eb-4ce7-916e-3ec42ed2cc81",
              "isHook": false,
              "skipped": false
            }
          ],
          "suites": [],
          "passes": [
            "611742cf-89ce-43a9-9900-fb97df859c2d",
            "f61c99d8-c5ac-4598-af87-af5118590d86",
            "471d1a78-b6f3-440b-9fd7-b4b43e631869",
            "e4c9cbcc-c610-4f30-bcab-55ce181a8036",
            "d7281f77-3730-4ec3-a774-7bb0128aeb49"
          ],
          "failures": [],
          "pending": [],
          "skipped": [],
          "duration": 2331,
          "root": false,
          "rootEmpty": false,
          "_timeout": 2000
        },
        {
          "uuid": "55e38e7c-5053-4b75-b3ad-563874275b55",
          "title": "Check documenter creator with markdown",
          "fullFile": "/home/runner/work/colibri/colibri/tests/documenter/documenter.spec.ts",
          "file": "/tests/documenter/documenter.spec.ts",
          "beforeHooks": [],
          "afterHooks": [],
          "tests": [
            {
              "title": "Entity VHDL",
              "fullTitle": "Check documenter creator with markdown Entity VHDL",
              "timedOut": false,
              "duration": 256,
              "state": "passed",
              "speed": "slow",
              "pass": true,
              "fail": false,
              "pending": false,
              "context": null,
              "code": "const hdl_lang = general_1.HDL_LANG.VHDL;\nconst hdl_type = 'entity';\nawait run(hdl_type, hdl_lang, output_type_inst);",
              "err": {},
              "uuid": "158c30d7-995a-4e77-929a-8ef54f1d6c9d",
              "parentUUID": "55e38e7c-5053-4b75-b3ad-563874275b55",
              "isHook": false,
              "skipped": false
            },
            {
              "title": "Package VHDL",
              "fullTitle": "Check documenter creator with markdown Package VHDL",
              "timedOut": false,
              "duration": 249,
              "state": "passed",
              "speed": "slow",
              "pass": true,
              "fail": false,
              "pending": false,
              "context": null,
              "code": "const hdl_lang = general_1.HDL_LANG.VHDL;\nconst hdl_type = 'package';\nawait run(hdl_type, hdl_lang, output_type_inst);",
              "err": {},
              "uuid": "a1d367b2-f6f6-4e96-9611-62bb4c31114e",
              "parentUUID": "55e38e7c-5053-4b75-b3ad-563874275b55",
              "isHook": false,
              "skipped": false
            },
            {
              "title": "Module Verilog",
              "fullTitle": "Check documenter creator with markdown Module Verilog",
              "timedOut": false,
              "duration": 525,
              "state": "passed",
              "speed": "slow",
              "pass": true,
              "fail": false,
              "pending": false,
              "context": null,
              "code": "const hdl_lang = general_1.HDL_LANG.VERILOG;\nconst hdl_type = 'entity';\nawait run(hdl_type, hdl_lang, output_type_inst);",
              "err": {},
              "uuid": "246cc705-0326-4e55-bb75-24330f8832f7",
              "parentUUID": "55e38e7c-5053-4b75-b3ad-563874275b55",
              "isHook": false,
              "skipped": false
            },
            {
              "title": "Package SystemVerilog",
              "fullTitle": "Check documenter creator with markdown Package SystemVerilog",
              "timedOut": false,
              "duration": 173,
              "state": "passed",
              "speed": "slow",
              "pass": true,
              "fail": false,
              "pending": false,
              "context": null,
              "code": "const hdl_lang = general_1.HDL_LANG.SYSTEMVERILOG;\nconst hdl_type = 'package';\nawait run(hdl_type, hdl_lang, output_type_inst);",
              "err": {},
              "uuid": "d8fcd316-1553-4261-9207-67054754d64f",
              "parentUUID": "55e38e7c-5053-4b75-b3ad-563874275b55",
              "isHook": false,
              "skipped": false
            },
            {
              "title": "Interface SystemVerilog",
              "fullTitle": "Check documenter creator with markdown Interface SystemVerilog",
              "timedOut": false,
              "duration": 234,
              "state": "passed",
              "speed": "slow",
              "pass": true,
              "fail": false,
              "pending": false,
              "context": null,
              "code": "const hdl_lang = general_1.HDL_LANG.SYSTEMVERILOG;\nconst hdl_type = 'interface';\nawait run(hdl_type, hdl_lang, output_type_inst);",
              "err": {},
              "uuid": "f31c1403-8059-4367-b46f-8631f8a3afc1",
              "parentUUID": "55e38e7c-5053-4b75-b3ad-563874275b55",
              "isHook": false,
              "skipped": false
            }
          ],
          "suites": [],
          "passes": [
            "158c30d7-995a-4e77-929a-8ef54f1d6c9d",
            "a1d367b2-f6f6-4e96-9611-62bb4c31114e",
            "246cc705-0326-4e55-bb75-24330f8832f7",
            "d8fcd316-1553-4261-9207-67054754d64f",
            "f31c1403-8059-4367-b46f-8631f8a3afc1"
          ],
          "failures": [],
          "pending": [],
          "skipped": [],
          "duration": 1437,
          "root": false,
          "rootEmpty": false,
          "_timeout": 2000
        },
        {
          "uuid": "a5e4ab7a-9971-416a-acde-55b0d104a1da",
          "title": "Test Doxygen elements single line and only 1 element in the description.",
          "fullFile": "/home/runner/work/colibri/colibri/tests/documenter/doxygen.spec.ts",
          "file": "/tests/documenter/doxygen.spec.ts",
          "beforeHooks": [],
          "afterHooks": [],
          "tests": [
            {
              "title": "Testing author",
              "fullTitle": "Test Doxygen elements single line and only 1 element in the description. Testing author",
              "timedOut": false,
              "duration": 0,
              "state": "passed",
              "speed": "fast",
              "pass": true,
              "fail": false,
              "pending": false,
              "context": null,
              "code": "const result = (0, doxygen_parser_1.parse_doxygen)(element.input);\n(0, assert_1.equal)(result.element_list[0].description, element.output);",
              "err": {},
              "uuid": "1695cbea-0f65-48d6-b808-296506350e65",
              "parentUUID": "a5e4ab7a-9971-416a-acde-55b0d104a1da",
              "isHook": false,
              "skipped": false
            },
            {
              "title": "Testing version",
              "fullTitle": "Test Doxygen elements single line and only 1 element in the description. Testing version",
              "timedOut": false,
              "duration": 0,
              "state": "passed",
              "speed": "fast",
              "pass": true,
              "fail": false,
              "pending": false,
              "context": null,
              "code": "const result = (0, doxygen_parser_1.parse_doxygen)(element.input);\n(0, assert_1.equal)(result.element_list[0].description, element.output);",
              "err": {},
              "uuid": "d3889649-b316-4d76-a935-f15042095747",
              "parentUUID": "a5e4ab7a-9971-416a-acde-55b0d104a1da",
              "isHook": false,
              "skipped": false
            },
            {
              "title": "Testing project",
              "fullTitle": "Test Doxygen elements single line and only 1 element in the description. Testing project",
              "timedOut": false,
              "duration": 0,
              "state": "passed",
              "speed": "fast",
              "pass": true,
              "fail": false,
              "pending": false,
              "context": null,
              "code": "const result = (0, doxygen_parser_1.parse_doxygen)(element.input);\n(0, assert_1.equal)(result.element_list[0].description, element.output);",
              "err": {},
              "uuid": "50e05193-9fc5-4599-9009-bd2200fb0ff8",
              "parentUUID": "a5e4ab7a-9971-416a-acde-55b0d104a1da",
              "isHook": false,
              "skipped": false
            },
            {
              "title": "Testing copyright",
              "fullTitle": "Test Doxygen elements single line and only 1 element in the description. Testing copyright",
              "timedOut": false,
              "duration": 1,
              "state": "passed",
              "speed": "fast",
              "pass": true,
              "fail": false,
              "pending": false,
              "context": null,
              "code": "const result = (0, doxygen_parser_1.parse_doxygen)(element.input);\n(0, assert_1.equal)(result.element_list[0].description, element.output);",
              "err": {},
              "uuid": "f9edba41-625f-4330-86c7-e258876c3607",
              "parentUUID": "a5e4ab7a-9971-416a-acde-55b0d104a1da",
              "isHook": false,
              "skipped": false
            },
            {
              "title": "Testing brief",
              "fullTitle": "Test Doxygen elements single line and only 1 element in the description. Testing brief",
              "timedOut": false,
              "duration": 0,
              "state": "passed",
              "speed": "fast",
              "pass": true,
              "fail": false,
              "pending": false,
              "context": null,
              "code": "const result = (0, doxygen_parser_1.parse_doxygen)(element.input);\n(0, assert_1.equal)(result.element_list[0].description, element.output);",
              "err": {},
              "uuid": "0b0aa0ea-5036-44cd-b111-aaec96a1265f",
              "parentUUID": "a5e4ab7a-9971-416a-acde-55b0d104a1da",
              "isHook": false,
              "skipped": false
            },
            {
              "title": "Testing details",
              "fullTitle": "Test Doxygen elements single line and only 1 element in the description. Testing details",
              "timedOut": false,
              "duration": 0,
              "state": "passed",
              "speed": "fast",
              "pass": true,
              "fail": false,
              "pending": false,
              "context": null,
              "code": "const result = (0, doxygen_parser_1.parse_doxygen)(element.input);\n(0, assert_1.equal)(result.element_list[0].description, element.output);",
              "err": {},
              "uuid": "210e8292-6356-4bd3-8324-7eb8206570a4",
              "parentUUID": "a5e4ab7a-9971-416a-acde-55b0d104a1da",
              "isHook": false,
              "skipped": false
            },
            {
              "title": "Testing custom_section_begin",
              "fullTitle": "Test Doxygen elements single line and only 1 element in the description. Testing custom_section_begin",
              "timedOut": false,
              "duration": 0,
              "state": "passed",
              "speed": "fast",
              "pass": true,
              "fail": false,
              "pending": false,
              "context": null,
              "code": "const result = (0, doxygen_parser_1.parse_doxygen)(element.input);\n(0, assert_1.equal)(result.element_list[0].description, element.output);",
              "err": {},
              "uuid": "eed73626-5d11-4f31-b9fd-29471124754e",
              "parentUUID": "a5e4ab7a-9971-416a-acde-55b0d104a1da",
              "isHook": false,
              "skipped": false
            },
            {
              "title": "Testing custom_section_end",
              "fullTitle": "Test Doxygen elements single line and only 1 element in the description. Testing custom_section_end",
              "timedOut": false,
              "duration": 0,
              "state": "passed",
              "speed": "fast",
              "pass": true,
              "fail": false,
              "pending": false,
              "context": null,
              "code": "const result = (0, doxygen_parser_1.parse_doxygen)(element.input);\n(0, assert_1.equal)(result.element_list[0].description, element.output);",
              "err": {},
              "uuid": "52188b78-9252-4b4f-abde-8ebc968984c5",
              "parentUUID": "a5e4ab7a-9971-416a-acde-55b0d104a1da",
              "isHook": false,
              "skipped": false
            }
          ],
          "suites": [],
          "passes": [
            "1695cbea-0f65-48d6-b808-296506350e65",
            "d3889649-b316-4d76-a935-f15042095747",
            "50e05193-9fc5-4599-9009-bd2200fb0ff8",
            "f9edba41-625f-4330-86c7-e258876c3607",
            "0b0aa0ea-5036-44cd-b111-aaec96a1265f",
            "210e8292-6356-4bd3-8324-7eb8206570a4",
            "eed73626-5d11-4f31-b9fd-29471124754e",
            "52188b78-9252-4b4f-abde-8ebc968984c5"
          ],
          "failures": [],
          "pending": [],
          "skipped": [],
          "duration": 1,
          "root": false,
          "rootEmpty": false,
          "_timeout": 2000
        },
        {
          "uuid": "75856e20-b625-4ce7-877b-b06f5fcfbe42",
          "title": "Test Doxygen elements multi line and only 1 element in the description.",
          "fullFile": "/home/runner/work/colibri/colibri/tests/documenter/doxygen.spec.ts",
          "file": "/tests/documenter/doxygen.spec.ts",
          "beforeHooks": [],
          "afterHooks": [],
          "tests": [
            {
              "title": "Testing author",
              "fullTitle": "Test Doxygen elements multi line and only 1 element in the description. Testing author",
              "timedOut": false,
              "duration": 0,
              "state": "passed",
              "speed": "fast",
              "pass": true,
              "fail": false,
              "pending": false,
              "context": null,
              "code": "const result = (0, doxygen_parser_1.parse_doxygen)(element.input);\n(0, assert_1.equal)(result.element_list[0].description, element.output);",
              "err": {},
              "uuid": "aa8e0d72-516b-48b9-a8f9-e7506ca6ce99",
              "parentUUID": "75856e20-b625-4ce7-877b-b06f5fcfbe42",
              "isHook": false,
              "skipped": false
            },
            {
              "title": "Testing version",
              "fullTitle": "Test Doxygen elements multi line and only 1 element in the description. Testing version",
              "timedOut": false,
              "duration": 0,
              "state": "passed",
              "speed": "fast",
              "pass": true,
              "fail": false,
              "pending": false,
              "context": null,
              "code": "const result = (0, doxygen_parser_1.parse_doxygen)(element.input);\n(0, assert_1.equal)(result.element_list[0].description, element.output);",
              "err": {},
              "uuid": "60654372-133b-46da-83f3-535ca9bc9b52",
              "parentUUID": "75856e20-b625-4ce7-877b-b06f5fcfbe42",
              "isHook": false,
              "skipped": false
            },
            {
              "title": "Testing project",
              "fullTitle": "Test Doxygen elements multi line and only 1 element in the description. Testing project",
              "timedOut": false,
              "duration": 0,
              "state": "passed",
              "speed": "fast",
              "pass": true,
              "fail": false,
              "pending": false,
              "context": null,
              "code": "const result = (0, doxygen_parser_1.parse_doxygen)(element.input);\n(0, assert_1.equal)(result.element_list[0].description, element.output);",
              "err": {},
              "uuid": "24442bcf-0dcc-4f9e-a781-ce0772dcc9ff",
              "parentUUID": "75856e20-b625-4ce7-877b-b06f5fcfbe42",
              "isHook": false,
              "skipped": false
            },
            {
              "title": "Testing copyright",
              "fullTitle": "Test Doxygen elements multi line and only 1 element in the description. Testing copyright",
              "timedOut": false,
              "duration": 0,
              "state": "passed",
              "speed": "fast",
              "pass": true,
              "fail": false,
              "pending": false,
              "context": null,
              "code": "const result = (0, doxygen_parser_1.parse_doxygen)(element.input);\n(0, assert_1.equal)(result.element_list[0].description, element.output);",
              "err": {},
              "uuid": "030895e7-6386-4aae-a8a6-f683a0417b63",
              "parentUUID": "75856e20-b625-4ce7-877b-b06f5fcfbe42",
              "isHook": false,
              "skipped": false
            },
            {
              "title": "Testing brief",
              "fullTitle": "Test Doxygen elements multi line and only 1 element in the description. Testing brief",
              "timedOut": false,
              "duration": 0,
              "state": "passed",
              "speed": "fast",
              "pass": true,
              "fail": false,
              "pending": false,
              "context": null,
              "code": "const result = (0, doxygen_parser_1.parse_doxygen)(element.input);\n(0, assert_1.equal)(result.element_list[0].description, element.output);",
              "err": {},
              "uuid": "3ac98850-59a2-4932-a3ea-d4df26361a8d",
              "parentUUID": "75856e20-b625-4ce7-877b-b06f5fcfbe42",
              "isHook": false,
              "skipped": false
            },
            {
              "title": "Testing details",
              "fullTitle": "Test Doxygen elements multi line and only 1 element in the description. Testing details",
              "timedOut": false,
              "duration": 0,
              "state": "passed",
              "speed": "fast",
              "pass": true,
              "fail": false,
              "pending": false,
              "context": null,
              "code": "const result = (0, doxygen_parser_1.parse_doxygen)(element.input);\n(0, assert_1.equal)(result.element_list[0].description, element.output);",
              "err": {},
              "uuid": "130b7bdd-eec0-47de-ba8e-b9dd9d58324e",
              "parentUUID": "75856e20-b625-4ce7-877b-b06f5fcfbe42",
              "isHook": false,
              "skipped": false
            },
            {
              "title": "Testing custom_section_begin",
              "fullTitle": "Test Doxygen elements multi line and only 1 element in the description. Testing custom_section_begin",
              "timedOut": false,
              "duration": 0,
              "state": "passed",
              "speed": "fast",
              "pass": true,
              "fail": false,
              "pending": false,
              "context": null,
              "code": "const result = (0, doxygen_parser_1.parse_doxygen)(element.input);\n(0, assert_1.equal)(result.element_list[0].description, element.output);",
              "err": {},
              "uuid": "5f382a85-c986-4685-b909-3ec24a250f6b",
              "parentUUID": "75856e20-b625-4ce7-877b-b06f5fcfbe42",
              "isHook": false,
              "skipped": false
            },
            {
              "title": "Testing custom_section_end",
              "fullTitle": "Test Doxygen elements multi line and only 1 element in the description. Testing custom_section_end",
              "timedOut": false,
              "duration": 1,
              "state": "passed",
              "speed": "fast",
              "pass": true,
              "fail": false,
              "pending": false,
              "context": null,
              "code": "const result = (0, doxygen_parser_1.parse_doxygen)(element.input);\n(0, assert_1.equal)(result.element_list[0].description, element.output);",
              "err": {},
              "uuid": "ae77062c-86df-4605-90aa-ecfd7dc8c5f2",
              "parentUUID": "75856e20-b625-4ce7-877b-b06f5fcfbe42",
              "isHook": false,
              "skipped": false
            }
          ],
          "suites": [],
          "passes": [
            "aa8e0d72-516b-48b9-a8f9-e7506ca6ce99",
            "60654372-133b-46da-83f3-535ca9bc9b52",
            "24442bcf-0dcc-4f9e-a781-ce0772dcc9ff",
            "030895e7-6386-4aae-a8a6-f683a0417b63",
            "3ac98850-59a2-4932-a3ea-d4df26361a8d",
            "130b7bdd-eec0-47de-ba8e-b9dd9d58324e",
            "5f382a85-c986-4685-b909-3ec24a250f6b",
            "ae77062c-86df-4605-90aa-ecfd7dc8c5f2"
          ],
          "failures": [],
          "pending": [],
          "skipped": [],
          "duration": 1,
          "root": false,
          "rootEmpty": false,
          "_timeout": 2000
        },
        {
          "uuid": "2df0e36a-d7f5-4006-acaf-919e7821fcbf",
          "title": "Check sections creator with html",
          "fullFile": "/home/runner/work/colibri/colibri/tests/documenter/section_creator.spec.ts",
          "file": "/tests/documenter/section_creator.spec.ts",
          "beforeHooks": [],
          "afterHooks": [],
          "tests": [
            {
              "title": "Title section",
              "fullTitle": "Check sections creator with html Title section",
              "timedOut": false,
              "duration": 1,
              "state": "passed",
              "speed": "fast",
              "pass": true,
              "fail": false,
              "pending": false,
              "context": null,
              "code": "const section_name = \"title\";\nconst section = creator.get_title_section(hdl_element, configuration, output_type_inst);\nsave_output(section, section_name, output_type_inst);\ncheck(section_name, output_type_inst, false);",
              "err": {},
              "uuid": "80b237d9-5e36-4820-b0cb-d33c9335ee35",
              "parentUUID": "2df0e36a-d7f5-4006-acaf-919e7821fcbf",
              "isHook": false,
              "skipped": false
            },
            {
              "title": "Input section",
              "fullTitle": "Check sections creator with html Input section",
              "timedOut": false,
              "duration": 0,
              "state": "passed",
              "speed": "fast",
              "pass": true,
              "fail": false,
              "pending": false,
              "context": null,
              "code": "const section_name = \"input\";\nconst file_path = \"/example/of/sample.vhd\";\nconst section = creator.get_input_section(file_path, configuration, output_type_inst);\nsave_output(section, section_name, output_type_inst);\ncheck(section_name, output_type_inst, false);",
              "err": {},
              "uuid": "bb592abe-f79c-4442-8df3-42d505b98af2",
              "parentUUID": "2df0e36a-d7f5-4006-acaf-919e7821fcbf",
              "isHook": false,
              "skipped": false
            },
            {
              "title": "Info section",
              "fullTitle": "Check sections creator with html Info section",
              "timedOut": false,
              "duration": 1,
              "state": "passed",
              "speed": "fast",
              "pass": true,
              "fail": false,
              "pending": false,
              "context": null,
              "code": "const section_name = \"info\";\nconst section = creator.get_info_section(hdl_element, configuration, output_type_inst);\nsave_output(section, section_name, output_type_inst);\ncheck(section_name, output_type_inst, false);",
              "err": {},
              "uuid": "1967436a-327c-4b53-9949-ca8468abda03",
              "parentUUID": "2df0e36a-d7f5-4006-acaf-919e7821fcbf",
              "isHook": false,
              "skipped": false
            },
            {
              "title": "Diagram section",
              "fullTitle": "Check sections creator with html Diagram section",
              "timedOut": false,
              "duration": 0,
              "state": "pending",
              "speed": null,
              "pass": false,
              "fail": false,
              "pending": true,
              "context": null,
              "code": "this.skip();\nconst section_name = \"diagram\";\nconst svg_path = paht_lib.join(C_OUTPUT_BASE_PATH, 'input_path.svg');\nconst section = creator.get_diagram_section(hdl_element, configuration, svg_path, output_type_inst);\nsave_output(section, section_name, output_type_inst);\ncheck(section_name, output_type_inst, true);",
              "err": {},
              "uuid": "8c31d0a1-dde6-4789-bf26-294001daa258",
              "parentUUID": "2df0e36a-d7f5-4006-acaf-919e7821fcbf",
              "isHook": false,
              "skipped": false
            },
            {
              "title": "Custom begin section",
              "fullTitle": "Check sections creator with html Custom begin section",
              "timedOut": false,
              "duration": 103,
              "state": "passed",
              "speed": "slow",
              "pass": true,
              "fail": false,
              "pending": false,
              "context": null,
              "code": "const section_name = \"custom_section_begin\";\nconst input_path = paht_lib.join(__dirname, 'section_creator', 'helpers', 'input_path.vhd');\nconst section = creator.get_custom_section('custom_section_begin', hdl_element, input_path, output_type_inst);\nsave_output(section, section_name, output_type_inst);\ncheck(section_name, output_type_inst, false);",
              "err": {},
              "uuid": "8991a656-6626-4bf1-badf-a407e6829cad",
              "parentUUID": "2df0e36a-d7f5-4006-acaf-919e7821fcbf",
              "isHook": false,
              "skipped": false
            },
            {
              "title": "Custom end section",
              "fullTitle": "Check sections creator with html Custom end section",
              "timedOut": false,
              "duration": 1,
              "state": "passed",
              "speed": "fast",
              "pass": true,
              "fail": false,
              "pending": false,
              "context": null,
              "code": "const section_name = \"custom_section_end\";\nconst input_path = paht_lib.join(__dirname, 'section_creator', 'helpers', 'input_path.vhd');\nconst section = creator.get_custom_section('custom_section_end', hdl_element, input_path, output_type_inst);\nsave_output(section, section_name, output_type_inst);\ncheck(section_name, output_type_inst, false);",
              "err": {},
              "uuid": "cfe63e54-0623-4105-ab5b-170b04e6d107",
              "parentUUID": "2df0e36a-d7f5-4006-acaf-919e7821fcbf",
              "isHook": false,
              "skipped": false
            },
            {
              "title": "Description section",
              "fullTitle": "Check sections creator with html Description section",
              "timedOut": false,
              "duration": 5,
              "state": "passed",
              "speed": "fast",
              "pass": true,
              "fail": false,
              "pending": false,
              "context": null,
              "code": "if (output_type_inst === common_documenter.doc_output_type.MARKDOWN) {\n    this.skip();\n}\nconst section_name = \"description\";\nconst section = creator.get_description_section(hdl_element, configuration, C_OUTPUT_BASE_PATH, output_type_inst);\nsave_output(section, section_name, output_type_inst);\ncheck(section_name, output_type_inst, false);",
              "err": {},
              "uuid": "297f0081-420a-41f6-8972-05d319dfb3ce",
              "parentUUID": "2df0e36a-d7f5-4006-acaf-919e7821fcbf",
              "isHook": false,
              "skipped": false
            },
            {
              "title": "Port section",
              "fullTitle": "Check sections creator with html Port section",
              "timedOut": false,
              "duration": 1,
              "state": "passed",
              "speed": "fast",
              "pass": true,
              "fail": false,
              "pending": false,
              "context": null,
              "code": "const section_name = \"port\";\nconst section = creator.get_in_out_section(hdl_element, configuration, output_type_inst);\nsave_output(section, section_name, output_type_inst);\ncheck(section_name, output_type_inst, false);",
              "err": {},
              "uuid": "5c96bb02-79b3-421b-bc8f-06abf09ac2bd",
              "parentUUID": "2df0e36a-d7f5-4006-acaf-919e7821fcbf",
              "isHook": false,
              "skipped": false
            },
            {
              "title": "Signal-constant section",
              "fullTitle": "Check sections creator with html Signal-constant section",
              "timedOut": false,
              "duration": 2,
              "state": "passed",
              "speed": "fast",
              "pass": true,
              "fail": false,
              "pending": false,
              "context": null,
              "code": "const section_name = \"signal_constant\";\nconst section = creator.get_signal_constant_section(hdl_element, configuration, output_type_inst);\nsave_output(section, section_name, output_type_inst);\ncheck(section_name, output_type_inst, false);",
              "err": {},
              "uuid": "9d2435f8-31ae-44ad-a9a2-d7d13413cb1f",
              "parentUUID": "2df0e36a-d7f5-4006-acaf-919e7821fcbf",
              "isHook": false,
              "skipped": false
            },
            {
              "title": "Process section",
              "fullTitle": "Check sections creator with html Process section",
              "timedOut": false,
              "duration": 1,
              "state": "passed",
              "speed": "fast",
              "pass": true,
              "fail": false,
              "pending": false,
              "context": null,
              "code": "const section_name = \"process\";\nconst section = creator.get_process_section(hdl_element, configuration, output_type_inst);\nsave_output(section, section_name, output_type_inst);\ncheck(section_name, output_type_inst, false);",
              "err": {},
              "uuid": "c4151d9c-47dc-4aba-85f0-f61176fb085a",
              "parentUUID": "2df0e36a-d7f5-4006-acaf-919e7821fcbf",
              "isHook": false,
              "skipped": false
            },
            {
              "title": "Function section",
              "fullTitle": "Check sections creator with html Function section",
              "timedOut": false,
              "duration": 1,
              "state": "passed",
              "speed": "fast",
              "pass": true,
              "fail": false,
              "pending": false,
              "context": null,
              "code": "const section_name = \"function\";\nconst section = creator.get_function_section(hdl_element, configuration, output_type_inst);\nsave_output(section, section_name, output_type_inst);\ncheck(section_name, output_type_inst, false);",
              "err": {},
              "uuid": "11339be2-38f5-4c9c-9995-37bfe5b02a6e",
              "parentUUID": "2df0e36a-d7f5-4006-acaf-919e7821fcbf",
              "isHook": false,
              "skipped": false
            },
            {
              "title": "Instantiation section",
              "fullTitle": "Check sections creator with html Instantiation section",
              "timedOut": false,
              "duration": 1,
              "state": "passed",
              "speed": "fast",
              "pass": true,
              "fail": false,
              "pending": false,
              "context": null,
              "code": "const section_name = \"instantiation\";\nconst section = creator.get_instantiation_section(hdl_element, configuration, output_type_inst);\nsave_output(section, section_name, output_type_inst);\ncheck(section_name, output_type_inst, false);",
              "err": {},
              "uuid": "fb25bbc7-723c-4aa3-81fe-24efa6517e77",
              "parentUUID": "2df0e36a-d7f5-4006-acaf-919e7821fcbf",
              "isHook": false,
              "skipped": false
            }
          ],
          "suites": [],
          "passes": [
            "80b237d9-5e36-4820-b0cb-d33c9335ee35",
            "bb592abe-f79c-4442-8df3-42d505b98af2",
            "1967436a-327c-4b53-9949-ca8468abda03",
            "8991a656-6626-4bf1-badf-a407e6829cad",
            "cfe63e54-0623-4105-ab5b-170b04e6d107",
            "297f0081-420a-41f6-8972-05d319dfb3ce",
            "5c96bb02-79b3-421b-bc8f-06abf09ac2bd",
            "9d2435f8-31ae-44ad-a9a2-d7d13413cb1f",
            "c4151d9c-47dc-4aba-85f0-f61176fb085a",
            "11339be2-38f5-4c9c-9995-37bfe5b02a6e",
            "fb25bbc7-723c-4aa3-81fe-24efa6517e77"
          ],
          "failures": [],
          "pending": [
            "8c31d0a1-dde6-4789-bf26-294001daa258"
          ],
          "skipped": [],
          "duration": 117,
          "root": false,
          "rootEmpty": false,
          "_timeout": 2000
        },
        {
          "uuid": "175b7ed6-4aeb-4e5e-81c4-c1ad6ae2e345",
          "title": "Check sections creator with markdown",
          "fullFile": "/home/runner/work/colibri/colibri/tests/documenter/section_creator.spec.ts",
          "file": "/tests/documenter/section_creator.spec.ts",
          "beforeHooks": [],
          "afterHooks": [],
          "tests": [
            {
              "title": "Title section",
              "fullTitle": "Check sections creator with markdown Title section",
              "timedOut": false,
              "duration": 1,
              "state": "passed",
              "speed": "fast",
              "pass": true,
              "fail": false,
              "pending": false,
              "context": null,
              "code": "const section_name = \"title\";\nconst section = creator.get_title_section(hdl_element, configuration, output_type_inst);\nsave_output(section, section_name, output_type_inst);\ncheck(section_name, output_type_inst, false);",
              "err": {},
              "uuid": "e9a32fa7-253c-40bc-8973-311287a77ee7",
              "parentUUID": "175b7ed6-4aeb-4e5e-81c4-c1ad6ae2e345",
              "isHook": false,
              "skipped": false
            },
            {
              "title": "Input section",
              "fullTitle": "Check sections creator with markdown Input section",
              "timedOut": false,
              "duration": 0,
              "state": "passed",
              "speed": "fast",
              "pass": true,
              "fail": false,
              "pending": false,
              "context": null,
              "code": "const section_name = \"input\";\nconst file_path = \"/example/of/sample.vhd\";\nconst section = creator.get_input_section(file_path, configuration, output_type_inst);\nsave_output(section, section_name, output_type_inst);\ncheck(section_name, output_type_inst, false);",
              "err": {},
              "uuid": "29192ff0-b934-439b-8972-08c256417a37",
              "parentUUID": "175b7ed6-4aeb-4e5e-81c4-c1ad6ae2e345",
              "isHook": false,
              "skipped": false
            },
            {
              "title": "Info section",
              "fullTitle": "Check sections creator with markdown Info section",
              "timedOut": false,
              "duration": 0,
              "state": "passed",
              "speed": "fast",
              "pass": true,
              "fail": false,
              "pending": false,
              "context": null,
              "code": "const section_name = \"info\";\nconst section = creator.get_info_section(hdl_element, configuration, output_type_inst);\nsave_output(section, section_name, output_type_inst);\ncheck(section_name, output_type_inst, false);",
              "err": {},
              "uuid": "eff6048f-6256-4636-989e-ddef0eb2b9aa",
              "parentUUID": "175b7ed6-4aeb-4e5e-81c4-c1ad6ae2e345",
              "isHook": false,
              "skipped": false
            },
            {
              "title": "Diagram section",
              "fullTitle": "Check sections creator with markdown Diagram section",
              "timedOut": false,
              "duration": 0,
              "state": "pending",
              "speed": null,
              "pass": false,
              "fail": false,
              "pending": true,
              "context": null,
              "code": "this.skip();\nconst section_name = \"diagram\";\nconst svg_path = paht_lib.join(C_OUTPUT_BASE_PATH, 'input_path.svg');\nconst section = creator.get_diagram_section(hdl_element, configuration, svg_path, output_type_inst);\nsave_output(section, section_name, output_type_inst);\ncheck(section_name, output_type_inst, true);",
              "err": {},
              "uuid": "0f9cbdbb-d956-48a4-b43a-4ef35616003c",
              "parentUUID": "175b7ed6-4aeb-4e5e-81c4-c1ad6ae2e345",
              "isHook": false,
              "skipped": false
            },
            {
              "title": "Custom begin section",
              "fullTitle": "Check sections creator with markdown Custom begin section",
              "timedOut": false,
              "duration": 0,
              "state": "passed",
              "speed": "fast",
              "pass": true,
              "fail": false,
              "pending": false,
              "context": null,
              "code": "const section_name = \"custom_section_begin\";\nconst input_path = paht_lib.join(__dirname, 'section_creator', 'helpers', 'input_path.vhd');\nconst section = creator.get_custom_section('custom_section_begin', hdl_element, input_path, output_type_inst);\nsave_output(section, section_name, output_type_inst);\ncheck(section_name, output_type_inst, false);",
              "err": {},
              "uuid": "30cc0eb3-a294-4932-b387-cba295c020c2",
              "parentUUID": "175b7ed6-4aeb-4e5e-81c4-c1ad6ae2e345",
              "isHook": false,
              "skipped": false
            },
            {
              "title": "Custom end section",
              "fullTitle": "Check sections creator with markdown Custom end section",
              "timedOut": false,
              "duration": 0,
              "state": "passed",
              "speed": "fast",
              "pass": true,
              "fail": false,
              "pending": false,
              "context": null,
              "code": "const section_name = \"custom_section_end\";\nconst input_path = paht_lib.join(__dirname, 'section_creator', 'helpers', 'input_path.vhd');\nconst section = creator.get_custom_section('custom_section_end', hdl_element, input_path, output_type_inst);\nsave_output(section, section_name, output_type_inst);\ncheck(section_name, output_type_inst, false);",
              "err": {},
              "uuid": "8ee017c4-60f4-4969-ab93-d59f6c4f35f8",
              "parentUUID": "175b7ed6-4aeb-4e5e-81c4-c1ad6ae2e345",
              "isHook": false,
              "skipped": false
            },
            {
              "title": "Description section",
              "fullTitle": "Check sections creator with markdown Description section",
              "timedOut": false,
              "duration": 0,
              "state": "pending",
              "speed": null,
              "pass": false,
              "fail": false,
              "pending": true,
              "context": null,
              "code": "if (output_type_inst === common_documenter.doc_output_type.MARKDOWN) {\n    this.skip();\n}\nconst section_name = \"description\";\nconst section = creator.get_description_section(hdl_element, configuration, C_OUTPUT_BASE_PATH, output_type_inst);\nsave_output(section, section_name, output_type_inst);\ncheck(section_name, output_type_inst, false);",
              "err": {},
              "uuid": "dab3b4cf-f334-47c2-880c-d60a90253fa2",
              "parentUUID": "175b7ed6-4aeb-4e5e-81c4-c1ad6ae2e345",
              "isHook": false,
              "skipped": false
            },
            {
              "title": "Port section",
              "fullTitle": "Check sections creator with markdown Port section",
              "timedOut": false,
              "duration": 0,
              "state": "passed",
              "speed": "fast",
              "pass": true,
              "fail": false,
              "pending": false,
              "context": null,
              "code": "const section_name = \"port\";\nconst section = creator.get_in_out_section(hdl_element, configuration, output_type_inst);\nsave_output(section, section_name, output_type_inst);\ncheck(section_name, output_type_inst, false);",
              "err": {},
              "uuid": "4885e4f2-a5c8-4cb4-b7f7-8aa9b1b0e6f0",
              "parentUUID": "175b7ed6-4aeb-4e5e-81c4-c1ad6ae2e345",
              "isHook": false,
              "skipped": false
            },
            {
              "title": "Signal-constant section",
              "fullTitle": "Check sections creator with markdown Signal-constant section",
              "timedOut": false,
              "duration": 0,
              "state": "passed",
              "speed": "fast",
              "pass": true,
              "fail": false,
              "pending": false,
              "context": null,
              "code": "const section_name = \"signal_constant\";\nconst section = creator.get_signal_constant_section(hdl_element, configuration, output_type_inst);\nsave_output(section, section_name, output_type_inst);\ncheck(section_name, output_type_inst, false);",
              "err": {},
              "uuid": "a71436cb-b861-4ab5-82c5-c9e931c3ce38",
              "parentUUID": "175b7ed6-4aeb-4e5e-81c4-c1ad6ae2e345",
              "isHook": false,
              "skipped": false
            },
            {
              "title": "Process section",
              "fullTitle": "Check sections creator with markdown Process section",
              "timedOut": false,
              "duration": 0,
              "state": "passed",
              "speed": "fast",
              "pass": true,
              "fail": false,
              "pending": false,
              "context": null,
              "code": "const section_name = \"process\";\nconst section = creator.get_process_section(hdl_element, configuration, output_type_inst);\nsave_output(section, section_name, output_type_inst);\ncheck(section_name, output_type_inst, false);",
              "err": {},
              "uuid": "f7a20f08-8a07-4c36-bdae-31c9ed717642",
              "parentUUID": "175b7ed6-4aeb-4e5e-81c4-c1ad6ae2e345",
              "isHook": false,
              "skipped": false
            },
            {
              "title": "Function section",
              "fullTitle": "Check sections creator with markdown Function section",
              "timedOut": false,
              "duration": 0,
              "state": "passed",
              "speed": "fast",
              "pass": true,
              "fail": false,
              "pending": false,
              "context": null,
              "code": "const section_name = \"function\";\nconst section = creator.get_function_section(hdl_element, configuration, output_type_inst);\nsave_output(section, section_name, output_type_inst);\ncheck(section_name, output_type_inst, false);",
              "err": {},
              "uuid": "04a7ec9b-0611-46ec-a248-b988c2f88692",
              "parentUUID": "175b7ed6-4aeb-4e5e-81c4-c1ad6ae2e345",
              "isHook": false,
              "skipped": false
            },
            {
              "title": "Instantiation section",
              "fullTitle": "Check sections creator with markdown Instantiation section",
              "timedOut": false,
              "duration": 0,
              "state": "passed",
              "speed": "fast",
              "pass": true,
              "fail": false,
              "pending": false,
              "context": null,
              "code": "const section_name = \"instantiation\";\nconst section = creator.get_instantiation_section(hdl_element, configuration, output_type_inst);\nsave_output(section, section_name, output_type_inst);\ncheck(section_name, output_type_inst, false);",
              "err": {},
              "uuid": "e6fa891e-2b65-4b3e-b6be-b0b3897bb158",
              "parentUUID": "175b7ed6-4aeb-4e5e-81c4-c1ad6ae2e345",
              "isHook": false,
              "skipped": false
            }
          ],
          "suites": [],
          "passes": [
            "e9a32fa7-253c-40bc-8973-311287a77ee7",
            "29192ff0-b934-439b-8972-08c256417a37",
            "eff6048f-6256-4636-989e-ddef0eb2b9aa",
            "30cc0eb3-a294-4932-b387-cba295c020c2",
            "8ee017c4-60f4-4969-ab93-d59f6c4f35f8",
            "4885e4f2-a5c8-4cb4-b7f7-8aa9b1b0e6f0",
            "a71436cb-b861-4ab5-82c5-c9e931c3ce38",
            "f7a20f08-8a07-4c36-bdae-31c9ed717642",
            "04a7ec9b-0611-46ec-a248-b988c2f88692",
            "e6fa891e-2b65-4b3e-b6be-b0b3897bb158"
          ],
          "failures": [],
          "pending": [
            "0f9cbdbb-d956-48a4-b43a-4ef35616003c",
            "dab3b4cf-f334-47c2-880c-d60a90253fa2"
          ],
          "skipped": [],
          "duration": 1,
          "root": false,
          "rootEmpty": false,
          "_timeout": 2000
        },
        {
          "uuid": "dc63367e-d60d-46b9-8642-3783d0b875b7",
          "title": "Check standalone VHDL formatter",
          "fullFile": "/home/runner/work/colibri/colibri/tests/formatter/formatter.spec.ts",
          "file": "/tests/formatter/formatter.spec.ts",
          "beforeHooks": [],
          "afterHooks": [],
          "tests": [
            {
              "title": "Check align comments true, indentation and keyworks lowercase",
              "fullTitle": "Check standalone VHDL formatter Check align comments true, indentation and keyworks lowercase",
              "timedOut": false,
              "duration": 26,
              "state": "passed",
              "speed": "fast",
              "pass": true,
              "fail": false,
              "pending": false,
              "context": null,
              "code": "const test_index = 0;\nconst options = {\n    keyword_case: cfg.e_formatter_standalone_keyword_case.lowercase,\n    name_case: cfg.e_formatter_standalone_name_case.lowercase,\n    indentation: \"    \",\n    align_port_generic: true,\n    align_comment: true,\n    remove_comments: false,\n    remove_reports: false,\n    check_alias: false,\n    new_line_after_then: cfg.e_formatter_standalone_new_line_after_then.new_line,\n    new_line_after_semicolon: cfg.e_formatter_standalone_new_line_after_semicolon.new_line,\n    new_line_after_else: cfg.e_formatter_standalone_new_line_after_else.none,\n    new_line_after_port: cfg.e_formatter_standalone_new_line_after_port.none,\n    new_line_after_generic: cfg.e_formatter_standalone_new_line_after_generic.none,\n};\nawait format_and_check(formatter_name, language, test_index, options, \"\");",
              "err": {},
              "uuid": "4b4c7489-4212-42ad-b7cb-d405180384a7",
              "parentUUID": "dc63367e-d60d-46b9-8642-3783d0b875b7",
              "isHook": false,
              "skipped": false
            },
            {
              "title": "Check align comments false, indentation and keyworks uppercase",
              "fullTitle": "Check standalone VHDL formatter Check align comments false, indentation and keyworks uppercase",
              "timedOut": false,
              "duration": 3,
              "state": "passed",
              "speed": "fast",
              "pass": true,
              "fail": false,
              "pending": false,
              "context": null,
              "code": "const test_index = 1;\nconst options = {\n    keyword_case: cfg.e_formatter_standalone_keyword_case.uppercase,\n    name_case: cfg.e_formatter_standalone_name_case.uppercase,\n    indentation: \"      \",\n    align_port_generic: true,\n    align_comment: false,\n    remove_comments: false,\n    remove_reports: false,\n    check_alias: false,\n    new_line_after_then: cfg.e_formatter_standalone_new_line_after_then.new_line,\n    new_line_after_semicolon: cfg.e_formatter_standalone_new_line_after_semicolon.new_line,\n    new_line_after_else: cfg.e_formatter_standalone_new_line_after_else.none,\n    new_line_after_port: cfg.e_formatter_standalone_new_line_after_port.none,\n    new_line_after_generic: cfg.e_formatter_standalone_new_line_after_generic.none,\n};\nawait format_and_check(formatter_name, language, test_index, options, \"\");",
              "err": {},
              "uuid": "50659161-50e1-4a57-ba3d-5f3cc254e4cb",
              "parentUUID": "dc63367e-d60d-46b9-8642-3783d0b875b7",
              "isHook": false,
              "skipped": false
            }
          ],
          "suites": [],
          "passes": [
            "4b4c7489-4212-42ad-b7cb-d405180384a7",
            "50659161-50e1-4a57-ba3d-5f3cc254e4cb"
          ],
          "failures": [],
          "pending": [],
          "skipped": [],
          "duration": 29,
          "root": false,
          "rootEmpty": false,
          "_timeout": 2000
        },
        {
          "uuid": "362fd86d-5599-4c2e-975e-e04c1a8313f3",
          "title": "Check istyle formatter",
          "fullFile": "/home/runner/work/colibri/colibri/tests/formatter/formatter.spec.ts",
          "file": "/tests/formatter/formatter.spec.ts",
          "beforeHooks": [],
          "afterHooks": [],
          "tests": [
            {
              "title": "Check ansi with indent = 2",
              "fullTitle": "Check istyle formatter Check ansi with indent = 2",
              "timedOut": false,
              "duration": 20,
              "state": "passed",
              "speed": "fast",
              "pass": true,
              "fail": false,
              "pending": false,
              "context": null,
              "code": "const test_index = index;\nconst options = {\n    style: style_inst,\n    indentation_size: 2\n};\nawait format_and_check(formatter_name, language, test_index, options, \"\");",
              "err": {},
              "uuid": "aec8427a-9adc-4b88-bbd4-997f92296213",
              "parentUUID": "362fd86d-5599-4c2e-975e-e04c1a8313f3",
              "isHook": false,
              "skipped": false
            },
            {
              "title": "Check kr with indent = 2",
              "fullTitle": "Check istyle formatter Check kr with indent = 2",
              "timedOut": false,
              "duration": 13,
              "state": "passed",
              "speed": "fast",
              "pass": true,
              "fail": false,
              "pending": false,
              "context": null,
              "code": "const test_index = index;\nconst options = {\n    style: style_inst,\n    indentation_size: 2\n};\nawait format_and_check(formatter_name, language, test_index, options, \"\");",
              "err": {},
              "uuid": "01987e49-4811-4a4a-9571-e7b8ea6e2354",
              "parentUUID": "362fd86d-5599-4c2e-975e-e04c1a8313f3",
              "isHook": false,
              "skipped": false
            },
            {
              "title": "Check gnu with indent = 2",
              "fullTitle": "Check istyle formatter Check gnu with indent = 2",
              "timedOut": false,
              "duration": 13,
              "state": "passed",
              "speed": "fast",
              "pass": true,
              "fail": false,
              "pending": false,
              "context": null,
              "code": "const test_index = index;\nconst options = {\n    style: style_inst,\n    indentation_size: 2\n};\nawait format_and_check(formatter_name, language, test_index, options, \"\");",
              "err": {},
              "uuid": "57b49dd4-d494-4046-ac31-659b45a4029e",
              "parentUUID": "362fd86d-5599-4c2e-975e-e04c1a8313f3",
              "isHook": false,
              "skipped": false
            },
            {
              "title": "Check indent_only with indent = 2",
              "fullTitle": "Check istyle formatter Check indent_only with indent = 2",
              "timedOut": false,
              "duration": 13,
              "state": "passed",
              "speed": "fast",
              "pass": true,
              "fail": false,
              "pending": false,
              "context": null,
              "code": "const test_index = index;\nconst options = {\n    style: style_inst,\n    indentation_size: 2\n};\nawait format_and_check(formatter_name, language, test_index, options, \"\");",
              "err": {},
              "uuid": "17bdbe03-8de7-48ca-b46c-3cd4231c8e23",
              "parentUUID": "362fd86d-5599-4c2e-975e-e04c1a8313f3",
              "isHook": false,
              "skipped": false
            },
            {
              "title": "Check ansi with indent = 6",
              "fullTitle": "Check istyle formatter Check ansi with indent = 6",
              "timedOut": false,
              "duration": 13,
              "state": "passed",
              "speed": "fast",
              "pass": true,
              "fail": false,
              "pending": false,
              "context": null,
              "code": "const test_index = index + style_list.length;\nconst options = {\n    style: style_inst,\n    indentation_size: 6\n};\nawait format_and_check(formatter_name, language, test_index, options, \"\");",
              "err": {},
              "uuid": "0796f403-c527-4ed3-b6e3-c9cd6ef1a1f4",
              "parentUUID": "362fd86d-5599-4c2e-975e-e04c1a8313f3",
              "isHook": false,
              "skipped": false
            },
            {
              "title": "Check kr with indent = 6",
              "fullTitle": "Check istyle formatter Check kr with indent = 6",
              "timedOut": false,
              "duration": 12,
              "state": "passed",
              "speed": "fast",
              "pass": true,
              "fail": false,
              "pending": false,
              "context": null,
              "code": "const test_index = index + style_list.length;\nconst options = {\n    style: style_inst,\n    indentation_size: 6\n};\nawait format_and_check(formatter_name, language, test_index, options, \"\");",
              "err": {},
              "uuid": "6b376c15-cc7b-4678-a215-8d4d8d6bfd94",
              "parentUUID": "362fd86d-5599-4c2e-975e-e04c1a8313f3",
              "isHook": false,
              "skipped": false
            },
            {
              "title": "Check gnu with indent = 6",
              "fullTitle": "Check istyle formatter Check gnu with indent = 6",
              "timedOut": false,
              "duration": 13,
              "state": "passed",
              "speed": "fast",
              "pass": true,
              "fail": false,
              "pending": false,
              "context": null,
              "code": "const test_index = index + style_list.length;\nconst options = {\n    style: style_inst,\n    indentation_size: 6\n};\nawait format_and_check(formatter_name, language, test_index, options, \"\");",
              "err": {},
              "uuid": "2b10b712-aaa7-44b1-bad1-fbd896e32251",
              "parentUUID": "362fd86d-5599-4c2e-975e-e04c1a8313f3",
              "isHook": false,
              "skipped": false
            },
            {
              "title": "Check indent_only with indent = 6",
              "fullTitle": "Check istyle formatter Check indent_only with indent = 6",
              "timedOut": false,
              "duration": 13,
              "state": "passed",
              "speed": "fast",
              "pass": true,
              "fail": false,
              "pending": false,
              "context": null,
              "code": "const test_index = index + style_list.length;\nconst options = {\n    style: style_inst,\n    indentation_size: 6\n};\nawait format_and_check(formatter_name, language, test_index, options, \"\");",
              "err": {},
              "uuid": "76936c9a-03fd-4255-892e-5ccb0d1edf87",
              "parentUUID": "362fd86d-5599-4c2e-975e-e04c1a8313f3",
              "isHook": false,
              "skipped": false
            }
          ],
          "suites": [],
          "passes": [
            "aec8427a-9adc-4b88-bbd4-997f92296213",
            "01987e49-4811-4a4a-9571-e7b8ea6e2354",
            "57b49dd4-d494-4046-ac31-659b45a4029e",
            "17bdbe03-8de7-48ca-b46c-3cd4231c8e23",
            "0796f403-c527-4ed3-b6e3-c9cd6ef1a1f4",
            "6b376c15-cc7b-4678-a215-8d4d8d6bfd94",
            "2b10b712-aaa7-44b1-bad1-fbd896e32251",
            "76936c9a-03fd-4255-892e-5ccb0d1edf87"
          ],
          "failures": [],
          "pending": [],
          "skipped": [],
          "duration": 110,
          "root": false,
          "rootEmpty": false,
          "_timeout": 2000
        },
        {
          "uuid": "4011d7b5-9a8d-4e23-b71d-15ef064bf1c2",
          "title": "Check s3sv formatter",
          "fullFile": "/home/runner/work/colibri/colibri/tests/formatter/formatter.spec.ts",
          "file": "/tests/formatter/formatter.spec.ts",
          "beforeHooks": [],
          "afterHooks": [],
          "tests": [
            {
              "title": "Check config 0",
              "fullTitle": "Check s3sv formatter Check config 0",
              "timedOut": false,
              "duration": 164,
              "state": "passed",
              "speed": "slow",
              "pass": true,
              "fail": false,
              "pending": false,
              "context": null,
              "code": "const test_index = 0;\nconst options = {\n    one_bind_per_line: true,\n    one_declaration_per_line: true,\n    use_tabs: false,\n    indentation_size: 2\n};\nawait format_and_check(formatter_name, language, test_index, options, \"\");",
              "err": {},
              "uuid": "a2d17861-dfef-4c2c-85a0-3bc176686db0",
              "parentUUID": "4011d7b5-9a8d-4e23-b71d-15ef064bf1c2",
              "isHook": false,
              "skipped": false
            },
            {
              "title": "Check config 1",
              "fullTitle": "Check s3sv formatter Check config 1",
              "timedOut": false,
              "duration": 160,
              "state": "passed",
              "speed": "slow",
              "pass": true,
              "fail": false,
              "pending": false,
              "context": null,
              "code": "const test_index = 1;\nconst options = {\n    one_bind_per_line: true,\n    one_declaration_per_line: true,\n    use_tabs: true,\n    indentation_size: 4\n};\nawait format_and_check(formatter_name, language, test_index, options, \"\");",
              "err": {},
              "uuid": "86557c03-c029-4687-9bba-f7a0f370d083",
              "parentUUID": "4011d7b5-9a8d-4e23-b71d-15ef064bf1c2",
              "isHook": false,
              "skipped": false
            },
            {
              "title": "Check config 2 and bad python3 path",
              "fullTitle": "Check s3sv formatter Check config 2 and bad python3 path",
              "timedOut": false,
              "duration": 161,
              "state": "passed",
              "speed": "slow",
              "pass": true,
              "fail": false,
              "pending": false,
              "context": null,
              "code": "const test_index = 2;\nconst options = {\n    one_bind_per_line: false,\n    one_declaration_per_line: true,\n    use_tabs: true,\n    indentation_size: 2\n};\nawait format_and_check(formatter_name, language, test_index, options, \"asdf\");",
              "err": {},
              "uuid": "3df76ee8-7728-4191-b8f4-9fb05d9da983",
              "parentUUID": "4011d7b5-9a8d-4e23-b71d-15ef064bf1c2",
              "isHook": false,
              "skipped": false
            }
          ],
          "suites": [],
          "passes": [
            "a2d17861-dfef-4c2c-85a0-3bc176686db0",
            "86557c03-c029-4687-9bba-f7a0f370d083",
            "3df76ee8-7728-4191-b8f4-9fb05d9da983"
          ],
          "failures": [],
          "pending": [],
          "skipped": [],
          "duration": 485,
          "root": false,
          "rootEmpty": false,
          "_timeout": 2000
        },
        {
          "uuid": "f8f861e8-6ba7-423a-9ebf-57fbd39258d6",
          "title": "Check FSM for vhdl",
          "fullFile": "/home/runner/work/colibri/colibri/tests/parser/fsm.spec.ts",
          "file": "/tests/parser/fsm.spec.ts",
          "beforeHooks": [],
          "afterHooks": [],
          "tests": [
            {
              "title": "Normal",
              "fullTitle": "Check FSM for vhdl Normal",
              "timedOut": false,
              "duration": 140,
              "state": "passed",
              "speed": "slow",
              "pass": true,
              "fail": false,
              "pending": false,
              "context": null,
              "code": "const test_index = 0;\nawait parse_fsm(lang_inst, test_index);\ncheck_test(test_index, lang_inst);",
              "err": {},
              "uuid": "57c1db39-a2ba-4850-9b75-85c3a0f10dc5",
              "parentUUID": "f8f861e8-6ba7-423a-9ebf-57fbd39258d6",
              "isHook": false,
              "skipped": false
            }
          ],
          "suites": [],
          "passes": [
            "57c1db39-a2ba-4850-9b75-85c3a0f10dc5"
          ],
          "failures": [],
          "pending": [],
          "skipped": [],
          "duration": 140,
          "root": false,
          "rootEmpty": false,
          "_timeout": 2000
        },
        {
          "uuid": "78a4859e-093e-43e7-8a00-8b28c688ed9e",
          "title": "Check FSM for verilog",
          "fullFile": "/home/runner/work/colibri/colibri/tests/parser/fsm.spec.ts",
          "file": "/tests/parser/fsm.spec.ts",
          "beforeHooks": [],
          "afterHooks": [],
          "tests": [
            {
              "title": "Normal",
              "fullTitle": "Check FSM for verilog Normal",
              "timedOut": false,
              "duration": 298,
              "state": "passed",
              "speed": "slow",
              "pass": true,
              "fail": false,
              "pending": false,
              "context": null,
              "code": "const test_index = 0;\nawait parse_fsm(lang_inst, test_index);\ncheck_test(test_index, lang_inst);",
              "err": {},
              "uuid": "1efda278-7a82-43a2-93ef-5dd7607fb1ef",
              "parentUUID": "78a4859e-093e-43e7-8a00-8b28c688ed9e",
              "isHook": false,
              "skipped": false
            }
          ],
          "suites": [],
          "passes": [
            "1efda278-7a82-43a2-93ef-5dd7607fb1ef"
          ],
          "failures": [],
          "pending": [],
          "skipped": [],
          "duration": 298,
          "root": false,
          "rootEmpty": false,
          "_timeout": 2000
        },
        {
          "uuid": "62e8b9a3-c5e7-468f-a398-77eb87c47061",
          "title": "Check entity Verilog",
          "fullFile": "/home/runner/work/colibri/colibri/tests/parser/parser_verilog_entity.spec.ts",
          "file": "/tests/parser/parser_verilog_entity.spec.ts",
          "beforeHooks": [],
          "afterHooks": [],
[...]
              "err": {},
              "uuid": "74f55636-a12f-45c3-8996-fc803d895792",
              "parentUUID": "89b80743-2661-415f-8f6a-ea8848081b08",
              "isHook": false,
              "skipped": false
            }
          ],
          "suites": [],
          "passes": [
            "74f55636-a12f-45c3-8996-fc803d895792"
          ],
          "failures": [],
          "pending": [],
          "skipped": [],
          "duration": 1,
          "root": false,
          "rootEmpty": false,
          "_timeout": 2000
        },
        {
          "uuid": "bc4b215c-72ef-4dda-bcc1-c5772aa3f877",
          "title": "Check hover VHDL",
          "fullFile": "/home/runner/work/colibri/colibri/tests/utils/number.spec.ts",
          "file": "/tests/utils/number.spec.ts",
          "beforeHooks": [],
          "afterHooks": [],
          "tests": [
            {
              "title": "Binary unsigned",
              "fullTitle": "Check hover VHDL Binary unsigned",
              "timedOut": false,
              "duration": 1,
              "state": "passed",
              "speed": "fast",
              "pass": true,
              "fail": false,
              "pending": false,
              "context": null,
              "code": "const code_dummy = '\"0011\"';\nconst expected_number = {\n    signed_n: 0,\n    unsigned_n: 3,\n    is_multi: false,\n    is_ok: true\n};\nconst current_number = (0, numbers_1.hdl_hover)(code_dummy, lang);\n(0, assert_1.deepEqual)(current_number, expected_number);",
              "err": {},
              "uuid": "9d929bcb-b071-44af-a7fa-4f004324d8a1",
              "parentUUID": "bc4b215c-72ef-4dda-bcc1-c5772aa3f877",
              "isHook": false,
              "skipped": false
            },
            {
              "title": "Binary unsigned or signed",
              "fullTitle": "Check hover VHDL Binary unsigned or signed",
              "timedOut": false,
              "duration": 1,
              "state": "passed",
              "speed": "fast",
              "pass": true,
              "fail": false,
              "pending": false,
              "context": null,
              "code": "const code_dummy = '\"1101\"';\nconst expected_number = {\n    signed_n: -3,\n    unsigned_n: 13,\n    is_multi: true,\n    is_ok: true\n};\nconst current_number = (0, numbers_1.hdl_hover)(code_dummy, lang);\n(0, assert_1.deepEqual)(current_number, expected_number);",
              "err": {},
              "uuid": "4164046a-a4f9-45cb-ac08-a9fc4bc9a1cc",
              "parentUUID": "bc4b215c-72ef-4dda-bcc1-c5772aa3f877",
              "isHook": false,
              "skipped": false
            },
            {
              "title": "Binary unsigned or signed with separator",
              "fullTitle": "Check hover VHDL Binary unsigned or signed with separator",
              "timedOut": false,
              "duration": 1,
              "state": "passed",
              "speed": "fast",
              "pass": true,
              "fail": false,
              "pending": false,
              "context": null,
              "code": "const code_dummy = '\"1_10_0\"';\nconst expected_number = {\n    signed_n: -4,\n    unsigned_n: 12,\n    is_multi: true,\n    is_ok: true\n};\nconst current_number = (0, numbers_1.hdl_hover)(code_dummy, lang);\n(0, assert_1.deepEqual)(current_number, expected_number);",
              "err": {},
              "uuid": "330a7740-6400-416c-81e9-3369ec494061",
              "parentUUID": "bc4b215c-72ef-4dda-bcc1-c5772aa3f877",
              "isHook": false,
              "skipped": false
            },
            {
              "title": "Hexadeximal unsigned",
              "fullTitle": "Check hover VHDL Hexadeximal unsigned",
              "timedOut": false,
              "duration": 1,
              "state": "passed",
              "speed": "fast",
              "pass": true,
              "fail": false,
              "pending": false,
              "context": null,
              "code": "const code_dummy = 'x\"0aB0\"';\nconst expected_number = {\n    signed_n: 0,\n    unsigned_n: 2736,\n    is_multi: false,\n    is_ok: true\n};\nconst current_number = (0, numbers_1.hdl_hover)(code_dummy, lang);\n(0, assert_1.deepEqual)(current_number, expected_number);",
              "err": {},
              "uuid": "a228e61a-7fbf-471b-8113-a0e166393fb5",
              "parentUUID": "bc4b215c-72ef-4dda-bcc1-c5772aa3f877",
              "isHook": false,
              "skipped": false
            },
            {
              "title": "Hexadeximal unsigned or signed",
              "fullTitle": "Check hover VHDL Hexadeximal unsigned or signed",
              "timedOut": false,
              "duration": 0,
              "state": "passed",
              "speed": "fast",
              "pass": true,
              "fail": false,
              "pending": false,
              "context": null,
              "code": "const code_dummy = 'x\"aaB0\"';\nconst expected_number = {\n    signed_n: -21840,\n    unsigned_n: 43696,\n    is_multi: true,\n    is_ok: true\n};\nconst current_number = (0, numbers_1.hdl_hover)(code_dummy, lang);\n(0, assert_1.deepEqual)(current_number, expected_number);",
              "err": {},
              "uuid": "7780fd93-f739-487c-81a6-aadc2ffab4a7",
              "parentUUID": "bc4b215c-72ef-4dda-bcc1-c5772aa3f877",
              "isHook": false,
              "skipped": false
            },
            {
              "title": "Hexadeximal unsigned or signed with separator",
              "fullTitle": "Check hover VHDL Hexadeximal unsigned or signed with separator",
              "timedOut": false,
              "duration": 0,
              "state": "passed",
              "speed": "fast",
              "pass": true,
              "fail": false,
              "pending": false,
              "context": null,
              "code": "const code_dummy = 'x\"a_a_b0\"';\nconst expected_number = {\n    signed_n: -21840,\n    unsigned_n: 43696,\n    is_multi: true,\n    is_ok: true\n};\nconst current_number = (0, numbers_1.hdl_hover)(code_dummy, lang);\n(0, assert_1.deepEqual)(current_number, expected_number);",
              "err": {},
              "uuid": "a3b768a5-b7ce-4639-a2f8-be6445bb06ab",
              "parentUUID": "bc4b215c-72ef-4dda-bcc1-c5772aa3f877",
              "isHook": false,
              "skipped": false
            },
            {
              "title": "Octal unsigned",
              "fullTitle": "Check hover VHDL Octal unsigned",
              "timedOut": false,
              "duration": 0,
              "state": "passed",
              "speed": "fast",
              "pass": true,
              "fail": false,
              "pending": false,
              "context": null,
              "code": "const code_dummy = 'o\"0175\"';\nconst expected_number = {\n    signed_n: 0,\n    unsigned_n: 125,\n    is_multi: false,\n    is_ok: true\n};\nconst current_number = (0, numbers_1.hdl_hover)(code_dummy, lang);\n(0, assert_1.deepEqual)(current_number, expected_number);",
              "err": {},
              "uuid": "228fbf63-fc47-4cc7-9297-9b79d5deb384",
              "parentUUID": "bc4b215c-72ef-4dda-bcc1-c5772aa3f877",
              "isHook": false,
              "skipped": false
            },
            {
              "title": "Octal unsigned or signed",
              "fullTitle": "Check hover VHDL Octal unsigned or signed",
              "timedOut": false,
              "duration": 1,
              "state": "passed",
              "speed": "fast",
              "pass": true,
              "fail": false,
              "pending": false,
              "context": null,
              "code": "const code_dummy = 'O\"232\"';\nconst expected_number = {\n    signed_n: -102,\n    unsigned_n: 154,\n    is_multi: true,\n    is_ok: true\n};\nconst current_number = (0, numbers_1.hdl_hover)(code_dummy, lang);\n(0, assert_1.deepEqual)(current_number, expected_number);",
              "err": {},
              "uuid": "90f8d75a-8c54-4d7d-8e7c-fdbcc84987d4",
              "parentUUID": "bc4b215c-72ef-4dda-bcc1-c5772aa3f877",
              "isHook": false,
              "skipped": false
            },
            {
              "title": "Octal unsigned or signed with separator",
              "fullTitle": "Check hover VHDL Octal unsigned or signed with separator",
              "timedOut": false,
              "duration": 0,
              "state": "passed",
              "speed": "fast",
              "pass": true,
              "fail": false,
              "pending": false,
              "context": null,
              "code": "const code_dummy = 'o\"2_3_2\"';\nconst expected_number = {\n    signed_n: -102,\n    unsigned_n: 154,\n    is_multi: true,\n    is_ok: true\n};\nconst current_number = (0, numbers_1.hdl_hover)(code_dummy, lang);\n(0, assert_1.deepEqual)(current_number, expected_number);",
              "err": {},
              "uuid": "f39d3f7c-7cde-4e99-88cb-2744ef304faa",
              "parentUUID": "bc4b215c-72ef-4dda-bcc1-c5772aa3f877",
              "isHook": false,
              "skipped": false
            }
          ],
          "suites": [],
          "passes": [
            "9d929bcb-b071-44af-a7fa-4f004324d8a1",
            "4164046a-a4f9-45cb-ac08-a9fc4bc9a1cc",
            "330a7740-6400-416c-81e9-3369ec494061",
            "a228e61a-7fbf-471b-8113-a0e166393fb5",
            "7780fd93-f739-487c-81a6-aadc2ffab4a7",
            "a3b768a5-b7ce-4639-a2f8-be6445bb06ab",
            "228fbf63-fc47-4cc7-9297-9b79d5deb384",
            "90f8d75a-8c54-4d7d-8e7c-fdbcc84987d4",
            "f39d3f7c-7cde-4e99-88cb-2744ef304faa"
          ],
          "failures": [],
          "pending": [],
          "skipped": [],
          "duration": 5,
          "root": false,
          "rootEmpty": false,
          "_timeout": 2000
        },
        {
          "uuid": "f03a91cc-0262-4fc1-8183-91fdf9f6e5c0",
          "title": "Check hover Verilog",
          "fullFile": "/home/runner/work/colibri/colibri/tests/utils/number.spec.ts",
          "file": "/tests/utils/number.spec.ts",
          "beforeHooks": [],
          "afterHooks": [],
          "tests": [
            {
              "title": "Binary unsigned",
              "fullTitle": "Check hover Verilog Binary unsigned",
              "timedOut": false,
              "duration": 0,
              "state": "passed",
              "speed": "fast",
              "pass": true,
              "fail": false,
              "pending": false,
              "context": null,
              "code": "const code_dummy = \"4'b0011'\";\nconst expected_number = {\n    signed_n: 0,\n    unsigned_n: 3,\n    is_multi: false,\n    is_ok: true\n};\nconst current_number = (0, numbers_1.hdl_hover)(code_dummy, lang);\n(0, assert_1.deepEqual)(current_number, expected_number);",
              "err": {},
              "uuid": "6f9f5969-f713-4ba1-8ad9-ee882a18f344",
              "parentUUID": "f03a91cc-0262-4fc1-8183-91fdf9f6e5c0",
              "isHook": false,
              "skipped": false
            },
            {
              "title": "Binary unsigned or signed",
              "fullTitle": "Check hover Verilog Binary unsigned or signed",
              "timedOut": false,
              "duration": 1,
              "state": "passed",
              "speed": "fast",
              "pass": true,
              "fail": false,
              "pending": false,
              "context": null,
              "code": "const code_dummy = \"4'b1101'\";\nconst expected_number = {\n    signed_n: -3,\n    unsigned_n: 13,\n    is_multi: true,\n    is_ok: true\n};\nconst current_number = (0, numbers_1.hdl_hover)(code_dummy, lang);\n(0, assert_1.deepEqual)(current_number, expected_number);",
              "err": {},
              "uuid": "f793ee07-9e77-4a3f-84ea-ed6a623e971c",
              "parentUUID": "f03a91cc-0262-4fc1-8183-91fdf9f6e5c0",
              "isHook": false,
              "skipped": false
            },
            {
              "title": "Binary unsigned or signed with separator",
              "fullTitle": "Check hover Verilog Binary unsigned or signed with separator",
              "timedOut": false,
              "duration": 0,
              "state": "passed",
              "speed": "fast",
              "pass": true,
              "fail": false,
              "pending": false,
              "context": null,
              "code": "const code_dummy = \"4'b1_10_0'\";\nconst expected_number = {\n    signed_n: -4,\n    unsigned_n: 12,\n    is_multi: true,\n    is_ok: true\n};\nconst current_number = (0, numbers_1.hdl_hover)(code_dummy, lang);\n(0, assert_1.deepEqual)(current_number, expected_number);",
              "err": {},
              "uuid": "a37e1de0-92f4-43f7-ac56-6c96cd1c83d2",
              "parentUUID": "f03a91cc-0262-4fc1-8183-91fdf9f6e5c0",
              "isHook": false,
              "skipped": false
            },
            {
              "title": "Hexadeximal unsigned",
              "fullTitle": "Check hover Verilog Hexadeximal unsigned",
              "timedOut": false,
              "duration": 0,
              "state": "passed",
              "speed": "fast",
              "pass": true,
              "fail": false,
              "pending": false,
              "context": null,
              "code": "const code_dummy = \"4'h0aB0'\";\nconst expected_number = {\n    signed_n: 0,\n    unsigned_n: 2736,\n    is_multi: false,\n    is_ok: true\n};\nconst current_number = (0, numbers_1.hdl_hover)(code_dummy, lang);\n(0, assert_1.deepEqual)(current_number, expected_number);",
              "err": {},
              "uuid": "f3d50059-b7cc-49ce-8c34-9bc981ae62a0",
              "parentUUID": "f03a91cc-0262-4fc1-8183-91fdf9f6e5c0",
              "isHook": false,
              "skipped": false
            },
            {
              "title": "Hexadeximal unsigned or signed",
              "fullTitle": "Check hover Verilog Hexadeximal unsigned or signed",
              "timedOut": false,
              "duration": 1,
              "state": "passed",
              "speed": "fast",
              "pass": true,
              "fail": false,
              "pending": false,
              "context": null,
              "code": "const code_dummy = \"4'haaB0'\";\nconst expected_number = {\n    signed_n: -21840,\n    unsigned_n: 43696,\n    is_multi: true,\n    is_ok: true\n};\nconst current_number = (0, numbers_1.hdl_hover)(code_dummy, lang);\n(0, assert_1.deepEqual)(current_number, expected_number);",
              "err": {},
              "uuid": "10b6a522-f80b-4442-9078-040f52ef6151",
              "parentUUID": "f03a91cc-0262-4fc1-8183-91fdf9f6e5c0",
              "isHook": false,
              "skipped": false
            },
            {
              "title": "Hexadeximal unsigned or signed with separator",
              "fullTitle": "Check hover Verilog Hexadeximal unsigned or signed with separator",
              "timedOut": false,
              "duration": 0,
              "state": "passed",
              "speed": "fast",
              "pass": true,
              "fail": false,
              "pending": false,
              "context": null,
              "code": "const code_dummy = \"4'ha_a_b0'\";\nconst expected_number = {\n    signed_n: -21840,\n    unsigned_n: 43696,\n    is_multi: true,\n    is_ok: true\n};\nconst current_number = (0, numbers_1.hdl_hover)(code_dummy, lang);\n(0, assert_1.deepEqual)(current_number, expected_number);",
              "err": {},
              "uuid": "b3c77e8e-c551-4a69-bbb2-150707d3cb30",
              "parentUUID": "f03a91cc-0262-4fc1-8183-91fdf9f6e5c0",
              "isHook": false,
              "skipped": false
            },
            {
              "title": "Octal unsigned",
              "fullTitle": "Check hover Verilog Octal unsigned",
              "timedOut": false,
              "duration": 0,
              "state": "passed",
              "speed": "fast",
              "pass": true,
              "fail": false,
              "pending": false,
              "context": null,
              "code": "const code_dummy = \"4'o0175'\";\nconst expected_number = {\n    signed_n: 0,\n    unsigned_n: 125,\n    is_multi: false,\n    is_ok: true\n};\nconst current_number = (0, numbers_1.hdl_hover)(code_dummy, lang);\n(0, assert_1.deepEqual)(current_number, expected_number);",
              "err": {},
              "uuid": "4e9c687f-38af-4429-98ed-f3af6feecf0a",
              "parentUUID": "f03a91cc-0262-4fc1-8183-91fdf9f6e5c0",
              "isHook": false,
              "skipped": false
            },
            {
              "title": "Octal unsigned or signed",
              "fullTitle": "Check hover Verilog Octal unsigned or signed",
              "timedOut": false,
              "duration": 0,
              "state": "passed",
              "speed": "fast",
              "pass": true,
              "fail": false,
              "pending": false,
              "context": null,
              "code": "const code_dummy = \"4'o232'\";\nconst expected_number = {\n    signed_n: -102,\n    unsigned_n: 154,\n    is_multi: true,\n    is_ok: true\n};\nconst current_number = (0, numbers_1.hdl_hover)(code_dummy, lang);\n(0, assert_1.deepEqual)(current_number, expected_number);",
              "err": {},
              "uuid": "9e88ce3b-ae9b-428b-ba25-baca87942b0a",
              "parentUUID": "f03a91cc-0262-4fc1-8183-91fdf9f6e5c0",
              "isHook": false,
              "skipped": false
            },
            {
              "title": "Octal unsigned or signed with separator",
              "fullTitle": "Check hover Verilog Octal unsigned or signed with separator",
              "timedOut": false,
              "duration": 1,
              "state": "passed",
              "speed": "fast",
              "pass": true,
              "fail": false,
              "pending": false,
              "context": null,
              "code": "const code_dummy = \"4'o2_3_2'\";\nconst expected_number = {\n    signed_n: -102,\n    unsigned_n: 154,\n    is_multi: true,\n    is_ok: true\n};\nconst current_number = (0, numbers_1.hdl_hover)(code_dummy, lang);\n(0, assert_1.deepEqual)(current_number, expected_number);",
              "err": {},
              "uuid": "3a8b7003-5f04-4e1c-a6e9-7dc88d81685e",
              "parentUUID": "f03a91cc-0262-4fc1-8183-91fdf9f6e5c0",
              "isHook": false,
              "skipped": false
            }
          ],
          "suites": [],
          "passes": [
            "6f9f5969-f713-4ba1-8ad9-ee882a18f344",
            "f793ee07-9e77-4a3f-84ea-ed6a623e971c",
            "a37e1de0-92f4-43f7-ac56-6c96cd1c83d2",
            "f3d50059-b7cc-49ce-8c34-9bc981ae62a0",
            "10b6a522-f80b-4442-9078-040f52ef6151",
            "b3c77e8e-c551-4a69-bbb2-150707d3cb30",
            "4e9c687f-38af-4429-98ed-f3af6feecf0a",
            "9e88ce3b-ae9b-428b-ba25-baca87942b0a",
            "3a8b7003-5f04-4e1c-a6e9-7dc88d81685e"
          ],
          "failures": [],
          "pending": [],
          "skipped": [],
          "duration": 3,
          "root": false,
          "rootEmpty": false,
          "_timeout": 2000
        }
      ],
      "passes": [],
      "failures": [],
      "pending": [],
      "skipped": [
        "83a87488-a7ab-4ad9-bb8f-2c53185d5981",
        "8a44af59-dd73-4123-aa51-08749782dfcb"
      ],
      "duration": 0,
      "root": true,
      "rootEmpty": false,
      "_timeout": 2000
    }
  ],
  "meta": {
    "mocha": {
      "version": "9.2.2"
    },
    "mochawesome": {
      "options": {
        "quiet": false,
        "reportFilename": "mochawesome",
        "saveHtml": true,
        "saveJson": true,
        "consoleReporter": "spec",
        "useInlineDiffs": false,
        "code": true
      },
      "version": "7.1.3"
    },
    "marge": {
      "options": {
        "id": "default"
      },
      "version": "6.2.0"
    }
  }
}